0 info it worked if it ends with ok
1 verbose cli [
1 verbose cli   '/usr/local/bin/node',
1 verbose cli   '/usr/local/bin/npm',
1 verbose cli   'install',
1 verbose cli   '--ignore-scripts',
1 verbose cli   '@types/memory-fs@ts3.6',
1 verbose cli   '@types/memorystream@ts3.6',
1 verbose cli   '@types/merge-descriptors@ts3.6',
1 verbose cli   '@types/merge-stream@ts3.6',
1 verbose cli   '@types/merge2@ts3.6',
1 verbose cli   '@types/methods@ts3.6',
1 verbose cli   '@types/micromatch@ts3.6',
1 verbose cli   '@types/mime@ts3.6',
1 verbose cli   '@types/mime-db@ts3.6',
1 verbose cli   '@types/mime-types@ts3.6',
1 verbose cli   '@types/min-indent@ts3.6',
1 verbose cli   '@types/minimalistic-assert@ts3.6',
1 verbose cli   '@types/minimatch@ts3.6',
1 verbose cli   '@types/minimist@ts3.6',
1 verbose cli   '@types/minizlib@ts3.6',
1 verbose cli   '@types/mkdirp@ts3.6',
1 verbose cli   '@types/move-concurrently@ts3.6',
1 verbose cli   '@types/ms@ts3.6',
1 verbose cli   '@types/multicast-dns@ts3.6',
1 verbose cli   '@types/natural-compare@ts3.6',
1 verbose cli   '@types/negotiator@ts3.6',
1 verbose cli   '@types/next-tick@ts3.6',
1 verbose cli   '@types/nice-try@ts3.6',
1 verbose cli   '@types/node-forge@ts3.6',
1 verbose cli   '@types/node-int64@ts3.6',
1 verbose cli   '@types/node-notifier@ts3.6',
1 verbose cli   '@types/normalize-package-data@ts3.6',
1 verbose cli   '@types/normalize-path@ts3.6',
1 verbose cli   '@types/num2fraction@ts3.6',
1 verbose cli   '@types/nwsapi@ts3.6',
1 verbose cli   '@types/object-assign@ts3.6',
1 verbose cli   '@types/object-inspect@ts3.6',
1 verbose cli   '@types/object-keys@ts3.6',
1 verbose cli   '@types/object.fromentries@ts3.6',
1 verbose cli   '@types/object.getownpropertydescriptors@ts3.6',
1 verbose cli   '@types/object.pick@ts3.6',
1 verbose cli   '@types/on-finished@ts3.6',
1 verbose cli   '@types/on-headers@ts3.6',
1 verbose cli   '@types/once@ts3.6',
1 verbose cli   '@types/optimize-css-assets-webpack-plugin@ts3.6',
1 verbose cli   '@types/original@ts3.6',
1 verbose cli   '@types/pako@ts3.6',
1 verbose cli   '@types/parallel-transform@ts3.6',
1 verbose cli   '@types/parse-json@ts3.6',
1 verbose cli   '@types/parseurl@ts3.6',
1 verbose cli   '@types/pascalcase@ts3.6',
1 verbose cli   '@types/path-browserify@ts3.6',
1 verbose cli   '@types/path-is-absolute@ts3.6',
1 verbose cli   '@types/path-is-inside@ts3.6',
1 verbose cli   '@types/path-parse@ts3.6',
1 verbose cli   '@types/pbkdf2@ts3.6',
1 verbose cli   '@types/picomatch@ts3.6',
1 verbose cli   '@types/pify@ts3.6',
1 verbose cli   '@types/postcss-flexbugs-fixes@ts3.6',
1 verbose cli   '@types/postcss-gap-properties@ts3.6',
1 verbose cli   '@types/postcss-modules-extract-imports@ts3.6',
1 verbose cli   '@types/postcss-modules-local-by-default@ts3.6',
1 verbose cli   '@types/postcss-modules-scope@ts3.6',
1 verbose cli   '@types/postcss-modules-values@ts3.6',
1 verbose cli   '@types/postcss-normalize@ts3.6',
1 verbose cli   '@types/postcss-preset-env@ts3.6',
1 verbose cli   '@types/postcss-safe-parser@ts3.6',
1 verbose cli   '@types/prelude-ls@ts3.6',
1 verbose cli   '@types/prettier-linter-helpers@ts3.6',
1 verbose cli   '@types/progress@ts3.6',
1 verbose cli   '@types/promise-inflight@ts3.6',
1 verbose cli   '@types/prompts@ts3.6',
1 verbose cli   '@types/prop-types@ts3.6',
1 verbose cli   '@types/proxy-addr@ts3.6',
1 verbose cli   '@types/psl@ts3.6',
1 verbose cli   '@types/pump@ts3.6',
1 verbose cli   '@types/pumpify@ts3.6',
1 verbose cli   '@types/punycode@ts3.6',
1 verbose cli   '@types/q@ts3.6',
1 verbose cli   '@types/qs@ts3.6',
1 verbose cli   '@types/querystringify@ts3.6',
1 verbose cli   '@types/raf@ts3.6',
1 verbose cli   '@types/randombytes@ts3.6',
1 verbose cli   '@types/range-parser@ts3.6',
1 verbose cli   '@types/react-dev-utils@ts3.6',
1 verbose cli   '@types/react-is@ts3.6',
1 verbose cli   '@types/react-refresh@ts3.6',
1 verbose cli   '@types/readable-stream@ts3.6',
1 verbose cli   '@types/recursive-readdir@ts3.6',
1 verbose cli   '@types/regenerate@ts3.6',
1 verbose cli   '@types/regenerator-runtime@ts3.6',
1 verbose cli   '@types/regex-not@ts3.6',
1 verbose cli   '@types/relateurl@ts3.6',
1 verbose cli   '@types/repeat-element@ts3.6',
1 verbose cli   '@types/repeat-string@ts3.6',
1 verbose cli   '@types/require-directory@ts3.6',
1 verbose cli   '@types/require-from-string@ts3.6',
1 verbose cli   '@types/requires-port@ts3.6',
1 verbose cli   '@types/resolve@ts3.6',
1 verbose cli   '@types/retry@ts3.6',
1 verbose cli   '@types/rimraf@ts3.6',
1 verbose cli   ... 101 more items
1 verbose cli ]
2 info using npm@6.14.6
3 info using node@v12.18.3
4 verbose npm-session d22a952f5df5cee9
5 silly install loadCurrentTree
6 silly install readLocalPackageData
7 http fetch GET 304 https://registry.npmjs.org/@types%2fmime-db 164ms (from cache)
8 http fetch GET 304 https://registry.npmjs.org/@types%2fmethods 168ms (from cache)
9 silly pacote tag manifest for @types/mime-db@ts3.6 fetched in 167ms
10 silly pacote tag manifest for @types/methods@ts3.6 fetched in 170ms
11 http fetch GET 304 https://registry.npmjs.org/@types%2fmime 182ms (from cache)
12 silly pacote tag manifest for @types/mime@ts3.6 fetched in 184ms
13 http fetch GET 304 https://registry.npmjs.org/@types%2fmerge-descriptors 210ms (from cache)
14 silly pacote tag manifest for @types/merge-descriptors@ts3.6 fetched in 213ms
15 http fetch GET 304 https://registry.npmjs.org/@types%2fmicromatch 211ms (from cache)
16 silly pacote tag manifest for @types/micromatch@ts3.6 fetched in 215ms
17 http fetch GET 304 https://registry.npmjs.org/@types%2fmerge-stream 220ms (from cache)
18 silly pacote tag manifest for @types/merge-stream@ts3.6 fetched in 224ms
19 http fetch GET 304 https://registry.npmjs.org/@types%2fmime-types 220ms (from cache)
20 silly pacote tag manifest for @types/mime-types@ts3.6 fetched in 221ms
21 http fetch GET 304 https://registry.npmjs.org/@types%2fmemorystream 231ms (from cache)
22 silly pacote tag manifest for @types/memorystream@ts3.6 fetched in 233ms
23 http fetch GET 304 https://registry.npmjs.org/@types%2fmemory-fs 281ms (from cache)
24 http fetch GET 304 https://registry.npmjs.org/@types%2fminizlib 61ms (from cache)
25 silly pacote tag manifest for @types/memory-fs@ts3.6 fetched in 288ms
26 silly pacote tag manifest for @types/minizlib@ts3.6 fetched in 64ms
27 http fetch GET 304 https://registry.npmjs.org/@types%2fmin-indent 120ms (from cache)
28 silly pacote tag manifest for @types/min-indent@ts3.6 fetched in 123ms
29 http fetch GET 304 https://registry.npmjs.org/@types%2fmkdirp 73ms (from cache)
30 silly pacote tag manifest for @types/mkdirp@ts3.6 fetched in 82ms
31 http fetch GET 304 https://registry.npmjs.org/@types%2fminimalistic-assert 139ms (from cache)
32 silly pacote tag manifest for @types/minimalistic-assert@ts3.6 fetched in 140ms
33 http fetch GET 304 https://registry.npmjs.org/@types%2fminimatch 129ms (from cache)
34 silly pacote tag manifest for @types/minimatch@ts3.6 fetched in 130ms
35 http fetch GET 304 https://registry.npmjs.org/@types%2fminimist 139ms (from cache)
36 silly pacote tag manifest for @types/minimist@ts3.6 fetched in 141ms
37 http fetch GET 304 https://registry.npmjs.org/@types%2fnegotiator 66ms (from cache)
38 silly pacote tag manifest for @types/negotiator@ts3.6 fetched in 67ms
39 http fetch GET 304 https://registry.npmjs.org/@types%2fnatural-compare 95ms (from cache)
40 silly pacote tag manifest for @types/natural-compare@ts3.6 fetched in 96ms
41 http fetch GET 304 https://registry.npmjs.org/@types%2fmulticast-dns 112ms (from cache)
42 silly pacote tag manifest for @types/multicast-dns@ts3.6 fetched in 114ms
43 http fetch GET 304 https://registry.npmjs.org/@types%2fnice-try 85ms (from cache)
44 silly pacote tag manifest for @types/nice-try@ts3.6 fetched in 86ms
45 http fetch GET 304 https://registry.npmjs.org/@types%2fnext-tick 101ms (from cache)
46 silly pacote tag manifest for @types/next-tick@ts3.6 fetched in 102ms
47 http fetch GET 304 https://registry.npmjs.org/@types%2fnode-forge 97ms (from cache)
48 silly pacote tag manifest for @types/node-forge@ts3.6 fetched in 98ms
49 http fetch GET 304 https://registry.npmjs.org/@types%2fnormalize-package-data 61ms (from cache)
50 silly pacote tag manifest for @types/normalize-package-data@ts3.6 fetched in 62ms
51 http fetch GET 304 https://registry.npmjs.org/@types%2fobject-assign 67ms (from cache)
52 silly pacote tag manifest for @types/object-assign@ts3.6 fetched in 69ms
53 http fetch GET 304 https://registry.npmjs.org/@types%2fnum2fraction 96ms (from cache)
54 silly pacote tag manifest for @types/num2fraction@ts3.6 fetched in 97ms
55 http fetch GET 304 https://registry.npmjs.org/@types%2fnormalize-path 111ms (from cache)
56 silly pacote tag manifest for @types/normalize-path@ts3.6 fetched in 113ms
57 http fetch GET 304 https://registry.npmjs.org/@types%2fobject-inspect 113ms (from cache)
58 silly pacote tag manifest for @types/object-inspect@ts3.6 fetched in 114ms
59 http fetch GET 304 https://registry.npmjs.org/@types%2fnwsapi 163ms (from cache)
60 silly pacote tag manifest for @types/nwsapi@ts3.6 fetched in 165ms
61 http fetch GET 304 https://registry.npmjs.org/@types%2fobject-keys 116ms (from cache)
62 http fetch GET 304 https://registry.npmjs.org/@types%2fobject.fromentries 105ms (from cache)
63 silly pacote tag manifest for @types/object-keys@ts3.6 fetched in 117ms
64 silly pacote tag manifest for @types/object.fromentries@ts3.6 fetched in 106ms
65 http fetch GET 304 https://registry.npmjs.org/@types%2fobject.getownpropertydescriptors 110ms (from cache)
66 silly pacote tag manifest for @types/object.getownpropertydescriptors@ts3.6 fetched in 111ms
67 http fetch GET 304 https://registry.npmjs.org/@types%2fon-finished 67ms (from cache)
68 silly pacote tag manifest for @types/on-finished@ts3.6 fetched in 68ms
69 http fetch GET 304 https://registry.npmjs.org/@types%2fonce 58ms (from cache)
70 silly pacote tag manifest for @types/once@ts3.6 fetched in 60ms
71 http fetch GET 304 https://registry.npmjs.org/@types%2fon-headers 98ms (from cache)
72 silly pacote tag manifest for @types/on-headers@ts3.6 fetched in 99ms
73 http fetch GET 304 https://registry.npmjs.org/@types%2foptimize-css-assets-webpack-plugin 95ms (from cache)
74 silly pacote tag manifest for @types/optimize-css-assets-webpack-plugin@ts3.6 fetched in 96ms
75 http fetch GET 304 https://registry.npmjs.org/@types%2foriginal 99ms (from cache)
76 silly pacote tag manifest for @types/original@ts3.6 fetched in 100ms
77 http fetch GET 304 https://registry.npmjs.org/@types%2fpako 104ms (from cache)
78 silly pacote tag manifest for @types/pako@ts3.6 fetched in 106ms
79 http fetch GET 304 https://registry.npmjs.org/@types%2fparseurl 50ms (from cache)
80 silly pacote tag manifest for @types/parseurl@ts3.6 fetched in 51ms
81 http fetch GET 304 https://registry.npmjs.org/@types%2fparallel-transform 105ms (from cache)
82 silly pacote tag manifest for @types/parallel-transform@ts3.6 fetched in 106ms
83 http fetch GET 304 https://registry.npmjs.org/@types%2fparse-json 99ms (from cache)
84 silly pacote tag manifest for @types/parse-json@ts3.6 fetched in 100ms
85 http fetch GET 304 https://registry.npmjs.org/@types%2fpascalcase 94ms (from cache)
86 silly pacote tag manifest for @types/pascalcase@ts3.6 fetched in 95ms
87 http fetch GET 304 https://registry.npmjs.org/@types%2fpath-browserify 108ms (from cache)
88 silly registry:manifest no matching version for @types/path-browserify@ts3.6 in the cache. Forcing revalidation.
89 http fetch GET 304 https://registry.npmjs.org/@types%2fpath-is-absolute 100ms (from cache)
90 silly pacote tag manifest for @types/path-is-absolute@ts3.6 fetched in 101ms
91 http fetch GET 304 https://registry.npmjs.org/@types%2fpath-is-inside 100ms (from cache)
92 silly pacote tag manifest for @types/path-is-inside@ts3.6 fetched in 102ms
93 http fetch GET 304 https://registry.npmjs.org/@types%2fpath-parse 77ms (from cache)
94 silly pacote tag manifest for @types/path-parse@ts3.6 fetched in 79ms
95 http fetch GET 304 https://registry.npmjs.org/@types%2fpicomatch 52ms (from cache)
96 silly pacote tag manifest for @types/picomatch@ts3.6 fetched in 53ms
97 http fetch GET 304 https://registry.npmjs.org/@types%2fpbkdf2 100ms (from cache)
98 silly pacote tag manifest for @types/pbkdf2@ts3.6 fetched in 100ms
99 http fetch GET 200 https://registry.npmjs.org/@types%2fpath-browserify 124ms
100 silly fetchPackageMetaData error for @types/path-browserify@ts3.6 No matching version found for @types/path-browserify@ts3.6.
101 http fetch GET 304 https://registry.npmjs.org/@types%2fpify 88ms (from cache)
102 silly pacote tag manifest for @types/pify@ts3.6 fetched in 89ms
103 http fetch GET 304 https://registry.npmjs.org/@types%2fpostcss-flexbugs-fixes 99ms (from cache)
104 silly pacote tag manifest for @types/postcss-flexbugs-fixes@ts3.6 fetched in 99ms
105 http fetch GET 304 https://registry.npmjs.org/@types%2fpostcss-modules-local-by-default 87ms (from cache)
106 silly pacote tag manifest for @types/postcss-modules-local-by-default@ts3.6 fetched in 88ms
107 http fetch GET 304 https://registry.npmjs.org/@types%2fpostcss-modules-extract-imports 111ms (from cache)
108 http fetch GET 304 https://registry.npmjs.org/@types%2fpostcss-gap-properties 129ms (from cache)
109 silly pacote tag manifest for @types/postcss-modules-extract-imports@ts3.6 fetched in 112ms
110 silly pacote tag manifest for @types/postcss-gap-properties@ts3.6 fetched in 130ms
111 http fetch GET 304 https://registry.npmjs.org/@types%2fpostcss-modules-scope 104ms (from cache)
112 silly pacote tag manifest for @types/postcss-modules-scope@ts3.6 fetched in 104ms
113 http fetch GET 304 https://registry.npmjs.org/@types%2fpostcss-normalize 96ms (from cache)
114 silly pacote tag manifest for @types/postcss-normalize@ts3.6 fetched in 97ms
115 http fetch GET 304 https://registry.npmjs.org/@types%2fpostcss-safe-parser 80ms (from cache)
116 silly pacote tag manifest for @types/postcss-safe-parser@ts3.6 fetched in 81ms
117 http fetch GET 304 https://registry.npmjs.org/@types%2fpostcss-preset-env 126ms (from cache)
118 silly registry:manifest no matching version for @types/postcss-preset-env@ts3.6 in the cache. Forcing revalidation.
119 http fetch GET 304 https://registry.npmjs.org/@types%2fprelude-ls 127ms (from cache)
120 silly pacote tag manifest for @types/prelude-ls@ts3.6 fetched in 128ms
121 http fetch GET 200 https://registry.npmjs.org/@types%2fpostcss-preset-env 115ms
122 silly fetchPackageMetaData error for @types/postcss-preset-env@ts3.6 No matching version found for @types/postcss-preset-env@ts3.6.
123 http fetch GET 304 https://registry.npmjs.org/@types%2fpromise-inflight 89ms (from cache)
124 silly pacote tag manifest for @types/promise-inflight@ts3.6 fetched in 89ms
125 http fetch GET 304 https://registry.npmjs.org/@types%2fprogress 151ms (from cache)
126 silly pacote tag manifest for @types/progress@ts3.6 fetched in 152ms
127 http fetch GET 304 https://registry.npmjs.org/@types%2fprop-types 46ms (from cache)
128 silly pacote tag manifest for @types/prop-types@ts3.6 fetched in 47ms
129 http fetch GET 304 https://registry.npmjs.org/@types%2fprompts 99ms (from cache)
130 silly pacote tag manifest for @types/prompts@ts3.6 fetched in 100ms
131 http fetch GET 304 https://registry.npmjs.org/@types%2fproxy-addr 57ms (from cache)
132 silly pacote tag manifest for @types/proxy-addr@ts3.6 fetched in 58ms
133 http fetch GET 304 https://registry.npmjs.org/@types%2fpsl 73ms (from cache)
134 silly pacote tag manifest for @types/psl@ts3.6 fetched in 73ms
135 http fetch GET 304 https://registry.npmjs.org/@types%2fpump 61ms (from cache)
136 silly pacote tag manifest for @types/pump@ts3.6 fetched in 62ms
137 http fetch GET 304 https://registry.npmjs.org/@types%2fpunycode 50ms (from cache)
138 silly pacote tag manifest for @types/punycode@ts3.6 fetched in 50ms
139 http fetch GET 304 https://registry.npmjs.org/@types%2fq 87ms (from cache)
140 silly pacote tag manifest for @types/q@ts3.6 fetched in 89ms
141 http fetch GET 304 https://registry.npmjs.org/@types%2fnode-int64 1475ms (from cache)
142 silly pacote tag manifest for @types/node-int64@ts3.6 fetched in 1477ms
143 http fetch GET 304 https://registry.npmjs.org/@types%2fqs 47ms (from cache)
144 silly pacote tag manifest for @types/qs@ts3.6 fetched in 48ms
145 http fetch GET 304 https://registry.npmjs.org/@types%2fquerystringify 100ms (from cache)
146 silly pacote tag manifest for @types/querystringify@ts3.6 fetched in 100ms
147 http fetch GET 304 https://registry.npmjs.org/@types%2frandombytes 93ms (from cache)
148 silly pacote tag manifest for @types/randombytes@ts3.6 fetched in 94ms
149 http fetch GET 304 https://registry.npmjs.org/@types%2fraf 175ms (from cache)
150 silly pacote tag manifest for @types/raf@ts3.6 fetched in 175ms
151 http fetch GET 304 https://registry.npmjs.org/@types%2frange-parser 99ms (from cache)
152 silly pacote tag manifest for @types/range-parser@ts3.6 fetched in 100ms
153 http fetch GET 304 https://registry.npmjs.org/@types%2freact-dev-utils 166ms (from cache)
154 silly pacote tag manifest for @types/react-dev-utils@ts3.6 fetched in 168ms
155 http fetch GET 304 https://registry.npmjs.org/@types%2freact-is 168ms (from cache)
156 silly pacote tag manifest for @types/react-is@ts3.6 fetched in 169ms
157 http fetch GET 304 https://registry.npmjs.org/@types%2freact-refresh 91ms (from cache)
158 silly registry:manifest no matching version for @types/react-refresh@ts3.6 in the cache. Forcing revalidation.
159 http fetch GET 304 https://registry.npmjs.org/@types%2freadable-stream 78ms (from cache)
160 silly pacote tag manifest for @types/readable-stream@ts3.6 fetched in 79ms
161 http fetch GET 304 https://registry.npmjs.org/@types%2fmerge2 2438ms (from cache)
162 silly pacote tag manifest for @types/merge2@ts3.6 fetched in 2439ms
163 http fetch GET 304 https://registry.npmjs.org/@types%2fms 2245ms (from cache)
164 silly pacote tag manifest for @types/ms@ts3.6 fetched in 2247ms
165 http fetch GET 304 https://registry.npmjs.org/@types%2frecursive-readdir 109ms (from cache)
166 silly pacote tag manifest for @types/recursive-readdir@ts3.6 fetched in 110ms
167 http fetch GET 304 https://registry.npmjs.org/@types%2fregenerate 89ms (from cache)
168 silly registry:manifest no matching version for @types/regenerate@ts3.6 in the cache. Forcing revalidation.
169 http fetch GET 304 https://registry.npmjs.org/@types%2fmove-concurrently 2336ms (from cache)
170 silly pacote tag manifest for @types/move-concurrently@ts3.6 fetched in 2337ms
171 http fetch GET 304 https://registry.npmjs.org/@types%2fregenerator-runtime 101ms (from cache)
172 silly pacote tag manifest for @types/regenerator-runtime@ts3.6 fetched in 102ms
173 http fetch GET 304 https://registry.npmjs.org/@types%2fregex-not 105ms (from cache)
174 silly registry:manifest no matching version for @types/regex-not@ts3.6 in the cache. Forcing revalidation.
175 http fetch GET 304 https://registry.npmjs.org/@types%2fnode-notifier 2236ms (from cache)
176 silly pacote tag manifest for @types/node-notifier@ts3.6 fetched in 2237ms
177 http fetch GET 304 https://registry.npmjs.org/@types%2frelateurl 89ms (from cache)
178 silly pacote tag manifest for @types/relateurl@ts3.6 fetched in 89ms
179 http fetch GET 304 https://registry.npmjs.org/@types%2frepeat-element 83ms (from cache)
180 silly pacote tag manifest for @types/repeat-element@ts3.6 fetched in 83ms
181 http fetch GET 200 https://registry.npmjs.org/@types%2fregenerate 154ms
182 silly fetchPackageMetaData error for @types/regenerate@ts3.6 No matching version found for @types/regenerate@ts3.6.
183 http fetch GET 304 https://registry.npmjs.org/@types%2frepeat-string 103ms (from cache)
184 silly pacote tag manifest for @types/repeat-string@ts3.6 fetched in 103ms
185 http fetch GET 304 https://registry.npmjs.org/@types%2frequire-from-string 96ms (from cache)
186 silly pacote tag manifest for @types/require-from-string@ts3.6 fetched in 98ms
187 http fetch GET 304 https://registry.npmjs.org/@types%2frequire-directory 112ms (from cache)
188 silly pacote tag manifest for @types/require-directory@ts3.6 fetched in 114ms
189 http fetch GET 304 https://registry.npmjs.org/@types%2fresolve 101ms (from cache)
190 silly pacote tag manifest for @types/resolve@ts3.6 fetched in 102ms
191 http fetch GET 304 https://registry.npmjs.org/@types%2fobject.pick 2286ms (from cache)
192 http fetch GET 304 https://registry.npmjs.org/@types%2frimraf 73ms (from cache)
193 silly pacote tag manifest for @types/object.pick@ts3.6 fetched in 2288ms
194 silly pacote tag manifest for @types/rimraf@ts3.6 fetched in 75ms
195 http fetch GET 304 https://registry.npmjs.org/@types%2fretry 120ms (from cache)
196 silly pacote tag manifest for @types/retry@ts3.6 fetched in 121ms
197 http fetch GET 304 https://registry.npmjs.org/@types%2fripemd160 108ms (from cache)
198 silly pacote tag manifest for @types/ripemd160@ts3.6 fetched in 108ms
199 http fetch GET 304 https://registry.npmjs.org/@types%2frsvp 92ms (from cache)
200 silly pacote tag manifest for @types/rsvp@ts3.6 fetched in 93ms
201 http fetch GET 304 https://registry.npmjs.org/@types%2fsafer-buffer 47ms (from cache)
202 silly pacote tag manifest for @types/safer-buffer@ts3.6 fetched in 49ms
203 http fetch GET 304 https://registry.npmjs.org/@types%2fsass-loader 43ms (from cache)
204 silly pacote tag manifest for @types/sass-loader@ts3.6 fetched in 44ms
205 http fetch GET 304 https://registry.npmjs.org/@types%2fsane 110ms (from cache)
206 silly pacote tag manifest for @types/sane@ts3.6 fetched in 111ms
207 http fetch GET 304 https://registry.npmjs.org/@types%2fsax 54ms (from cache)
208 silly pacote tag manifest for @types/sax@ts3.6 fetched in 57ms
209 http fetch GET 304 https://registry.npmjs.org/@types%2frun-parallel 224ms (from cache)
210 silly pacote tag manifest for @types/run-parallel@ts3.6 fetched in 225ms
211 http fetch GET 304 https://registry.npmjs.org/@types%2fscheduler 44ms (from cache)
212 silly pacote tag manifest for @types/scheduler@ts3.6 fetched in 44ms
213 http fetch GET 304 https://registry.npmjs.org/@types%2fselfsigned 89ms (from cache)
214 silly registry:manifest no matching version for @types/selfsigned@ts3.6 in the cache. Forcing revalidation.
215 http fetch GET 304 https://registry.npmjs.org/@types%2fsemver 113ms (from cache)
216 silly pacote tag manifest for @types/semver@ts3.6 fetched in 114ms
217 http fetch GET 304 https://registry.npmjs.org/@types%2fsend 64ms (from cache)
218 silly pacote tag manifest for @types/send@ts3.6 fetched in 65ms
219 http fetch GET 304 https://registry.npmjs.org/@types%2fpostcss-modules-values 2236ms (from cache)
220 silly pacote tag manifest for @types/postcss-modules-values@ts3.6 fetched in 2237ms
221 http fetch GET 304 https://registry.npmjs.org/@types%2fserve-index 71ms (from cache)
222 silly pacote tag manifest for @types/serve-index@ts3.6 fetched in 73ms
223 http fetch GET 304 https://registry.npmjs.org/@types%2fprettier-linter-helpers 2205ms (from cache)
224 silly pacote tag manifest for @types/prettier-linter-helpers@ts3.6 fetched in 2206ms
225 http fetch GET 304 https://registry.npmjs.org/@types%2fserve-static 85ms (from cache)
226 silly pacote tag manifest for @types/serve-static@ts3.6 fetched in 86ms
227 http fetch GET 304 https://registry.npmjs.org/@types%2fset-blocking 59ms (from cache)
228 silly registry:manifest no matching version for @types/set-blocking@ts3.6 in the cache. Forcing revalidation.
229 http fetch GET 304 https://registry.npmjs.org/@types%2fpumpify 2324ms (from cache)
230 silly pacote tag manifest for @types/pumpify@ts3.6 fetched in 2324ms
231 http fetch GET 304 https://registry.npmjs.org/@types%2fsetimmediate 109ms (from cache)
232 silly pacote tag manifest for @types/setimmediate@ts3.6 fetched in 110ms
233 http fetch GET 304 https://registry.npmjs.org/@types%2fsha.js 83ms (from cache)
234 silly pacote tag manifest for @types/sha.js@ts3.6 fetched in 84ms
235 http fetch GET 304 https://registry.npmjs.org/@types%2fshebang-command 125ms (from cache)
236 silly pacote tag manifest for @types/shebang-command@ts3.6 fetched in 125ms
237 http fetch GET 304 https://registry.npmjs.org/@types%2fshell-quote 88ms (from cache)
238 silly pacote tag manifest for @types/shell-quote@ts3.6 fetched in 89ms
239 http fetch GET 304 https://registry.npmjs.org/@types%2fsignal-exit 54ms (from cache)
240 silly pacote tag manifest for @types/signal-exit@ts3.6 fetched in 55ms
241 http fetch GET 304 https://registry.npmjs.org/@types%2fsimple-swizzle 109ms (from cache)
242 silly registry:manifest no matching version for @types/simple-swizzle@ts3.6 in the cache. Forcing revalidation.
243 http fetch GET 200 https://registry.npmjs.org/@types%2freact-refresh 2281ms
244 silly fetchPackageMetaData error for @types/react-refresh@ts3.6 No matching version found for @types/react-refresh@ts3.6.
245 http fetch GET 200 https://registry.npmjs.org/@types%2fsimple-swizzle 91ms
246 silly fetchPackageMetaData error for @types/simple-swizzle@ts3.6 No matching version found for @types/simple-swizzle@ts3.6.
247 http fetch GET 304 https://registry.npmjs.org/@types%2fsockjs 68ms (from cache)
248 silly pacote tag manifest for @types/sockjs@ts3.6 fetched in 69ms
249 http fetch GET 304 https://registry.npmjs.org/@types%2fslice-ansi 133ms (from cache)
250 silly pacote tag manifest for @types/slice-ansi@ts3.6 fetched in 134ms
251 http fetch GET 304 https://registry.npmjs.org/@types%2fsource-list-map 122ms (from cache)
252 silly pacote tag manifest for @types/source-list-map@ts3.6 fetched in 123ms
253 http fetch GET 200 https://registry.npmjs.org/@types%2fregex-not 2277ms
254 http fetch GET 304 https://registry.npmjs.org/@types%2fsockjs-client 156ms (from cache)
255 silly fetchPackageMetaData error for @types/regex-not@ts3.6 No matching version found for @types/regex-not@ts3.6.
256 silly pacote tag manifest for @types/sockjs-client@ts3.6 fetched in 159ms
257 http fetch GET 304 https://registry.npmjs.org/@types%2fsource-map-support 103ms (from cache)
258 silly pacote tag manifest for @types/source-map-support@ts3.6 fetched in 104ms
259 http fetch GET 304 https://registry.npmjs.org/@types%2fspdx-expression-parse 96ms (from cache)
260 silly pacote tag manifest for @types/spdx-expression-parse@ts3.6 fetched in 97ms
261 http fetch GET 304 https://registry.npmjs.org/@types%2frequires-port 2327ms (from cache)
262 silly pacote tag manifest for @types/requires-port@ts3.6 fetched in 2327ms
263 http fetch GET 304 https://registry.npmjs.org/@types%2fspdy 104ms (from cache)
264 silly pacote tag manifest for @types/spdy@ts3.6 fetched in 104ms
265 http fetch GET 304 https://registry.npmjs.org/@types%2fsprintf 101ms (from cache)
266 silly pacote tag manifest for @types/sprintf@ts3.6 fetched in 102ms
267 http fetch GET 304 https://registry.npmjs.org/@types%2fstack-utils 58ms (from cache)
268 silly pacote tag manifest for @types/stack-utils@ts3.6 fetched in 59ms
269 http fetch GET 304 https://registry.npmjs.org/@types%2fsprintf-js 117ms (from cache)
270 silly pacote tag manifest for @types/sprintf-js@ts3.6 fetched in 118ms
271 http fetch GET 304 https://registry.npmjs.org/@types%2fsafe-regex 2267ms (from cache)
272 silly pacote tag manifest for @types/safe-regex@ts3.6 fetched in 2268ms
273 http fetch GET 304 https://registry.npmjs.org/@types%2fstatuses 49ms (from cache)
274 silly pacote tag manifest for @types/statuses@ts3.6 fetched in 51ms
275 http fetch GET 304 https://registry.npmjs.org/@types%2fstream-each 126ms (from cache)
276 http fetch GET 304 https://registry.npmjs.org/@types%2fstream-shift 104ms (from cache)
277 silly pacote tag manifest for @types/stream-each@ts3.6 fetched in 127ms
278 silly pacote tag manifest for @types/stream-shift@ts3.6 fetched in 105ms
279 http fetch GET 304 https://registry.npmjs.org/@types%2fstrict-uri-encode 87ms (from cache)
280 silly pacote tag manifest for @types/strict-uri-encode@ts3.6 fetched in 88ms
281 http fetch GET 304 https://registry.npmjs.org/@types%2fsemver-compare 2276ms (from cache)
282 silly pacote tag manifest for @types/semver-compare@ts3.6 fetched in 2279ms
283 http fetch GET 200 https://registry.npmjs.org/@types%2fselfsigned 2220ms
284 http fetch GET 304 https://registry.npmjs.org/@types%2fstringify-object 110ms (from cache)
285 silly fetchPackageMetaData error for @types/selfsigned@ts3.6 No matching version found for @types/selfsigned@ts3.6.
286 http fetch GET 304 https://registry.npmjs.org/@types%2fstring-natural-compare 119ms (from cache)
287 silly pacote tag manifest for @types/stringify-object@ts3.6 fetched in 113ms
288 silly pacote tag manifest for @types/string-natural-compare@ts3.6 fetched in 121ms
289 http fetch GET 304 https://registry.npmjs.org/@types%2fsupports-color 79ms (from cache)
290 silly pacote tag manifest for @types/supports-color@ts3.6 fetched in 79ms
291 http fetch GET 304 https://registry.npmjs.org/@types%2fserialize-javascript 2233ms (from cache)
292 silly pacote tag manifest for @types/serialize-javascript@ts3.6 fetched in 2235ms
293 http fetch GET 304 https://registry.npmjs.org/@types%2fsvgo 136ms (from cache)
294 silly pacote tag manifest for @types/svgo@ts3.6 fetched in 137ms
295 http fetch GET 304 https://registry.npmjs.org/@types%2ftapable 82ms (from cache)
296 silly pacote tag manifest for @types/tapable@ts3.6 fetched in 83ms
297 http fetch GET 304 https://registry.npmjs.org/@types%2ftar 63ms (from cache)
298 silly pacote tag manifest for @types/tar@ts3.6 fetched in 64ms
299 http fetch GET 304 https://registry.npmjs.org/@types%2fsymbol-tree 265ms (from cache)
300 silly pacote tag manifest for @types/symbol-tree@ts3.6 fetched in 266ms
301 http fetch GET 304 https://registry.npmjs.org/@types%2ftext-table 82ms (from cache)
302 silly pacote tag manifest for @types/text-table@ts3.6 fetched in 84ms
303 http fetch GET 304 https://registry.npmjs.org/@types%2fthrough 101ms (from cache)
304 silly pacote tag manifest for @types/through@ts3.6 fetched in 103ms
305 http fetch GET 200 https://registry.npmjs.org/@types%2fset-blocking 2334ms
306 silly fetchPackageMetaData error for @types/set-blocking@ts3.6 No matching version found for @types/set-blocking@ts3.6.
307 http fetch GET 304 https://registry.npmjs.org/@types%2fset-value 2361ms (from cache)
308 silly pacote tag manifest for @types/set-value@ts3.6 fetched in 2362ms
309 http fetch GET 304 https://registry.npmjs.org/@types%2fthrough2 104ms (from cache)
310 silly pacote tag manifest for @types/through2@ts3.6 fetched in 105ms
311 http fetch GET 304 https://registry.npmjs.org/@types%2fthunky 88ms (from cache)
312 silly pacote tag manifest for @types/thunky@ts3.6 fetched in 89ms
313 http fetch GET 304 https://registry.npmjs.org/@types%2ftimsort 90ms (from cache)
314 silly pacote tag manifest for @types/timsort@ts3.6 fetched in 91ms
315 http fetch GET 304 https://registry.npmjs.org/@types%2ftough-cookie 54ms (from cache)
316 silly pacote tag manifest for @types/tough-cookie@ts3.6 fetched in 55ms
317 http fetch GET 304 https://registry.npmjs.org/@types%2fto-regex-range 89ms (from cache)
318 silly registry:manifest no matching version for @types/to-regex-range@ts3.6 in the cache. Forcing revalidation.
319 http fetch GET 304 https://registry.npmjs.org/@types%2fto-regex 108ms (from cache)
320 silly registry:manifest no matching version for @types/to-regex@ts3.6 in the cache. Forcing revalidation.
321 http fetch GET 304 https://registry.npmjs.org/@types%2ftr46 43ms (from cache)
322 silly registry:manifest no matching version for @types/tr46@ts3.6 in the cache. Forcing revalidation.
323 http fetch GET 200 https://registry.npmjs.org/@types%2fto-regex-range 114ms
324 silly fetchPackageMetaData error for @types/to-regex-range@ts3.6 No matching version found for @types/to-regex-range@ts3.6.
325 http fetch GET 200 https://registry.npmjs.org/@types%2fto-regex 104ms
326 silly fetchPackageMetaData error for @types/to-regex@ts3.6 No matching version found for @types/to-regex@ts3.6.
327 http fetch GET 200 https://registry.npmjs.org/@types%2ftr46 118ms
328 silly fetchPackageMetaData error for @types/tr46@ts3.6 No matching version found for @types/tr46@ts3.6.
329 http fetch GET 304 https://registry.npmjs.org/@types%2ftype-detect 104ms (from cache)
330 silly pacote tag manifest for @types/type-detect@ts3.6 fetched in 105ms
331 http fetch GET 304 https://registry.npmjs.org/@types%2ftype-is 66ms (from cache)
332 silly pacote tag manifest for @types/type-is@ts3.6 fetched in 66ms
333 http fetch GET 304 https://registry.npmjs.org/@types%2ftypedarray-to-buffer 96ms (from cache)
334 silly registry:manifest no matching version for @types/typedarray-to-buffer@ts3.6 in the cache. Forcing revalidation.
335 http fetch GET 200 https://registry.npmjs.org/@types%2ftypedarray-to-buffer 89ms
336 silly fetchPackageMetaData error for @types/typedarray-to-buffer@ts3.6 No matching version found for @types/typedarray-to-buffer@ts3.6.
337 http fetch GET 304 https://registry.npmjs.org/@types%2funiq 112ms (from cache)
338 silly pacote tag manifest for @types/uniq@ts3.6 fetched in 113ms
339 http fetch GET 304 https://registry.npmjs.org/@types%2funiversalify 91ms (from cache)
340 silly pacote tag manifest for @types/universalify@ts3.6 fetched in 92ms
341 http fetch GET 304 https://registry.npmjs.org/@types%2furix 84ms (from cache)
342 silly pacote tag manifest for @types/urix@ts3.6 fetched in 85ms
343 http fetch GET 304 https://registry.npmjs.org/@types%2fspdx-correct 2421ms (from cache)
344 silly pacote tag manifest for @types/spdx-correct@ts3.6 fetched in 2422ms
345 http fetch GET 304 https://registry.npmjs.org/@types%2ftmpl 1447ms (from cache)
346 silly registry:manifest no matching version for @types/tmpl@ts3.6 in the cache. Forcing revalidation.
347 http fetch GET 304 https://registry.npmjs.org/@types%2futil-deprecate 70ms (from cache)
348 silly pacote tag manifest for @types/util-deprecate@ts3.6 fetched in 74ms
349 http fetch GET 304 https://registry.npmjs.org/@types%2fssri 2326ms (from cache)
350 silly pacote tag manifest for @types/ssri@ts3.6 fetched in 2327ms
351 http fetch GET 200 https://registry.npmjs.org/@types%2ftmpl 97ms
352 silly fetchPackageMetaData error for @types/tmpl@ts3.6 No matching version found for @types/tmpl@ts3.6.
353 http fetch GET 304 https://registry.npmjs.org/@types%2futils-merge 95ms (from cache)
354 http fetch GET 304 https://registry.npmjs.org/@types%2futil.promisify 115ms (from cache)
355 silly pacote tag manifest for @types/utils-merge@ts3.6 fetched in 96ms
356 silly pacote tag manifest for @types/util.promisify@ts3.6 fetched in 117ms
357 http fetch GET 304 https://registry.npmjs.org/@types%2fuuid 93ms (from cache)
358 silly pacote tag manifest for @types/uuid@ts3.6 fetched in 94ms
359 http fetch GET 304 https://registry.npmjs.org/@types%2fvary 56ms (from cache)
360 silly pacote tag manifest for @types/vary@ts3.6 fetched in 56ms
361 http fetch GET 304 https://registry.npmjs.org/@types%2fstring.prototype.matchall 2292ms (from cache)
362 silly pacote tag manifest for @types/string.prototype.matchall@ts3.6 fetched in 2293ms
363 http fetch GET 304 https://registry.npmjs.org/@types%2fvalidate-npm-package-license 103ms (from cache)
364 silly pacote tag manifest for @types/validate-npm-package-license@ts3.6 fetched in 104ms
365 http fetch GET 304 https://registry.npmjs.org/@types%2fsvg-parser 2230ms (from cache)
366 silly pacote tag manifest for @types/svg-parser@ts3.6 fetched in 2231ms
367 http fetch GET 304 https://registry.npmjs.org/@types%2fw3c-hr-time 113ms (from cache)
368 silly pacote tag manifest for @types/w3c-hr-time@ts3.6 fetched in 114ms
369 http fetch GET 304 https://registry.npmjs.org/@types%2fstrip-final-newline 2258ms (from cache)
370 http fetch GET 304 https://registry.npmjs.org/@types%2fwebidl-conversions 54ms (from cache)
371 silly pacote tag manifest for @types/strip-final-newline@ts3.6 fetched in 2261ms
372 silly pacote tag manifest for @types/webidl-conversions@ts3.6 fetched in 57ms
373 http fetch GET 304 https://registry.npmjs.org/@types%2fstrip-comments 2335ms (from cache)
374 silly pacote tag manifest for @types/strip-comments@ts3.6 fetched in 2336ms
375 http fetch GET 304 https://registry.npmjs.org/@types%2fwebpack 105ms (from cache)
376 silly pacote tag manifest for @types/webpack@ts3.6 fetched in 107ms
377 http fetch GET 304 https://registry.npmjs.org/@types%2fwebpack-manifest-plugin 95ms (from cache)
378 http fetch GET 304 https://registry.npmjs.org/@types%2fw3c-xmlserializer 194ms (from cache)
379 silly pacote tag manifest for @types/webpack-manifest-plugin@ts3.6 fetched in 97ms
380 silly pacote tag manifest for @types/w3c-xmlserializer@ts3.6 fetched in 195ms
381 http fetch GET 304 https://registry.npmjs.org/@types%2fwebpack-sources 118ms (from cache)
382 silly pacote tag manifest for @types/webpack-sources@ts3.6 fetched in 120ms
383 http fetch GET 304 https://registry.npmjs.org/@types%2fwhich 47ms (from cache)
384 silly pacote tag manifest for @types/which@ts3.6 fetched in 47ms
385 http fetch GET 304 https://registry.npmjs.org/@types%2fwhatwg-url 69ms (from cache)
386 silly pacote tag manifest for @types/whatwg-url@ts3.6 fetched in 70ms
387 http fetch GET 304 https://registry.npmjs.org/@types%2fwhatwg-mimetype 108ms (from cache)
388 silly pacote tag manifest for @types/whatwg-mimetype@ts3.6 fetched in 109ms
389 http fetch GET 304 https://registry.npmjs.org/@types%2fworkbox-build 93ms (from cache)
390 silly pacote tag manifest for @types/workbox-build@ts3.6 fetched in 94ms
391 http fetch GET 304 https://registry.npmjs.org/@types%2fwhich-pm-runs 136ms (from cache)
392 silly pacote tag manifest for @types/which-pm-runs@ts3.6 fetched in 137ms
393 http fetch GET 304 https://registry.npmjs.org/@types%2fworkbox-webpack-plugin 104ms (from cache)
394 silly pacote tag manifest for @types/workbox-webpack-plugin@ts3.6 fetched in 105ms
395 http fetch GET 304 https://registry.npmjs.org/@types%2fwrite-file-atomic 58ms (from cache)
396 silly pacote tag manifest for @types/write-file-atomic@ts3.6 fetched in 59ms
397 http fetch GET 304 https://registry.npmjs.org/@types%2fws 59ms (from cache)
398 silly pacote tag manifest for @types/ws@ts3.6 fetched in 60ms
399 http fetch GET 304 https://registry.npmjs.org/@types%2fwrap-ansi 119ms (from cache)
400 silly pacote tag manifest for @types/wrap-ansi@ts3.6 fetched in 119ms
401 http fetch GET 304 https://registry.npmjs.org/@types%2fyallist 64ms (from cache)
402 silly pacote tag manifest for @types/yallist@ts3.6 fetched in 65ms
403 http fetch GET 304 https://registry.npmjs.org/@types%2fyargs 68ms (from cache)
404 silly pacote tag manifest for @types/yargs@ts3.6 fetched in 69ms
405 http fetch GET 304 https://registry.npmjs.org/@types%2fyargs-parser 110ms (from cache)
406 silly pacote tag manifest for @types/yargs-parser@ts3.6 fetched in 111ms
407 http fetch GET 304 https://registry.npmjs.org/@types%2ftype-check 2276ms (from cache)
408 silly pacote tag manifest for @types/type-check@ts3.6 fetched in 2277ms
409 http fetch GET 304 https://registry.npmjs.org/@types%2ftryer 2304ms (from cache)
410 silly pacote tag manifest for @types/tryer@ts3.6 fetched in 2305ms
411 http fetch GET 304 https://registry.npmjs.org/@types%2fwatchpack 1517ms (from cache)
412 silly pacote tag manifest for @types/watchpack@ts3.6 fetched in 1518ms
413 http fetch GET 304 https://registry.npmjs.org/@types%2furl-parse 2310ms (from cache)
414 silly pacote tag manifest for @types/url-parse@ts3.6 fetched in 2311ms
415 http fetch GET 304 https://registry.npmjs.org/@types%2fxml-name-validator 1463ms (from cache)
416 silly registry:manifest no matching version for @types/xml-name-validator@ts3.6 in the cache. Forcing revalidation.
417 http fetch GET 304 https://registry.npmjs.org/@types%2fxtend 1495ms (from cache)
418 silly pacote tag manifest for @types/xtend@ts3.6 fetched in 1496ms
419 http fetch GET 200 https://registry.npmjs.org/@types%2fxml-name-validator 92ms
420 silly fetchPackageMetaData error for @types/xml-name-validator@ts3.6 No matching version found for @types/xml-name-validator@ts3.6.
421 http fetch GET 304 https://registry.npmjs.org/@types%2fwhatwg-encoding 2322ms (from cache)
422 silly pacote tag manifest for @types/whatwg-encoding@ts3.6 fetched in 2323ms
423 http fetch GET 304 https://registry.npmjs.org/@types%2fworkbox-sw 2645ms (from cache)
424 silly pacote tag manifest for @types/workbox-sw@ts3.6 fetched in 2646ms
425 timing stage:rollbackFailedOptional Completed in 0ms
426 timing stage:runTopLevelLifecycles Completed in 10630ms
427 verbose type tag
428 verbose stack @types/path-browserify: No matching version found for @types/path-browserify@ts3.6.
428 verbose stack     at pickManifest (/usr/local/lib/node_modules/npm/node_modules/npm-pick-manifest/index.js:122:13)
428 verbose stack     at /usr/local/lib/node_modules/npm/node_modules/pacote/lib/fetchers/registry/manifest.js:43:18
428 verbose stack     at tryCatcher (/usr/local/lib/node_modules/npm/node_modules/bluebird/js/release/util.js:16:23)
428 verbose stack     at Promise._settlePromiseFromHandler (/usr/local/lib/node_modules/npm/node_modules/bluebird/js/release/promise.js:517:31)
428 verbose stack     at Promise._settlePromise (/usr/local/lib/node_modules/npm/node_modules/bluebird/js/release/promise.js:574:18)
428 verbose stack     at Promise._settlePromise0 (/usr/local/lib/node_modules/npm/node_modules/bluebird/js/release/promise.js:619:10)
428 verbose stack     at Promise._settlePromises (/usr/local/lib/node_modules/npm/node_modules/bluebird/js/release/promise.js:699:18)
428 verbose stack     at _drainQueueStep (/usr/local/lib/node_modules/npm/node_modules/bluebird/js/release/async.js:138:12)
428 verbose stack     at _drainQueue (/usr/local/lib/node_modules/npm/node_modules/bluebird/js/release/async.js:131:9)
428 verbose stack     at Async._drainQueues (/usr/local/lib/node_modules/npm/node_modules/bluebird/js/release/async.js:147:5)
428 verbose stack     at Immediate.Async.drainQueues [as _onImmediate] (/usr/local/lib/node_modules/npm/node_modules/bluebird/js/release/async.js:17:14)
428 verbose stack     at processImmediate (internal/timers.js:456:21)
429 verbose cwd /home/theia/.cache/typescript/3.6
430 verbose Linux 5.10.16.3-microsoft-standard-WSL2
431 verbose argv "/usr/local/bin/node" "/usr/local/bin/npm" "install" "--ignore-scripts" "@types/memory-fs@ts3.6" "@types/memorystream@ts3.6" "@types/merge-descriptors@ts3.6" "@types/merge-stream@ts3.6" "@types/merge2@ts3.6" "@types/methods@ts3.6" "@types/micromatch@ts3.6" "@types/mime@ts3.6" "@types/mime-db@ts3.6" "@types/mime-types@ts3.6" "@types/min-indent@ts3.6" "@types/minimalistic-assert@ts3.6" "@types/minimatch@ts3.6" "@types/minimist@ts3.6" "@types/minizlib@ts3.6" "@types/mkdirp@ts3.6" "@types/move-concurrently@ts3.6" "@types/ms@ts3.6" "@types/multicast-dns@ts3.6" "@types/natural-compare@ts3.6" "@types/negotiator@ts3.6" "@types/next-tick@ts3.6" "@types/nice-try@ts3.6" "@types/node-forge@ts3.6" "@types/node-int64@ts3.6" "@types/node-notifier@ts3.6" "@types/normalize-package-data@ts3.6" "@types/normalize-path@ts3.6" "@types/num2fraction@ts3.6" "@types/nwsapi@ts3.6" "@types/object-assign@ts3.6" "@types/object-inspect@ts3.6" "@types/object-keys@ts3.6" "@types/object.fromentries@ts3.6" "@types/object.getownpropertydescriptors@ts3.6" "@types/object.pick@ts3.6" "@types/on-finished@ts3.6" "@types/on-headers@ts3.6" "@types/once@ts3.6" "@types/optimize-css-assets-webpack-plugin@ts3.6" "@types/original@ts3.6" "@types/pako@ts3.6" "@types/parallel-transform@ts3.6" "@types/parse-json@ts3.6" "@types/parseurl@ts3.6" "@types/pascalcase@ts3.6" "@types/path-browserify@ts3.6" "@types/path-is-absolute@ts3.6" "@types/path-is-inside@ts3.6" "@types/path-parse@ts3.6" "@types/pbkdf2@ts3.6" "@types/picomatch@ts3.6" "@types/pify@ts3.6" "@types/postcss-flexbugs-fixes@ts3.6" "@types/postcss-gap-properties@ts3.6" "@types/postcss-modules-extract-imports@ts3.6" "@types/postcss-modules-local-by-default@ts3.6" "@types/postcss-modules-scope@ts3.6" "@types/postcss-modules-values@ts3.6" "@types/postcss-normalize@ts3.6" "@types/postcss-preset-env@ts3.6" "@types/postcss-safe-parser@ts3.6" "@types/prelude-ls@ts3.6" "@types/prettier-linter-helpers@ts3.6" "@types/progress@ts3.6" "@types/promise-inflight@ts3.6" "@types/prompts@ts3.6" "@types/prop-types@ts3.6" "@types/proxy-addr@ts3.6" "@types/psl@ts3.6" "@types/pump@ts3.6" "@types/pumpify@ts3.6" "@types/punycode@ts3.6" "@types/q@ts3.6" "@types/qs@ts3.6" "@types/querystringify@ts3.6" "@types/raf@ts3.6" "@types/randombytes@ts3.6" "@types/range-parser@ts3.6" "@types/react-dev-utils@ts3.6" "@types/react-is@ts3.6" "@types/react-refresh@ts3.6" "@types/readable-stream@ts3.6" "@types/recursive-readdir@ts3.6" "@types/regenerate@ts3.6" "@types/regenerator-runtime@ts3.6" "@types/regex-not@ts3.6" "@types/relateurl@ts3.6" "@types/repeat-element@ts3.6" "@types/repeat-string@ts3.6" "@types/require-directory@ts3.6" "@types/require-from-string@ts3.6" "@types/requires-port@ts3.6" "@types/resolve@ts3.6" "@types/retry@ts3.6" "@types/rimraf@ts3.6" "@types/ripemd160@ts3.6" "@types/rsvp@ts3.6" "@types/run-parallel@ts3.6" "@types/safe-regex@ts3.6" "@types/safer-buffer@ts3.6" "@types/sane@ts3.6" "@types/sass-loader@ts3.6" "@types/sax@ts3.6" "@types/scheduler@ts3.6" "@types/selfsigned@ts3.6" "@types/semver@ts3.6" "@types/semver-compare@ts3.6" "@types/send@ts3.6" "@types/serialize-javascript@ts3.6" "@types/serve-index@ts3.6" "@types/serve-static@ts3.6" "@types/set-blocking@ts3.6" "@types/set-value@ts3.6" "@types/setimmediate@ts3.6" "@types/sha.js@ts3.6" "@types/shebang-command@ts3.6" "@types/shell-quote@ts3.6" "@types/signal-exit@ts3.6" "@types/simple-swizzle@ts3.6" "@types/slice-ansi@ts3.6" "@types/sockjs@ts3.6" "@types/sockjs-client@ts3.6" "@types/source-list-map@ts3.6" "@types/source-map-support@ts3.6" "@types/spdx-correct@ts3.6" "@types/spdx-expression-parse@ts3.6" "@types/spdy@ts3.6" "@types/sprintf@ts3.6" "@types/sprintf-js@ts3.6" "@types/ssri@ts3.6" "@types/stack-utils@ts3.6" "@types/statuses@ts3.6" "@types/stream-each@ts3.6" "@types/stream-shift@ts3.6" "@types/strict-uri-encode@ts3.6" "@types/string-natural-compare@ts3.6" "@types/string.prototype.matchall@ts3.6" "@types/stringify-object@ts3.6" "@types/strip-comments@ts3.6" "@types/strip-final-newline@ts3.6" "@types/supports-color@ts3.6" "@types/svg-parser@ts3.6" "@types/svgo@ts3.6" "@types/symbol-tree@ts3.6" "@types/tapable@ts3.6" "@types/tar@ts3.6" "@types/text-table@ts3.6" "@types/through@ts3.6" "@types/through2@ts3.6" "@types/thunky@ts3.6" "@types/timsort@ts3.6" "@types/tmpl@ts3.6" "@types/to-regex@ts3.6" "@types/to-regex-range@ts3.6" "@types/tough-cookie@ts3.6" "@types/tr46@ts3.6" "@types/tryer@ts3.6" "@types/type-check@ts3.6" "@types/type-detect@ts3.6" "@types/type-is@ts3.6" "@types/typedarray-to-buffer@ts3.6" "@types/uniq@ts3.6" "@types/universalify@ts3.6" "@types/urix@ts3.6" "@types/url-parse@ts3.6" "@types/util-deprecate@ts3.6" "@types/util.promisify@ts3.6" "@types/utils-merge@ts3.6" "@types/uuid@ts3.6" "@types/validate-npm-package-license@ts3.6" "@types/vary@ts3.6" "@types/w3c-hr-time@ts3.6" "@types/w3c-xmlserializer@ts3.6" "@types/watchpack@ts3.6" "@types/webidl-conversions@ts3.6" "@types/webpack@ts3.6" "@types/webpack-manifest-plugin@ts3.6" "@types/webpack-sources@ts3.6" "@types/whatwg-encoding@ts3.6" "@types/whatwg-mimetype@ts3.6" "@types/whatwg-url@ts3.6" "@types/which@ts3.6" "@types/which-pm-runs@ts3.6" "@types/workbox-build@ts3.6" "@types/workbox-sw@ts3.6" "@types/workbox-webpack-plugin@ts3.6" "@types/wrap-ansi@ts3.6" "@types/write-file-atomic@ts3.6" "@types/ws@ts3.6" "@types/xml-name-validator@ts3.6" "@types/xtend@ts3.6" "@types/yallist@ts3.6" "@types/yargs@ts3.6" "@types/yargs-parser@ts3.6" "--save-dev" "--user-agent=typesInstaller/3.6.3"
432 verbose node v12.18.3
433 verbose npm  v6.14.6
434 error code ETARGET
435 error notarget No matching version found for @types/path-browserify@ts3.6.
436 error notarget In most cases you or one of your dependencies are requesting
436 error notarget a package version that doesn't exist.
437 verbose exit [ 1, true ]
