0 info it worked if it ends with ok
1 verbose cli [
1 verbose cli   '/usr/local/bin/node',
1 verbose cli   '/usr/local/bin/npm',
1 verbose cli   'install',
1 verbose cli   '--ignore-scripts',
1 verbose cli   '@types/accepts@ts3.6',
1 verbose cli   '@types/argparse@ts3.6',
1 verbose cli   '@types/aria-query@ts3.6',
1 verbose cli   '@types/arr-diff@ts3.6',
1 verbose cli   '@types/arr-union@ts3.6',
1 verbose cli   '@types/array-unique@ts3.6',
1 verbose cli   '@types/array.prototype.flat@ts3.6',
1 verbose cli   '@types/array.prototype.flatmap@ts3.6',
1 verbose cli   '@types/asap@ts3.6',
1 verbose cli   '@types/assert@ts3.6',
1 verbose cli   '@types/async@ts3.6',
1 verbose cli   '@types/atob@ts3.6',
1 verbose cli   '@types/babel-plugin-macros@ts3.6',
1 verbose cli   '@types/babylon@ts3.6',
1 verbose cli   '@types/balanced-match@ts3.6',
1 verbose cli   '@types/big.js@ts3.6',
1 verbose cli   '@types/bluebird@ts3.6',
1 verbose cli   '@types/bn.js@ts3.6',
1 verbose cli   '@types/body-parser@ts3.6',
1 verbose cli   '@types/bonjour@ts3.6',
1 verbose cli   '@types/boolbase@ts3.6',
1 verbose cli   '@types/brace-expansion@ts3.6',
1 verbose cli   '@types/braces@ts3.6',
1 verbose cli   '@types/brorand@ts3.6',
1 verbose cli   '@types/bser@ts3.6',
1 verbose cli   '@types/buffer-from@ts3.6',
1 verbose cli   '@types/buffer-xor@ts3.6',
1 verbose cli   '@types/bytes@ts3.6',
1 verbose cli   '@types/cacache@ts3.6',
1 verbose cli   '@types/call-bind@ts3.6',
1 verbose cli   '@types/caniuse-api@ts3.6',
1 verbose cli   '@types/caniuse-lite@ts3.6',
1 verbose cli   '@types/case-sensitive-paths-webpack-plugin@ts3.6',
1 verbose cli   '@types/check-types@ts3.6',
1 verbose cli   '@types/chownr@ts3.6',
1 verbose cli   '@types/cipher-base@ts3.6',
1 verbose cli   '@types/clean-css@ts3.6',
1 verbose cli   '@types/co@ts3.6',
1 verbose cli   '@types/color@ts3.6',
1 verbose cli   '@types/color-convert@ts3.6',
1 verbose cli   '@types/color-name@ts3.6',
1 verbose cli   '@types/color-string@ts3.6',
1 verbose cli   '@types/combined-stream@ts3.6',
1 verbose cli   '@types/common-tags@ts3.6',
1 verbose cli   '@types/commondir@ts3.6',
1 verbose cli   '@types/component-emitter@ts3.6',
1 verbose cli   '@types/compose-function@ts3.6',
1 verbose cli   '@types/compressible@ts3.6',
1 verbose cli   '@types/compression@ts3.6',
1 verbose cli   '@types/concat-map@ts3.6',
1 verbose cli   '@types/concat-stream@ts3.6',
1 verbose cli   '@types/confusing-browser-globals@ts3.6',
1 verbose cli   '@types/connect-history-api-fallback@ts3.6',
1 verbose cli   '@types/content-disposition@ts3.6',
1 verbose cli   '@types/content-type@ts3.6',
1 verbose cli   '@types/convert-source-map@ts3.6',
1 verbose cli   '@types/cookie@ts3.6',
1 verbose cli   '@types/cookie-signature@ts3.6',
1 verbose cli   '@types/core-js@ts3.6',
1 verbose cli   '@types/create-hash@ts3.6',
1 verbose cli   '@types/create-hmac@ts3.6',
1 verbose cli   '@types/cross-spawn@ts3.6',
1 verbose cli   '@types/css@ts3.6',
1 verbose cli   '@types/css-declaration-sorter@ts3.6',
1 verbose cli   '@types/css-tree@ts3.6',
1 verbose cli   '@types/css.escape@ts3.6',
1 verbose cli   '@types/cssesc@ts3.6',
1 verbose cli   '@types/csso@ts3.6',
1 verbose cli   '@types/cssom@ts3.6',
1 verbose cli   '@types/cssstyle@ts3.6',
1 verbose cli   '@types/d@ts3.6',
1 verbose cli   '@types/damerau-levenshtein@ts3.6',
1 verbose cli   '@types/data-urls@ts3.6',
1 verbose cli   '@types/debug@ts3.6',
1 verbose cli   '@types/decode-uri-component@ts3.6',
1 verbose cli   '@types/dedent@ts3.6',
1 verbose cli   '@types/deep-equal@ts3.6',
1 verbose cli   '@types/default-gateway@ts3.6',
1 verbose cli   '@types/define-properties@ts3.6',
1 verbose cli   '@types/depd@ts3.6',
1 verbose cli   '@types/destroy@ts3.6',
1 verbose cli   '@types/detect-node@ts3.6',
1 verbose cli   '@types/diffie-hellman@ts3.6',
1 verbose cli   '@types/dir-glob@ts3.6',
1 verbose cli   '@types/dns-packet@ts3.6',
1 verbose cli   '@types/doctrine@ts3.6',
1 verbose cli   '@types/domexception@ts3.6',
1 verbose cli   '@types/domutils@ts3.6',
1 verbose cli   '@types/duplexify@ts3.6',
1 verbose cli   '@types/ee-first@ts3.6',
1 verbose cli   '@types/ejs@ts3.6',
1 verbose cli   '@types/elliptic@ts3.6',
1 verbose cli   '@types/encodeurl@ts3.6',
1 verbose cli   '@types/end-of-stream@ts3.6',
1 verbose cli   '@types/enhanced-resolve@ts3.6',
1 verbose cli   '@types/es-abstract@ts3.6',
1 verbose cli   ... 102 more items
1 verbose cli ]
2 info using npm@6.14.6
3 info using node@v12.18.3
4 verbose npm-session 0ad83ee2b7e8ac0c
5 silly install loadCurrentTree
6 silly install readLocalPackageData
7 http fetch GET 200 https://registry.npmjs.org/@types%2faccepts 59ms (from cache)
8 http fetch GET 200 https://registry.npmjs.org/@types%2fargparse 55ms (from cache)
9 http fetch GET 200 https://registry.npmjs.org/@types%2farr-union 53ms (from cache)
10 http fetch GET 200 https://registry.npmjs.org/@types%2farr-diff 54ms (from cache)
11 http fetch GET 200 https://registry.npmjs.org/@types%2farray.prototype.flat 51ms (from cache)
12 http fetch GET 200 https://registry.npmjs.org/@types%2farray.prototype.flatmap 50ms (from cache)
13 http fetch GET 200 https://registry.npmjs.org/@types%2fasap 51ms (from cache)
14 http fetch GET 200 https://registry.npmjs.org/@types%2farray-unique 54ms (from cache)
15 http fetch GET 200 https://registry.npmjs.org/@types%2faria-query 61ms (from cache)
16 http fetch GET 200 https://registry.npmjs.org/@types%2fassert 51ms (from cache)
17 silly pacote tag manifest for @types/argparse@ts3.6 fetched in 67ms
18 silly pacote tag manifest for @types/accepts@ts3.6 fetched in 77ms
19 silly pacote tag manifest for @types/arr-diff@ts3.6 fetched in 67ms
20 silly pacote tag manifest for @types/arr-union@ts3.6 fetched in 66ms
21 silly pacote tag manifest for @types/array.prototype.flat@ts3.6 fetched in 64ms
22 silly pacote tag manifest for @types/array.prototype.flatmap@ts3.6 fetched in 64ms
23 silly pacote tag manifest for @types/asap@ts3.6 fetched in 63ms
24 silly pacote tag manifest for @types/aria-query@ts3.6 fetched in 73ms
25 silly pacote tag manifest for @types/assert@ts3.6 fetched in 63ms
26 silly pacote tag manifest for @types/array-unique@ts3.6 fetched in 68ms
27 http fetch GET 200 https://registry.npmjs.org/@types%2fbabel-plugin-macros 16ms (from cache)
28 http fetch GET 200 https://registry.npmjs.org/@types%2fasync 16ms (from cache)
29 http fetch GET 200 https://registry.npmjs.org/@types%2fatob 19ms (from cache)
30 http fetch GET 200 https://registry.npmjs.org/@types%2fbabylon 20ms (from cache)
31 http fetch GET 200 https://registry.npmjs.org/@types%2fbalanced-match 20ms (from cache)
32 http fetch GET 200 https://registry.npmjs.org/@types%2fbig.js 19ms (from cache)
33 http fetch GET 200 https://registry.npmjs.org/@types%2fbluebird 18ms (from cache)
34 http fetch GET 200 https://registry.npmjs.org/@types%2fbonjour 19ms (from cache)
35 http fetch GET 200 https://registry.npmjs.org/@types%2fbn.js 19ms (from cache)
36 http fetch GET 200 https://registry.npmjs.org/@types%2fbody-parser 21ms (from cache)
37 silly pacote tag manifest for @types/babel-plugin-macros@ts3.6 fetched in 27ms
38 silly pacote tag manifest for @types/async@ts3.6 fetched in 28ms
39 silly pacote tag manifest for @types/atob@ts3.6 fetched in 28ms
40 silly pacote tag manifest for @types/babylon@ts3.6 fetched in 33ms
41 silly pacote tag manifest for @types/balanced-match@ts3.6 fetched in 34ms
42 silly pacote tag manifest for @types/bluebird@ts3.6 fetched in 31ms
43 silly pacote tag manifest for @types/bonjour@ts3.6 fetched in 32ms
44 silly pacote tag manifest for @types/big.js@ts3.6 fetched in 33ms
45 silly pacote tag manifest for @types/bn.js@ts3.6 fetched in 35ms
46 silly pacote tag manifest for @types/body-parser@ts3.6 fetched in 37ms
47 http fetch GET 200 https://registry.npmjs.org/@types%2fboolbase 22ms (from cache)
48 http fetch GET 200 https://registry.npmjs.org/@types%2fbrace-expansion 22ms (from cache)
49 http fetch GET 200 https://registry.npmjs.org/@types%2fbraces 22ms (from cache)
50 http fetch GET 200 https://registry.npmjs.org/@types%2fbrorand 35ms (from cache)
51 http fetch GET 200 https://registry.npmjs.org/@types%2fbser 32ms (from cache)
52 http fetch GET 200 https://registry.npmjs.org/@types%2fbuffer-from 33ms (from cache)
53 http fetch GET 200 https://registry.npmjs.org/@types%2fbuffer-xor 34ms (from cache)
54 silly pacote tag manifest for @types/boolbase@ts3.6 fetched in 44ms
55 http fetch GET 200 https://registry.npmjs.org/@types%2fbytes 38ms (from cache)
56 silly pacote tag manifest for @types/brace-expansion@ts3.6 fetched in 49ms
57 http fetch GET 200 https://registry.npmjs.org/@types%2fcacache 40ms (from cache)
58 silly pacote tag manifest for @types/braces@ts3.6 fetched in 51ms
59 silly pacote tag manifest for @types/brorand@ts3.6 fetched in 50ms
60 silly pacote tag manifest for @types/buffer-from@ts3.6 fetched in 47ms
61 silly pacote tag manifest for @types/bser@ts3.6 fetched in 48ms
62 silly pacote tag manifest for @types/buffer-xor@ts3.6 fetched in 51ms
63 silly pacote tag manifest for @types/bytes@ts3.6 fetched in 56ms
64 silly pacote tag manifest for @types/cacache@ts3.6 fetched in 56ms
65 http fetch GET 200 https://registry.npmjs.org/@types%2fcaniuse-api 32ms (from cache)
66 http fetch GET 200 https://registry.npmjs.org/@types%2fcaniuse-lite 34ms (from cache)
67 http fetch GET 200 https://registry.npmjs.org/@types%2fcase-sensitive-paths-webpack-plugin 35ms (from cache)
68 http fetch GET 200 https://registry.npmjs.org/@types%2fcheck-types 31ms (from cache)
69 http fetch GET 200 https://registry.npmjs.org/@types%2fchownr 32ms (from cache)
70 http fetch GET 200 https://registry.npmjs.org/@types%2fcipher-base 33ms (from cache)
71 http fetch GET 200 https://registry.npmjs.org/@types%2fclean-css 30ms (from cache)
72 silly pacote tag manifest for @types/caniuse-api@ts3.6 fetched in 50ms
73 silly pacote tag manifest for @types/caniuse-lite@ts3.6 fetched in 46ms
74 http fetch GET 200 https://registry.npmjs.org/@types%2fco 40ms (from cache)
75 http fetch GET 200 https://registry.npmjs.org/@types%2fcolor 36ms (from cache)
76 silly pacote tag manifest for @types/check-types@ts3.6 fetched in 52ms
77 silly pacote tag manifest for @types/chownr@ts3.6 fetched in 51ms
78 silly pacote tag manifest for @types/case-sensitive-paths-webpack-plugin@ts3.6 fetched in 65ms
79 silly pacote tag manifest for @types/cipher-base@ts3.6 fetched in 61ms
80 silly pacote tag manifest for @types/clean-css@ts3.6 fetched in 56ms
81 silly pacote tag manifest for @types/co@ts3.6 fetched in 55ms
82 silly pacote tag manifest for @types/color@ts3.6 fetched in 54ms
83 http fetch GET 200 https://registry.npmjs.org/@types%2fcolor-name 39ms (from cache)
84 http fetch GET 200 https://registry.npmjs.org/@types%2fcolor-convert 52ms (from cache)
85 http fetch GET 200 https://registry.npmjs.org/@types%2fcolor-string 39ms (from cache)
86 http fetch GET 200 https://registry.npmjs.org/@types%2fcombined-stream 40ms (from cache)
87 http fetch GET 200 https://registry.npmjs.org/@types%2fcommondir 32ms (from cache)
88 http fetch GET 200 https://registry.npmjs.org/@types%2fcomponent-emitter 32ms (from cache)
89 http fetch GET 200 https://registry.npmjs.org/@types%2fcommon-tags 34ms (from cache)
90 silly pacote tag manifest for @types/color-convert@ts3.6 fetched in 61ms
91 silly pacote tag manifest for @types/color-name@ts3.6 fetched in 49ms
92 http fetch GET 200 https://registry.npmjs.org/@types%2fcompose-function 35ms (from cache)
93 silly pacote tag manifest for @types/color-string@ts3.6 fetched in 49ms
94 silly pacote tag manifest for @types/combined-stream@ts3.6 fetched in 51ms
95 http fetch GET 200 https://registry.npmjs.org/@types%2fcompressible 35ms (from cache)
96 silly pacote tag manifest for @types/commondir@ts3.6 fetched in 42ms
97 silly pacote tag manifest for @types/component-emitter@ts3.6 fetched in 42ms
98 silly pacote tag manifest for @types/common-tags@ts3.6 fetched in 46ms
99 silly pacote tag manifest for @types/compose-function@ts3.6 fetched in 46ms
100 silly pacote tag manifest for @types/compressible@ts3.6 fetched in 47ms
101 http fetch GET 200 https://registry.npmjs.org/@types%2fcompression 28ms (from cache)
102 http fetch GET 200 https://registry.npmjs.org/@types%2fconcat-map 33ms (from cache)
103 http fetch GET 200 https://registry.npmjs.org/@types%2fcall-bind 179ms
104 http fetch GET 200 https://registry.npmjs.org/@types%2fconfusing-browser-globals 32ms (from cache)
105 http fetch GET 200 https://registry.npmjs.org/@types%2fconcat-stream 35ms (from cache)
106 http fetch GET 200 https://registry.npmjs.org/@types%2fcontent-disposition 32ms (from cache)
107 http fetch GET 200 https://registry.npmjs.org/@types%2fconnect-history-api-fallback 32ms (from cache)
108 silly fetchPackageMetaData error for @types/call-bind@ts3.6 No matching version found for @types/call-bind@ts3.6.
109 silly pacote tag manifest for @types/compression@ts3.6 fetched in 43ms
110 http fetch GET 200 https://registry.npmjs.org/@types%2fcontent-type 35ms (from cache)
111 silly pacote tag manifest for @types/concat-map@ts3.6 fetched in 45ms
112 http fetch GET 200 https://registry.npmjs.org/@types%2fconvert-source-map 33ms (from cache)
113 silly pacote tag manifest for @types/concat-stream@ts3.6 fetched in 43ms
114 silly pacote tag manifest for @types/content-disposition@ts3.6 fetched in 40ms
115 silly pacote tag manifest for @types/connect-history-api-fallback@ts3.6 fetched in 40ms
116 silly pacote tag manifest for @types/confusing-browser-globals@ts3.6 fetched in 41ms
117 http fetch GET 200 https://registry.npmjs.org/@types%2fcookie 24ms (from cache)
118 silly pacote tag manifest for @types/content-type@ts3.6 fetched in 43ms
119 silly pacote tag manifest for @types/convert-source-map@ts3.6 fetched in 42ms
120 silly pacote tag manifest for @types/cookie@ts3.6 fetched in 34ms
121 http fetch GET 200 https://registry.npmjs.org/@types%2fcookie-signature 19ms (from cache)
122 http fetch GET 200 https://registry.npmjs.org/@types%2fcore-js 19ms (from cache)
123 http fetch GET 200 https://registry.npmjs.org/@types%2fcreate-hash 19ms (from cache)
124 http fetch GET 200 https://registry.npmjs.org/@types%2fcreate-hmac 17ms (from cache)
125 http fetch GET 200 https://registry.npmjs.org/@types%2fcss 16ms (from cache)
126 http fetch GET 200 https://registry.npmjs.org/@types%2fcss-declaration-sorter 17ms (from cache)
127 http fetch GET 200 https://registry.npmjs.org/@types%2fcross-spawn 18ms (from cache)
128 silly pacote tag manifest for @types/cookie-signature@ts3.6 fetched in 27ms
129 silly pacote tag manifest for @types/core-js@ts3.6 fetched in 29ms
130 http fetch GET 200 https://registry.npmjs.org/@types%2fcss-tree 22ms (from cache)
131 silly pacote tag manifest for @types/create-hash@ts3.6 fetched in 30ms
132 silly pacote tag manifest for @types/create-hmac@ts3.6 fetched in 29ms
133 silly pacote tag manifest for @types/css@ts3.6 fetched in 28ms
134 silly pacote tag manifest for @types/css-declaration-sorter@ts3.6 fetched in 29ms
135 silly pacote tag manifest for @types/cross-spawn@ts3.6 fetched in 33ms
136 http fetch GET 200 https://registry.npmjs.org/@types%2fcssesc 21ms (from cache)
137 silly pacote tag manifest for @types/css-tree@ts3.6 fetched in 32ms
138 silly pacote tag manifest for @types/cssesc@ts3.6 fetched in 29ms
139 http fetch GET 200 https://registry.npmjs.org/@types%2fcsso 20ms (from cache)
140 http fetch GET 200 https://registry.npmjs.org/@types%2fcssom 19ms (from cache)
141 http fetch GET 200 https://registry.npmjs.org/@types%2fcssstyle 15ms (from cache)
142 http fetch GET 200 https://registry.npmjs.org/@types%2fdamerau-levenshtein 14ms (from cache)
143 http fetch GET 200 https://registry.npmjs.org/@types%2fdata-urls 14ms (from cache)
144 http fetch GET 200 https://registry.npmjs.org/@types%2fd 16ms (from cache)
145 http fetch GET 200 https://registry.npmjs.org/@types%2fdebug 16ms (from cache)
146 silly pacote tag manifest for @types/csso@ts3.6 fetched in 28ms
147 silly pacote tag manifest for @types/cssom@ts3.6 fetched in 25ms
148 silly pacote tag manifest for @types/damerau-levenshtein@ts3.6 fetched in 21ms
149 silly pacote tag manifest for @types/cssstyle@ts3.6 fetched in 22ms
150 silly pacote tag manifest for @types/data-urls@ts3.6 fetched in 33ms
151 silly pacote tag manifest for @types/d@ts3.6 fetched in 36ms
152 http fetch GET 200 https://registry.npmjs.org/@types%2fdecode-uri-component 26ms (from cache)
153 silly pacote tag manifest for @types/debug@ts3.6 fetched in 36ms
154 http fetch GET 200 https://registry.npmjs.org/@types%2fdedent 28ms (from cache)
155 silly pacote tag manifest for @types/decode-uri-component@ts3.6 fetched in 44ms
156 silly pacote tag manifest for @types/dedent@ts3.6 fetched in 48ms
157 http fetch GET 200 https://registry.npmjs.org/@types%2fdeep-equal 41ms (from cache)
158 http fetch GET 200 https://registry.npmjs.org/@types%2fdefault-gateway 41ms (from cache)
159 http fetch GET 200 https://registry.npmjs.org/@types%2fdefine-properties 42ms (from cache)
160 http fetch GET 200 https://registry.npmjs.org/@types%2fdepd 33ms (from cache)
161 http fetch GET 200 https://registry.npmjs.org/@types%2fdestroy 38ms (from cache)
162 http fetch GET 200 https://registry.npmjs.org/@types%2fdetect-node 38ms (from cache)
163 http fetch GET 200 https://registry.npmjs.org/@types%2fdiffie-hellman 38ms (from cache)
164 silly pacote tag manifest for @types/deep-equal@ts3.6 fetched in 58ms
165 silly pacote tag manifest for @types/default-gateway@ts3.6 fetched in 60ms
166 silly pacote tag manifest for @types/define-properties@ts3.6 fetched in 61ms
167 silly pacote tag manifest for @types/depd@ts3.6 fetched in 52ms
168 silly pacote tag manifest for @types/destroy@ts3.6 fetched in 62ms
169 silly pacote tag manifest for @types/detect-node@ts3.6 fetched in 61ms
170 http fetch GET 200 https://registry.npmjs.org/@types%2fdir-glob 42ms (from cache)
171 silly pacote tag manifest for @types/diffie-hellman@ts3.6 fetched in 63ms
172 http fetch GET 200 https://registry.npmjs.org/@types%2fdns-packet 42ms (from cache)
173 silly pacote tag manifest for @types/dir-glob@ts3.6 fetched in 53ms
174 http fetch GET 200 https://registry.npmjs.org/@types%2fcss.escape 133ms
175 silly pacote tag manifest for @types/dns-packet@ts3.6 fetched in 53ms
176 http fetch GET 200 https://registry.npmjs.org/@types%2fdoctrine 29ms (from cache)
177 http fetch GET 200 https://registry.npmjs.org/@types%2fdomexception 27ms (from cache)
178 http fetch GET 200 https://registry.npmjs.org/@types%2fdomutils 27ms (from cache)
179 http fetch GET 200 https://registry.npmjs.org/@types%2fduplexify 26ms (from cache)
180 silly fetchPackageMetaData error for @types/css.escape@ts3.6 No matching version found for @types/css.escape@ts3.6.
181 http fetch GET 200 https://registry.npmjs.org/@types%2fee-first 25ms (from cache)
182 http fetch GET 200 https://registry.npmjs.org/@types%2fejs 23ms (from cache)
183 http fetch GET 200 https://registry.npmjs.org/@types%2felliptic 24ms (from cache)
184 silly pacote tag manifest for @types/doctrine@ts3.6 fetched in 41ms
185 silly pacote tag manifest for @types/domexception@ts3.6 fetched in 40ms
186 silly pacote tag manifest for @types/domutils@ts3.6 fetched in 40ms
187 silly pacote tag manifest for @types/duplexify@ts3.6 fetched in 40ms
188 http fetch GET 200 https://registry.npmjs.org/@types%2fencodeurl 25ms (from cache)
189 silly pacote tag manifest for @types/ee-first@ts3.6 fetched in 39ms
190 silly pacote tag manifest for @types/ejs@ts3.6 fetched in 38ms
191 silly pacote tag manifest for @types/elliptic@ts3.6 fetched in 39ms
192 http fetch GET 200 https://registry.npmjs.org/@types%2fend-of-stream 30ms (from cache)
193 http fetch GET 200 https://registry.npmjs.org/@types%2fenhanced-resolve 32ms (from cache)
194 silly pacote tag manifest for @types/encodeurl@ts3.6 fetched in 45ms
195 http fetch GET 200 https://registry.npmjs.org/@types%2fescape-html 29ms (from cache)
196 http fetch GET 200 https://registry.npmjs.org/@types%2fescodegen 29ms (from cache)
197 http fetch GET 200 https://registry.npmjs.org/@types%2fes-to-primitive 31ms (from cache)
198 http fetch GET 200 https://registry.npmjs.org/@types%2fes-abstract 31ms (from cache)
199 silly pacote tag manifest for @types/end-of-stream@ts3.6 fetched in 44ms
200 silly pacote tag manifest for @types/enhanced-resolve@ts3.6 fetched in 46ms
201 http fetch GET 200 https://registry.npmjs.org/@types%2feslint 31ms (from cache)
202 http fetch GET 200 https://registry.npmjs.org/@types%2feslint-scope 32ms (from cache)
203 silly pacote tag manifest for @types/escodegen@ts3.6 fetched in 40ms
204 silly pacote tag manifest for @types/escape-html@ts3.6 fetched in 42ms
205 silly pacote tag manifest for @types/es-to-primitive@ts3.6 fetched in 42ms
206 silly pacote tag manifest for @types/es-abstract@ts3.6 fetched in 45ms
207 http fetch GET 200 https://registry.npmjs.org/@types%2feslint-utils 26ms (from cache)
208 http fetch GET 200 https://registry.npmjs.org/@types%2feslint-visitor-keys 23ms (from cache)
209 silly pacote tag manifest for @types/eslint@ts3.6 fetched in 42ms
210 silly pacote tag manifest for @types/eslint-scope@ts3.6 fetched in 42ms
211 silly pacote tag manifest for @types/eslint-utils@ts3.6 fetched in 36ms
212 http fetch GET 200 https://registry.npmjs.org/@types%2fesprima 22ms (from cache)
213 http fetch GET 200 https://registry.npmjs.org/@types%2fesquery 22ms (from cache)
214 silly pacote tag manifest for @types/eslint-visitor-keys@ts3.6 fetched in 33ms
215 http fetch GET 200 https://registry.npmjs.org/@types%2festraverse 18ms (from cache)
216 http fetch GET 200 https://registry.npmjs.org/@types%2fesutils 19ms (from cache)
217 http fetch GET 200 https://registry.npmjs.org/@types%2fetag 21ms (from cache)
218 silly pacote tag manifest for @types/esprima@ts3.6 fetched in 32ms
219 silly pacote tag manifest for @types/esquery@ts3.6 fetched in 30ms
220 http fetch GET 200 https://registry.npmjs.org/@types%2fevents 21ms (from cache)
221 http fetch GET 200 https://registry.npmjs.org/@types%2feventsource 19ms (from cache)
222 http fetch GET 200 https://registry.npmjs.org/@types%2fexit 20ms (from cache)
223 silly pacote tag manifest for @types/estraverse@ts3.6 fetched in 27ms
224 silly pacote tag manifest for @types/esutils@ts3.6 fetched in 29ms
225 http fetch GET 200 https://registry.npmjs.org/@types%2fexpress 20ms (from cache)
226 silly pacote tag manifest for @types/etag@ts3.6 fetched in 32ms
227 silly pacote tag manifest for @types/events@ts3.6 fetched in 32ms
228 http fetch GET 200 https://registry.npmjs.org/@types%2ffast-levenshtein 19ms (from cache)
229 silly pacote tag manifest for @types/eventsource@ts3.6 fetched in 29ms
230 silly pacote tag manifest for @types/exit@ts3.6 fetched in 32ms
231 silly pacote tag manifest for @types/express@ts3.6 fetched in 34ms
232 http fetch GET 200 https://registry.npmjs.org/@types%2ffb-watchman 25ms (from cache)
233 http fetch GET 200 https://registry.npmjs.org/@types%2ffile-entry-cache 25ms (from cache)
234 silly pacote tag manifest for @types/fast-levenshtein@ts3.6 fetched in 34ms
235 http fetch GET 200 https://registry.npmjs.org/@types%2ffile-loader 26ms (from cache)
236 silly pacote tag manifest for @types/fb-watchman@ts3.6 fetched in 36ms
237 silly pacote tag manifest for @types/file-entry-cache@ts3.6 fetched in 36ms
238 http fetch GET 200 https://registry.npmjs.org/@types%2ffinalhandler 29ms (from cache)
239 http fetch GET 200 https://registry.npmjs.org/@types%2ffind-cache-dir 27ms (from cache)
240 http fetch GET 200 https://registry.npmjs.org/@types%2fflat-cache 28ms (from cache)
241 silly pacote tag manifest for @types/file-loader@ts3.6 fetched in 38ms
242 http fetch GET 200 https://registry.npmjs.org/@types%2fflush-write-stream 26ms (from cache)
243 http fetch GET 200 https://registry.npmjs.org/@types%2ffollow-redirects 25ms (from cache)
244 silly pacote tag manifest for @types/finalhandler@ts3.6 fetched in 37ms
245 http fetch GET 200 https://registry.npmjs.org/@types%2fforwarded 21ms (from cache)
246 silly pacote tag manifest for @types/find-cache-dir@ts3.6 fetched in 36ms
247 silly pacote tag manifest for @types/flat-cache@ts3.6 fetched in 40ms
248 silly pacote tag manifest for @types/flush-write-stream@ts3.6 fetched in 40ms
249 silly pacote tag manifest for @types/follow-redirects@ts3.6 fetched in 39ms
250 http fetch GET 200 https://registry.npmjs.org/@types%2ffresh 22ms (from cache)
251 silly pacote tag manifest for @types/forwarded@ts3.6 fetched in 35ms
252 http fetch GET 200 https://registry.npmjs.org/@types%2ffrom2 28ms (from cache)
253 http fetch GET 200 https://registry.npmjs.org/@types%2ffs-extra 23ms (from cache)
254 silly pacote tag manifest for @types/fresh@ts3.6 fetched in 36ms
255 http fetch GET 200 https://registry.npmjs.org/@types%2ffunctional-red-black-tree 32ms (from cache)
256 http fetch GET 200 https://registry.npmjs.org/@types%2ffunction-bind 33ms (from cache)
257 silly pacote tag manifest for @types/from2@ts3.6 fetched in 46ms
258 silly pacote tag manifest for @types/fs-extra@ts3.6 fetched in 51ms
259 http fetch GET 200 https://registry.npmjs.org/@types%2fget-value 40ms (from cache)
260 http fetch GET 200 https://registry.npmjs.org/@types%2fglob 39ms (from cache)
261 silly pacote tag manifest for @types/functional-red-black-tree@ts3.6 fetched in 56ms
262 silly pacote tag manifest for @types/function-bind@ts3.6 fetched in 59ms
263 silly pacote tag manifest for @types/glob@ts3.6 fetched in 50ms
264 silly pacote tag manifest for @types/get-value@ts3.6 fetched in 52ms
265 http fetch GET 200 https://registry.npmjs.org/@types%2fglob-parent 40ms (from cache)
266 http fetch GET 200 https://registry.npmjs.org/@types%2fglobal-modules 33ms (from cache)
267 http fetch GET 200 https://registry.npmjs.org/@types%2fglobal-prefix 27ms (from cache)
268 silly pacote tag manifest for @types/glob-parent@ts3.6 fetched in 51ms
269 silly pacote tag manifest for @types/global-modules@ts3.6 fetched in 43ms
270 http fetch GET 200 https://registry.npmjs.org/@types%2fhas 23ms (from cache)
271 silly pacote tag manifest for @types/global-prefix@ts3.6 fetched in 40ms
272 http fetch GET 200 https://registry.npmjs.org/@types%2ffill-range 131ms
273 http fetch GET 200 https://registry.npmjs.org/@types%2fhas-symbols 24ms (from cache)
274 silly fetchPackageMetaData error for @types/fill-range@ts3.6 No matching version found for @types/fill-range@ts3.6.
275 silly pacote tag manifest for @types/has@ts3.6 fetched in 35ms
276 silly pacote tag manifest for @types/has-symbols@ts3.6 fetched in 30ms
277 http fetch GET 200 https://registry.npmjs.org/@types%2fhe 22ms (from cache)
278 http fetch GET 200 https://registry.npmjs.org/@types%2fhex-color-regex 18ms (from cache)
279 http fetch GET 200 https://registry.npmjs.org/@types%2fhosted-git-info 15ms (from cache)
280 silly pacote tag manifest for @types/he@ts3.6 fetched in 26ms
281 http fetch GET 200 https://registry.npmjs.org/@types%2fhtml-encoding-sniffer 12ms (from cache)
282 http fetch GET 200 https://registry.npmjs.org/@types%2fhtml-escaper 10ms (from cache)
283 silly pacote tag manifest for @types/hex-color-regex@ts3.6 fetched in 23ms
284 silly pacote tag manifest for @types/hosted-git-info@ts3.6 fetched in 20ms
285 http fetch GET 200 https://registry.npmjs.org/@types%2fhtml-minifier-terser 11ms (from cache)
286 silly pacote tag manifest for @types/html-escaper@ts3.6 fetched in 14ms
287 silly pacote tag manifest for @types/html-encoding-sniffer@ts3.6 fetched in 16ms
288 silly pacote tag manifest for @types/html-minifier-terser@ts3.6 fetched in 16ms
289 http fetch GET 200 https://registry.npmjs.org/@types%2fhttp-errors 11ms (from cache)
290 http fetch GET 200 https://registry.npmjs.org/@types%2fhttp-proxy 12ms (from cache)
291 http fetch GET 200 https://registry.npmjs.org/@types%2ficss-utils 13ms (from cache)
292 silly pacote tag manifest for @types/http-errors@ts3.6 fetched in 18ms
293 http fetch GET 200 https://registry.npmjs.org/@types%2fimurmurhash 12ms (from cache)
294 silly pacote tag manifest for @types/http-proxy@ts3.6 fetched in 16ms
295 http fetch GET 200 https://registry.npmjs.org/@types%2fiferr 14ms (from cache)
296 silly pacote tag manifest for @types/icss-utils@ts3.6 fetched in 17ms
297 http fetch GET 200 https://registry.npmjs.org/@types%2finherits 12ms (from cache)
298 silly pacote tag manifest for @types/imurmurhash@ts3.6 fetched in 19ms
299 silly pacote tag manifest for @types/iferr@ts3.6 fetched in 21ms
300 silly pacote tag manifest for @types/inherits@ts3.6 fetched in 19ms
301 http fetch GET 200 https://registry.npmjs.org/@types%2fini 12ms (from cache)
302 http fetch GET 200 https://registry.npmjs.org/@types%2finternal-slot 12ms (from cache)
303 http fetch GET 200 https://registry.npmjs.org/@types%2fip 14ms (from cache)
304 silly pacote tag manifest for @types/ini@ts3.6 fetched in 19ms
305 silly pacote tag manifest for @types/internal-slot@ts3.6 fetched in 20ms
306 http fetch GET 200 https://registry.npmjs.org/@types%2fis-arguments 16ms (from cache)
307 silly pacote tag manifest for @types/ip@ts3.6 fetched in 22ms
308 http fetch GET 200 https://registry.npmjs.org/@types%2fget-intrinsic 141ms
309 silly pacote tag manifest for @types/is-arguments@ts3.6 fetched in 20ms
310 silly fetchPackageMetaData error for @types/get-intrinsic@ts3.6 No matching version found for @types/get-intrinsic@ts3.6.
311 http fetch GET 200 https://registry.npmjs.org/@types%2fis-buffer 11ms (from cache)
312 http fetch GET 200 https://registry.npmjs.org/@types%2fis-callable 12ms (from cache)
313 http fetch GET 200 https://registry.npmjs.org/@types%2fis-ci 11ms (from cache)
314 silly pacote tag manifest for @types/is-buffer@ts3.6 fetched in 20ms
315 http fetch GET 200 https://registry.npmjs.org/@types%2fhas-values 99ms
316 silly pacote tag manifest for @types/is-callable@ts3.6 fetched in 22ms
317 http fetch GET 200 https://registry.npmjs.org/@types%2fis-core-module 15ms (from cache)
318 silly fetchPackageMetaData error for @types/has-values@ts3.6 No matching version found for @types/has-values@ts3.6.
319 silly pacote tag manifest for @types/is-ci@ts3.6 fetched in 27ms
320 silly pacote tag manifest for @types/is-core-module@ts3.6 fetched in 27ms
321 http fetch GET 200 https://registry.npmjs.org/@types%2fis-date-object 19ms (from cache)
322 http fetch GET 200 https://registry.npmjs.org/@types%2fis-glob 15ms (from cache)
323 http fetch GET 200 https://registry.npmjs.org/@types%2fis-number 16ms (from cache)
324 http fetch GET 200 https://registry.npmjs.org/@types%2fis-regex 15ms (from cache)
325 silly pacote tag manifest for @types/is-date-object@ts3.6 fetched in 28ms
326 silly pacote tag manifest for @types/is-glob@ts3.6 fetched in 23ms
327 silly pacote tag manifest for @types/is-number@ts3.6 fetched in 23ms
328 silly pacote tag manifest for @types/is-regex@ts3.6 fetched in 24ms
329 http fetch GET 200 https://registry.npmjs.org/@types%2fgensync 198ms
330 silly fetchPackageMetaData error for @types/gensync@ts3.6 No matching version found for @types/gensync@ts3.6.
331 http fetch GET 200 https://registry.npmjs.org/@types%2fis-typedarray 19ms (from cache)
332 http fetch GET 200 https://registry.npmjs.org/@types%2fis-windows 19ms (from cache)
333 http fetch GET 304 https://registry.npmjs.org/@types%2fgraceful-fs 155ms (from cache)
334 http fetch GET 200 https://registry.npmjs.org/@types%2fisarray 22ms (from cache)
335 http fetch GET 200 https://registry.npmjs.org/@types%2fisexe 20ms (from cache)
336 silly pacote tag manifest for @types/is-typedarray@ts3.6 fetched in 30ms
337 silly pacote tag manifest for @types/is-windows@ts3.6 fetched in 30ms
338 silly pacote tag manifest for @types/graceful-fs@ts3.6 fetched in 168ms
339 silly pacote tag manifest for @types/isexe@ts3.6 fetched in 27ms
340 silly pacote tag manifest for @types/isarray@ts3.6 fetched in 30ms
341 http fetch GET 200 https://registry.npmjs.org/@types%2fis-data-descriptor 79ms
342 silly fetchPackageMetaData error for @types/is-data-descriptor@ts3.6 No matching version found for @types/is-data-descriptor@ts3.6.
343 http fetch GET 200 https://registry.npmjs.org/@types%2fistanbul-lib-instrument 19ms (from cache)
344 http fetch GET 200 https://registry.npmjs.org/@types%2fis-bigint 112ms
345 http fetch GET 200 https://registry.npmjs.org/@types%2fistanbul-lib-source-maps 17ms (from cache)
346 http fetch GET 200 https://registry.npmjs.org/@types%2fistanbul-lib-report 19ms (from cache)
347 silly fetchPackageMetaData error for @types/is-bigint@ts3.6 No matching version found for @types/is-bigint@ts3.6.
348 http fetch GET 200 https://registry.npmjs.org/@types%2fjs-yaml 19ms (from cache)
349 silly pacote tag manifest for @types/istanbul-lib-instrument@ts3.6 fetched in 30ms
350 http fetch GET 200 https://registry.npmjs.org/@types%2fis-boolean-object 120ms
351 http fetch GET 200 https://registry.npmjs.org/@types%2fjsdom 18ms (from cache)
352 silly pacote tag manifest for @types/istanbul-lib-source-maps@ts3.6 fetched in 27ms
353 silly pacote tag manifest for @types/istanbul-lib-report@ts3.6 fetched in 31ms
354 silly fetchPackageMetaData error for @types/is-boolean-object@ts3.6 No matching version found for @types/is-boolean-object@ts3.6.
355 silly pacote tag manifest for @types/js-yaml@ts3.6 fetched in 32ms
356 silly pacote tag manifest for @types/jsdom@ts3.6 fetched in 28ms
357 http fetch GET 200 https://registry.npmjs.org/@types%2fis-string 90ms
358 http fetch GET 200 https://registry.npmjs.org/@types%2fjsesc 20ms (from cache)
359 silly fetchPackageMetaData error for @types/is-string@ts3.6 No matching version found for @types/is-string@ts3.6.
360 http fetch GET 200 https://registry.npmjs.org/@types%2fjson-parse-better-errors 18ms (from cache)
361 http fetch GET 200 https://registry.npmjs.org/@types%2fjson3 18ms (from cache)
362 http fetch GET 200 https://registry.npmjs.org/@types%2fjsonfile 20ms (from cache)
363 http fetch GET 200 https://registry.npmjs.org/@types%2fkind-of 16ms (from cache)
364 silly pacote tag manifest for @types/jsesc@ts3.6 fetched in 29ms
365 silly pacote tag manifest for @types/json-parse-better-errors@ts3.6 fetched in 25ms
366 silly pacote tag manifest for @types/json3@ts3.6 fetched in 25ms
367 http fetch GET 200 https://registry.npmjs.org/@types%2floader-runner 17ms (from cache)
368 silly pacote tag manifest for @types/jsonfile@ts3.6 fetched in 25ms
369 silly pacote tag manifest for @types/kind-of@ts3.6 fetched in 22ms
370 http fetch GET 200 https://registry.npmjs.org/@types%2floader-utils 18ms (from cache)
371 silly pacote tag manifest for @types/loader-runner@ts3.6 fetched in 26ms
372 http fetch GET 200 https://registry.npmjs.org/@types%2flodash 17ms (from cache)
373 http fetch GET 200 https://registry.npmjs.org/@types%2flodash.clonedeep 17ms (from cache)
374 silly pacote tag manifest for @types/loader-utils@ts3.6 fetched in 29ms
375 http fetch GET 200 https://registry.npmjs.org/@types%2flodash.merge 20ms (from cache)
376 http fetch GET 200 https://registry.npmjs.org/@types%2flodash.memoize 21ms (from cache)
377 http fetch GET 200 https://registry.npmjs.org/@types%2flodash.debounce 21ms (from cache)
378 silly pacote tag manifest for @types/lodash@ts3.6 fetched in 29ms
379 silly pacote tag manifest for @types/lodash.clonedeep@ts3.6 fetched in 29ms
380 silly pacote tag manifest for @types/lodash.merge@ts3.6 fetched in 29ms
381 silly pacote tag manifest for @types/lodash.memoize@ts3.6 fetched in 30ms
382 silly pacote tag manifest for @types/lodash.debounce@ts3.6 fetched in 30ms
383 http fetch GET 200 https://registry.npmjs.org/@types%2flodash.template 21ms (from cache)
384 http fetch GET 200 https://registry.npmjs.org/@types%2flodash.truncate 14ms (from cache)
385 silly pacote tag manifest for @types/lodash.template@ts3.6 fetched in 28ms
386 http fetch GET 200 https://registry.npmjs.org/@types%2flodash.uniq 12ms (from cache)
387 http fetch GET 200 https://registry.npmjs.org/@types%2flz-string 12ms (from cache)
388 silly pacote tag manifest for @types/lodash.truncate@ts3.6 fetched in 21ms
389 http fetch GET 200 https://registry.npmjs.org/@types%2fmedia-typer 13ms (from cache)
390 silly pacote tag manifest for @types/lodash.uniq@ts3.6 fetched in 15ms
391 silly pacote tag manifest for @types/lz-string@ts3.6 fetched in 16ms
392 silly pacote tag manifest for @types/media-typer@ts3.6 fetched in 15ms
393 http fetch GET 304 https://registry.npmjs.org/@types%2fistanbul-lib-coverage 124ms (from cache)
394 http fetch GET 304 https://registry.npmjs.org/@types%2fistanbul-reports 105ms (from cache)
395 silly pacote tag manifest for @types/istanbul-lib-coverage@ts3.6 fetched in 126ms
396 silly pacote tag manifest for @types/istanbul-reports@ts3.6 fetched in 106ms
397 http fetch GET 200 https://registry.npmjs.org/@types%2flanguage-tags 96ms
398 silly fetchPackageMetaData error for @types/language-tags@ts3.6 No matching version found for @types/language-tags@ts3.6.
399 timing stage:rollbackFailedOptional Completed in 0ms
400 timing stage:runTopLevelLifecycles Completed in 1181ms
401 verbose type tag
402 verbose stack @types/call-bind: No matching version found for @types/call-bind@ts3.6.
402 verbose stack     at pickManifest (/usr/local/lib/node_modules/npm/node_modules/npm-pick-manifest/index.js:122:13)
402 verbose stack     at /usr/local/lib/node_modules/npm/node_modules/pacote/lib/fetchers/registry/manifest.js:24:14
402 verbose stack     at tryCatcher (/usr/local/lib/node_modules/npm/node_modules/bluebird/js/release/util.js:16:23)
402 verbose stack     at Promise._settlePromiseFromHandler (/usr/local/lib/node_modules/npm/node_modules/bluebird/js/release/promise.js:517:31)
402 verbose stack     at Promise._settlePromise (/usr/local/lib/node_modules/npm/node_modules/bluebird/js/release/promise.js:574:18)
402 verbose stack     at Promise._settlePromise0 (/usr/local/lib/node_modules/npm/node_modules/bluebird/js/release/promise.js:619:10)
402 verbose stack     at Promise._settlePromises (/usr/local/lib/node_modules/npm/node_modules/bluebird/js/release/promise.js:699:18)
402 verbose stack     at _drainQueueStep (/usr/local/lib/node_modules/npm/node_modules/bluebird/js/release/async.js:138:12)
402 verbose stack     at _drainQueue (/usr/local/lib/node_modules/npm/node_modules/bluebird/js/release/async.js:131:9)
402 verbose stack     at Async._drainQueues (/usr/local/lib/node_modules/npm/node_modules/bluebird/js/release/async.js:147:5)
402 verbose stack     at Immediate.Async.drainQueues [as _onImmediate] (/usr/local/lib/node_modules/npm/node_modules/bluebird/js/release/async.js:17:14)
402 verbose stack     at processImmediate (internal/timers.js:456:21)
403 verbose cwd /home/theia/.cache/typescript/3.6
404 verbose Linux 5.10.16.3-microsoft-standard-WSL2
405 verbose argv "/usr/local/bin/node" "/usr/local/bin/npm" "install" "--ignore-scripts" "@types/accepts@ts3.6" "@types/argparse@ts3.6" "@types/aria-query@ts3.6" "@types/arr-diff@ts3.6" "@types/arr-union@ts3.6" "@types/array-unique@ts3.6" "@types/array.prototype.flat@ts3.6" "@types/array.prototype.flatmap@ts3.6" "@types/asap@ts3.6" "@types/assert@ts3.6" "@types/async@ts3.6" "@types/atob@ts3.6" "@types/babel-plugin-macros@ts3.6" "@types/babylon@ts3.6" "@types/balanced-match@ts3.6" "@types/big.js@ts3.6" "@types/bluebird@ts3.6" "@types/bn.js@ts3.6" "@types/body-parser@ts3.6" "@types/bonjour@ts3.6" "@types/boolbase@ts3.6" "@types/brace-expansion@ts3.6" "@types/braces@ts3.6" "@types/brorand@ts3.6" "@types/bser@ts3.6" "@types/buffer-from@ts3.6" "@types/buffer-xor@ts3.6" "@types/bytes@ts3.6" "@types/cacache@ts3.6" "@types/call-bind@ts3.6" "@types/caniuse-api@ts3.6" "@types/caniuse-lite@ts3.6" "@types/case-sensitive-paths-webpack-plugin@ts3.6" "@types/check-types@ts3.6" "@types/chownr@ts3.6" "@types/cipher-base@ts3.6" "@types/clean-css@ts3.6" "@types/co@ts3.6" "@types/color@ts3.6" "@types/color-convert@ts3.6" "@types/color-name@ts3.6" "@types/color-string@ts3.6" "@types/combined-stream@ts3.6" "@types/common-tags@ts3.6" "@types/commondir@ts3.6" "@types/component-emitter@ts3.6" "@types/compose-function@ts3.6" "@types/compressible@ts3.6" "@types/compression@ts3.6" "@types/concat-map@ts3.6" "@types/concat-stream@ts3.6" "@types/confusing-browser-globals@ts3.6" "@types/connect-history-api-fallback@ts3.6" "@types/content-disposition@ts3.6" "@types/content-type@ts3.6" "@types/convert-source-map@ts3.6" "@types/cookie@ts3.6" "@types/cookie-signature@ts3.6" "@types/core-js@ts3.6" "@types/create-hash@ts3.6" "@types/create-hmac@ts3.6" "@types/cross-spawn@ts3.6" "@types/css@ts3.6" "@types/css-declaration-sorter@ts3.6" "@types/css-tree@ts3.6" "@types/css.escape@ts3.6" "@types/cssesc@ts3.6" "@types/csso@ts3.6" "@types/cssom@ts3.6" "@types/cssstyle@ts3.6" "@types/d@ts3.6" "@types/damerau-levenshtein@ts3.6" "@types/data-urls@ts3.6" "@types/debug@ts3.6" "@types/decode-uri-component@ts3.6" "@types/dedent@ts3.6" "@types/deep-equal@ts3.6" "@types/default-gateway@ts3.6" "@types/define-properties@ts3.6" "@types/depd@ts3.6" "@types/destroy@ts3.6" "@types/detect-node@ts3.6" "@types/diffie-hellman@ts3.6" "@types/dir-glob@ts3.6" "@types/dns-packet@ts3.6" "@types/doctrine@ts3.6" "@types/domexception@ts3.6" "@types/domutils@ts3.6" "@types/duplexify@ts3.6" "@types/ee-first@ts3.6" "@types/ejs@ts3.6" "@types/elliptic@ts3.6" "@types/encodeurl@ts3.6" "@types/end-of-stream@ts3.6" "@types/enhanced-resolve@ts3.6" "@types/es-abstract@ts3.6" "@types/es-to-primitive@ts3.6" "@types/escape-html@ts3.6" "@types/escodegen@ts3.6" "@types/eslint@ts3.6" "@types/eslint-scope@ts3.6" "@types/eslint-utils@ts3.6" "@types/eslint-visitor-keys@ts3.6" "@types/esprima@ts3.6" "@types/esquery@ts3.6" "@types/estraverse@ts3.6" "@types/esutils@ts3.6" "@types/etag@ts3.6" "@types/events@ts3.6" "@types/eventsource@ts3.6" "@types/exit@ts3.6" "@types/express@ts3.6" "@types/fast-levenshtein@ts3.6" "@types/fb-watchman@ts3.6" "@types/file-entry-cache@ts3.6" "@types/file-loader@ts3.6" "@types/fill-range@ts3.6" "@types/finalhandler@ts3.6" "@types/find-cache-dir@ts3.6" "@types/flat-cache@ts3.6" "@types/flush-write-stream@ts3.6" "@types/follow-redirects@ts3.6" "@types/forwarded@ts3.6" "@types/fresh@ts3.6" "@types/from2@ts3.6" "@types/fs-extra@ts3.6" "@types/function-bind@ts3.6" "@types/functional-red-black-tree@ts3.6" "@types/gensync@ts3.6" "@types/get-intrinsic@ts3.6" "@types/get-value@ts3.6" "@types/glob@ts3.6" "@types/glob-parent@ts3.6" "@types/global-modules@ts3.6" "@types/global-prefix@ts3.6" "@types/graceful-fs@ts3.6" "@types/has@ts3.6" "@types/has-symbols@ts3.6" "@types/has-values@ts3.6" "@types/he@ts3.6" "@types/hex-color-regex@ts3.6" "@types/hosted-git-info@ts3.6" "@types/html-encoding-sniffer@ts3.6" "@types/html-escaper@ts3.6" "@types/html-minifier-terser@ts3.6" "@types/http-errors@ts3.6" "@types/http-proxy@ts3.6" "@types/icss-utils@ts3.6" "@types/iferr@ts3.6" "@types/imurmurhash@ts3.6" "@types/inherits@ts3.6" "@types/ini@ts3.6" "@types/internal-slot@ts3.6" "@types/ip@ts3.6" "@types/is-arguments@ts3.6" "@types/is-bigint@ts3.6" "@types/is-boolean-object@ts3.6" "@types/is-buffer@ts3.6" "@types/is-callable@ts3.6" "@types/is-ci@ts3.6" "@types/is-core-module@ts3.6" "@types/is-data-descriptor@ts3.6" "@types/is-date-object@ts3.6" "@types/is-glob@ts3.6" "@types/is-number@ts3.6" "@types/is-regex@ts3.6" "@types/is-string@ts3.6" "@types/is-typedarray@ts3.6" "@types/is-windows@ts3.6" "@types/isarray@ts3.6" "@types/isexe@ts3.6" "@types/istanbul-lib-coverage@ts3.6" "@types/istanbul-lib-instrument@ts3.6" "@types/istanbul-lib-report@ts3.6" "@types/istanbul-lib-source-maps@ts3.6" "@types/istanbul-reports@ts3.6" "@types/js-yaml@ts3.6" "@types/jsdom@ts3.6" "@types/jsesc@ts3.6" "@types/json-parse-better-errors@ts3.6" "@types/json3@ts3.6" "@types/jsonfile@ts3.6" "@types/kind-of@ts3.6" "@types/language-tags@ts3.6" "@types/loader-runner@ts3.6" "@types/loader-utils@ts3.6" "@types/lodash@ts3.6" "@types/lodash.clonedeep@ts3.6" "@types/lodash.debounce@ts3.6" "@types/lodash.memoize@ts3.6" "@types/lodash.merge@ts3.6" "@types/lodash.template@ts3.6" "@types/lodash.truncate@ts3.6" "@types/lodash.uniq@ts3.6" "@types/lz-string@ts3.6" "@types/media-typer@ts3.6" "--save-dev" "--user-agent=typesInstaller/3.6.3"
406 verbose node v12.18.3
407 verbose npm  v6.14.6
408 error code ETARGET
409 error notarget No matching version found for @types/call-bind@ts3.6.
410 error notarget In most cases you or one of your dependencies are requesting
410 error notarget a package version that doesn't exist.
411 verbose exit [ 1, true ]
