0 info it worked if it ends with ok
1 verbose cli [
1 verbose cli   '/usr/local/bin/node',
1 verbose cli   '/usr/local/bin/npm',
1 verbose cli   'install',
1 verbose cli   '--ignore-scripts',
1 verbose cli   '@types/accepts@ts3.6',
1 verbose cli   '@types/argparse@ts3.6',
1 verbose cli   '@types/aria-query@ts3.6',
1 verbose cli   '@types/arr-diff@ts3.6',
1 verbose cli   '@types/arr-union@ts3.6',
1 verbose cli   '@types/array-unique@ts3.6',
1 verbose cli   '@types/array.prototype.flat@ts3.6',
1 verbose cli   '@types/array.prototype.flatmap@ts3.6',
1 verbose cli   '@types/asap@ts3.6',
1 verbose cli   '@types/assert@ts3.6',
1 verbose cli   '@types/async@ts3.6',
1 verbose cli   '@types/atob@ts3.6',
1 verbose cli   '@types/babel-plugin-macros@ts3.6',
1 verbose cli   '@types/babylon@ts3.6',
1 verbose cli   '@types/balanced-match@ts3.6',
1 verbose cli   '@types/big.js@ts3.6',
1 verbose cli   '@types/bluebird@ts3.6',
1 verbose cli   '@types/bn.js@ts3.6',
1 verbose cli   '@types/body-parser@ts3.6',
1 verbose cli   '@types/bonjour@ts3.6',
1 verbose cli   '@types/boolbase@ts3.6',
1 verbose cli   '@types/brace-expansion@ts3.6',
1 verbose cli   '@types/braces@ts3.6',
1 verbose cli   '@types/brorand@ts3.6',
1 verbose cli   '@types/bser@ts3.6',
1 verbose cli   '@types/buffer-from@ts3.6',
1 verbose cli   '@types/buffer-xor@ts3.6',
1 verbose cli   '@types/bytes@ts3.6',
1 verbose cli   '@types/cacache@ts3.6',
1 verbose cli   '@types/call-bind@ts3.6',
1 verbose cli   '@types/caniuse-api@ts3.6',
1 verbose cli   '@types/caniuse-lite@ts3.6',
1 verbose cli   '@types/case-sensitive-paths-webpack-plugin@ts3.6',
1 verbose cli   '@types/check-types@ts3.6',
1 verbose cli   '@types/chownr@ts3.6',
1 verbose cli   '@types/cipher-base@ts3.6',
1 verbose cli   '@types/clean-css@ts3.6',
1 verbose cli   '@types/co@ts3.6',
1 verbose cli   '@types/color@ts3.6',
1 verbose cli   '@types/color-convert@ts3.6',
1 verbose cli   '@types/color-name@ts3.6',
1 verbose cli   '@types/color-string@ts3.6',
1 verbose cli   '@types/combined-stream@ts3.6',
1 verbose cli   '@types/common-tags@ts3.6',
1 verbose cli   '@types/commondir@ts3.6',
1 verbose cli   '@types/component-emitter@ts3.6',
1 verbose cli   '@types/compose-function@ts3.6',
1 verbose cli   '@types/compressible@ts3.6',
1 verbose cli   '@types/compression@ts3.6',
1 verbose cli   '@types/concat-map@ts3.6',
1 verbose cli   '@types/concat-stream@ts3.6',
1 verbose cli   '@types/confusing-browser-globals@ts3.6',
1 verbose cli   '@types/connect-history-api-fallback@ts3.6',
1 verbose cli   '@types/content-disposition@ts3.6',
1 verbose cli   '@types/content-type@ts3.6',
1 verbose cli   '@types/convert-source-map@ts3.6',
1 verbose cli   '@types/cookie@ts3.6',
1 verbose cli   '@types/cookie-signature@ts3.6',
1 verbose cli   '@types/core-js@ts3.6',
1 verbose cli   '@types/create-hash@ts3.6',
1 verbose cli   '@types/create-hmac@ts3.6',
1 verbose cli   '@types/cross-spawn@ts3.6',
1 verbose cli   '@types/css@ts3.6',
1 verbose cli   '@types/css-declaration-sorter@ts3.6',
1 verbose cli   '@types/css-tree@ts3.6',
1 verbose cli   '@types/css.escape@ts3.6',
1 verbose cli   '@types/cssesc@ts3.6',
1 verbose cli   '@types/csso@ts3.6',
1 verbose cli   '@types/cssom@ts3.6',
1 verbose cli   '@types/cssstyle@ts3.6',
1 verbose cli   '@types/d@ts3.6',
1 verbose cli   '@types/damerau-levenshtein@ts3.6',
1 verbose cli   '@types/data-urls@ts3.6',
1 verbose cli   '@types/debug@ts3.6',
1 verbose cli   '@types/decode-uri-component@ts3.6',
1 verbose cli   '@types/dedent@ts3.6',
1 verbose cli   '@types/deep-equal@ts3.6',
1 verbose cli   '@types/default-gateway@ts3.6',
1 verbose cli   '@types/define-properties@ts3.6',
1 verbose cli   '@types/depd@ts3.6',
1 verbose cli   '@types/destroy@ts3.6',
1 verbose cli   '@types/detect-node@ts3.6',
1 verbose cli   '@types/diffie-hellman@ts3.6',
1 verbose cli   '@types/dir-glob@ts3.6',
1 verbose cli   '@types/dns-packet@ts3.6',
1 verbose cli   '@types/doctrine@ts3.6',
1 verbose cli   '@types/domexception@ts3.6',
1 verbose cli   '@types/domutils@ts3.6',
1 verbose cli   '@types/duplexify@ts3.6',
1 verbose cli   '@types/ee-first@ts3.6',
1 verbose cli   '@types/ejs@ts3.6',
1 verbose cli   '@types/elliptic@ts3.6',
1 verbose cli   '@types/encodeurl@ts3.6',
1 verbose cli   '@types/end-of-stream@ts3.6',
1 verbose cli   '@types/enhanced-resolve@ts3.6',
1 verbose cli   '@types/es-abstract@ts3.6',
1 verbose cli   ... 102 more items
1 verbose cli ]
2 info using npm@6.14.6
3 info using node@v12.18.3
4 verbose npm-session c3d381ab699c09b4
5 silly install loadCurrentTree
6 silly install readLocalPackageData
7 http fetch GET 304 https://registry.npmjs.org/@types%2faria-query 191ms (from cache)
8 silly pacote tag manifest for @types/aria-query@ts3.6 fetched in 194ms
9 http fetch GET 304 https://registry.npmjs.org/@types%2farray.prototype.flat 237ms (from cache)
10 silly pacote tag manifest for @types/array.prototype.flat@ts3.6 fetched in 241ms
11 http fetch GET 304 https://registry.npmjs.org/@types%2farray-unique 249ms (from cache)
12 silly pacote tag manifest for @types/array-unique@ts3.6 fetched in 257ms
13 http fetch GET 304 https://registry.npmjs.org/@types%2faccepts 277ms (from cache)
14 http fetch GET 304 https://registry.npmjs.org/@types%2fassert 271ms (from cache)
15 silly pacote tag manifest for @types/accepts@ts3.6 fetched in 284ms
16 http fetch GET 304 https://registry.npmjs.org/@types%2farr-diff 277ms (from cache)
17 silly pacote tag manifest for @types/assert@ts3.6 fetched in 274ms
18 http fetch GET 304 https://registry.npmjs.org/@types%2fargparse 282ms (from cache)
19 silly pacote tag manifest for @types/arr-diff@ts3.6 fetched in 283ms
20 silly pacote tag manifest for @types/argparse@ts3.6 fetched in 287ms
21 http fetch GET 304 https://registry.npmjs.org/@types%2fasap 289ms (from cache)
22 silly pacote tag manifest for @types/asap@ts3.6 fetched in 290ms
23 http fetch GET 304 https://registry.npmjs.org/@types%2fasync 122ms (from cache)
24 silly pacote tag manifest for @types/async@ts3.6 fetched in 125ms
25 http fetch GET 304 https://registry.npmjs.org/@types%2fatob 95ms (from cache)
26 silly pacote tag manifest for @types/atob@ts3.6 fetched in 98ms
27 http fetch GET 304 https://registry.npmjs.org/@types%2fbody-parser 46ms (from cache)
28 silly pacote tag manifest for @types/body-parser@ts3.6 fetched in 48ms
29 http fetch GET 304 https://registry.npmjs.org/@types%2fbabel-plugin-macros 138ms (from cache)
30 silly pacote tag manifest for @types/babel-plugin-macros@ts3.6 fetched in 140ms
31 http fetch GET 304 https://registry.npmjs.org/@types%2fbluebird 117ms (from cache)
32 http fetch GET 304 https://registry.npmjs.org/@types%2fbabylon 127ms (from cache)
33 silly pacote tag manifest for @types/bluebird@ts3.6 fetched in 121ms
34 silly pacote tag manifest for @types/babylon@ts3.6 fetched in 131ms
35 http fetch GET 304 https://registry.npmjs.org/@types%2fbig.js 125ms (from cache)
36 silly pacote tag manifest for @types/big.js@ts3.6 fetched in 129ms
37 http fetch GET 304 https://registry.npmjs.org/@types%2fbonjour 143ms (from cache)
38 silly pacote tag manifest for @types/bonjour@ts3.6 fetched in 145ms
39 http fetch GET 304 https://registry.npmjs.org/@types%2fboolbase 127ms (from cache)
40 silly pacote tag manifest for @types/boolbase@ts3.6 fetched in 128ms
41 http fetch GET 304 https://registry.npmjs.org/@types%2fbraces 102ms (from cache)
42 silly pacote tag manifest for @types/braces@ts3.6 fetched in 103ms
43 http fetch GET 304 https://registry.npmjs.org/@types%2fbrorand 116ms (from cache)
44 silly pacote tag manifest for @types/brorand@ts3.6 fetched in 117ms
45 http fetch GET 304 https://registry.npmjs.org/@types%2fbuffer-from 83ms (from cache)
46 silly pacote tag manifest for @types/buffer-from@ts3.6 fetched in 84ms
47 http fetch GET 304 https://registry.npmjs.org/@types%2fbytes 73ms (from cache)
48 silly pacote tag manifest for @types/bytes@ts3.6 fetched in 74ms
49 http fetch GET 304 https://registry.npmjs.org/@types%2fcacache 98ms (from cache)
50 silly pacote tag manifest for @types/cacache@ts3.6 fetched in 99ms
51 http fetch GET 304 https://registry.npmjs.org/@types%2fbuffer-xor 135ms (from cache)
52 silly pacote tag manifest for @types/buffer-xor@ts3.6 fetched in 138ms
53 http fetch GET 304 https://registry.npmjs.org/@types%2fcall-bind 93ms (from cache)
54 silly registry:manifest no matching version for @types/call-bind@ts3.6 in the cache. Forcing revalidation.
55 http fetch GET 304 https://registry.npmjs.org/@types%2fcaniuse-lite 85ms (from cache)
56 silly pacote tag manifest for @types/caniuse-lite@ts3.6 fetched in 87ms
57 http fetch GET 200 https://registry.npmjs.org/@types%2fcall-bind 93ms
58 silly fetchPackageMetaData error for @types/call-bind@ts3.6 No matching version found for @types/call-bind@ts3.6.
59 http fetch GET 304 https://registry.npmjs.org/@types%2fcheck-types 124ms (from cache)
60 http fetch GET 304 https://registry.npmjs.org/@types%2fchownr 79ms (from cache)
61 silly pacote tag manifest for @types/check-types@ts3.6 fetched in 128ms
62 silly pacote tag manifest for @types/chownr@ts3.6 fetched in 82ms
63 http fetch GET 304 https://registry.npmjs.org/@types%2fbrace-expansion 564ms (from cache)
64 silly pacote tag manifest for @types/brace-expansion@ts3.6 fetched in 565ms
65 http fetch GET 304 https://registry.npmjs.org/@types%2fcase-sensitive-paths-webpack-plugin 334ms (from cache)
66 silly pacote tag manifest for @types/case-sensitive-paths-webpack-plugin@ts3.6 fetched in 336ms
67 http fetch GET 304 https://registry.npmjs.org/@types%2fcolor 98ms (from cache)
68 silly pacote tag manifest for @types/color@ts3.6 fetched in 98ms
69 http fetch GET 304 https://registry.npmjs.org/@types%2fco 111ms (from cache)
70 silly pacote tag manifest for @types/co@ts3.6 fetched in 112ms
71 http fetch GET 304 https://registry.npmjs.org/@types%2fcolor-convert 45ms (from cache)
72 silly pacote tag manifest for @types/color-convert@ts3.6 fetched in 46ms
73 http fetch GET 304 https://registry.npmjs.org/@types%2fcolor-name 83ms (from cache)
74 http fetch GET 304 https://registry.npmjs.org/@types%2fbser 751ms (from cache)
75 silly pacote tag manifest for @types/color-name@ts3.6 fetched in 85ms
76 silly pacote tag manifest for @types/bser@ts3.6 fetched in 753ms
77 http fetch GET 304 https://registry.npmjs.org/@types%2fcipher-base 333ms (from cache)
78 silly pacote tag manifest for @types/cipher-base@ts3.6 fetched in 334ms
79 http fetch GET 304 https://registry.npmjs.org/@types%2fcolor-string 107ms (from cache)
80 silly pacote tag manifest for @types/color-string@ts3.6 fetched in 108ms
81 http fetch GET 304 https://registry.npmjs.org/@types%2fcommondir 100ms (from cache)
82 silly pacote tag manifest for @types/commondir@ts3.6 fetched in 101ms
83 http fetch GET 304 https://registry.npmjs.org/@types%2fcomponent-emitter 63ms (from cache)
84 silly pacote tag manifest for @types/component-emitter@ts3.6 fetched in 64ms
85 http fetch GET 304 https://registry.npmjs.org/@types%2fcombined-stream 145ms (from cache)
86 silly pacote tag manifest for @types/combined-stream@ts3.6 fetched in 146ms
87 http fetch GET 304 https://registry.npmjs.org/@types%2fcommon-tags 171ms (from cache)
88 silly pacote tag manifest for @types/common-tags@ts3.6 fetched in 172ms
89 http fetch GET 304 https://registry.npmjs.org/@types%2fcompose-function 95ms (from cache)
90 silly pacote tag manifest for @types/compose-function@ts3.6 fetched in 96ms
91 http fetch GET 304 https://registry.npmjs.org/@types%2fcompression 120ms (from cache)
92 http fetch GET 304 https://registry.npmjs.org/@types%2fconcat-map 94ms (from cache)
93 silly pacote tag manifest for @types/compression@ts3.6 fetched in 122ms
94 silly pacote tag manifest for @types/concat-map@ts3.6 fetched in 96ms
95 http fetch GET 304 https://registry.npmjs.org/@types%2fcompressible 166ms (from cache)
96 silly pacote tag manifest for @types/compressible@ts3.6 fetched in 167ms
97 http fetch GET 304 https://registry.npmjs.org/@types%2fconcat-stream 102ms (from cache)
98 silly pacote tag manifest for @types/concat-stream@ts3.6 fetched in 104ms
99 http fetch GET 304 https://registry.npmjs.org/@types%2fconnect-history-api-fallback 51ms (from cache)
100 silly pacote tag manifest for @types/connect-history-api-fallback@ts3.6 fetched in 52ms
101 http fetch GET 304 https://registry.npmjs.org/@types%2fconfusing-browser-globals 117ms (from cache)
102 http fetch GET 304 https://registry.npmjs.org/@types%2fcontent-type 75ms (from cache)
103 silly pacote tag manifest for @types/confusing-browser-globals@ts3.6 fetched in 119ms
104 silly pacote tag manifest for @types/content-type@ts3.6 fetched in 78ms
105 http fetch GET 304 https://registry.npmjs.org/@types%2fcookie-signature 66ms (from cache)
106 silly pacote tag manifest for @types/cookie-signature@ts3.6 fetched in 67ms
107 http fetch GET 304 https://registry.npmjs.org/@types%2fcore-js 120ms (from cache)
108 silly pacote tag manifest for @types/core-js@ts3.6 fetched in 121ms
109 http fetch GET 304 https://registry.npmjs.org/@types%2fcontent-disposition 314ms (from cache)
110 silly pacote tag manifest for @types/content-disposition@ts3.6 fetched in 316ms
111 http fetch GET 304 https://registry.npmjs.org/@types%2fcreate-hash 113ms (from cache)
112 silly pacote tag manifest for @types/create-hash@ts3.6 fetched in 115ms
113 http fetch GET 304 https://registry.npmjs.org/@types%2fcreate-hmac 92ms (from cache)
114 silly pacote tag manifest for @types/create-hmac@ts3.6 fetched in 93ms
115 http fetch GET 304 https://registry.npmjs.org/@types%2fcss 75ms (from cache)
116 silly pacote tag manifest for @types/css@ts3.6 fetched in 76ms
117 http fetch GET 304 https://registry.npmjs.org/@types%2fcross-spawn 93ms (from cache)
118 silly pacote tag manifest for @types/cross-spawn@ts3.6 fetched in 94ms
119 http fetch GET 304 https://registry.npmjs.org/@types%2fcss-tree 103ms (from cache)
120 silly pacote tag manifest for @types/css-tree@ts3.6 fetched in 104ms
121 http fetch GET 304 https://registry.npmjs.org/@types%2fcss-declaration-sorter 134ms (from cache)
122 silly pacote tag manifest for @types/css-declaration-sorter@ts3.6 fetched in 135ms
123 http fetch GET 304 https://registry.npmjs.org/@types%2fcss.escape 94ms (from cache)
124 silly registry:manifest no matching version for @types/css.escape@ts3.6 in the cache. Forcing revalidation.
125 http fetch GET 304 https://registry.npmjs.org/@types%2fcssesc 104ms (from cache)
126 silly pacote tag manifest for @types/cssesc@ts3.6 fetched in 105ms
127 http fetch GET 200 https://registry.npmjs.org/@types%2fcss.escape 53ms
128 silly fetchPackageMetaData error for @types/css.escape@ts3.6 No matching version found for @types/css.escape@ts3.6.
129 http fetch GET 304 https://registry.npmjs.org/@types%2farr-union 2373ms (from cache)
130 silly pacote tag manifest for @types/arr-union@ts3.6 fetched in 2374ms
131 http fetch GET 304 https://registry.npmjs.org/@types%2farray.prototype.flatmap 2434ms (from cache)
132 silly pacote tag manifest for @types/array.prototype.flatmap@ts3.6 fetched in 2436ms
133 http fetch GET 304 https://registry.npmjs.org/@types%2fcssom 249ms (from cache)
134 silly pacote tag manifest for @types/cssom@ts3.6 fetched in 250ms
135 http fetch GET 304 https://registry.npmjs.org/@types%2fcssstyle 113ms (from cache)
136 silly pacote tag manifest for @types/cssstyle@ts3.6 fetched in 114ms
137 http fetch GET 304 https://registry.npmjs.org/@types%2fd 117ms (from cache)
138 silly pacote tag manifest for @types/d@ts3.6 fetched in 120ms
139 http fetch GET 304 https://registry.npmjs.org/@types%2fdamerau-levenshtein 118ms (from cache)
140 silly pacote tag manifest for @types/damerau-levenshtein@ts3.6 fetched in 127ms
141 http fetch GET 304 https://registry.npmjs.org/@types%2fbalanced-match 2327ms (from cache)
142 silly pacote tag manifest for @types/balanced-match@ts3.6 fetched in 2329ms
143 http fetch GET 304 https://registry.npmjs.org/@types%2fbn.js 2345ms (from cache)
144 http fetch GET 304 https://registry.npmjs.org/@types%2fdata-urls 151ms (from cache)
145 silly pacote tag manifest for @types/bn.js@ts3.6 fetched in 2356ms
146 silly pacote tag manifest for @types/data-urls@ts3.6 fetched in 164ms
147 http fetch GET 304 https://registry.npmjs.org/@types%2fdecode-uri-component 117ms (from cache)
148 silly pacote tag manifest for @types/decode-uri-component@ts3.6 fetched in 118ms
149 http fetch GET 304 https://registry.npmjs.org/@types%2fcookie 1211ms (from cache)
150 silly pacote tag manifest for @types/cookie@ts3.6 fetched in 1213ms
151 http fetch GET 304 https://registry.npmjs.org/@types%2fdebug 227ms (from cache)
152 silly pacote tag manifest for @types/debug@ts3.6 fetched in 228ms
153 http fetch GET 304 https://registry.npmjs.org/@types%2fdeep-equal 156ms (from cache)
154 silly pacote tag manifest for @types/deep-equal@ts3.6 fetched in 157ms
155 http fetch GET 304 https://registry.npmjs.org/@types%2fdefine-properties 121ms (from cache)
156 silly pacote tag manifest for @types/define-properties@ts3.6 fetched in 123ms
157 http fetch GET 304 https://registry.npmjs.org/@types%2fdefault-gateway 178ms (from cache)
158 silly pacote tag manifest for @types/default-gateway@ts3.6 fetched in 179ms
159 http fetch GET 304 https://registry.npmjs.org/@types%2fdepd 79ms (from cache)
160 silly pacote tag manifest for @types/depd@ts3.6 fetched in 80ms
161 http fetch GET 304 https://registry.npmjs.org/@types%2fdestroy 85ms (from cache)
162 silly pacote tag manifest for @types/destroy@ts3.6 fetched in 87ms
163 http fetch GET 304 https://registry.npmjs.org/@types%2fcaniuse-api 2328ms (from cache)
164 http fetch GET 304 https://registry.npmjs.org/@types%2fdiffie-hellman 85ms (from cache)
165 silly pacote tag manifest for @types/caniuse-api@ts3.6 fetched in 2330ms
166 silly pacote tag manifest for @types/diffie-hellman@ts3.6 fetched in 87ms
167 http fetch GET 304 https://registry.npmjs.org/@types%2fdns-packet 100ms (from cache)
168 silly pacote tag manifest for @types/dns-packet@ts3.6 fetched in 101ms
169 http fetch GET 304 https://registry.npmjs.org/@types%2fdir-glob 154ms (from cache)
170 silly pacote tag manifest for @types/dir-glob@ts3.6 fetched in 155ms
171 http fetch GET 304 https://registry.npmjs.org/@types%2fduplexify 89ms (from cache)
172 silly pacote tag manifest for @types/duplexify@ts3.6 fetched in 92ms
173 http fetch GET 304 https://registry.npmjs.org/@types%2fdomutils 155ms (from cache)
174 silly pacote tag manifest for @types/domutils@ts3.6 fetched in 157ms
175 http fetch GET 304 https://registry.npmjs.org/@types%2fee-first 133ms (from cache)
176 silly pacote tag manifest for @types/ee-first@ts3.6 fetched in 134ms
177 http fetch GET 304 https://registry.npmjs.org/@types%2fejs 92ms (from cache)
178 silly pacote tag manifest for @types/ejs@ts3.6 fetched in 93ms
179 http fetch GET 304 https://registry.npmjs.org/@types%2felliptic 80ms (from cache)
180 silly pacote tag manifest for @types/elliptic@ts3.6 fetched in 81ms
181 http fetch GET 304 https://registry.npmjs.org/@types%2fclean-css 2324ms (from cache)
182 silly pacote tag manifest for @types/clean-css@ts3.6 fetched in 2325ms
183 http fetch GET 304 https://registry.npmjs.org/@types%2fend-of-stream 61ms (from cache)
184 silly pacote tag manifest for @types/end-of-stream@ts3.6 fetched in 62ms
185 http fetch GET 304 https://registry.npmjs.org/@types%2fencodeurl 79ms (from cache)
186 silly pacote tag manifest for @types/encodeurl@ts3.6 fetched in 80ms
187 http fetch GET 304 https://registry.npmjs.org/@types%2fescape-html 72ms (from cache)
188 silly pacote tag manifest for @types/escape-html@ts3.6 fetched in 73ms
189 http fetch GET 304 https://registry.npmjs.org/@types%2fes-to-primitive 85ms (from cache)
190 silly pacote tag manifest for @types/es-to-primitive@ts3.6 fetched in 87ms
191 http fetch GET 304 https://registry.npmjs.org/@types%2fes-abstract 118ms (from cache)
192 silly pacote tag manifest for @types/es-abstract@ts3.6 fetched in 119ms
193 http fetch GET 304 https://registry.npmjs.org/@types%2feslint 61ms (from cache)
194 silly pacote tag manifest for @types/eslint@ts3.6 fetched in 63ms
195 http fetch GET 304 https://registry.npmjs.org/@types%2feslint-scope 93ms (from cache)
196 silly pacote tag manifest for @types/eslint-scope@ts3.6 fetched in 95ms
197 http fetch GET 304 https://registry.npmjs.org/@types%2feslint-visitor-keys 47ms (from cache)
198 http fetch GET 304 https://registry.npmjs.org/@types%2feslint-utils 86ms (from cache)
199 silly pacote tag manifest for @types/eslint-visitor-keys@ts3.6 fetched in 49ms
200 silly pacote tag manifest for @types/eslint-utils@ts3.6 fetched in 90ms
201 http fetch GET 304 https://registry.npmjs.org/@types%2fesprima 115ms (from cache)
202 silly pacote tag manifest for @types/esprima@ts3.6 fetched in 116ms
203 http fetch GET 304 https://registry.npmjs.org/@types%2festraverse 150ms (from cache)
204 silly pacote tag manifest for @types/estraverse@ts3.6 fetched in 152ms
205 http fetch GET 304 https://registry.npmjs.org/@types%2fconvert-source-map 2314ms (from cache)
206 silly pacote tag manifest for @types/convert-source-map@ts3.6 fetched in 2316ms
207 http fetch GET 304 https://registry.npmjs.org/@types%2fesutils 112ms (from cache)
208 silly pacote tag manifest for @types/esutils@ts3.6 fetched in 114ms
209 http fetch GET 304 https://registry.npmjs.org/@types%2fetag 279ms (from cache)
210 silly pacote tag manifest for @types/etag@ts3.6 fetched in 280ms
211 http fetch GET 304 https://registry.npmjs.org/@types%2fdetect-node 1441ms (from cache)
212 silly pacote tag manifest for @types/detect-node@ts3.6 fetched in 1442ms
213 http fetch GET 304 https://registry.npmjs.org/@types%2fexit 178ms (from cache)
214 silly pacote tag manifest for @types/exit@ts3.6 fetched in 180ms
215 http fetch GET 304 https://registry.npmjs.org/@types%2fcsso 2255ms (from cache)
216 silly pacote tag manifest for @types/csso@ts3.6 fetched in 2256ms
217 http fetch GET 304 https://registry.npmjs.org/@types%2fexpress 52ms (from cache)
218 silly pacote tag manifest for @types/express@ts3.6 fetched in 54ms
219 http fetch GET 304 https://registry.npmjs.org/@types%2ffast-levenshtein 89ms (from cache)
220 silly pacote tag manifest for @types/fast-levenshtein@ts3.6 fetched in 90ms
221 http fetch GET 304 https://registry.npmjs.org/@types%2ffile-entry-cache 89ms (from cache)
222 silly pacote tag manifest for @types/file-entry-cache@ts3.6 fetched in 90ms
223 http fetch GET 304 https://registry.npmjs.org/@types%2ffile-loader 147ms (from cache)
224 silly pacote tag manifest for @types/file-loader@ts3.6 fetched in 148ms
225 http fetch GET 304 https://registry.npmjs.org/@types%2ffill-range 54ms (from cache)
226 silly registry:manifest no matching version for @types/fill-range@ts3.6 in the cache. Forcing revalidation.
227 http fetch GET 304 https://registry.npmjs.org/@types%2ffb-watchman 368ms (from cache)
228 silly pacote tag manifest for @types/fb-watchman@ts3.6 fetched in 370ms
229 http fetch GET 200 https://registry.npmjs.org/@types%2ffill-range 54ms
230 silly fetchPackageMetaData error for @types/fill-range@ts3.6 No matching version found for @types/fill-range@ts3.6.
231 http fetch GET 304 https://registry.npmjs.org/@types%2ffinalhandler 84ms (from cache)
232 silly pacote tag manifest for @types/finalhandler@ts3.6 fetched in 85ms
233 http fetch GET 304 https://registry.npmjs.org/@types%2fdedent 2350ms (from cache)
234 silly pacote tag manifest for @types/dedent@ts3.6 fetched in 2351ms
235 http fetch GET 304 https://registry.npmjs.org/@types%2ffind-cache-dir 137ms (from cache)
236 silly pacote tag manifest for @types/find-cache-dir@ts3.6 fetched in 139ms
237 http fetch GET 304 https://registry.npmjs.org/@types%2fflush-write-stream 91ms (from cache)
238 silly pacote tag manifest for @types/flush-write-stream@ts3.6 fetched in 93ms
239 http fetch GET 304 https://registry.npmjs.org/@types%2fforwarded 80ms (from cache)
240 http fetch GET 304 https://registry.npmjs.org/@types%2ffollow-redirects 116ms (from cache)
241 silly pacote tag manifest for @types/forwarded@ts3.6 fetched in 82ms
242 silly pacote tag manifest for @types/follow-redirects@ts3.6 fetched in 118ms
243 http fetch GET 304 https://registry.npmjs.org/@types%2fdomexception 2254ms (from cache)
244 silly pacote tag manifest for @types/domexception@ts3.6 fetched in 2255ms
245 http fetch GET 304 https://registry.npmjs.org/@types%2ffresh 65ms (from cache)
246 silly pacote tag manifest for @types/fresh@ts3.6 fetched in 66ms
247 http fetch GET 304 https://registry.npmjs.org/@types%2ffs-extra 66ms (from cache)
248 silly pacote tag manifest for @types/fs-extra@ts3.6 fetched in 67ms
249 http fetch GET 304 https://registry.npmjs.org/@types%2fdoctrine 2367ms (from cache)
250 silly pacote tag manifest for @types/doctrine@ts3.6 fetched in 2368ms
251 http fetch GET 304 https://registry.npmjs.org/@types%2ffunction-bind 83ms (from cache)
252 silly pacote tag manifest for @types/function-bind@ts3.6 fetched in 84ms
253 http fetch GET 304 https://registry.npmjs.org/@types%2fget-intrinsic 114ms (from cache)
254 silly registry:manifest no matching version for @types/get-intrinsic@ts3.6 in the cache. Forcing revalidation.
255 http fetch GET 304 https://registry.npmjs.org/@types%2fenhanced-resolve 2267ms (from cache)
256 silly pacote tag manifest for @types/enhanced-resolve@ts3.6 fetched in 2269ms
257 http fetch GET 200 https://registry.npmjs.org/@types%2fget-intrinsic 43ms
258 silly fetchPackageMetaData error for @types/get-intrinsic@ts3.6 No matching version found for @types/get-intrinsic@ts3.6.
259 http fetch GET 304 https://registry.npmjs.org/@types%2fget-value 91ms (from cache)
260 silly pacote tag manifest for @types/get-value@ts3.6 fetched in 93ms
261 http fetch GET 304 https://registry.npmjs.org/@types%2fglob 113ms (from cache)
262 silly pacote tag manifest for @types/glob@ts3.6 fetched in 114ms
263 http fetch GET 304 https://registry.npmjs.org/@types%2fglob-parent 54ms (from cache)
264 silly pacote tag manifest for @types/glob-parent@ts3.6 fetched in 55ms
265 http fetch GET 304 https://registry.npmjs.org/@types%2fescodegen 2362ms (from cache)
266 silly pacote tag manifest for @types/escodegen@ts3.6 fetched in 2364ms
267 http fetch GET 304 https://registry.npmjs.org/@types%2fesquery 2256ms (from cache)
268 silly pacote tag manifest for @types/esquery@ts3.6 fetched in 2258ms
269 http fetch GET 304 https://registry.npmjs.org/@types%2fglobal-modules 167ms (from cache)
270 silly pacote tag manifest for @types/global-modules@ts3.6 fetched in 169ms
271 http fetch GET 304 https://registry.npmjs.org/@types%2fhas 101ms (from cache)
272 silly pacote tag manifest for @types/has@ts3.6 fetched in 102ms
273 http fetch GET 304 https://registry.npmjs.org/@types%2fgraceful-fs 161ms (from cache)
274 silly pacote tag manifest for @types/graceful-fs@ts3.6 fetched in 163ms
275 http fetch GET 304 https://registry.npmjs.org/@types%2fhas-symbols 99ms (from cache)
276 silly pacote tag manifest for @types/has-symbols@ts3.6 fetched in 100ms
277 http fetch GET 304 https://registry.npmjs.org/@types%2fhe 83ms (from cache)
278 silly pacote tag manifest for @types/he@ts3.6 fetched in 85ms
279 http fetch GET 304 https://registry.npmjs.org/@types%2fhex-color-regex 121ms (from cache)
280 silly pacote tag manifest for @types/hex-color-regex@ts3.6 fetched in 122ms
281 http fetch GET 304 https://registry.npmjs.org/@types%2fhtml-encoding-sniffer 98ms (from cache)
282 silly pacote tag manifest for @types/html-encoding-sniffer@ts3.6 fetched in 101ms
283 http fetch GET 304 https://registry.npmjs.org/@types%2fevents 2270ms (from cache)
284 silly pacote tag manifest for @types/events@ts3.6 fetched in 2271ms
285 http fetch GET 304 https://registry.npmjs.org/@types%2fhtml-minifier-terser 106ms (from cache)
286 silly pacote tag manifest for @types/html-minifier-terser@ts3.6 fetched in 107ms
287 http fetch GET 304 https://registry.npmjs.org/@types%2fhtml-escaper 165ms (from cache)
288 silly pacote tag manifest for @types/html-escaper@ts3.6 fetched in 167ms
289 http fetch GET 304 https://registry.npmjs.org/@types%2fhttp-errors 113ms (from cache)
290 silly pacote tag manifest for @types/http-errors@ts3.6 fetched in 114ms
291 http fetch GET 304 https://registry.npmjs.org/@types%2fhttp-proxy 114ms (from cache)
292 silly pacote tag manifest for @types/http-proxy@ts3.6 fetched in 115ms
293 http fetch GET 304 https://registry.npmjs.org/@types%2feventsource 2274ms (from cache)
294 silly pacote tag manifest for @types/eventsource@ts3.6 fetched in 2275ms
295 http fetch GET 304 https://registry.npmjs.org/@types%2fimurmurhash 78ms (from cache)
296 http fetch GET 304 https://registry.npmjs.org/@types%2fiferr 107ms (from cache)
297 silly pacote tag manifest for @types/imurmurhash@ts3.6 fetched in 81ms
298 silly pacote tag manifest for @types/iferr@ts3.6 fetched in 109ms
299 http fetch GET 304 https://registry.npmjs.org/@types%2ficss-utils 135ms (from cache)
300 silly pacote tag manifest for @types/icss-utils@ts3.6 fetched in 136ms
301 http fetch GET 304 https://registry.npmjs.org/@types%2fflat-cache 1512ms (from cache)
302 silly pacote tag manifest for @types/flat-cache@ts3.6 fetched in 1513ms
303 http fetch GET 304 https://registry.npmjs.org/@types%2finherits 49ms (from cache)
304 silly pacote tag manifest for @types/inherits@ts3.6 fetched in 50ms
305 http fetch GET 304 https://registry.npmjs.org/@types%2fini 69ms (from cache)
306 silly pacote tag manifest for @types/ini@ts3.6 fetched in 70ms
307 http fetch GET 304 https://registry.npmjs.org/@types%2fip 86ms (from cache)
308 silly pacote tag manifest for @types/ip@ts3.6 fetched in 87ms
309 http fetch GET 304 https://registry.npmjs.org/@types%2fis-arguments 118ms (from cache)
310 silly pacote tag manifest for @types/is-arguments@ts3.6 fetched in 119ms
311 http fetch GET 304 https://registry.npmjs.org/@types%2fis-boolean-object 124ms (from cache)
312 silly registry:manifest no matching version for @types/is-boolean-object@ts3.6 in the cache. Forcing revalidation.
313 http fetch GET 304 https://registry.npmjs.org/@types%2fis-buffer 117ms (from cache)
314 silly pacote tag manifest for @types/is-buffer@ts3.6 fetched in 118ms
315 http fetch GET 304 https://registry.npmjs.org/@types%2fis-callable 77ms (from cache)
316 silly pacote tag manifest for @types/is-callable@ts3.6 fetched in 78ms
317 http fetch GET 304 https://registry.npmjs.org/@types%2fis-ci 46ms (from cache)
318 silly pacote tag manifest for @types/is-ci@ts3.6 fetched in 48ms
319 http fetch GET 304 https://registry.npmjs.org/@types%2fhas-values 1567ms (from cache)
320 silly registry:manifest no matching version for @types/has-values@ts3.6 in the cache. Forcing revalidation.
321 http fetch GET 304 https://registry.npmjs.org/@types%2ffrom2 2249ms (from cache)
322 silly pacote tag manifest for @types/from2@ts3.6 fetched in 2250ms
323 http fetch GET 200 https://registry.npmjs.org/@types%2fhas-values 54ms
324 silly fetchPackageMetaData error for @types/has-values@ts3.6 No matching version found for @types/has-values@ts3.6.
325 http fetch GET 304 https://registry.npmjs.org/@types%2fis-data-descriptor 142ms (from cache)
326 silly registry:manifest no matching version for @types/is-data-descriptor@ts3.6 in the cache. Forcing revalidation.
327 http fetch GET 304 https://registry.npmjs.org/@types%2fgensync 2310ms (from cache)
328 silly registry:manifest no matching version for @types/gensync@ts3.6 in the cache. Forcing revalidation.
329 http fetch GET 304 https://registry.npmjs.org/@types%2ffunctional-red-black-tree 2327ms (from cache)
330 silly pacote tag manifest for @types/functional-red-black-tree@ts3.6 fetched in 2329ms
331 http fetch GET 304 https://registry.npmjs.org/@types%2fis-date-object 157ms (from cache)
332 silly pacote tag manifest for @types/is-date-object@ts3.6 fetched in 158ms
333 http fetch GET 200 https://registry.npmjs.org/@types%2fis-data-descriptor 75ms
334 silly fetchPackageMetaData error for @types/is-data-descriptor@ts3.6 No matching version found for @types/is-data-descriptor@ts3.6.
335 http fetch GET 304 https://registry.npmjs.org/@types%2fis-glob 52ms (from cache)
336 silly pacote tag manifest for @types/is-glob@ts3.6 fetched in 53ms
337 http fetch GET 304 https://registry.npmjs.org/@types%2fis-number 47ms (from cache)
338 silly pacote tag manifest for @types/is-number@ts3.6 fetched in 48ms
339 http fetch GET 304 https://registry.npmjs.org/@types%2fis-typedarray 51ms (from cache)
340 silly pacote tag manifest for @types/is-typedarray@ts3.6 fetched in 52ms
341 http fetch GET 304 https://registry.npmjs.org/@types%2fis-regex 105ms (from cache)
342 silly pacote tag manifest for @types/is-regex@ts3.6 fetched in 106ms
343 http fetch GET 304 https://registry.npmjs.org/@types%2fis-string 99ms (from cache)
344 silly registry:manifest no matching version for @types/is-string@ts3.6 in the cache. Forcing revalidation.
345 http fetch GET 304 https://registry.npmjs.org/@types%2fisarray 45ms (from cache)
346 silly pacote tag manifest for @types/isarray@ts3.6 fetched in 46ms
347 http fetch GET 200 https://registry.npmjs.org/@types%2fis-string 67ms
348 silly fetchPackageMetaData error for @types/is-string@ts3.6 No matching version found for @types/is-string@ts3.6.
349 http fetch GET 304 https://registry.npmjs.org/@types%2fis-windows 129ms (from cache)
350 silly pacote tag manifest for @types/is-windows@ts3.6 fetched in 130ms
351 http fetch GET 304 https://registry.npmjs.org/@types%2fisexe 75ms (from cache)
352 silly pacote tag manifest for @types/isexe@ts3.6 fetched in 77ms
353 http fetch GET 304 https://registry.npmjs.org/@types%2fistanbul-lib-coverage 66ms (from cache)
354 silly pacote tag manifest for @types/istanbul-lib-coverage@ts3.6 fetched in 67ms
355 http fetch GET 304 https://registry.npmjs.org/@types%2fglobal-prefix 2311ms (from cache)
356 http fetch GET 304 https://registry.npmjs.org/@types%2fistanbul-lib-report 50ms (from cache)
357 silly pacote tag manifest for @types/global-prefix@ts3.6 fetched in 2312ms
358 silly pacote tag manifest for @types/istanbul-lib-report@ts3.6 fetched in 53ms
359 http fetch GET 304 https://registry.npmjs.org/@types%2fistanbul-reports 63ms (from cache)
360 silly pacote tag manifest for @types/istanbul-reports@ts3.6 fetched in 64ms
361 http fetch GET 304 https://registry.npmjs.org/@types%2fistanbul-lib-instrument 152ms (from cache)
362 silly pacote tag manifest for @types/istanbul-lib-instrument@ts3.6 fetched in 152ms
363 http fetch GET 200 https://registry.npmjs.org/@types%2fgensync 409ms
364 silly fetchPackageMetaData error for @types/gensync@ts3.6 No matching version found for @types/gensync@ts3.6.
365 http fetch GET 304 https://registry.npmjs.org/@types%2fjs-yaml 98ms (from cache)
366 silly pacote tag manifest for @types/js-yaml@ts3.6 fetched in 100ms
367 http fetch GET 304 https://registry.npmjs.org/@types%2fjson-parse-better-errors 100ms (from cache)
368 silly pacote tag manifest for @types/json-parse-better-errors@ts3.6 fetched in 101ms
369 http fetch GET 304 https://registry.npmjs.org/@types%2fjsdom 137ms (from cache)
370 silly pacote tag manifest for @types/jsdom@ts3.6 fetched in 139ms
371 http fetch GET 304 https://registry.npmjs.org/@types%2fjsesc 146ms (from cache)
372 silly pacote tag manifest for @types/jsesc@ts3.6 fetched in 147ms
373 http fetch GET 304 https://registry.npmjs.org/@types%2fjson3 148ms (from cache)
374 silly pacote tag manifest for @types/json3@ts3.6 fetched in 149ms
375 http fetch GET 200 https://registry.npmjs.org/@types%2fis-boolean-object 1473ms
376 silly fetchPackageMetaData error for @types/is-boolean-object@ts3.6 No matching version found for @types/is-boolean-object@ts3.6.
377 http fetch GET 304 https://registry.npmjs.org/@types%2fjsonfile 93ms (from cache)
378 silly pacote tag manifest for @types/jsonfile@ts3.6 fetched in 94ms
379 http fetch GET 304 https://registry.npmjs.org/@types%2fkind-of 124ms (from cache)
380 silly pacote tag manifest for @types/kind-of@ts3.6 fetched in 125ms
381 http fetch GET 304 https://registry.npmjs.org/@types%2flodash 53ms (from cache)
382 silly pacote tag manifest for @types/lodash@ts3.6 fetched in 58ms
383 http fetch GET 304 https://registry.npmjs.org/@types%2floader-utils 85ms (from cache)
384 silly pacote tag manifest for @types/loader-utils@ts3.6 fetched in 86ms
385 http fetch GET 304 https://registry.npmjs.org/@types%2fhosted-git-info 2343ms (from cache)
386 http fetch GET 304 https://registry.npmjs.org/@types%2floader-runner 94ms (from cache)
387 silly pacote tag manifest for @types/hosted-git-info@ts3.6 fetched in 2344ms
388 silly pacote tag manifest for @types/loader-runner@ts3.6 fetched in 97ms
389 http fetch GET 304 https://registry.npmjs.org/@types%2flodash.debounce 90ms (from cache)
390 http fetch GET 304 https://registry.npmjs.org/@types%2flodash.clonedeep 97ms (from cache)
391 silly pacote tag manifest for @types/lodash.debounce@ts3.6 fetched in 91ms
392 silly pacote tag manifest for @types/lodash.clonedeep@ts3.6 fetched in 98ms
393 http fetch GET 304 https://registry.npmjs.org/@types%2flodash.memoize 94ms (from cache)
394 silly pacote tag manifest for @types/lodash.memoize@ts3.6 fetched in 95ms
395 http fetch GET 304 https://registry.npmjs.org/@types%2flodash.merge 110ms (from cache)
396 silly pacote tag manifest for @types/lodash.merge@ts3.6 fetched in 111ms
397 http fetch GET 304 https://registry.npmjs.org/@types%2flodash.template 127ms (from cache)
398 silly pacote tag manifest for @types/lodash.template@ts3.6 fetched in 127ms
399 http fetch GET 304 https://registry.npmjs.org/@types%2fis-core-module 1506ms (from cache)
400 silly pacote tag manifest for @types/is-core-module@ts3.6 fetched in 1506ms
401 http fetch GET 304 https://registry.npmjs.org/@types%2fmedia-typer 43ms (from cache)
402 silly pacote tag manifest for @types/media-typer@ts3.6 fetched in 44ms
403 http fetch GET 304 https://registry.npmjs.org/@types%2flodash.uniq 100ms (from cache)
404 silly pacote tag manifest for @types/lodash.uniq@ts3.6 fetched in 100ms
405 http fetch GET 304 https://registry.npmjs.org/@types%2flz-string 98ms (from cache)
406 silly pacote tag manifest for @types/lz-string@ts3.6 fetched in 99ms
407 http fetch GET 304 https://registry.npmjs.org/@types%2flodash.truncate 142ms (from cache)
408 silly pacote tag manifest for @types/lodash.truncate@ts3.6 fetched in 143ms
409 http fetch GET 304 https://registry.npmjs.org/@types%2finternal-slot 2312ms (from cache)
410 silly pacote tag manifest for @types/internal-slot@ts3.6 fetched in 2313ms
411 http fetch GET 304 https://registry.npmjs.org/@types%2fis-bigint 2317ms (from cache)
412 silly registry:manifest no matching version for @types/is-bigint@ts3.6 in the cache. Forcing revalidation.
413 http fetch GET 304 https://registry.npmjs.org/@types%2fistanbul-lib-source-maps 2248ms (from cache)
414 silly pacote tag manifest for @types/istanbul-lib-source-maps@ts3.6 fetched in 2250ms
415 http fetch GET 304 https://registry.npmjs.org/@types%2flanguage-tags 2331ms (from cache)
416 silly registry:manifest no matching version for @types/language-tags@ts3.6 in the cache. Forcing revalidation.
417 http fetch GET 200 https://registry.npmjs.org/@types%2flanguage-tags 98ms
418 silly fetchPackageMetaData error for @types/language-tags@ts3.6 No matching version found for @types/language-tags@ts3.6.
419 http fetch GET 200 https://registry.npmjs.org/@types%2fis-bigint 2749ms
420 silly fetchPackageMetaData error for @types/is-bigint@ts3.6 No matching version found for @types/is-bigint@ts3.6.
421 timing stage:rollbackFailedOptional Completed in 0ms
422 timing stage:runTopLevelLifecycles Completed in 11785ms
423 verbose type tag
424 verbose stack @types/call-bind: No matching version found for @types/call-bind@ts3.6.
424 verbose stack     at pickManifest (/usr/local/lib/node_modules/npm/node_modules/npm-pick-manifest/index.js:122:13)
424 verbose stack     at /usr/local/lib/node_modules/npm/node_modules/pacote/lib/fetchers/registry/manifest.js:43:18
424 verbose stack     at tryCatcher (/usr/local/lib/node_modules/npm/node_modules/bluebird/js/release/util.js:16:23)
424 verbose stack     at Promise._settlePromiseFromHandler (/usr/local/lib/node_modules/npm/node_modules/bluebird/js/release/promise.js:517:31)
424 verbose stack     at Promise._settlePromise (/usr/local/lib/node_modules/npm/node_modules/bluebird/js/release/promise.js:574:18)
424 verbose stack     at Promise._settlePromise0 (/usr/local/lib/node_modules/npm/node_modules/bluebird/js/release/promise.js:619:10)
424 verbose stack     at Promise._settlePromises (/usr/local/lib/node_modules/npm/node_modules/bluebird/js/release/promise.js:699:18)
424 verbose stack     at _drainQueueStep (/usr/local/lib/node_modules/npm/node_modules/bluebird/js/release/async.js:138:12)
424 verbose stack     at _drainQueue (/usr/local/lib/node_modules/npm/node_modules/bluebird/js/release/async.js:131:9)
424 verbose stack     at Async._drainQueues (/usr/local/lib/node_modules/npm/node_modules/bluebird/js/release/async.js:147:5)
424 verbose stack     at Immediate.Async.drainQueues [as _onImmediate] (/usr/local/lib/node_modules/npm/node_modules/bluebird/js/release/async.js:17:14)
424 verbose stack     at processImmediate (internal/timers.js:456:21)
425 verbose cwd /home/theia/.cache/typescript/3.6
426 verbose Linux 5.10.16.3-microsoft-standard-WSL2
427 verbose argv "/usr/local/bin/node" "/usr/local/bin/npm" "install" "--ignore-scripts" "@types/accepts@ts3.6" "@types/argparse@ts3.6" "@types/aria-query@ts3.6" "@types/arr-diff@ts3.6" "@types/arr-union@ts3.6" "@types/array-unique@ts3.6" "@types/array.prototype.flat@ts3.6" "@types/array.prototype.flatmap@ts3.6" "@types/asap@ts3.6" "@types/assert@ts3.6" "@types/async@ts3.6" "@types/atob@ts3.6" "@types/babel-plugin-macros@ts3.6" "@types/babylon@ts3.6" "@types/balanced-match@ts3.6" "@types/big.js@ts3.6" "@types/bluebird@ts3.6" "@types/bn.js@ts3.6" "@types/body-parser@ts3.6" "@types/bonjour@ts3.6" "@types/boolbase@ts3.6" "@types/brace-expansion@ts3.6" "@types/braces@ts3.6" "@types/brorand@ts3.6" "@types/bser@ts3.6" "@types/buffer-from@ts3.6" "@types/buffer-xor@ts3.6" "@types/bytes@ts3.6" "@types/cacache@ts3.6" "@types/call-bind@ts3.6" "@types/caniuse-api@ts3.6" "@types/caniuse-lite@ts3.6" "@types/case-sensitive-paths-webpack-plugin@ts3.6" "@types/check-types@ts3.6" "@types/chownr@ts3.6" "@types/cipher-base@ts3.6" "@types/clean-css@ts3.6" "@types/co@ts3.6" "@types/color@ts3.6" "@types/color-convert@ts3.6" "@types/color-name@ts3.6" "@types/color-string@ts3.6" "@types/combined-stream@ts3.6" "@types/common-tags@ts3.6" "@types/commondir@ts3.6" "@types/component-emitter@ts3.6" "@types/compose-function@ts3.6" "@types/compressible@ts3.6" "@types/compression@ts3.6" "@types/concat-map@ts3.6" "@types/concat-stream@ts3.6" "@types/confusing-browser-globals@ts3.6" "@types/connect-history-api-fallback@ts3.6" "@types/content-disposition@ts3.6" "@types/content-type@ts3.6" "@types/convert-source-map@ts3.6" "@types/cookie@ts3.6" "@types/cookie-signature@ts3.6" "@types/core-js@ts3.6" "@types/create-hash@ts3.6" "@types/create-hmac@ts3.6" "@types/cross-spawn@ts3.6" "@types/css@ts3.6" "@types/css-declaration-sorter@ts3.6" "@types/css-tree@ts3.6" "@types/css.escape@ts3.6" "@types/cssesc@ts3.6" "@types/csso@ts3.6" "@types/cssom@ts3.6" "@types/cssstyle@ts3.6" "@types/d@ts3.6" "@types/damerau-levenshtein@ts3.6" "@types/data-urls@ts3.6" "@types/debug@ts3.6" "@types/decode-uri-component@ts3.6" "@types/dedent@ts3.6" "@types/deep-equal@ts3.6" "@types/default-gateway@ts3.6" "@types/define-properties@ts3.6" "@types/depd@ts3.6" "@types/destroy@ts3.6" "@types/detect-node@ts3.6" "@types/diffie-hellman@ts3.6" "@types/dir-glob@ts3.6" "@types/dns-packet@ts3.6" "@types/doctrine@ts3.6" "@types/domexception@ts3.6" "@types/domutils@ts3.6" "@types/duplexify@ts3.6" "@types/ee-first@ts3.6" "@types/ejs@ts3.6" "@types/elliptic@ts3.6" "@types/encodeurl@ts3.6" "@types/end-of-stream@ts3.6" "@types/enhanced-resolve@ts3.6" "@types/es-abstract@ts3.6" "@types/es-to-primitive@ts3.6" "@types/escape-html@ts3.6" "@types/escodegen@ts3.6" "@types/eslint@ts3.6" "@types/eslint-scope@ts3.6" "@types/eslint-utils@ts3.6" "@types/eslint-visitor-keys@ts3.6" "@types/esprima@ts3.6" "@types/esquery@ts3.6" "@types/estraverse@ts3.6" "@types/esutils@ts3.6" "@types/etag@ts3.6" "@types/events@ts3.6" "@types/eventsource@ts3.6" "@types/exit@ts3.6" "@types/express@ts3.6" "@types/fast-levenshtein@ts3.6" "@types/fb-watchman@ts3.6" "@types/file-entry-cache@ts3.6" "@types/file-loader@ts3.6" "@types/fill-range@ts3.6" "@types/finalhandler@ts3.6" "@types/find-cache-dir@ts3.6" "@types/flat-cache@ts3.6" "@types/flush-write-stream@ts3.6" "@types/follow-redirects@ts3.6" "@types/forwarded@ts3.6" "@types/fresh@ts3.6" "@types/from2@ts3.6" "@types/fs-extra@ts3.6" "@types/function-bind@ts3.6" "@types/functional-red-black-tree@ts3.6" "@types/gensync@ts3.6" "@types/get-intrinsic@ts3.6" "@types/get-value@ts3.6" "@types/glob@ts3.6" "@types/glob-parent@ts3.6" "@types/global-modules@ts3.6" "@types/global-prefix@ts3.6" "@types/graceful-fs@ts3.6" "@types/has@ts3.6" "@types/has-symbols@ts3.6" "@types/has-values@ts3.6" "@types/he@ts3.6" "@types/hex-color-regex@ts3.6" "@types/hosted-git-info@ts3.6" "@types/html-encoding-sniffer@ts3.6" "@types/html-escaper@ts3.6" "@types/html-minifier-terser@ts3.6" "@types/http-errors@ts3.6" "@types/http-proxy@ts3.6" "@types/icss-utils@ts3.6" "@types/iferr@ts3.6" "@types/imurmurhash@ts3.6" "@types/inherits@ts3.6" "@types/ini@ts3.6" "@types/internal-slot@ts3.6" "@types/ip@ts3.6" "@types/is-arguments@ts3.6" "@types/is-bigint@ts3.6" "@types/is-boolean-object@ts3.6" "@types/is-buffer@ts3.6" "@types/is-callable@ts3.6" "@types/is-ci@ts3.6" "@types/is-core-module@ts3.6" "@types/is-data-descriptor@ts3.6" "@types/is-date-object@ts3.6" "@types/is-glob@ts3.6" "@types/is-number@ts3.6" "@types/is-regex@ts3.6" "@types/is-string@ts3.6" "@types/is-typedarray@ts3.6" "@types/is-windows@ts3.6" "@types/isarray@ts3.6" "@types/isexe@ts3.6" "@types/istanbul-lib-coverage@ts3.6" "@types/istanbul-lib-instrument@ts3.6" "@types/istanbul-lib-report@ts3.6" "@types/istanbul-lib-source-maps@ts3.6" "@types/istanbul-reports@ts3.6" "@types/js-yaml@ts3.6" "@types/jsdom@ts3.6" "@types/jsesc@ts3.6" "@types/json-parse-better-errors@ts3.6" "@types/json3@ts3.6" "@types/jsonfile@ts3.6" "@types/kind-of@ts3.6" "@types/language-tags@ts3.6" "@types/loader-runner@ts3.6" "@types/loader-utils@ts3.6" "@types/lodash@ts3.6" "@types/lodash.clonedeep@ts3.6" "@types/lodash.debounce@ts3.6" "@types/lodash.memoize@ts3.6" "@types/lodash.merge@ts3.6" "@types/lodash.template@ts3.6" "@types/lodash.truncate@ts3.6" "@types/lodash.uniq@ts3.6" "@types/lz-string@ts3.6" "@types/media-typer@ts3.6" "--save-dev" "--user-agent=typesInstaller/3.6.3"
428 verbose node v12.18.3
429 verbose npm  v6.14.6
430 error code ETARGET
431 error notarget No matching version found for @types/call-bind@ts3.6.
432 error notarget In most cases you or one of your dependencies are requesting
432 error notarget a package version that doesn't exist.
433 verbose exit [ 1, true ]
