0 info it worked if it ends with ok
1 verbose cli [
1 verbose cli   '/usr/local/bin/node',
1 verbose cli   '/usr/local/bin/npm',
1 verbose cli   'install',
1 verbose cli   '--ignore-scripts',
1 verbose cli   '@types/accepts@ts3.6',
1 verbose cli   '@types/argparse@ts3.6',
1 verbose cli   '@types/aria-query@ts3.6',
1 verbose cli   '@types/arr-diff@ts3.6',
1 verbose cli   '@types/arr-union@ts3.6',
1 verbose cli   '@types/array-unique@ts3.6',
1 verbose cli   '@types/array.prototype.flat@ts3.6',
1 verbose cli   '@types/array.prototype.flatmap@ts3.6',
1 verbose cli   '@types/asap@ts3.6',
1 verbose cli   '@types/assert@ts3.6',
1 verbose cli   '@types/async@ts3.6',
1 verbose cli   '@types/atob@ts3.6',
1 verbose cli   '@types/babel-plugin-macros@ts3.6',
1 verbose cli   '@types/babylon@ts3.6',
1 verbose cli   '@types/balanced-match@ts3.6',
1 verbose cli   '@types/big.js@ts3.6',
1 verbose cli   '@types/bl@ts3.6',
1 verbose cli   '@types/bluebird@ts3.6',
1 verbose cli   '@types/bn.js@ts3.6',
1 verbose cli   '@types/body-parser@ts3.6',
1 verbose cli   '@types/bonjour@ts3.6',
1 verbose cli   '@types/boolbase@ts3.6',
1 verbose cli   '@types/brace-expansion@ts3.6',
1 verbose cli   '@types/braces@ts3.6',
1 verbose cli   '@types/brorand@ts3.6',
1 verbose cli   '@types/bser@ts3.6',
1 verbose cli   '@types/buffer-from@ts3.6',
1 verbose cli   '@types/buffer-xor@ts3.6',
1 verbose cli   '@types/bytes@ts3.6',
1 verbose cli   '@types/cacache@ts3.6',
1 verbose cli   '@types/call-bind@ts3.6',
1 verbose cli   '@types/caniuse-api@ts3.6',
1 verbose cli   '@types/caniuse-lite@ts3.6',
1 verbose cli   '@types/case-sensitive-paths-webpack-plugin@ts3.6',
1 verbose cli   '@types/chardet@ts3.6',
1 verbose cli   '@types/check-types@ts3.6',
1 verbose cli   '@types/chownr@ts3.6',
1 verbose cli   '@types/cipher-base@ts3.6',
1 verbose cli   '@types/clean-css@ts3.6',
1 verbose cli   '@types/cli-spinners@ts3.6',
1 verbose cli   '@types/clone@ts3.6',
1 verbose cli   '@types/co@ts3.6',
1 verbose cli   '@types/color@ts3.6',
1 verbose cli   '@types/color-convert@ts3.6',
1 verbose cli   '@types/color-name@ts3.6',
1 verbose cli   '@types/color-string@ts3.6',
1 verbose cli   '@types/combined-stream@ts3.6',
1 verbose cli   '@types/common-tags@ts3.6',
1 verbose cli   '@types/commondir@ts3.6',
1 verbose cli   '@types/component-emitter@ts3.6',
1 verbose cli   '@types/compose-function@ts3.6',
1 verbose cli   '@types/compressible@ts3.6',
1 verbose cli   '@types/compression@ts3.6',
1 verbose cli   '@types/concat-map@ts3.6',
1 verbose cli   '@types/concat-stream@ts3.6',
1 verbose cli   '@types/confusing-browser-globals@ts3.6',
1 verbose cli   '@types/connect-history-api-fallback@ts3.6',
1 verbose cli   '@types/content-disposition@ts3.6',
1 verbose cli   '@types/content-type@ts3.6',
1 verbose cli   '@types/convert-source-map@ts3.6',
1 verbose cli   '@types/cookie@ts3.6',
1 verbose cli   '@types/cookie-signature@ts3.6',
1 verbose cli   '@types/core-js@ts3.6',
1 verbose cli   '@types/create-hash@ts3.6',
1 verbose cli   '@types/create-hmac@ts3.6',
1 verbose cli   '@types/cross-spawn@ts3.6',
1 verbose cli   '@types/css@ts3.6',
1 verbose cli   '@types/css-declaration-sorter@ts3.6',
1 verbose cli   '@types/css-tree@ts3.6',
1 verbose cli   '@types/css.escape@ts3.6',
1 verbose cli   '@types/cssesc@ts3.6',
1 verbose cli   '@types/csso@ts3.6',
1 verbose cli   '@types/cssom@ts3.6',
1 verbose cli   '@types/cssstyle@ts3.6',
1 verbose cli   '@types/d@ts3.6',
1 verbose cli   '@types/damerau-levenshtein@ts3.6',
1 verbose cli   '@types/data-urls@ts3.6',
1 verbose cli   '@types/debug@ts3.6',
1 verbose cli   '@types/decode-uri-component@ts3.6',
1 verbose cli   '@types/dedent@ts3.6',
1 verbose cli   '@types/deep-equal@ts3.6',
1 verbose cli   '@types/default-gateway@ts3.6',
1 verbose cli   '@types/defaults@ts3.6',
1 verbose cli   '@types/define-properties@ts3.6',
1 verbose cli   '@types/depd@ts3.6',
1 verbose cli   '@types/destroy@ts3.6',
1 verbose cli   '@types/detect-node@ts3.6',
1 verbose cli   '@types/diffie-hellman@ts3.6',
1 verbose cli   '@types/dir-glob@ts3.6',
1 verbose cli   '@types/dns-packet@ts3.6',
1 verbose cli   '@types/doctrine@ts3.6',
1 verbose cli   '@types/domexception@ts3.6',
1 verbose cli   '@types/domutils@ts3.6',
1 verbose cli   '@types/duplexify@ts3.6',
1 verbose cli   '@types/ee-first@ts3.6',
1 verbose cli   '@types/ejs@ts3.6',
1 verbose cli   ... 108 more items
1 verbose cli ]
2 info using npm@6.14.6
3 info using node@v12.18.3
4 verbose npm-session 85191edf36495381
5 silly install loadCurrentTree
6 silly install readLocalPackageData
7 http fetch GET 304 https://registry.npmjs.org/@types%2farray.prototype.flatmap 333ms (from cache)
8 http fetch GET 304 https://registry.npmjs.org/@types%2farray-unique 338ms (from cache)
9 http fetch GET 304 https://registry.npmjs.org/@types%2faria-query 344ms (from cache)
10 http fetch GET 304 https://registry.npmjs.org/@types%2fargparse 346ms (from cache)
11 silly pacote tag manifest for @types/array.prototype.flatmap@ts3.6 fetched in 345ms
12 http fetch GET 304 https://registry.npmjs.org/@types%2fasap 352ms (from cache)
13 silly pacote tag manifest for @types/array-unique@ts3.6 fetched in 356ms
14 http fetch GET 304 https://registry.npmjs.org/@types%2farr-union 362ms (from cache)
15 silly pacote tag manifest for @types/aria-query@ts3.6 fetched in 366ms
16 silly pacote tag manifest for @types/argparse@ts3.6 fetched in 367ms
17 http fetch GET 304 https://registry.npmjs.org/@types%2farr-diff 372ms (from cache)
18 silly pacote tag manifest for @types/asap@ts3.6 fetched in 372ms
19 silly pacote tag manifest for @types/arr-union@ts3.6 fetched in 379ms
20 silly pacote tag manifest for @types/arr-diff@ts3.6 fetched in 389ms
21 http fetch GET 304 https://registry.npmjs.org/@types%2farray.prototype.flat 397ms (from cache)
22 silly pacote tag manifest for @types/array.prototype.flat@ts3.6 fetched in 404ms
23 http fetch GET 304 https://registry.npmjs.org/@types%2fassert 411ms (from cache)
24 silly pacote tag manifest for @types/assert@ts3.6 fetched in 414ms
25 http fetch GET 304 https://registry.npmjs.org/@types%2fasync 173ms (from cache)
26 http fetch GET 304 https://registry.npmjs.org/@types%2fatob 171ms (from cache)
27 silly pacote tag manifest for @types/async@ts3.6 fetched in 184ms
28 http fetch GET 304 https://registry.npmjs.org/@types%2fbabel-plugin-macros 173ms (from cache)
29 http fetch GET 304 https://registry.npmjs.org/@types%2fbig.js 156ms (from cache)
30 silly pacote tag manifest for @types/atob@ts3.6 fetched in 183ms
31 http fetch GET 304 https://registry.npmjs.org/@types%2fbabylon 176ms (from cache)
32 silly pacote tag manifest for @types/babel-plugin-macros@ts3.6 fetched in 191ms
33 silly pacote tag manifest for @types/big.js@ts3.6 fetched in 178ms
34 silly pacote tag manifest for @types/babylon@ts3.6 fetched in 201ms
35 http fetch GET 304 https://registry.npmjs.org/@types%2fbn.js 163ms (from cache)
36 http fetch GET 304 https://registry.npmjs.org/@types%2fbluebird 176ms (from cache)
37 silly pacote tag manifest for @types/bn.js@ts3.6 fetched in 167ms
38 silly pacote tag manifest for @types/bluebird@ts3.6 fetched in 180ms
39 http fetch GET 304 https://registry.npmjs.org/@types%2fbody-parser 106ms (from cache)
40 silly pacote tag manifest for @types/body-parser@ts3.6 fetched in 110ms
41 http fetch GET 304 https://registry.npmjs.org/@types%2fbonjour 131ms (from cache)
42 silly pacote tag manifest for @types/bonjour@ts3.6 fetched in 139ms
43 http fetch GET 304 https://registry.npmjs.org/@types%2fbraces 121ms (from cache)
44 silly pacote tag manifest for @types/braces@ts3.6 fetched in 130ms
45 http fetch GET 304 https://registry.npmjs.org/@types%2fboolbase 159ms (from cache)
46 silly pacote tag manifest for @types/boolbase@ts3.6 fetched in 164ms
47 http fetch GET 304 https://registry.npmjs.org/@types%2fbrace-expansion 162ms (from cache)
48 silly pacote tag manifest for @types/brace-expansion@ts3.6 fetched in 167ms
49 http fetch GET 304 https://registry.npmjs.org/@types%2fbrorand 146ms (from cache)
50 silly pacote tag manifest for @types/brorand@ts3.6 fetched in 153ms
51 http fetch GET 304 https://registry.npmjs.org/@types%2fbser 154ms (from cache)
52 silly pacote tag manifest for @types/bser@ts3.6 fetched in 159ms
53 http fetch GET 304 https://registry.npmjs.org/@types%2fbytes 118ms (from cache)
54 silly pacote tag manifest for @types/bytes@ts3.6 fetched in 153ms
55 http fetch GET 200 https://registry.npmjs.org/@types%2fcall-bind 161ms
56 silly fetchPackageMetaData error for @types/call-bind@ts3.6 No matching version found for @types/call-bind@ts3.6.
57 http fetch GET 304 https://registry.npmjs.org/@types%2fcaniuse-lite 326ms (from cache)
58 http fetch GET 304 https://registry.npmjs.org/@types%2fcaniuse-api 337ms (from cache)
59 silly pacote tag manifest for @types/caniuse-lite@ts3.6 fetched in 334ms
60 http fetch GET 304 https://registry.npmjs.org/@types%2fbuffer-from 437ms (from cache)
61 silly pacote tag manifest for @types/caniuse-api@ts3.6 fetched in 345ms
62 http fetch GET 304 https://registry.npmjs.org/@types%2fbuffer-xor 402ms (from cache)
63 silly pacote tag manifest for @types/buffer-from@ts3.6 fetched in 446ms
64 http fetch GET 304 https://registry.npmjs.org/@types%2fcase-sensitive-paths-webpack-plugin 238ms (from cache)
65 silly pacote tag manifest for @types/buffer-xor@ts3.6 fetched in 415ms
66 silly pacote tag manifest for @types/case-sensitive-paths-webpack-plugin@ts3.6 fetched in 254ms
67 http fetch GET 304 https://registry.npmjs.org/@types%2fchardet 195ms (from cache)
68 silly pacote tag manifest for @types/chardet@ts3.6 fetched in 201ms
69 http fetch GET 304 https://registry.npmjs.org/@types%2fchownr 173ms (from cache)
70 http fetch GET 304 https://registry.npmjs.org/@types%2faccepts 1269ms (from cache)
71 silly pacote tag manifest for @types/chownr@ts3.6 fetched in 184ms
72 silly pacote tag manifest for @types/accepts@ts3.6 fetched in 1283ms
73 http fetch GET 304 https://registry.npmjs.org/@types%2fclone 142ms (from cache)
74 http fetch GET 304 https://registry.npmjs.org/@types%2fcipher-base 208ms (from cache)
75 silly pacote tag manifest for @types/clone@ts3.6 fetched in 170ms
76 http fetch GET 304 https://registry.npmjs.org/@types%2fclean-css 214ms (from cache)
77 silly pacote tag manifest for @types/cipher-base@ts3.6 fetched in 232ms
78 silly pacote tag manifest for @types/clean-css@ts3.6 fetched in 240ms
79 http fetch GET 304 https://registry.npmjs.org/@types%2fcheck-types 290ms (from cache)
80 http fetch GET 304 https://registry.npmjs.org/@types%2fcli-spinners 265ms (from cache)
81 silly pacote tag manifest for @types/check-types@ts3.6 fetched in 293ms
82 silly pacote tag manifest for @types/cli-spinners@ts3.6 fetched in 269ms
83 http fetch GET 304 https://registry.npmjs.org/@types%2fco 153ms (from cache)
84 http fetch GET 304 https://registry.npmjs.org/@types%2fcolor 153ms (from cache)
85 silly pacote tag manifest for @types/co@ts3.6 fetched in 156ms
86 silly pacote tag manifest for @types/color@ts3.6 fetched in 161ms
87 http fetch GET 304 https://registry.npmjs.org/@types%2fcolor-string 114ms (from cache)
88 silly pacote tag manifest for @types/color-string@ts3.6 fetched in 117ms
89 http fetch GET 304 https://registry.npmjs.org/@types%2fcombined-stream 150ms (from cache)
90 silly pacote tag manifest for @types/combined-stream@ts3.6 fetched in 155ms
91 http fetch GET 304 https://registry.npmjs.org/@types%2fcomponent-emitter 127ms (from cache)
92 silly pacote tag manifest for @types/component-emitter@ts3.6 fetched in 131ms
93 http fetch GET 304 https://registry.npmjs.org/@types%2fcompressible 121ms (from cache)
94 silly pacote tag manifest for @types/compressible@ts3.6 fetched in 123ms
95 http fetch GET 304 https://registry.npmjs.org/@types%2fcompression 116ms (from cache)
96 silly pacote tag manifest for @types/compression@ts3.6 fetched in 118ms
97 http fetch GET 304 https://registry.npmjs.org/@types%2fbl 1343ms (from cache)
98 silly pacote tag manifest for @types/bl@ts3.6 fetched in 1348ms
99 http fetch GET 304 https://registry.npmjs.org/@types%2fconcat-map 103ms (from cache)
100 silly pacote tag manifest for @types/concat-map@ts3.6 fetched in 106ms
101 http fetch GET 304 https://registry.npmjs.org/@types%2fconcat-stream 135ms (from cache)
102 silly pacote tag manifest for @types/concat-stream@ts3.6 fetched in 139ms
103 http fetch GET 304 https://registry.npmjs.org/@types%2fconnect-history-api-fallback 65ms (from cache)
104 silly pacote tag manifest for @types/connect-history-api-fallback@ts3.6 fetched in 70ms
105 http fetch GET 304 https://registry.npmjs.org/@types%2fcontent-type 140ms (from cache)
106 silly pacote tag manifest for @types/content-type@ts3.6 fetched in 147ms
107 http fetch GET 304 https://registry.npmjs.org/@types%2fcontent-disposition 162ms (from cache)
108 silly pacote tag manifest for @types/content-disposition@ts3.6 fetched in 170ms
109 http fetch GET 304 https://registry.npmjs.org/@types%2fcookie 108ms (from cache)
110 silly pacote tag manifest for @types/cookie@ts3.6 fetched in 115ms
111 http fetch GET 304 https://registry.npmjs.org/@types%2fconvert-source-map 173ms (from cache)
112 silly pacote tag manifest for @types/convert-source-map@ts3.6 fetched in 181ms
113 http fetch GET 304 https://registry.npmjs.org/@types%2fcookie-signature 200ms (from cache)
114 http fetch GET 304 https://registry.npmjs.org/@types%2fcore-js 152ms (from cache)
115 silly pacote tag manifest for @types/cookie-signature@ts3.6 fetched in 208ms
116 silly pacote tag manifest for @types/core-js@ts3.6 fetched in 162ms
117 http fetch GET 304 https://registry.npmjs.org/@types%2fcreate-hash 146ms (from cache)
118 silly pacote tag manifest for @types/create-hash@ts3.6 fetched in 151ms
119 http fetch GET 304 https://registry.npmjs.org/@types%2fcolor-name 1237ms (from cache)
120 silly pacote tag manifest for @types/color-name@ts3.6 fetched in 1242ms
121 http fetch GET 304 https://registry.npmjs.org/@types%2fcreate-hmac 242ms (from cache)
122 silly pacote tag manifest for @types/create-hmac@ts3.6 fetched in 257ms
123 http fetch GET 304 https://registry.npmjs.org/@types%2fcross-spawn 128ms (from cache)
124 silly pacote tag manifest for @types/cross-spawn@ts3.6 fetched in 131ms
125 http fetch GET 304 https://registry.npmjs.org/@types%2fbalanced-match 2286ms (from cache)
126 silly pacote tag manifest for @types/balanced-match@ts3.6 fetched in 2289ms
127 http fetch GET 304 https://registry.npmjs.org/@types%2fcss 113ms (from cache)
128 silly pacote tag manifest for @types/css@ts3.6 fetched in 116ms
129 http fetch GET 304 https://registry.npmjs.org/@types%2fcss-tree 103ms (from cache)
130 silly pacote tag manifest for @types/css-tree@ts3.6 fetched in 107ms
131 http fetch GET 200 https://registry.npmjs.org/@types%2fcss.escape 136ms
132 silly fetchPackageMetaData error for @types/css.escape@ts3.6 No matching version found for @types/css.escape@ts3.6.
133 http fetch GET 304 https://registry.npmjs.org/@types%2fcss-declaration-sorter 219ms (from cache)
134 silly pacote tag manifest for @types/css-declaration-sorter@ts3.6 fetched in 225ms
135 http fetch GET 304 https://registry.npmjs.org/@types%2fcsso 124ms (from cache)
136 http fetch GET 304 https://registry.npmjs.org/@types%2fcssesc 150ms (from cache)
137 silly pacote tag manifest for @types/csso@ts3.6 fetched in 126ms
138 silly pacote tag manifest for @types/cssesc@ts3.6 fetched in 154ms
139 http fetch GET 304 https://registry.npmjs.org/@types%2fcssstyle 67ms (from cache)
140 silly pacote tag manifest for @types/cssstyle@ts3.6 fetched in 69ms
141 http fetch GET 304 https://registry.npmjs.org/@types%2fcssom 138ms (from cache)
142 silly pacote tag manifest for @types/cssom@ts3.6 fetched in 143ms
143 http fetch GET 304 https://registry.npmjs.org/@types%2fd 127ms (from cache)
144 silly pacote tag manifest for @types/d@ts3.6 fetched in 131ms
145 http fetch GET 304 https://registry.npmjs.org/@types%2fdamerau-levenshtein 134ms (from cache)
146 http fetch GET 304 https://registry.npmjs.org/@types%2fdata-urls 90ms (from cache)
147 silly pacote tag manifest for @types/damerau-levenshtein@ts3.6 fetched in 139ms
148 silly pacote tag manifest for @types/data-urls@ts3.6 fetched in 97ms
149 http fetch GET 304 https://registry.npmjs.org/@types%2fcacache 2345ms (from cache)
150 silly pacote tag manifest for @types/cacache@ts3.6 fetched in 2347ms
151 http fetch GET 304 https://registry.npmjs.org/@types%2fdebug 125ms (from cache)
152 silly pacote tag manifest for @types/debug@ts3.6 fetched in 128ms
153 http fetch GET 304 https://registry.npmjs.org/@types%2fdedent 121ms (from cache)
154 silly pacote tag manifest for @types/dedent@ts3.6 fetched in 124ms
155 http fetch GET 304 https://registry.npmjs.org/@types%2fdecode-uri-component 138ms (from cache)
156 silly pacote tag manifest for @types/decode-uri-component@ts3.6 fetched in 141ms
157 http fetch GET 304 https://registry.npmjs.org/@types%2fdeep-equal 161ms (from cache)
158 silly pacote tag manifest for @types/deep-equal@ts3.6 fetched in 163ms
159 http fetch GET 304 https://registry.npmjs.org/@types%2fdefine-properties 108ms (from cache)
160 silly pacote tag manifest for @types/define-properties@ts3.6 fetched in 110ms
161 http fetch GET 304 https://registry.npmjs.org/@types%2fdefaults 144ms (from cache)
162 silly pacote tag manifest for @types/defaults@ts3.6 fetched in 147ms
163 http fetch GET 304 https://registry.npmjs.org/@types%2fdestroy 95ms (from cache)
164 silly pacote tag manifest for @types/destroy@ts3.6 fetched in 97ms
165 http fetch GET 304 https://registry.npmjs.org/@types%2fdepd 147ms (from cache)
166 silly pacote tag manifest for @types/depd@ts3.6 fetched in 150ms
167 http fetch GET 304 https://registry.npmjs.org/@types%2fdetect-node 89ms (from cache)
168 silly pacote tag manifest for @types/detect-node@ts3.6 fetched in 93ms
169 http fetch GET 304 https://registry.npmjs.org/@types%2fdiffie-hellman 115ms (from cache)
170 silly pacote tag manifest for @types/diffie-hellman@ts3.6 fetched in 117ms
171 http fetch GET 304 https://registry.npmjs.org/@types%2fdoctrine 147ms (from cache)
172 silly pacote tag manifest for @types/doctrine@ts3.6 fetched in 156ms
173 http fetch GET 304 https://registry.npmjs.org/@types%2fdir-glob 229ms (from cache)
174 http fetch GET 304 https://registry.npmjs.org/@types%2fdomexception 135ms (from cache)
175 silly pacote tag manifest for @types/dir-glob@ts3.6 fetched in 242ms
176 silly pacote tag manifest for @types/domexception@ts3.6 fetched in 154ms
177 http fetch GET 304 https://registry.npmjs.org/@types%2fduplexify 168ms (from cache)
178 silly pacote tag manifest for @types/duplexify@ts3.6 fetched in 177ms
179 http fetch GET 304 https://registry.npmjs.org/@types%2fee-first 175ms (from cache)
180 silly pacote tag manifest for @types/ee-first@ts3.6 fetched in 181ms
181 http fetch GET 304 https://registry.npmjs.org/@types%2fcolor-convert 2380ms (from cache)
182 silly pacote tag manifest for @types/color-convert@ts3.6 fetched in 2382ms
183 http fetch GET 304 https://registry.npmjs.org/@types%2fcommon-tags 2335ms (from cache)
184 silly pacote tag manifest for @types/common-tags@ts3.6 fetched in 2339ms
185 http fetch GET 304 https://registry.npmjs.org/@types%2fdomutils 259ms (from cache)
186 silly pacote tag manifest for @types/domutils@ts3.6 fetched in 261ms
187 http fetch GET 304 https://registry.npmjs.org/@types%2fcompose-function 2306ms (from cache)
188 silly pacote tag manifest for @types/compose-function@ts3.6 fetched in 2310ms
189 http fetch GET 304 https://registry.npmjs.org/@types%2fcommondir 2375ms (from cache)
190 http fetch GET 304 https://registry.npmjs.org/@types%2fejs 137ms (from cache)
191 silly pacote tag manifest for @types/commondir@ts3.6 fetched in 2379ms
192 silly pacote tag manifest for @types/ejs@ts3.6 fetched in 140ms
193 http fetch GET 304 https://registry.npmjs.org/@types%2felliptic 141ms (from cache)
194 silly pacote tag manifest for @types/elliptic@ts3.6 fetched in 146ms
195 http fetch GET 304 https://registry.npmjs.org/@types%2fencodeurl 143ms (from cache)
196 silly pacote tag manifest for @types/encodeurl@ts3.6 fetched in 145ms
197 http fetch GET 304 https://registry.npmjs.org/@types%2fend-of-stream 143ms (from cache)
198 silly pacote tag manifest for @types/end-of-stream@ts3.6 fetched in 145ms
199 http fetch GET 304 https://registry.npmjs.org/@types%2fes-abstract 151ms (from cache)
200 silly pacote tag manifest for @types/es-abstract@ts3.6 fetched in 154ms
201 http fetch GET 304 https://registry.npmjs.org/@types%2feslint 102ms (from cache)
202 silly pacote tag manifest for @types/eslint@ts3.6 fetched in 106ms
203 http fetch GET 304 https://registry.npmjs.org/@types%2fescodegen 132ms (from cache)
204 silly pacote tag manifest for @types/escodegen@ts3.6 fetched in 134ms
205 http fetch GET 304 https://registry.npmjs.org/@types%2fes-to-primitive 154ms (from cache)
206 http fetch GET 304 https://registry.npmjs.org/@types%2feslint-scope 99ms (from cache)
207 silly pacote tag manifest for @types/es-to-primitive@ts3.6 fetched in 159ms
208 silly pacote tag manifest for @types/eslint-scope@ts3.6 fetched in 102ms
209 http fetch GET 304 https://registry.npmjs.org/@types%2fescape-html 178ms (from cache)
210 silly pacote tag manifest for @types/escape-html@ts3.6 fetched in 180ms
211 http fetch GET 304 https://registry.npmjs.org/@types%2feslint-utils 123ms (from cache)
212 silly pacote tag manifest for @types/eslint-utils@ts3.6 fetched in 126ms
213 http fetch GET 304 https://registry.npmjs.org/@types%2fesquery 112ms (from cache)
214 http fetch GET 304 https://registry.npmjs.org/@types%2festraverse 113ms (from cache)
215 silly pacote tag manifest for @types/esquery@ts3.6 fetched in 117ms
216 silly pacote tag manifest for @types/estraverse@ts3.6 fetched in 118ms
217 http fetch GET 304 https://registry.npmjs.org/@types%2fesprima 147ms (from cache)
218 silly pacote tag manifest for @types/esprima@ts3.6 fetched in 149ms
219 http fetch GET 304 https://registry.npmjs.org/@types%2feslint-visitor-keys 211ms (from cache)
220 silly pacote tag manifest for @types/eslint-visitor-keys@ts3.6 fetched in 215ms
221 http fetch GET 304 https://registry.npmjs.org/@types%2fetag 144ms (from cache)
222 silly pacote tag manifest for @types/etag@ts3.6 fetched in 149ms
223 http fetch GET 304 https://registry.npmjs.org/@types%2fexit 141ms (from cache)
224 silly pacote tag manifest for @types/exit@ts3.6 fetched in 150ms
225 http fetch GET 304 https://registry.npmjs.org/@types%2fconfusing-browser-globals 2554ms (from cache)
226 http fetch GET 304 https://registry.npmjs.org/@types%2fexpress 134ms (from cache)
227 silly pacote tag manifest for @types/confusing-browser-globals@ts3.6 fetched in 2556ms
228 silly pacote tag manifest for @types/express@ts3.6 fetched in 137ms
229 http fetch GET 304 https://registry.npmjs.org/@types%2ffast-levenshtein 147ms (from cache)
230 silly pacote tag manifest for @types/fast-levenshtein@ts3.6 fetched in 149ms
231 http fetch GET 304 https://registry.npmjs.org/@types%2ffb-watchman 113ms (from cache)
232 silly pacote tag manifest for @types/fb-watchman@ts3.6 fetched in 115ms
233 http fetch GET 304 https://registry.npmjs.org/@types%2ffile-loader 128ms (from cache)
234 silly pacote tag manifest for @types/file-loader@ts3.6 fetched in 130ms
235 http fetch GET 200 https://registry.npmjs.org/@types%2ffill-range 166ms
236 silly fetchPackageMetaData error for @types/fill-range@ts3.6 No matching version found for @types/fill-range@ts3.6.
237 http fetch GET 304 https://registry.npmjs.org/@types%2ffile-entry-cache 270ms (from cache)
238 silly pacote tag manifest for @types/file-entry-cache@ts3.6 fetched in 278ms
239 http fetch GET 304 https://registry.npmjs.org/@types%2ffind-cache-dir 155ms (from cache)
240 silly pacote tag manifest for @types/find-cache-dir@ts3.6 fetched in 164ms
241 http fetch GET 304 https://registry.npmjs.org/@types%2fflat-cache 249ms (from cache)
242 http fetch GET 304 https://registry.npmjs.org/@types%2fflush-write-stream 202ms (from cache)
243 http fetch GET 304 https://registry.npmjs.org/@types%2ffollow-redirects 185ms (from cache)
244 http fetch GET 304 https://registry.npmjs.org/@types%2feventsource 695ms (from cache)
245 silly pacote tag manifest for @types/flat-cache@ts3.6 fetched in 263ms
246 silly pacote tag manifest for @types/flush-write-stream@ts3.6 fetched in 220ms
247 silly pacote tag manifest for @types/follow-redirects@ts3.6 fetched in 209ms
248 silly pacote tag manifest for @types/eventsource@ts3.6 fetched in 716ms
249 http fetch GET 304 https://registry.npmjs.org/@types%2ffresh 146ms (from cache)
250 silly pacote tag manifest for @types/fresh@ts3.6 fetched in 151ms
251 http fetch GET 304 https://registry.npmjs.org/@types%2ffrom2 186ms (from cache)
252 silly pacote tag manifest for @types/from2@ts3.6 fetched in 190ms
253 http fetch GET 304 https://registry.npmjs.org/@types%2fforwarded 204ms (from cache)
254 http fetch GET 304 https://registry.npmjs.org/@types%2ffs-extra 195ms (from cache)
255 silly pacote tag manifest for @types/forwarded@ts3.6 fetched in 210ms
256 silly pacote tag manifest for @types/fs-extra@ts3.6 fetched in 210ms
257 http fetch GET 304 https://registry.npmjs.org/@types%2ffunction-bind 112ms (from cache)
258 silly pacote tag manifest for @types/function-bind@ts3.6 fetched in 116ms
259 http fetch GET 200 https://registry.npmjs.org/@types%2fgensync 112ms
260 silly fetchPackageMetaData error for @types/gensync@ts3.6 No matching version found for @types/gensync@ts3.6.
261 http fetch GET 200 https://registry.npmjs.org/@types%2fget-intrinsic 105ms
262 silly fetchPackageMetaData error for @types/get-intrinsic@ts3.6 No matching version found for @types/get-intrinsic@ts3.6.
263 http fetch GET 304 https://registry.npmjs.org/@types%2fget-value 119ms (from cache)
264 silly pacote tag manifest for @types/get-value@ts3.6 fetched in 122ms
265 http fetch GET 304 https://registry.npmjs.org/@types%2fglob 74ms (from cache)
266 silly pacote tag manifest for @types/glob@ts3.6 fetched in 76ms
267 http fetch GET 304 https://registry.npmjs.org/@types%2fglob-parent 184ms (from cache)
268 http fetch GET 304 https://registry.npmjs.org/@types%2fglobal-modules 121ms (from cache)
269 silly pacote tag manifest for @types/glob-parent@ts3.6 fetched in 190ms
270 silly pacote tag manifest for @types/global-modules@ts3.6 fetched in 130ms
271 http fetch GET 304 https://registry.npmjs.org/@types%2fglobal-prefix 170ms (from cache)
272 silly pacote tag manifest for @types/global-prefix@ts3.6 fetched in 178ms
273 http fetch GET 304 https://registry.npmjs.org/@types%2fhas 130ms (from cache)
274 http fetch GET 304 https://registry.npmjs.org/@types%2fgraceful-fs 143ms (from cache)
275 silly pacote tag manifest for @types/has@ts3.6 fetched in 143ms
276 silly pacote tag manifest for @types/graceful-fs@ts3.6 fetched in 162ms
277 http fetch GET 304 https://registry.npmjs.org/@types%2fdefault-gateway 2448ms (from cache)
278 silly pacote tag manifest for @types/default-gateway@ts3.6 fetched in 2452ms
279 http fetch GET 304 https://registry.npmjs.org/@types%2fdns-packet 2267ms (from cache)
280 silly pacote tag manifest for @types/dns-packet@ts3.6 fetched in 2272ms
281 http fetch GET 304 https://registry.npmjs.org/@types%2fhas-symbols 178ms (from cache)
282 silly pacote tag manifest for @types/has-symbols@ts3.6 fetched in 181ms
283 http fetch GET 200 https://registry.npmjs.org/@types%2fhas-values 128ms
284 silly fetchPackageMetaData error for @types/has-values@ts3.6 No matching version found for @types/has-values@ts3.6.
285 http fetch GET 304 https://registry.npmjs.org/@types%2fhex-color-regex 118ms (from cache)
286 silly pacote tag manifest for @types/hex-color-regex@ts3.6 fetched in 120ms
287 http fetch GET 304 https://registry.npmjs.org/@types%2fhoist-non-react-statics 109ms (from cache)
288 silly pacote tag manifest for @types/hoist-non-react-statics@ts3.6 fetched in 119ms
289 http fetch GET 304 https://registry.npmjs.org/@types%2fhosted-git-info 119ms (from cache)
290 silly pacote tag manifest for @types/hosted-git-info@ts3.6 fetched in 121ms
291 http fetch GET 304 https://registry.npmjs.org/@types%2fhtml-encoding-sniffer 112ms (from cache)
292 silly pacote tag manifest for @types/html-encoding-sniffer@ts3.6 fetched in 115ms
293 http fetch GET 304 https://registry.npmjs.org/@types%2fhtml-minifier-terser 135ms (from cache)
294 silly pacote tag manifest for @types/html-minifier-terser@ts3.6 fetched in 138ms
295 http fetch GET 304 https://registry.npmjs.org/@types%2fhttp-proxy 184ms (from cache)
296 silly pacote tag manifest for @types/http-proxy@ts3.6 fetched in 187ms
297 http fetch GET 304 https://registry.npmjs.org/@types%2ficss-utils 120ms (from cache)
298 silly pacote tag manifest for @types/icss-utils@ts3.6 fetched in 125ms
299 http fetch GET 304 https://registry.npmjs.org/@types%2fimurmurhash 170ms (from cache)
300 silly pacote tag manifest for @types/imurmurhash@ts3.6 fetched in 173ms
301 http fetch GET 304 https://registry.npmjs.org/@types%2fiferr 223ms (from cache)
302 http fetch GET 304 https://registry.npmjs.org/@types%2fenhanced-resolve 2391ms (from cache)
303 silly pacote tag manifest for @types/iferr@ts3.6 fetched in 227ms
304 silly pacote tag manifest for @types/enhanced-resolve@ts3.6 fetched in 2394ms
305 http fetch GET 304 https://registry.npmjs.org/@types%2finherits 114ms (from cache)
306 silly pacote tag manifest for @types/inherits@ts3.6 fetched in 117ms
307 http fetch GET 304 https://registry.npmjs.org/@types%2finquirer 122ms (from cache)
308 silly pacote tag manifest for @types/inquirer@ts3.6 fetched in 134ms
309 http fetch GET 304 https://registry.npmjs.org/@types%2fesutils 2448ms (from cache)
310 http fetch GET 304 https://registry.npmjs.org/@types%2fevents 2356ms (from cache)
311 silly pacote tag manifest for @types/esutils@ts3.6 fetched in 2453ms
312 silly pacote tag manifest for @types/events@ts3.6 fetched in 2363ms
313 http fetch GET 304 https://registry.npmjs.org/@types%2fis-arguments 116ms (from cache)
314 silly pacote tag manifest for @types/is-arguments@ts3.6 fetched in 119ms
315 http fetch GET 304 https://registry.npmjs.org/@types%2ffinalhandler 2284ms (from cache)
316 silly pacote tag manifest for @types/finalhandler@ts3.6 fetched in 2289ms
317 http fetch GET 200 https://registry.npmjs.org/@types%2fis-boolean-object 109ms
318 silly fetchPackageMetaData error for @types/is-boolean-object@ts3.6 No matching version found for @types/is-boolean-object@ts3.6.
319 http fetch GET 304 https://registry.npmjs.org/@types%2fis-buffer 122ms (from cache)
320 silly pacote tag manifest for @types/is-buffer@ts3.6 fetched in 127ms
321 http fetch GET 304 https://registry.npmjs.org/@types%2fis-ci 124ms (from cache)
322 silly pacote tag manifest for @types/is-ci@ts3.6 fetched in 130ms
323 http fetch GET 304 https://registry.npmjs.org/@types%2fis-core-module 118ms (from cache)
324 silly pacote tag manifest for @types/is-core-module@ts3.6 fetched in 124ms
325 http fetch GET 200 https://registry.npmjs.org/@types%2fis-data-descriptor 133ms
326 silly fetchPackageMetaData error for @types/is-data-descriptor@ts3.6 No matching version found for @types/is-data-descriptor@ts3.6.
327 http fetch GET 304 https://registry.npmjs.org/@types%2ffunctional-red-black-tree 2394ms (from cache)
328 silly pacote tag manifest for @types/functional-red-black-tree@ts3.6 fetched in 2399ms
329 http fetch GET 304 https://registry.npmjs.org/@types%2fis-glob 137ms (from cache)
330 silly pacote tag manifest for @types/is-glob@ts3.6 fetched in 146ms
331 http fetch GET 304 https://registry.npmjs.org/@types%2fis-number 129ms (from cache)
332 silly pacote tag manifest for @types/is-number@ts3.6 fetched in 135ms
333 http fetch GET 304 https://registry.npmjs.org/@types%2fhe 2339ms (from cache)
334 silly pacote tag manifest for @types/he@ts3.6 fetched in 2342ms
335 http fetch GET 200 https://registry.npmjs.org/@types%2fis-string 91ms
336 silly fetchPackageMetaData error for @types/is-string@ts3.6 No matching version found for @types/is-string@ts3.6.
337 http fetch GET 304 https://registry.npmjs.org/@types%2fhttp-errors 2282ms (from cache)
338 silly pacote tag manifest for @types/http-errors@ts3.6 fetched in 2286ms
339 http fetch GET 304 https://registry.npmjs.org/@types%2fhtml-escaper 2344ms (from cache)
340 silly pacote tag manifest for @types/html-escaper@ts3.6 fetched in 2346ms
341 http fetch GET 304 https://registry.npmjs.org/@types%2fis-typedarray 160ms (from cache)
342 silly pacote tag manifest for @types/is-typedarray@ts3.6 fetched in 170ms
343 http fetch GET 304 https://registry.npmjs.org/@types%2fis-windows 164ms (from cache)
344 silly pacote tag manifest for @types/is-windows@ts3.6 fetched in 175ms
345 http fetch GET 304 https://registry.npmjs.org/@types%2fisarray 153ms (from cache)
346 silly pacote tag manifest for @types/isarray@ts3.6 fetched in 163ms
347 http fetch GET 304 https://registry.npmjs.org/@types%2fisexe 141ms (from cache)
348 http fetch GET 304 https://registry.npmjs.org/@types%2fistanbul-lib-coverage 91ms (from cache)
349 silly pacote tag manifest for @types/isexe@ts3.6 fetched in 146ms
350 silly pacote tag manifest for @types/istanbul-lib-coverage@ts3.6 fetched in 95ms
351 http fetch GET 304 https://registry.npmjs.org/@types%2fistanbul-lib-instrument 128ms (from cache)
352 silly pacote tag manifest for @types/istanbul-lib-instrument@ts3.6 fetched in 130ms
353 http fetch GET 304 https://registry.npmjs.org/@types%2fistanbul-lib-report 63ms (from cache)
354 silly pacote tag manifest for @types/istanbul-lib-report@ts3.6 fetched in 65ms
355 http fetch GET 304 https://registry.npmjs.org/@types%2fistanbul-lib-source-maps 118ms (from cache)
356 silly pacote tag manifest for @types/istanbul-lib-source-maps@ts3.6 fetched in 121ms
357 http fetch GET 304 https://registry.npmjs.org/@types%2fistanbul-reports 73ms (from cache)
358 silly pacote tag manifest for @types/istanbul-reports@ts3.6 fetched in 77ms
359 http fetch GET 304 https://registry.npmjs.org/@types%2fjs-levenshtein 76ms (from cache)
360 silly pacote tag manifest for @types/js-levenshtein@ts3.6 fetched in 78ms
361 http fetch GET 304 https://registry.npmjs.org/@types%2fini 2317ms (from cache)
362 silly pacote tag manifest for @types/ini@ts3.6 fetched in 2320ms
363 http fetch GET 304 https://registry.npmjs.org/@types%2fjsdom 90ms (from cache)
364 silly pacote tag manifest for @types/jsdom@ts3.6 fetched in 92ms
365 http fetch GET 304 https://registry.npmjs.org/@types%2fjsesc 100ms (from cache)
366 silly pacote tag manifest for @types/jsesc@ts3.6 fetched in 106ms
367 http fetch GET 304 https://registry.npmjs.org/@types%2fjs-yaml 142ms (from cache)
368 silly pacote tag manifest for @types/js-yaml@ts3.6 fetched in 145ms
369 http fetch GET 304 https://registry.npmjs.org/@types%2finternal-slot 2321ms (from cache)
370 silly pacote tag manifest for @types/internal-slot@ts3.6 fetched in 2323ms
371 http fetch GET 304 https://registry.npmjs.org/@types%2fjsonfile 110ms (from cache)
372 silly pacote tag manifest for @types/jsonfile@ts3.6 fetched in 116ms
373 http fetch GET 304 https://registry.npmjs.org/@types%2fjson-parse-better-errors 145ms (from cache)
374 silly pacote tag manifest for @types/json-parse-better-errors@ts3.6 fetched in 147ms
375 http fetch GET 304 https://registry.npmjs.org/@types%2fkind-of 116ms (from cache)
376 silly pacote tag manifest for @types/kind-of@ts3.6 fetched in 119ms
377 http fetch GET 200 https://registry.npmjs.org/@types%2flanguage-tags 138ms
378 silly fetchPackageMetaData error for @types/language-tags@ts3.6 No matching version found for @types/language-tags@ts3.6.
379 http fetch GET 304 https://registry.npmjs.org/@types%2fip 2390ms (from cache)
380 silly pacote tag manifest for @types/ip@ts3.6 fetched in 2394ms
381 http fetch GET 304 https://registry.npmjs.org/@types%2floader-utils 109ms (from cache)
382 silly pacote tag manifest for @types/loader-utils@ts3.6 fetched in 111ms
383 http fetch GET 304 https://registry.npmjs.org/@types%2flodash.debounce 100ms (from cache)
384 silly pacote tag manifest for @types/lodash.debounce@ts3.6 fetched in 104ms
385 http fetch GET 304 https://registry.npmjs.org/@types%2floader-runner 182ms (from cache)
386 silly pacote tag manifest for @types/loader-runner@ts3.6 fetched in 184ms
387 http fetch GET 304 https://registry.npmjs.org/@types%2flodash.memoize 136ms (from cache)
388 silly pacote tag manifest for @types/lodash.memoize@ts3.6 fetched in 145ms
389 http fetch GET 304 https://registry.npmjs.org/@types%2flodash 208ms (from cache)
390 silly pacote tag manifest for @types/lodash@ts3.6 fetched in 214ms
391 http fetch GET 304 https://registry.npmjs.org/@types%2flodash.template 127ms (from cache)
392 silly pacote tag manifest for @types/lodash.template@ts3.6 fetched in 132ms
393 http fetch GET 304 https://registry.npmjs.org/@types%2flodash.uniq 96ms (from cache)
394 http fetch GET 304 https://registry.npmjs.org/@types%2flodash.merge 164ms (from cache)
395 silly pacote tag manifest for @types/lodash.uniq@ts3.6 fetched in 99ms
396 silly pacote tag manifest for @types/lodash.merge@ts3.6 fetched in 166ms
397 http fetch GET 304 https://registry.npmjs.org/@types%2flodash.truncate 156ms (from cache)
398 silly pacote tag manifest for @types/lodash.truncate@ts3.6 fetched in 162ms
399 http fetch GET 304 https://registry.npmjs.org/@types%2flz-string 84ms (from cache)
400 http fetch GET 200 https://registry.npmjs.org/@types%2fis-bigint 2428ms
401 silly fetchPackageMetaData error for @types/is-bigint@ts3.6 No matching version found for @types/is-bigint@ts3.6.
402 silly pacote tag manifest for @types/lz-string@ts3.6 fetched in 90ms
403 http fetch GET 304 https://registry.npmjs.org/@types%2fmedia-typer 121ms (from cache)
404 silly pacote tag manifest for @types/media-typer@ts3.6 fetched in 128ms
405 http fetch GET 304 https://registry.npmjs.org/@types%2fis-callable 2321ms (from cache)
406 silly pacote tag manifest for @types/is-callable@ts3.6 fetched in 2327ms
407 http fetch GET 304 https://registry.npmjs.org/@types%2fis-date-object 2460ms (from cache)
408 silly pacote tag manifest for @types/is-date-object@ts3.6 fetched in 2463ms
409 http fetch GET 304 https://registry.npmjs.org/@types%2fis-regex 2287ms (from cache)
410 silly pacote tag manifest for @types/is-regex@ts3.6 fetched in 2290ms
411 timing stage:rollbackFailedOptional Completed in 0ms
412 timing stage:runTopLevelLifecycles Completed in 10278ms
413 verbose type tag
414 verbose stack @types/call-bind: No matching version found for @types/call-bind@ts3.6.
414 verbose stack     at pickManifest (/usr/local/lib/node_modules/npm/node_modules/npm-pick-manifest/index.js:122:13)
414 verbose stack     at /usr/local/lib/node_modules/npm/node_modules/pacote/lib/fetchers/registry/manifest.js:24:14
414 verbose stack     at tryCatcher (/usr/local/lib/node_modules/npm/node_modules/bluebird/js/release/util.js:16:23)
414 verbose stack     at Promise._settlePromiseFromHandler (/usr/local/lib/node_modules/npm/node_modules/bluebird/js/release/promise.js:517:31)
414 verbose stack     at Promise._settlePromise (/usr/local/lib/node_modules/npm/node_modules/bluebird/js/release/promise.js:574:18)
414 verbose stack     at Promise._settlePromise0 (/usr/local/lib/node_modules/npm/node_modules/bluebird/js/release/promise.js:619:10)
414 verbose stack     at Promise._settlePromises (/usr/local/lib/node_modules/npm/node_modules/bluebird/js/release/promise.js:699:18)
414 verbose stack     at _drainQueueStep (/usr/local/lib/node_modules/npm/node_modules/bluebird/js/release/async.js:138:12)
414 verbose stack     at _drainQueue (/usr/local/lib/node_modules/npm/node_modules/bluebird/js/release/async.js:131:9)
414 verbose stack     at Async._drainQueues (/usr/local/lib/node_modules/npm/node_modules/bluebird/js/release/async.js:147:5)
414 verbose stack     at Immediate.Async.drainQueues [as _onImmediate] (/usr/local/lib/node_modules/npm/node_modules/bluebird/js/release/async.js:17:14)
414 verbose stack     at processImmediate (internal/timers.js:456:21)
415 verbose cwd /home/theia/.cache/typescript/3.6
416 verbose Linux 5.10.16.3-microsoft-standard-WSL2
417 verbose argv "/usr/local/bin/node" "/usr/local/bin/npm" "install" "--ignore-scripts" "@types/accepts@ts3.6" "@types/argparse@ts3.6" "@types/aria-query@ts3.6" "@types/arr-diff@ts3.6" "@types/arr-union@ts3.6" "@types/array-unique@ts3.6" "@types/array.prototype.flat@ts3.6" "@types/array.prototype.flatmap@ts3.6" "@types/asap@ts3.6" "@types/assert@ts3.6" "@types/async@ts3.6" "@types/atob@ts3.6" "@types/babel-plugin-macros@ts3.6" "@types/babylon@ts3.6" "@types/balanced-match@ts3.6" "@types/big.js@ts3.6" "@types/bl@ts3.6" "@types/bluebird@ts3.6" "@types/bn.js@ts3.6" "@types/body-parser@ts3.6" "@types/bonjour@ts3.6" "@types/boolbase@ts3.6" "@types/brace-expansion@ts3.6" "@types/braces@ts3.6" "@types/brorand@ts3.6" "@types/bser@ts3.6" "@types/buffer-from@ts3.6" "@types/buffer-xor@ts3.6" "@types/bytes@ts3.6" "@types/cacache@ts3.6" "@types/call-bind@ts3.6" "@types/caniuse-api@ts3.6" "@types/caniuse-lite@ts3.6" "@types/case-sensitive-paths-webpack-plugin@ts3.6" "@types/chardet@ts3.6" "@types/check-types@ts3.6" "@types/chownr@ts3.6" "@types/cipher-base@ts3.6" "@types/clean-css@ts3.6" "@types/cli-spinners@ts3.6" "@types/clone@ts3.6" "@types/co@ts3.6" "@types/color@ts3.6" "@types/color-convert@ts3.6" "@types/color-name@ts3.6" "@types/color-string@ts3.6" "@types/combined-stream@ts3.6" "@types/common-tags@ts3.6" "@types/commondir@ts3.6" "@types/component-emitter@ts3.6" "@types/compose-function@ts3.6" "@types/compressible@ts3.6" "@types/compression@ts3.6" "@types/concat-map@ts3.6" "@types/concat-stream@ts3.6" "@types/confusing-browser-globals@ts3.6" "@types/connect-history-api-fallback@ts3.6" "@types/content-disposition@ts3.6" "@types/content-type@ts3.6" "@types/convert-source-map@ts3.6" "@types/cookie@ts3.6" "@types/cookie-signature@ts3.6" "@types/core-js@ts3.6" "@types/create-hash@ts3.6" "@types/create-hmac@ts3.6" "@types/cross-spawn@ts3.6" "@types/css@ts3.6" "@types/css-declaration-sorter@ts3.6" "@types/css-tree@ts3.6" "@types/css.escape@ts3.6" "@types/cssesc@ts3.6" "@types/csso@ts3.6" "@types/cssom@ts3.6" "@types/cssstyle@ts3.6" "@types/d@ts3.6" "@types/damerau-levenshtein@ts3.6" "@types/data-urls@ts3.6" "@types/debug@ts3.6" "@types/decode-uri-component@ts3.6" "@types/dedent@ts3.6" "@types/deep-equal@ts3.6" "@types/default-gateway@ts3.6" "@types/defaults@ts3.6" "@types/define-properties@ts3.6" "@types/depd@ts3.6" "@types/destroy@ts3.6" "@types/detect-node@ts3.6" "@types/diffie-hellman@ts3.6" "@types/dir-glob@ts3.6" "@types/dns-packet@ts3.6" "@types/doctrine@ts3.6" "@types/domexception@ts3.6" "@types/domutils@ts3.6" "@types/duplexify@ts3.6" "@types/ee-first@ts3.6" "@types/ejs@ts3.6" "@types/elliptic@ts3.6" "@types/encodeurl@ts3.6" "@types/end-of-stream@ts3.6" "@types/enhanced-resolve@ts3.6" "@types/es-abstract@ts3.6" "@types/es-to-primitive@ts3.6" "@types/escape-html@ts3.6" "@types/escodegen@ts3.6" "@types/eslint@ts3.6" "@types/eslint-scope@ts3.6" "@types/eslint-utils@ts3.6" "@types/eslint-visitor-keys@ts3.6" "@types/esprima@ts3.6" "@types/esquery@ts3.6" "@types/estraverse@ts3.6" "@types/esutils@ts3.6" "@types/etag@ts3.6" "@types/events@ts3.6" "@types/eventsource@ts3.6" "@types/exit@ts3.6" "@types/express@ts3.6" "@types/fast-levenshtein@ts3.6" "@types/fb-watchman@ts3.6" "@types/file-entry-cache@ts3.6" "@types/file-loader@ts3.6" "@types/fill-range@ts3.6" "@types/finalhandler@ts3.6" "@types/find-cache-dir@ts3.6" "@types/flat-cache@ts3.6" "@types/flush-write-stream@ts3.6" "@types/follow-redirects@ts3.6" "@types/forwarded@ts3.6" "@types/fresh@ts3.6" "@types/from2@ts3.6" "@types/fs-extra@ts3.6" "@types/function-bind@ts3.6" "@types/functional-red-black-tree@ts3.6" "@types/gensync@ts3.6" "@types/get-intrinsic@ts3.6" "@types/get-value@ts3.6" "@types/glob@ts3.6" "@types/glob-parent@ts3.6" "@types/global-modules@ts3.6" "@types/global-prefix@ts3.6" "@types/graceful-fs@ts3.6" "@types/has@ts3.6" "@types/has-symbols@ts3.6" "@types/has-values@ts3.6" "@types/he@ts3.6" "@types/hex-color-regex@ts3.6" "@types/hoist-non-react-statics@ts3.6" "@types/hosted-git-info@ts3.6" "@types/html-encoding-sniffer@ts3.6" "@types/html-escaper@ts3.6" "@types/html-minifier-terser@ts3.6" "@types/http-errors@ts3.6" "@types/http-proxy@ts3.6" "@types/icss-utils@ts3.6" "@types/iferr@ts3.6" "@types/imurmurhash@ts3.6" "@types/inherits@ts3.6" "@types/ini@ts3.6" "@types/inquirer@ts3.6" "@types/internal-slot@ts3.6" "@types/ip@ts3.6" "@types/is-arguments@ts3.6" "@types/is-bigint@ts3.6" "@types/is-boolean-object@ts3.6" "@types/is-buffer@ts3.6" "@types/is-callable@ts3.6" "@types/is-ci@ts3.6" "@types/is-core-module@ts3.6" "@types/is-data-descriptor@ts3.6" "@types/is-date-object@ts3.6" "@types/is-glob@ts3.6" "@types/is-number@ts3.6" "@types/is-regex@ts3.6" "@types/is-string@ts3.6" "@types/is-typedarray@ts3.6" "@types/is-windows@ts3.6" "@types/isarray@ts3.6" "@types/isexe@ts3.6" "@types/istanbul-lib-coverage@ts3.6" "@types/istanbul-lib-instrument@ts3.6" "@types/istanbul-lib-report@ts3.6" "@types/istanbul-lib-source-maps@ts3.6" "@types/istanbul-reports@ts3.6" "@types/js-levenshtein@ts3.6" "@types/js-yaml@ts3.6" "@types/jsdom@ts3.6" "@types/jsesc@ts3.6" "@types/json-parse-better-errors@ts3.6" "@types/jsonfile@ts3.6" "@types/kind-of@ts3.6" "@types/language-tags@ts3.6" "@types/loader-runner@ts3.6" "@types/loader-utils@ts3.6" "@types/lodash@ts3.6" "@types/lodash.debounce@ts3.6" "@types/lodash.memoize@ts3.6" "@types/lodash.merge@ts3.6" "@types/lodash.template@ts3.6" "@types/lodash.truncate@ts3.6" "@types/lodash.uniq@ts3.6" "@types/lz-string@ts3.6" "@types/media-typer@ts3.6" "--save-dev" "--user-agent=typesInstaller/3.6.3"
418 verbose node v12.18.3
419 verbose npm  v6.14.6
420 error code ETARGET
421 error notarget No matching version found for @types/call-bind@ts3.6.
422 error notarget In most cases you or one of your dependencies are requesting
422 error notarget a package version that doesn't exist.
423 verbose exit [ 1, true ]
