0 info it worked if it ends with ok
1 verbose cli [
1 verbose cli   '/usr/local/bin/node',
1 verbose cli   '/usr/local/bin/npm',
1 verbose cli   'install',
1 verbose cli   '--ignore-scripts',
1 verbose cli   '@types/accepts@ts3.6',
1 verbose cli   '@types/argparse@ts3.6',
1 verbose cli   '@types/aria-query@ts3.6',
1 verbose cli   '@types/arr-diff@ts3.6',
1 verbose cli   '@types/arr-union@ts3.6',
1 verbose cli   '@types/array-unique@ts3.6',
1 verbose cli   '@types/array.prototype.flat@ts3.6',
1 verbose cli   '@types/array.prototype.flatmap@ts3.6',
1 verbose cli   '@types/asap@ts3.6',
1 verbose cli   '@types/assert@ts3.6',
1 verbose cli   '@types/async@ts3.6',
1 verbose cli   '@types/atob@ts3.6',
1 verbose cli   '@types/babel-plugin-macros@ts3.6',
1 verbose cli   '@types/babylon@ts3.6',
1 verbose cli   '@types/balanced-match@ts3.6',
1 verbose cli   '@types/big.js@ts3.6',
1 verbose cli   '@types/bluebird@ts3.6',
1 verbose cli   '@types/bn.js@ts3.6',
1 verbose cli   '@types/body-parser@ts3.6',
1 verbose cli   '@types/bonjour@ts3.6',
1 verbose cli   '@types/boolbase@ts3.6',
1 verbose cli   '@types/brace-expansion@ts3.6',
1 verbose cli   '@types/braces@ts3.6',
1 verbose cli   '@types/brorand@ts3.6',
1 verbose cli   '@types/bser@ts3.6',
1 verbose cli   '@types/buffer-from@ts3.6',
1 verbose cli   '@types/buffer-xor@ts3.6',
1 verbose cli   '@types/bytes@ts3.6',
1 verbose cli   '@types/cacache@ts3.6',
1 verbose cli   '@types/call-bind@ts3.6',
1 verbose cli   '@types/caniuse-api@ts3.6',
1 verbose cli   '@types/caniuse-lite@ts3.6',
1 verbose cli   '@types/case-sensitive-paths-webpack-plugin@ts3.6',
1 verbose cli   '@types/check-types@ts3.6',
1 verbose cli   '@types/chownr@ts3.6',
1 verbose cli   '@types/cipher-base@ts3.6',
1 verbose cli   '@types/clean-css@ts3.6',
1 verbose cli   '@types/co@ts3.6',
1 verbose cli   '@types/color@ts3.6',
1 verbose cli   '@types/color-convert@ts3.6',
1 verbose cli   '@types/color-name@ts3.6',
1 verbose cli   '@types/color-string@ts3.6',
1 verbose cli   '@types/combined-stream@ts3.6',
1 verbose cli   '@types/common-tags@ts3.6',
1 verbose cli   '@types/commondir@ts3.6',
1 verbose cli   '@types/component-emitter@ts3.6',
1 verbose cli   '@types/compose-function@ts3.6',
1 verbose cli   '@types/compressible@ts3.6',
1 verbose cli   '@types/compression@ts3.6',
1 verbose cli   '@types/concat-map@ts3.6',
1 verbose cli   '@types/concat-stream@ts3.6',
1 verbose cli   '@types/confusing-browser-globals@ts3.6',
1 verbose cli   '@types/connect-history-api-fallback@ts3.6',
1 verbose cli   '@types/content-disposition@ts3.6',
1 verbose cli   '@types/content-type@ts3.6',
1 verbose cli   '@types/convert-source-map@ts3.6',
1 verbose cli   '@types/cookie@ts3.6',
1 verbose cli   '@types/cookie-signature@ts3.6',
1 verbose cli   '@types/core-js@ts3.6',
1 verbose cli   '@types/create-hash@ts3.6',
1 verbose cli   '@types/create-hmac@ts3.6',
1 verbose cli   '@types/cross-spawn@ts3.6',
1 verbose cli   '@types/css@ts3.6',
1 verbose cli   '@types/css-declaration-sorter@ts3.6',
1 verbose cli   '@types/css-tree@ts3.6',
1 verbose cli   '@types/css.escape@ts3.6',
1 verbose cli   '@types/cssesc@ts3.6',
1 verbose cli   '@types/csso@ts3.6',
1 verbose cli   '@types/cssom@ts3.6',
1 verbose cli   '@types/cssstyle@ts3.6',
1 verbose cli   '@types/d@ts3.6',
1 verbose cli   '@types/damerau-levenshtein@ts3.6',
1 verbose cli   '@types/data-urls@ts3.6',
1 verbose cli   '@types/debug@ts3.6',
1 verbose cli   '@types/decode-uri-component@ts3.6',
1 verbose cli   '@types/dedent@ts3.6',
1 verbose cli   '@types/deep-equal@ts3.6',
1 verbose cli   '@types/default-gateway@ts3.6',
1 verbose cli   '@types/define-properties@ts3.6',
1 verbose cli   '@types/depd@ts3.6',
1 verbose cli   '@types/destroy@ts3.6',
1 verbose cli   '@types/detect-node@ts3.6',
1 verbose cli   '@types/diffie-hellman@ts3.6',
1 verbose cli   '@types/dir-glob@ts3.6',
1 verbose cli   '@types/dns-packet@ts3.6',
1 verbose cli   '@types/doctrine@ts3.6',
1 verbose cli   '@types/domexception@ts3.6',
1 verbose cli   '@types/domutils@ts3.6',
1 verbose cli   '@types/duplexify@ts3.6',
1 verbose cli   '@types/ee-first@ts3.6',
1 verbose cli   '@types/ejs@ts3.6',
1 verbose cli   '@types/elliptic@ts3.6',
1 verbose cli   '@types/encodeurl@ts3.6',
1 verbose cli   '@types/end-of-stream@ts3.6',
1 verbose cli   '@types/enhanced-resolve@ts3.6',
1 verbose cli   '@types/es-abstract@ts3.6',
1 verbose cli   ... 102 more items
1 verbose cli ]
2 info using npm@6.14.6
3 info using node@v12.18.3
4 verbose npm-session 244ca9a07c518383
5 silly install loadCurrentTree
6 silly install readLocalPackageData
7 http fetch GET 304 https://registry.npmjs.org/@types%2farray.prototype.flat 419ms (from cache)
8 http fetch GET 304 https://registry.npmjs.org/@types%2faria-query 426ms (from cache)
9 http fetch GET 304 https://registry.npmjs.org/@types%2fargparse 429ms (from cache)
10 http fetch GET 304 https://registry.npmjs.org/@types%2faccepts 432ms (from cache)
11 http fetch GET 304 https://registry.npmjs.org/@types%2farr-union 430ms (from cache)
12 http fetch GET 304 https://registry.npmjs.org/@types%2farray.prototype.flatmap 431ms (from cache)
13 http fetch GET 304 https://registry.npmjs.org/@types%2fasap 446ms (from cache)
14 http fetch GET 304 https://registry.npmjs.org/@types%2farr-diff 462ms (from cache)
15 silly pacote tag manifest for @types/array.prototype.flat@ts3.6 fetched in 466ms
16 silly pacote tag manifest for @types/aria-query@ts3.6 fetched in 472ms
17 silly pacote tag manifest for @types/argparse@ts3.6 fetched in 476ms
18 silly pacote tag manifest for @types/accepts@ts3.6 fetched in 482ms
19 silly pacote tag manifest for @types/array.prototype.flatmap@ts3.6 fetched in 476ms
20 silly pacote tag manifest for @types/arr-union@ts3.6 fetched in 480ms
21 silly pacote tag manifest for @types/asap@ts3.6 fetched in 502ms
22 silly pacote tag manifest for @types/arr-diff@ts3.6 fetched in 518ms
23 http fetch GET 304 https://registry.npmjs.org/@types%2farray-unique 518ms (from cache)
24 silly pacote tag manifest for @types/array-unique@ts3.6 fetched in 562ms
25 http fetch GET 304 https://registry.npmjs.org/@types%2fasync 145ms (from cache)
26 silly pacote tag manifest for @types/async@ts3.6 fetched in 147ms
27 http fetch GET 304 https://registry.npmjs.org/@types%2fbody-parser 86ms (from cache)
28 silly pacote tag manifest for @types/body-parser@ts3.6 fetched in 88ms
29 http fetch GET 304 https://registry.npmjs.org/@types%2fbabylon 188ms (from cache)
30 http fetch GET 304 https://registry.npmjs.org/@types%2fbig.js 183ms (from cache)
31 http fetch GET 304 https://registry.npmjs.org/@types%2fbn.js 139ms (from cache)
32 silly pacote tag manifest for @types/babylon@ts3.6 fetched in 192ms
33 http fetch GET 304 https://registry.npmjs.org/@types%2fbalanced-match 192ms (from cache)
34 silly pacote tag manifest for @types/big.js@ts3.6 fetched in 189ms
35 silly pacote tag manifest for @types/bn.js@ts3.6 fetched in 144ms
36 silly pacote tag manifest for @types/balanced-match@ts3.6 fetched in 197ms
37 http fetch GET 304 https://registry.npmjs.org/@types%2fbonjour 66ms (from cache)
38 silly pacote tag manifest for @types/bonjour@ts3.6 fetched in 67ms
39 http fetch GET 304 https://registry.npmjs.org/@types%2fbluebird 199ms (from cache)
40 silly pacote tag manifest for @types/bluebird@ts3.6 fetched in 200ms
41 http fetch GET 304 https://registry.npmjs.org/@types%2fbser 91ms (from cache)
42 http fetch GET 304 https://registry.npmjs.org/@types%2fbraces 98ms (from cache)
43 silly pacote tag manifest for @types/bser@ts3.6 fetched in 93ms
44 silly pacote tag manifest for @types/braces@ts3.6 fetched in 99ms
45 http fetch GET 304 https://registry.npmjs.org/@types%2fboolbase 139ms (from cache)
46 silly pacote tag manifest for @types/boolbase@ts3.6 fetched in 140ms
47 http fetch GET 304 https://registry.npmjs.org/@types%2fbrace-expansion 154ms (from cache)
48 silly pacote tag manifest for @types/brace-expansion@ts3.6 fetched in 155ms
49 http fetch GET 304 https://registry.npmjs.org/@types%2fbrorand 175ms (from cache)
50 silly pacote tag manifest for @types/brorand@ts3.6 fetched in 177ms
51 http fetch GET 304 https://registry.npmjs.org/@types%2fbytes 95ms (from cache)
52 silly pacote tag manifest for @types/bytes@ts3.6 fetched in 97ms
53 http fetch GET 304 https://registry.npmjs.org/@types%2fcall-bind 148ms (from cache)
54 silly registry:manifest no matching version for @types/call-bind@ts3.6 in the cache. Forcing revalidation.
55 http fetch GET 304 https://registry.npmjs.org/@types%2fcaniuse-lite 102ms (from cache)
56 silly pacote tag manifest for @types/caniuse-lite@ts3.6 fetched in 109ms
57 http fetch GET 304 https://registry.npmjs.org/@types%2fcaniuse-api 146ms (from cache)
58 http fetch GET 304 https://registry.npmjs.org/@types%2fcase-sensitive-paths-webpack-plugin 104ms (from cache)
59 silly pacote tag manifest for @types/caniuse-api@ts3.6 fetched in 149ms
60 silly pacote tag manifest for @types/case-sensitive-paths-webpack-plugin@ts3.6 fetched in 110ms
61 http fetch GET 304 https://registry.npmjs.org/@types%2fcipher-base 104ms (from cache)
62 silly pacote tag manifest for @types/cipher-base@ts3.6 fetched in 106ms
63 http fetch GET 304 https://registry.npmjs.org/@types%2fchownr 138ms (from cache)
64 silly pacote tag manifest for @types/chownr@ts3.6 fetched in 141ms
65 http fetch GET 304 https://registry.npmjs.org/@types%2fclean-css 172ms (from cache)
66 http fetch GET 304 https://registry.npmjs.org/@types%2fco 144ms (from cache)
67 silly pacote tag manifest for @types/clean-css@ts3.6 fetched in 178ms
68 silly pacote tag manifest for @types/co@ts3.6 fetched in 152ms
69 http fetch GET 304 https://registry.npmjs.org/@types%2fcolor-convert 133ms (from cache)
70 silly pacote tag manifest for @types/color-convert@ts3.6 fetched in 135ms
71 http fetch GET 304 https://registry.npmjs.org/@types%2fcolor 144ms (from cache)
72 silly pacote tag manifest for @types/color@ts3.6 fetched in 145ms
73 http fetch GET 304 https://registry.npmjs.org/@types%2fcolor-name 70ms (from cache)
74 silly pacote tag manifest for @types/color-name@ts3.6 fetched in 73ms
75 http fetch GET 304 https://registry.npmjs.org/@types%2fcombined-stream 108ms (from cache)
76 silly pacote tag manifest for @types/combined-stream@ts3.6 fetched in 113ms
77 http fetch GET 304 https://registry.npmjs.org/@types%2fcommon-tags 112ms (from cache)
78 silly pacote tag manifest for @types/common-tags@ts3.6 fetched in 116ms
79 http fetch GET 304 https://registry.npmjs.org/@types%2fcommondir 145ms (from cache)
80 silly pacote tag manifest for @types/commondir@ts3.6 fetched in 146ms
81 http fetch GET 304 https://registry.npmjs.org/@types%2fcomponent-emitter 89ms (from cache)
82 silly pacote tag manifest for @types/component-emitter@ts3.6 fetched in 91ms
83 http fetch GET 304 https://registry.npmjs.org/@types%2fcacache 1206ms (from cache)
84 silly pacote tag manifest for @types/cacache@ts3.6 fetched in 1207ms
85 http fetch GET 304 https://registry.npmjs.org/@types%2fcompose-function 130ms (from cache)
86 silly pacote tag manifest for @types/compose-function@ts3.6 fetched in 131ms
87 http fetch GET 304 https://registry.npmjs.org/@types%2fcompressible 127ms (from cache)
88 silly pacote tag manifest for @types/compressible@ts3.6 fetched in 128ms
89 http fetch GET 304 https://registry.npmjs.org/@types%2fcompression 114ms (from cache)
90 silly pacote tag manifest for @types/compression@ts3.6 fetched in 115ms
91 http fetch GET 304 https://registry.npmjs.org/@types%2fconcat-stream 76ms (from cache)
92 silly pacote tag manifest for @types/concat-stream@ts3.6 fetched in 79ms
93 http fetch GET 304 https://registry.npmjs.org/@types%2fassert 2362ms (from cache)
94 silly pacote tag manifest for @types/assert@ts3.6 fetched in 2363ms
95 http fetch GET 304 https://registry.npmjs.org/@types%2fconnect-history-api-fallback 75ms (from cache)
96 silly pacote tag manifest for @types/connect-history-api-fallback@ts3.6 fetched in 82ms
97 http fetch GET 304 https://registry.npmjs.org/@types%2fcontent-disposition 150ms (from cache)
98 silly pacote tag manifest for @types/content-disposition@ts3.6 fetched in 158ms
99 http fetch GET 304 https://registry.npmjs.org/@types%2fbabel-plugin-macros 2376ms (from cache)
100 http fetch GET 304 https://registry.npmjs.org/@types%2fatob 2385ms (from cache)
101 silly pacote tag manifest for @types/babel-plugin-macros@ts3.6 fetched in 2385ms
102 silly pacote tag manifest for @types/atob@ts3.6 fetched in 2394ms
103 http fetch GET 304 https://registry.npmjs.org/@types%2fbuffer-xor 2312ms (from cache)
104 silly pacote tag manifest for @types/buffer-xor@ts3.6 fetched in 2327ms
105 http fetch GET 304 https://registry.npmjs.org/@types%2fbuffer-from 2344ms (from cache)
106 http fetch GET 304 https://registry.npmjs.org/@types%2fcolor-string 1631ms (from cache)
107 silly pacote tag manifest for @types/buffer-from@ts3.6 fetched in 2359ms
108 silly pacote tag manifest for @types/color-string@ts3.6 fetched in 1645ms
109 http fetch GET 304 https://registry.npmjs.org/@types%2fconvert-source-map 213ms (from cache)
110 http fetch GET 304 https://registry.npmjs.org/@types%2fcookie 212ms (from cache)
111 silly pacote tag manifest for @types/convert-source-map@ts3.6 fetched in 223ms
112 silly pacote tag manifest for @types/cookie@ts3.6 fetched in 222ms
113 http fetch GET 304 https://registry.npmjs.org/@types%2fcore-js 171ms (from cache)
114 silly pacote tag manifest for @types/core-js@ts3.6 fetched in 184ms
115 http fetch GET 200 https://registry.npmjs.org/@types%2fcall-bind 2322ms
116 silly fetchPackageMetaData error for @types/call-bind@ts3.6 No matching version found for @types/call-bind@ts3.6.
117 http fetch GET 304 https://registry.npmjs.org/@types%2fcross-spawn 200ms (from cache)
118 silly pacote tag manifest for @types/cross-spawn@ts3.6 fetched in 203ms
119 http fetch GET 304 https://registry.npmjs.org/@types%2fcheck-types 2337ms (from cache)
120 silly pacote tag manifest for @types/check-types@ts3.6 fetched in 2340ms
121 http fetch GET 304 https://registry.npmjs.org/@types%2fconcat-map 1247ms (from cache)
122 silly pacote tag manifest for @types/concat-map@ts3.6 fetched in 1248ms
123 http fetch GET 304 https://registry.npmjs.org/@types%2fcss.escape 92ms (from cache)
124 silly registry:manifest no matching version for @types/css.escape@ts3.6 in the cache. Forcing revalidation.
125 http fetch GET 304 https://registry.npmjs.org/@types%2fcss-tree 108ms (from cache)
126 silly pacote tag manifest for @types/css-tree@ts3.6 fetched in 110ms
127 http fetch GET 304 https://registry.npmjs.org/@types%2fcreate-hash 419ms (from cache)
128 silly pacote tag manifest for @types/create-hash@ts3.6 fetched in 421ms
129 http fetch GET 304 https://registry.npmjs.org/@types%2fcssom 153ms (from cache)
130 silly pacote tag manifest for @types/cssom@ts3.6 fetched in 158ms
131 http fetch GET 304 https://registry.npmjs.org/@types%2fconfusing-browser-globals 2459ms (from cache)
132 silly pacote tag manifest for @types/confusing-browser-globals@ts3.6 fetched in 2474ms
133 http fetch GET 304 https://registry.npmjs.org/@types%2fcss-declaration-sorter 1496ms (from cache)
134 silly pacote tag manifest for @types/css-declaration-sorter@ts3.6 fetched in 1499ms
135 http fetch GET 304 https://registry.npmjs.org/@types%2fcss 1578ms (from cache)
136 silly pacote tag manifest for @types/css@ts3.6 fetched in 1582ms
137 http fetch GET 304 https://registry.npmjs.org/@types%2fcontent-type 2282ms (from cache)
138 silly pacote tag manifest for @types/content-type@ts3.6 fetched in 2287ms
139 http fetch GET 304 https://registry.npmjs.org/@types%2fdamerau-levenshtein 124ms (from cache)
140 silly pacote tag manifest for @types/damerau-levenshtein@ts3.6 fetched in 127ms
141 http fetch GET 304 https://registry.npmjs.org/@types%2fdata-urls 116ms (from cache)
142 silly pacote tag manifest for @types/data-urls@ts3.6 fetched in 117ms
143 http fetch GET 304 https://registry.npmjs.org/@types%2fdebug 136ms (from cache)
144 silly pacote tag manifest for @types/debug@ts3.6 fetched in 139ms
145 http fetch GET 304 https://registry.npmjs.org/@types%2fdecode-uri-component 130ms (from cache)
146 silly pacote tag manifest for @types/decode-uri-component@ts3.6 fetched in 134ms
147 http fetch GET 304 https://registry.npmjs.org/@types%2fdedent 121ms (from cache)
148 silly pacote tag manifest for @types/dedent@ts3.6 fetched in 125ms
149 http fetch GET 304 https://registry.npmjs.org/@types%2fdeep-equal 142ms (from cache)
150 silly pacote tag manifest for @types/deep-equal@ts3.6 fetched in 143ms
151 http fetch GET 304 https://registry.npmjs.org/@types%2fdefine-properties 126ms (from cache)
152 silly pacote tag manifest for @types/define-properties@ts3.6 fetched in 131ms
153 http fetch GET 304 https://registry.npmjs.org/@types%2fdestroy 215ms (from cache)
154 silly pacote tag manifest for @types/destroy@ts3.6 fetched in 225ms
155 http fetch GET 304 https://registry.npmjs.org/@types%2fcreate-hmac 2339ms (from cache)
156 http fetch GET 304 https://registry.npmjs.org/@types%2fcookie-signature 2413ms (from cache)
157 silly pacote tag manifest for @types/create-hmac@ts3.6 fetched in 2358ms
158 silly pacote tag manifest for @types/cookie-signature@ts3.6 fetched in 2432ms
159 http fetch GET 304 https://registry.npmjs.org/@types%2fdir-glob 196ms (from cache)
160 silly pacote tag manifest for @types/dir-glob@ts3.6 fetched in 207ms
161 http fetch GET 304 https://registry.npmjs.org/@types%2fdetect-node 251ms (from cache)
162 silly pacote tag manifest for @types/detect-node@ts3.6 fetched in 262ms
163 http fetch GET 200 https://registry.npmjs.org/@types%2fcss.escape 2340ms
164 silly fetchPackageMetaData error for @types/css.escape@ts3.6 No matching version found for @types/css.escape@ts3.6.
165 http fetch GET 304 https://registry.npmjs.org/@types%2fcssesc 2385ms (from cache)
166 silly pacote tag manifest for @types/cssesc@ts3.6 fetched in 2388ms
167 http fetch GET 304 https://registry.npmjs.org/@types%2fcsso 2393ms (from cache)
168 silly pacote tag manifest for @types/csso@ts3.6 fetched in 2398ms
169 http fetch GET 304 https://registry.npmjs.org/@types%2fdomexception 135ms (from cache)
170 silly pacote tag manifest for @types/domexception@ts3.6 fetched in 138ms
171 http fetch GET 304 https://registry.npmjs.org/@types%2fdomutils 171ms (from cache)
172 silly pacote tag manifest for @types/domutils@ts3.6 fetched in 174ms
173 http fetch GET 304 https://registry.npmjs.org/@types%2fcssstyle 2293ms (from cache)
174 silly pacote tag manifest for @types/cssstyle@ts3.6 fetched in 2297ms
175 http fetch GET 304 https://registry.npmjs.org/@types%2fduplexify 139ms (from cache)
176 silly pacote tag manifest for @types/duplexify@ts3.6 fetched in 141ms
177 http fetch GET 304 https://registry.npmjs.org/@types%2fee-first 120ms (from cache)
178 silly pacote tag manifest for @types/ee-first@ts3.6 fetched in 122ms
179 http fetch GET 304 https://registry.npmjs.org/@types%2fencodeurl 106ms (from cache)
180 silly pacote tag manifest for @types/encodeurl@ts3.6 fetched in 108ms
181 http fetch GET 304 https://registry.npmjs.org/@types%2fejs 156ms (from cache)
182 silly pacote tag manifest for @types/ejs@ts3.6 fetched in 157ms
183 http fetch GET 304 https://registry.npmjs.org/@types%2fend-of-stream 139ms (from cache)
184 http fetch GET 304 https://registry.npmjs.org/@types%2felliptic 203ms (from cache)
185 silly pacote tag manifest for @types/end-of-stream@ts3.6 fetched in 142ms
186 silly pacote tag manifest for @types/elliptic@ts3.6 fetched in 205ms
187 http fetch GET 304 https://registry.npmjs.org/@types%2fenhanced-resolve 97ms (from cache)
188 silly pacote tag manifest for @types/enhanced-resolve@ts3.6 fetched in 97ms
189 http fetch GET 304 https://registry.npmjs.org/@types%2fes-abstract 102ms (from cache)
190 silly pacote tag manifest for @types/es-abstract@ts3.6 fetched in 103ms
191 http fetch GET 304 https://registry.npmjs.org/@types%2feslint 58ms (from cache)
192 silly pacote tag manifest for @types/eslint@ts3.6 fetched in 60ms
193 http fetch GET 304 https://registry.npmjs.org/@types%2fescodegen 92ms (from cache)
194 silly pacote tag manifest for @types/escodegen@ts3.6 fetched in 93ms
195 http fetch GET 304 https://registry.npmjs.org/@types%2fes-to-primitive 132ms (from cache)
196 http fetch GET 304 https://registry.npmjs.org/@types%2fescape-html 132ms (from cache)
197 silly pacote tag manifest for @types/es-to-primitive@ts3.6 fetched in 134ms
198 silly pacote tag manifest for @types/escape-html@ts3.6 fetched in 134ms
199 http fetch GET 304 https://registry.npmjs.org/@types%2feslint-scope 66ms (from cache)
200 silly pacote tag manifest for @types/eslint-scope@ts3.6 fetched in 67ms
201 http fetch GET 304 https://registry.npmjs.org/@types%2feslint-utils 101ms (from cache)
202 silly pacote tag manifest for @types/eslint-utils@ts3.6 fetched in 102ms
203 http fetch GET 304 https://registry.npmjs.org/@types%2fesprima 81ms (from cache)
204 silly pacote tag manifest for @types/esprima@ts3.6 fetched in 82ms
205 http fetch GET 304 https://registry.npmjs.org/@types%2feslint-visitor-keys 96ms (from cache)
206 silly pacote tag manifest for @types/eslint-visitor-keys@ts3.6 fetched in 98ms
207 http fetch GET 304 https://registry.npmjs.org/@types%2fesquery 102ms (from cache)
208 silly pacote tag manifest for @types/esquery@ts3.6 fetched in 104ms
209 http fetch GET 304 https://registry.npmjs.org/@types%2festraverse 130ms (from cache)
210 silly pacote tag manifest for @types/estraverse@ts3.6 fetched in 154ms
211 http fetch GET 304 https://registry.npmjs.org/@types%2fesutils 183ms (from cache)
212 http fetch GET 304 https://registry.npmjs.org/@types%2fetag 174ms (from cache)
213 silly pacote tag manifest for @types/esutils@ts3.6 fetched in 192ms
214 silly pacote tag manifest for @types/etag@ts3.6 fetched in 185ms
215 http fetch GET 304 https://registry.npmjs.org/@types%2fevents 170ms (from cache)
216 silly pacote tag manifest for @types/events@ts3.6 fetched in 175ms
217 http fetch GET 304 https://registry.npmjs.org/@types%2fexpress 88ms (from cache)
218 silly pacote tag manifest for @types/express@ts3.6 fetched in 95ms
219 http fetch GET 304 https://registry.npmjs.org/@types%2fexit 144ms (from cache)
220 silly pacote tag manifest for @types/exit@ts3.6 fetched in 151ms
221 http fetch GET 304 https://registry.npmjs.org/@types%2ffast-levenshtein 148ms (from cache)
222 silly pacote tag manifest for @types/fast-levenshtein@ts3.6 fetched in 153ms
223 http fetch GET 304 https://registry.npmjs.org/@types%2ffile-entry-cache 142ms (from cache)
224 silly pacote tag manifest for @types/file-entry-cache@ts3.6 fetched in 148ms
225 http fetch GET 304 https://registry.npmjs.org/@types%2ffile-loader 176ms (from cache)
226 silly pacote tag manifest for @types/file-loader@ts3.6 fetched in 180ms
227 http fetch GET 304 https://registry.npmjs.org/@types%2ffill-range 166ms (from cache)
228 silly registry:manifest no matching version for @types/fill-range@ts3.6 in the cache. Forcing revalidation.
229 http fetch GET 304 https://registry.npmjs.org/@types%2ffinalhandler 146ms (from cache)
230 silly pacote tag manifest for @types/finalhandler@ts3.6 fetched in 165ms
231 http fetch GET 304 https://registry.npmjs.org/@types%2fd 2361ms (from cache)
232 http fetch GET 304 https://registry.npmjs.org/@types%2fdiffie-hellman 1659ms (from cache)
233 silly pacote tag manifest for @types/d@ts3.6 fetched in 2363ms
234 silly pacote tag manifest for @types/diffie-hellman@ts3.6 fetched in 1669ms
235 http fetch GET 200 https://registry.npmjs.org/@types%2ffill-range 113ms
236 silly fetchPackageMetaData error for @types/fill-range@ts3.6 No matching version found for @types/fill-range@ts3.6.
237 http fetch GET 304 https://registry.npmjs.org/@types%2fdoctrine 1511ms (from cache)
238 silly pacote tag manifest for @types/doctrine@ts3.6 fetched in 1516ms
239 http fetch GET 304 https://registry.npmjs.org/@types%2ffind-cache-dir 111ms (from cache)
240 silly pacote tag manifest for @types/find-cache-dir@ts3.6 fetched in 115ms
241 http fetch GET 304 https://registry.npmjs.org/@types%2fflush-write-stream 120ms (from cache)
242 silly pacote tag manifest for @types/flush-write-stream@ts3.6 fetched in 122ms
243 http fetch GET 304 https://registry.npmjs.org/@types%2fflat-cache 154ms (from cache)
244 silly pacote tag manifest for @types/flat-cache@ts3.6 fetched in 158ms
245 http fetch GET 304 https://registry.npmjs.org/@types%2fforwarded 118ms (from cache)
246 silly pacote tag manifest for @types/forwarded@ts3.6 fetched in 119ms
247 http fetch GET 304 https://registry.npmjs.org/@types%2ffresh 146ms (from cache)
248 silly pacote tag manifest for @types/fresh@ts3.6 fetched in 151ms
249 http fetch GET 304 https://registry.npmjs.org/@types%2fdefault-gateway 2339ms (from cache)
250 http fetch GET 304 https://registry.npmjs.org/@types%2ffrom2 140ms (from cache)
251 silly pacote tag manifest for @types/default-gateway@ts3.6 fetched in 2343ms
252 silly pacote tag manifest for @types/from2@ts3.6 fetched in 148ms
253 http fetch GET 304 https://registry.npmjs.org/@types%2ffs-extra 140ms (from cache)
254 silly pacote tag manifest for @types/fs-extra@ts3.6 fetched in 142ms
255 http fetch GET 304 https://registry.npmjs.org/@types%2ffunctional-red-black-tree 107ms (from cache)
256 silly pacote tag manifest for @types/functional-red-black-tree@ts3.6 fetched in 108ms
257 http fetch GET 304 https://registry.npmjs.org/@types%2fgensync 108ms (from cache)
258 silly registry:manifest no matching version for @types/gensync@ts3.6 in the cache. Forcing revalidation.
259 http fetch GET 304 https://registry.npmjs.org/@types%2fdepd 2359ms (from cache)
260 http fetch GET 304 https://registry.npmjs.org/@types%2fglob 66ms (from cache)
261 silly pacote tag manifest for @types/depd@ts3.6 fetched in 2361ms
262 silly pacote tag manifest for @types/glob@ts3.6 fetched in 69ms
263 http fetch GET 304 https://registry.npmjs.org/@types%2fget-intrinsic 157ms (from cache)
264 silly registry:manifest no matching version for @types/get-intrinsic@ts3.6 in the cache. Forcing revalidation.
265 http fetch GET 200 https://registry.npmjs.org/@types%2fgensync 115ms
266 silly fetchPackageMetaData error for @types/gensync@ts3.6 No matching version found for @types/gensync@ts3.6.
267 http fetch GET 304 https://registry.npmjs.org/@types%2fglobal-modules 117ms (from cache)
268 silly pacote tag manifest for @types/global-modules@ts3.6 fetched in 118ms
269 http fetch GET 304 https://registry.npmjs.org/@types%2fgraceful-fs 56ms (from cache)
270 silly pacote tag manifest for @types/graceful-fs@ts3.6 fetched in 58ms
271 http fetch GET 304 https://registry.npmjs.org/@types%2fglobal-prefix 133ms (from cache)
272 silly pacote tag manifest for @types/global-prefix@ts3.6 fetched in 134ms
273 http fetch GET 304 https://registry.npmjs.org/@types%2fglob-parent 219ms (from cache)
274 silly pacote tag manifest for @types/glob-parent@ts3.6 fetched in 221ms
275 http fetch GET 304 https://registry.npmjs.org/@types%2fhas 92ms (from cache)
276 silly pacote tag manifest for @types/has@ts3.6 fetched in 93ms
277 http fetch GET 304 https://registry.npmjs.org/@types%2fhas-symbols 112ms (from cache)
278 silly pacote tag manifest for @types/has-symbols@ts3.6 fetched in 113ms
279 http fetch GET 304 https://registry.npmjs.org/@types%2fhas-values 105ms (from cache)
280 silly registry:manifest no matching version for @types/has-values@ts3.6 in the cache. Forcing revalidation.
281 http fetch GET 304 https://registry.npmjs.org/@types%2fhe 120ms (from cache)
282 silly pacote tag manifest for @types/he@ts3.6 fetched in 125ms
283 http fetch GET 200 https://registry.npmjs.org/@types%2fhas-values 104ms
284 silly fetchPackageMetaData error for @types/has-values@ts3.6 No matching version found for @types/has-values@ts3.6.
285 http fetch GET 304 https://registry.npmjs.org/@types%2fdns-packet 2358ms (from cache)
286 silly pacote tag manifest for @types/dns-packet@ts3.6 fetched in 2363ms
287 http fetch GET 304 https://registry.npmjs.org/@types%2fhosted-git-info 161ms (from cache)
288 silly pacote tag manifest for @types/hosted-git-info@ts3.6 fetched in 166ms
289 http fetch GET 304 https://registry.npmjs.org/@types%2fhtml-minifier-terser 116ms (from cache)
290 silly pacote tag manifest for @types/html-minifier-terser@ts3.6 fetched in 122ms
291 http fetch GET 304 https://registry.npmjs.org/@types%2fget-value 873ms (from cache)
292 silly pacote tag manifest for @types/get-value@ts3.6 fetched in 877ms
293 http fetch GET 304 https://registry.npmjs.org/@types%2fhttp-errors 124ms (from cache)
294 silly pacote tag manifest for @types/http-errors@ts3.6 fetched in 130ms
295 http fetch GET 304 https://registry.npmjs.org/@types%2fhttp-proxy 138ms (from cache)
296 silly pacote tag manifest for @types/http-proxy@ts3.6 fetched in 144ms
297 http fetch GET 304 https://registry.npmjs.org/@types%2ficss-utils 129ms (from cache)
298 silly pacote tag manifest for @types/icss-utils@ts3.6 fetched in 135ms
299 http fetch GET 304 https://registry.npmjs.org/@types%2fiferr 182ms (from cache)
300 silly pacote tag manifest for @types/iferr@ts3.6 fetched in 190ms
301 http fetch GET 304 https://registry.npmjs.org/@types%2ffollow-redirects 1506ms (from cache)
302 silly pacote tag manifest for @types/follow-redirects@ts3.6 fetched in 1512ms
303 http fetch GET 304 https://registry.npmjs.org/@types%2fimurmurhash 173ms (from cache)
304 silly pacote tag manifest for @types/imurmurhash@ts3.6 fetched in 175ms
305 http fetch GET 304 https://registry.npmjs.org/@types%2finternal-slot 134ms (from cache)
306 silly pacote tag manifest for @types/internal-slot@ts3.6 fetched in 135ms
307 http fetch GET 304 https://registry.npmjs.org/@types%2finherits 174ms (from cache)
308 silly pacote tag manifest for @types/inherits@ts3.6 fetched in 176ms
309 http fetch GET 304 https://registry.npmjs.org/@types%2ffunction-bind 1504ms (from cache)
310 silly pacote tag manifest for @types/function-bind@ts3.6 fetched in 1505ms
311 http fetch GET 304 https://registry.npmjs.org/@types%2feventsource 2372ms (from cache)
312 silly pacote tag manifest for @types/eventsource@ts3.6 fetched in 2374ms
313 http fetch GET 304 https://registry.npmjs.org/@types%2fip 106ms (from cache)
314 silly pacote tag manifest for @types/ip@ts3.6 fetched in 107ms
315 http fetch GET 304 https://registry.npmjs.org/@types%2fis-arguments 108ms (from cache)
316 silly pacote tag manifest for @types/is-arguments@ts3.6 fetched in 110ms
317 http fetch GET 304 https://registry.npmjs.org/@types%2fis-buffer 96ms (from cache)
318 silly pacote tag manifest for @types/is-buffer@ts3.6 fetched in 97ms
319 http fetch GET 304 https://registry.npmjs.org/@types%2fis-callable 91ms (from cache)
320 silly pacote tag manifest for @types/is-callable@ts3.6 fetched in 96ms
321 http fetch GET 304 https://registry.npmjs.org/@types%2fis-ci 103ms (from cache)
322 silly pacote tag manifest for @types/is-ci@ts3.6 fetched in 104ms
323 http fetch GET 304 https://registry.npmjs.org/@types%2fis-core-module 103ms (from cache)
324 silly pacote tag manifest for @types/is-core-module@ts3.6 fetched in 103ms
325 http fetch GET 304 https://registry.npmjs.org/@types%2fis-date-object 95ms (from cache)
326 silly pacote tag manifest for @types/is-date-object@ts3.6 fetched in 98ms
327 http fetch GET 304 https://registry.npmjs.org/@types%2fis-bigint 400ms (from cache)
328 silly registry:manifest no matching version for @types/is-bigint@ts3.6 in the cache. Forcing revalidation.
329 http fetch GET 304 https://registry.npmjs.org/@types%2fis-data-descriptor 150ms (from cache)
330 silly registry:manifest no matching version for @types/is-data-descriptor@ts3.6 in the cache. Forcing revalidation.
331 http fetch GET 304 https://registry.npmjs.org/@types%2ffb-watchman 2665ms (from cache)
332 http fetch GET 304 https://registry.npmjs.org/@types%2fis-glob 109ms (from cache)
333 silly pacote tag manifest for @types/fb-watchman@ts3.6 fetched in 2666ms
334 silly pacote tag manifest for @types/is-glob@ts3.6 fetched in 111ms
335 http fetch GET 304 https://registry.npmjs.org/@types%2fis-regex 116ms (from cache)
336 silly pacote tag manifest for @types/is-regex@ts3.6 fetched in 120ms
337 http fetch GET 304 https://registry.npmjs.org/@types%2fis-string 141ms (from cache)
338 silly registry:manifest no matching version for @types/is-string@ts3.6 in the cache. Forcing revalidation.
339 http fetch GET 304 https://registry.npmjs.org/@types%2fis-number 314ms (from cache)
340 silly pacote tag manifest for @types/is-number@ts3.6 fetched in 321ms
341 http fetch GET 200 https://registry.npmjs.org/@types%2fis-string 124ms
342 silly fetchPackageMetaData error for @types/is-string@ts3.6 No matching version found for @types/is-string@ts3.6.
343 http fetch GET 304 https://registry.npmjs.org/@types%2fis-typedarray 114ms (from cache)
344 silly pacote tag manifest for @types/is-typedarray@ts3.6 fetched in 120ms
345 http fetch GET 200 https://registry.npmjs.org/@types%2fget-intrinsic 2280ms
346 silly fetchPackageMetaData error for @types/get-intrinsic@ts3.6 No matching version found for @types/get-intrinsic@ts3.6.
347 http fetch GET 304 https://registry.npmjs.org/@types%2fis-windows 127ms (from cache)
348 silly pacote tag manifest for @types/is-windows@ts3.6 fetched in 129ms
349 http fetch GET 304 https://registry.npmjs.org/@types%2fisarray 159ms (from cache)
350 http fetch GET 304 https://registry.npmjs.org/@types%2fistanbul-lib-coverage 85ms (from cache)
351 silly pacote tag manifest for @types/isarray@ts3.6 fetched in 170ms
352 silly pacote tag manifest for @types/istanbul-lib-coverage@ts3.6 fetched in 97ms
353 http fetch GET 304 https://registry.npmjs.org/@types%2fisexe 151ms (from cache)
354 silly pacote tag manifest for @types/isexe@ts3.6 fetched in 156ms
355 http fetch GET 304 https://registry.npmjs.org/@types%2fistanbul-lib-instrument 131ms (from cache)
356 silly pacote tag manifest for @types/istanbul-lib-instrument@ts3.6 fetched in 133ms
357 http fetch GET 304 https://registry.npmjs.org/@types%2fistanbul-reports 45ms (from cache)
358 silly pacote tag manifest for @types/istanbul-reports@ts3.6 fetched in 46ms
359 http fetch GET 304 https://registry.npmjs.org/@types%2fistanbul-lib-report 191ms (from cache)
360 http fetch GET 304 https://registry.npmjs.org/@types%2fhex-color-regex 2281ms (from cache)
361 silly pacote tag manifest for @types/istanbul-lib-report@ts3.6 fetched in 193ms
362 silly pacote tag manifest for @types/hex-color-regex@ts3.6 fetched in 2282ms
363 http fetch GET 304 https://registry.npmjs.org/@types%2fini 1550ms (from cache)
364 silly pacote tag manifest for @types/ini@ts3.6 fetched in 1551ms
365 http fetch GET 304 https://registry.npmjs.org/@types%2fjs-yaml 110ms (from cache)
366 http fetch GET 304 https://registry.npmjs.org/@types%2fjsdom 91ms (from cache)
367 silly pacote tag manifest for @types/js-yaml@ts3.6 fetched in 112ms
368 silly pacote tag manifest for @types/jsdom@ts3.6 fetched in 93ms
369 http fetch GET 304 https://registry.npmjs.org/@types%2fjsesc 95ms (from cache)
370 silly pacote tag manifest for @types/jsesc@ts3.6 fetched in 97ms
371 http fetch GET 304 https://registry.npmjs.org/@types%2fhtml-encoding-sniffer 2309ms (from cache)
372 silly pacote tag manifest for @types/html-encoding-sniffer@ts3.6 fetched in 2312ms
373 http fetch GET 304 https://registry.npmjs.org/@types%2fjson-parse-better-errors 108ms (from cache)
374 silly pacote tag manifest for @types/json-parse-better-errors@ts3.6 fetched in 109ms
375 http fetch GET 304 https://registry.npmjs.org/@types%2fjsonfile 110ms (from cache)
376 http fetch GET 304 https://registry.npmjs.org/@types%2fhtml-escaper 2309ms (from cache)
377 http fetch GET 304 https://registry.npmjs.org/@types%2fkind-of 108ms (from cache)
378 silly pacote tag manifest for @types/jsonfile@ts3.6 fetched in 113ms
379 silly pacote tag manifest for @types/html-escaper@ts3.6 fetched in 2313ms
380 silly pacote tag manifest for @types/kind-of@ts3.6 fetched in 111ms
381 http fetch GET 200 https://registry.npmjs.org/@types%2fjson3 128ms
382 http fetch GET 304 https://registry.npmjs.org/@types%2flanguage-tags 116ms (from cache)
383 silly registry:manifest no matching version for @types/language-tags@ts3.6 in the cache. Forcing revalidation.
384 http fetch GET 304 https://registry.npmjs.org/@types%2flodash 55ms (from cache)
385 silly pacote tag manifest for @types/lodash@ts3.6 fetched in 58ms
386 http fetch GET 304 https://registry.npmjs.org/@types%2floader-runner 109ms (from cache)
387 silly pacote tag manifest for @types/loader-runner@ts3.6 fetched in 110ms
388 http fetch GET 304 https://registry.npmjs.org/@types%2floader-utils 109ms (from cache)
389 silly pacote tag manifest for @types/loader-utils@ts3.6 fetched in 111ms
390 http fetch GET 200 https://registry.npmjs.org/@types%2flodash.clonedeep 113ms
391 http fetch GET 200 https://registry.npmjs.org/@types%2flanguage-tags 147ms
392 silly fetchPackageMetaData error for @types/language-tags@ts3.6 No matching version found for @types/language-tags@ts3.6.
393 http fetch GET 304 https://registry.npmjs.org/@types%2flodash.merge 108ms (from cache)
394 silly pacote tag manifest for @types/lodash.merge@ts3.6 fetched in 109ms
395 http fetch GET 304 https://registry.npmjs.org/@types%2flodash.debounce 171ms (from cache)
396 silly pacote tag manifest for @types/lodash.debounce@ts3.6 fetched in 172ms
397 http fetch GET 200 https://registry.npmjs.org/@types%2fis-data-descriptor 1514ms
398 silly fetchPackageMetaData error for @types/is-data-descriptor@ts3.6 No matching version found for @types/is-data-descriptor@ts3.6.
399 http fetch GET 200 https://registry.npmjs.org/@types%2fis-bigint 1581ms
400 silly fetchPackageMetaData error for @types/is-bigint@ts3.6 No matching version found for @types/is-bigint@ts3.6.
401 http fetch GET 304 https://registry.npmjs.org/@types%2flz-string 165ms (from cache)
402 silly pacote tag manifest for @types/lz-string@ts3.6 fetched in 170ms
403 http fetch GET 304 https://registry.npmjs.org/@types%2fmedia-typer 171ms (from cache)
404 silly pacote tag manifest for @types/media-typer@ts3.6 fetched in 177ms
405 http fetch GET 304 https://registry.npmjs.org/@types%2fis-boolean-object 2342ms (from cache)
406 silly registry:manifest no matching version for @types/is-boolean-object@ts3.6 in the cache. Forcing revalidation.
407 http fetch GET 200 https://registry.npmjs.org/@types/json3/-/json3-3.3.2.tgz 1216ms
408 silly pacote tag manifest for @types/json3@ts3.6 fetched in 1361ms
409 http fetch GET 304 https://registry.npmjs.org/@types%2flodash.template 1498ms (from cache)
410 silly pacote tag manifest for @types/lodash.template@ts3.6 fetched in 1503ms
411 http fetch GET 304 https://registry.npmjs.org/@types%2flodash.truncate 1514ms (from cache)
412 silly pacote tag manifest for @types/lodash.truncate@ts3.6 fetched in 1519ms
413 http fetch GET 200 https://registry.npmjs.org/@types/lodash.clonedeep/-/lodash.clonedeep-4.5.6.tgz 1748ms
414 silly pacote tag manifest for @types/lodash.clonedeep@ts3.6 fetched in 1876ms
415 http fetch GET 304 https://registry.npmjs.org/@types%2fistanbul-lib-source-maps 2327ms (from cache)
416 silly pacote tag manifest for @types/istanbul-lib-source-maps@ts3.6 fetched in 2330ms
417 http fetch GET 304 https://registry.npmjs.org/@types%2flodash.memoize 2278ms (from cache)
418 silly pacote tag manifest for @types/lodash.memoize@ts3.6 fetched in 2282ms
419 http fetch GET 304 https://registry.npmjs.org/@types%2flodash.uniq 2305ms (from cache)
420 silly pacote tag manifest for @types/lodash.uniq@ts3.6 fetched in 2309ms
421 http fetch GET 200 https://registry.npmjs.org/@types%2fis-boolean-object 1698ms
422 silly fetchPackageMetaData error for @types/is-boolean-object@ts3.6 No matching version found for @types/is-boolean-object@ts3.6.
423 timing stage:rollbackFailedOptional Completed in 0ms
424 timing stage:runTopLevelLifecycles Completed in 13182ms
425 verbose type tag
426 verbose stack @types/call-bind: No matching version found for @types/call-bind@ts3.6.
426 verbose stack     at pickManifest (/usr/local/lib/node_modules/npm/node_modules/npm-pick-manifest/index.js:122:13)
426 verbose stack     at /usr/local/lib/node_modules/npm/node_modules/pacote/lib/fetchers/registry/manifest.js:43:18
426 verbose stack     at tryCatcher (/usr/local/lib/node_modules/npm/node_modules/bluebird/js/release/util.js:16:23)
426 verbose stack     at Promise._settlePromiseFromHandler (/usr/local/lib/node_modules/npm/node_modules/bluebird/js/release/promise.js:517:31)
426 verbose stack     at Promise._settlePromise (/usr/local/lib/node_modules/npm/node_modules/bluebird/js/release/promise.js:574:18)
426 verbose stack     at Promise._settlePromise0 (/usr/local/lib/node_modules/npm/node_modules/bluebird/js/release/promise.js:619:10)
426 verbose stack     at Promise._settlePromises (/usr/local/lib/node_modules/npm/node_modules/bluebird/js/release/promise.js:699:18)
426 verbose stack     at _drainQueueStep (/usr/local/lib/node_modules/npm/node_modules/bluebird/js/release/async.js:138:12)
426 verbose stack     at _drainQueue (/usr/local/lib/node_modules/npm/node_modules/bluebird/js/release/async.js:131:9)
426 verbose stack     at Async._drainQueues (/usr/local/lib/node_modules/npm/node_modules/bluebird/js/release/async.js:147:5)
426 verbose stack     at Immediate.Async.drainQueues [as _onImmediate] (/usr/local/lib/node_modules/npm/node_modules/bluebird/js/release/async.js:17:14)
426 verbose stack     at processImmediate (internal/timers.js:456:21)
427 verbose cwd /home/theia/.cache/typescript/3.6
428 verbose Linux 5.10.16.3-microsoft-standard-WSL2
429 verbose argv "/usr/local/bin/node" "/usr/local/bin/npm" "install" "--ignore-scripts" "@types/accepts@ts3.6" "@types/argparse@ts3.6" "@types/aria-query@ts3.6" "@types/arr-diff@ts3.6" "@types/arr-union@ts3.6" "@types/array-unique@ts3.6" "@types/array.prototype.flat@ts3.6" "@types/array.prototype.flatmap@ts3.6" "@types/asap@ts3.6" "@types/assert@ts3.6" "@types/async@ts3.6" "@types/atob@ts3.6" "@types/babel-plugin-macros@ts3.6" "@types/babylon@ts3.6" "@types/balanced-match@ts3.6" "@types/big.js@ts3.6" "@types/bluebird@ts3.6" "@types/bn.js@ts3.6" "@types/body-parser@ts3.6" "@types/bonjour@ts3.6" "@types/boolbase@ts3.6" "@types/brace-expansion@ts3.6" "@types/braces@ts3.6" "@types/brorand@ts3.6" "@types/bser@ts3.6" "@types/buffer-from@ts3.6" "@types/buffer-xor@ts3.6" "@types/bytes@ts3.6" "@types/cacache@ts3.6" "@types/call-bind@ts3.6" "@types/caniuse-api@ts3.6" "@types/caniuse-lite@ts3.6" "@types/case-sensitive-paths-webpack-plugin@ts3.6" "@types/check-types@ts3.6" "@types/chownr@ts3.6" "@types/cipher-base@ts3.6" "@types/clean-css@ts3.6" "@types/co@ts3.6" "@types/color@ts3.6" "@types/color-convert@ts3.6" "@types/color-name@ts3.6" "@types/color-string@ts3.6" "@types/combined-stream@ts3.6" "@types/common-tags@ts3.6" "@types/commondir@ts3.6" "@types/component-emitter@ts3.6" "@types/compose-function@ts3.6" "@types/compressible@ts3.6" "@types/compression@ts3.6" "@types/concat-map@ts3.6" "@types/concat-stream@ts3.6" "@types/confusing-browser-globals@ts3.6" "@types/connect-history-api-fallback@ts3.6" "@types/content-disposition@ts3.6" "@types/content-type@ts3.6" "@types/convert-source-map@ts3.6" "@types/cookie@ts3.6" "@types/cookie-signature@ts3.6" "@types/core-js@ts3.6" "@types/create-hash@ts3.6" "@types/create-hmac@ts3.6" "@types/cross-spawn@ts3.6" "@types/css@ts3.6" "@types/css-declaration-sorter@ts3.6" "@types/css-tree@ts3.6" "@types/css.escape@ts3.6" "@types/cssesc@ts3.6" "@types/csso@ts3.6" "@types/cssom@ts3.6" "@types/cssstyle@ts3.6" "@types/d@ts3.6" "@types/damerau-levenshtein@ts3.6" "@types/data-urls@ts3.6" "@types/debug@ts3.6" "@types/decode-uri-component@ts3.6" "@types/dedent@ts3.6" "@types/deep-equal@ts3.6" "@types/default-gateway@ts3.6" "@types/define-properties@ts3.6" "@types/depd@ts3.6" "@types/destroy@ts3.6" "@types/detect-node@ts3.6" "@types/diffie-hellman@ts3.6" "@types/dir-glob@ts3.6" "@types/dns-packet@ts3.6" "@types/doctrine@ts3.6" "@types/domexception@ts3.6" "@types/domutils@ts3.6" "@types/duplexify@ts3.6" "@types/ee-first@ts3.6" "@types/ejs@ts3.6" "@types/elliptic@ts3.6" "@types/encodeurl@ts3.6" "@types/end-of-stream@ts3.6" "@types/enhanced-resolve@ts3.6" "@types/es-abstract@ts3.6" "@types/es-to-primitive@ts3.6" "@types/escape-html@ts3.6" "@types/escodegen@ts3.6" "@types/eslint@ts3.6" "@types/eslint-scope@ts3.6" "@types/eslint-utils@ts3.6" "@types/eslint-visitor-keys@ts3.6" "@types/esprima@ts3.6" "@types/esquery@ts3.6" "@types/estraverse@ts3.6" "@types/esutils@ts3.6" "@types/etag@ts3.6" "@types/events@ts3.6" "@types/eventsource@ts3.6" "@types/exit@ts3.6" "@types/express@ts3.6" "@types/fast-levenshtein@ts3.6" "@types/fb-watchman@ts3.6" "@types/file-entry-cache@ts3.6" "@types/file-loader@ts3.6" "@types/fill-range@ts3.6" "@types/finalhandler@ts3.6" "@types/find-cache-dir@ts3.6" "@types/flat-cache@ts3.6" "@types/flush-write-stream@ts3.6" "@types/follow-redirects@ts3.6" "@types/forwarded@ts3.6" "@types/fresh@ts3.6" "@types/from2@ts3.6" "@types/fs-extra@ts3.6" "@types/function-bind@ts3.6" "@types/functional-red-black-tree@ts3.6" "@types/gensync@ts3.6" "@types/get-intrinsic@ts3.6" "@types/get-value@ts3.6" "@types/glob@ts3.6" "@types/glob-parent@ts3.6" "@types/global-modules@ts3.6" "@types/global-prefix@ts3.6" "@types/graceful-fs@ts3.6" "@types/has@ts3.6" "@types/has-symbols@ts3.6" "@types/has-values@ts3.6" "@types/he@ts3.6" "@types/hex-color-regex@ts3.6" "@types/hosted-git-info@ts3.6" "@types/html-encoding-sniffer@ts3.6" "@types/html-escaper@ts3.6" "@types/html-minifier-terser@ts3.6" "@types/http-errors@ts3.6" "@types/http-proxy@ts3.6" "@types/icss-utils@ts3.6" "@types/iferr@ts3.6" "@types/imurmurhash@ts3.6" "@types/inherits@ts3.6" "@types/ini@ts3.6" "@types/internal-slot@ts3.6" "@types/ip@ts3.6" "@types/is-arguments@ts3.6" "@types/is-bigint@ts3.6" "@types/is-boolean-object@ts3.6" "@types/is-buffer@ts3.6" "@types/is-callable@ts3.6" "@types/is-ci@ts3.6" "@types/is-core-module@ts3.6" "@types/is-data-descriptor@ts3.6" "@types/is-date-object@ts3.6" "@types/is-glob@ts3.6" "@types/is-number@ts3.6" "@types/is-regex@ts3.6" "@types/is-string@ts3.6" "@types/is-typedarray@ts3.6" "@types/is-windows@ts3.6" "@types/isarray@ts3.6" "@types/isexe@ts3.6" "@types/istanbul-lib-coverage@ts3.6" "@types/istanbul-lib-instrument@ts3.6" "@types/istanbul-lib-report@ts3.6" "@types/istanbul-lib-source-maps@ts3.6" "@types/istanbul-reports@ts3.6" "@types/js-yaml@ts3.6" "@types/jsdom@ts3.6" "@types/jsesc@ts3.6" "@types/json-parse-better-errors@ts3.6" "@types/json3@ts3.6" "@types/jsonfile@ts3.6" "@types/kind-of@ts3.6" "@types/language-tags@ts3.6" "@types/loader-runner@ts3.6" "@types/loader-utils@ts3.6" "@types/lodash@ts3.6" "@types/lodash.clonedeep@ts3.6" "@types/lodash.debounce@ts3.6" "@types/lodash.memoize@ts3.6" "@types/lodash.merge@ts3.6" "@types/lodash.template@ts3.6" "@types/lodash.truncate@ts3.6" "@types/lodash.uniq@ts3.6" "@types/lz-string@ts3.6" "@types/media-typer@ts3.6" "--save-dev" "--user-agent=typesInstaller/3.6.3"
430 verbose node v12.18.3
431 verbose npm  v6.14.6
432 error code ETARGET
433 error notarget No matching version found for @types/call-bind@ts3.6.
434 error notarget In most cases you or one of your dependencies are requesting
434 error notarget a package version that doesn't exist.
435 verbose exit [ 1, true ]
