0 info it worked if it ends with ok
1 verbose cli [
1 verbose cli   '/usr/local/bin/node',
1 verbose cli   '/usr/local/bin/npm',
1 verbose cli   'install',
1 verbose cli   '--ignore-scripts',
1 verbose cli   '@types/memory-fs@ts3.6',
1 verbose cli   '@types/memorystream@ts3.6',
1 verbose cli   '@types/merge-descriptors@ts3.6',
1 verbose cli   '@types/merge-stream@ts3.6',
1 verbose cli   '@types/merge2@ts3.6',
1 verbose cli   '@types/methods@ts3.6',
1 verbose cli   '@types/micromatch@ts3.6',
1 verbose cli   '@types/mime@ts3.6',
1 verbose cli   '@types/mime-db@ts3.6',
1 verbose cli   '@types/mime-types@ts3.6',
1 verbose cli   '@types/min-indent@ts3.6',
1 verbose cli   '@types/minimalistic-assert@ts3.6',
1 verbose cli   '@types/minimatch@ts3.6',
1 verbose cli   '@types/minimist@ts3.6',
1 verbose cli   '@types/minizlib@ts3.6',
1 verbose cli   '@types/mkdirp@ts3.6',
1 verbose cli   '@types/move-concurrently@ts3.6',
1 verbose cli   '@types/ms@ts3.6',
1 verbose cli   '@types/multicast-dns@ts3.6',
1 verbose cli   '@types/natural-compare@ts3.6',
1 verbose cli   '@types/negotiator@ts3.6',
1 verbose cli   '@types/next-tick@ts3.6',
1 verbose cli   '@types/nice-try@ts3.6',
1 verbose cli   '@types/node-forge@ts3.6',
1 verbose cli   '@types/node-int64@ts3.6',
1 verbose cli   '@types/node-notifier@ts3.6',
1 verbose cli   '@types/normalize-package-data@ts3.6',
1 verbose cli   '@types/normalize-path@ts3.6',
1 verbose cli   '@types/num2fraction@ts3.6',
1 verbose cli   '@types/nwsapi@ts3.6',
1 verbose cli   '@types/object-assign@ts3.6',
1 verbose cli   '@types/object-inspect@ts3.6',
1 verbose cli   '@types/object-keys@ts3.6',
1 verbose cli   '@types/object.fromentries@ts3.6',
1 verbose cli   '@types/object.getownpropertydescriptors@ts3.6',
1 verbose cli   '@types/object.pick@ts3.6',
1 verbose cli   '@types/on-finished@ts3.6',
1 verbose cli   '@types/on-headers@ts3.6',
1 verbose cli   '@types/once@ts3.6',
1 verbose cli   '@types/optimize-css-assets-webpack-plugin@ts3.6',
1 verbose cli   '@types/original@ts3.6',
1 verbose cli   '@types/pako@ts3.6',
1 verbose cli   '@types/parallel-transform@ts3.6',
1 verbose cli   '@types/parse-json@ts3.6',
1 verbose cli   '@types/parseurl@ts3.6',
1 verbose cli   '@types/pascalcase@ts3.6',
1 verbose cli   '@types/path-browserify@ts3.6',
1 verbose cli   '@types/path-is-absolute@ts3.6',
1 verbose cli   '@types/path-is-inside@ts3.6',
1 verbose cli   '@types/path-parse@ts3.6',
1 verbose cli   '@types/pbkdf2@ts3.6',
1 verbose cli   '@types/picomatch@ts3.6',
1 verbose cli   '@types/pify@ts3.6',
1 verbose cli   '@types/postcss-flexbugs-fixes@ts3.6',
1 verbose cli   '@types/postcss-gap-properties@ts3.6',
1 verbose cli   '@types/postcss-modules-extract-imports@ts3.6',
1 verbose cli   '@types/postcss-modules-local-by-default@ts3.6',
1 verbose cli   '@types/postcss-modules-scope@ts3.6',
1 verbose cli   '@types/postcss-modules-values@ts3.6',
1 verbose cli   '@types/postcss-normalize@ts3.6',
1 verbose cli   '@types/postcss-preset-env@ts3.6',
1 verbose cli   '@types/postcss-safe-parser@ts3.6',
1 verbose cli   '@types/prelude-ls@ts3.6',
1 verbose cli   '@types/prettier-linter-helpers@ts3.6',
1 verbose cli   '@types/progress@ts3.6',
1 verbose cli   '@types/promise-inflight@ts3.6',
1 verbose cli   '@types/prompts@ts3.6',
1 verbose cli   '@types/prop-types@ts3.6',
1 verbose cli   '@types/proxy-addr@ts3.6',
1 verbose cli   '@types/psl@ts3.6',
1 verbose cli   '@types/pump@ts3.6',
1 verbose cli   '@types/pumpify@ts3.6',
1 verbose cli   '@types/punycode@ts3.6',
1 verbose cli   '@types/q@ts3.6',
1 verbose cli   '@types/qs@ts3.6',
1 verbose cli   '@types/querystringify@ts3.6',
1 verbose cli   '@types/raf@ts3.6',
1 verbose cli   '@types/randombytes@ts3.6',
1 verbose cli   '@types/range-parser@ts3.6',
1 verbose cli   '@types/react-dev-utils@ts3.6',
1 verbose cli   '@types/react-is@ts3.6',
1 verbose cli   '@types/react-refresh@ts3.6',
1 verbose cli   '@types/readable-stream@ts3.6',
1 verbose cli   '@types/recursive-readdir@ts3.6',
1 verbose cli   '@types/regenerate@ts3.6',
1 verbose cli   '@types/regenerator-runtime@ts3.6',
1 verbose cli   '@types/regex-not@ts3.6',
1 verbose cli   '@types/relateurl@ts3.6',
1 verbose cli   '@types/repeat-element@ts3.6',
1 verbose cli   '@types/repeat-string@ts3.6',
1 verbose cli   '@types/require-directory@ts3.6',
1 verbose cli   '@types/require-from-string@ts3.6',
1 verbose cli   '@types/requires-port@ts3.6',
1 verbose cli   '@types/resolve@ts3.6',
1 verbose cli   '@types/retry@ts3.6',
1 verbose cli   '@types/rimraf@ts3.6',
1 verbose cli   ... 101 more items
1 verbose cli ]
2 info using npm@6.14.6
3 info using node@v12.18.3
4 verbose npm-session 5832b7c06d8bfa1f
5 silly install loadCurrentTree
6 silly install readLocalPackageData
7 http fetch GET 304 https://registry.npmjs.org/@types%2fmime 251ms (from cache)
8 http fetch GET 304 https://registry.npmjs.org/@types%2fmime-types 250ms (from cache)
9 silly pacote tag manifest for @types/mime-types@ts3.6 fetched in 263ms
10 silly pacote tag manifest for @types/mime@ts3.6 fetched in 266ms
11 http fetch GET 304 https://registry.npmjs.org/@types%2fmethods 274ms (from cache)
12 http fetch GET 304 https://registry.npmjs.org/@types%2fmime-db 277ms (from cache)
13 silly pacote tag manifest for @types/methods@ts3.6 fetched in 292ms
14 silly pacote tag manifest for @types/mime-db@ts3.6 fetched in 291ms
15 http fetch GET 304 https://registry.npmjs.org/@types%2fmerge2 300ms (from cache)
16 http fetch GET 304 https://registry.npmjs.org/@types%2fmerge-descriptors 311ms (from cache)
17 http fetch GET 304 https://registry.npmjs.org/@types%2fmemory-fs 315ms (from cache)
18 silly pacote tag manifest for @types/merge2@ts3.6 fetched in 311ms
19 silly pacote tag manifest for @types/merge-descriptors@ts3.6 fetched in 318ms
20 silly pacote tag manifest for @types/memory-fs@ts3.6 fetched in 326ms
21 http fetch GET 304 https://registry.npmjs.org/@types%2fmerge-stream 329ms (from cache)
22 http fetch GET 304 https://registry.npmjs.org/@types%2fmicromatch 328ms (from cache)
23 silly pacote tag manifest for @types/merge-stream@ts3.6 fetched in 333ms
24 silly pacote tag manifest for @types/micromatch@ts3.6 fetched in 332ms
25 http fetch GET 304 https://registry.npmjs.org/@types%2fmin-indent 110ms (from cache)
26 silly pacote tag manifest for @types/min-indent@ts3.6 fetched in 112ms
27 http fetch GET 304 https://registry.npmjs.org/@types%2fmkdirp 105ms (from cache)
28 http fetch GET 304 https://registry.npmjs.org/@types%2fminimist 129ms (from cache)
29 silly pacote tag manifest for @types/mkdirp@ts3.6 fetched in 109ms
30 silly pacote tag manifest for @types/minimist@ts3.6 fetched in 135ms
31 http fetch GET 304 https://registry.npmjs.org/@types%2fminimatch 143ms (from cache)
32 http fetch GET 304 https://registry.npmjs.org/@types%2fminizlib 134ms (from cache)
33 silly pacote tag manifest for @types/minimatch@ts3.6 fetched in 154ms
34 silly pacote tag manifest for @types/minizlib@ts3.6 fetched in 142ms
35 http fetch GET 304 https://registry.npmjs.org/@types%2fms 141ms (from cache)
36 http fetch GET 304 https://registry.npmjs.org/@types%2fmulticast-dns 140ms (from cache)
37 http fetch GET 304 https://registry.npmjs.org/@types%2fmove-concurrently 157ms (from cache)
38 silly pacote tag manifest for @types/ms@ts3.6 fetched in 145ms
39 silly pacote tag manifest for @types/multicast-dns@ts3.6 fetched in 144ms
40 silly pacote tag manifest for @types/move-concurrently@ts3.6 fetched in 161ms
41 http fetch GET 304 https://registry.npmjs.org/@types%2fnatural-compare 101ms (from cache)
42 silly pacote tag manifest for @types/natural-compare@ts3.6 fetched in 107ms
43 http fetch GET 304 https://registry.npmjs.org/@types%2fnegotiator 77ms (from cache)
44 silly pacote tag manifest for @types/negotiator@ts3.6 fetched in 78ms
45 http fetch GET 304 https://registry.npmjs.org/@types%2fnode-notifier 64ms (from cache)
46 silly pacote tag manifest for @types/node-notifier@ts3.6 fetched in 66ms
47 http fetch GET 304 https://registry.npmjs.org/@types%2fnormalize-path 57ms (from cache)
48 silly pacote tag manifest for @types/normalize-path@ts3.6 fetched in 64ms
49 http fetch GET 304 https://registry.npmjs.org/@types%2fnum2fraction 69ms (from cache)
50 http fetch GET 304 https://registry.npmjs.org/@types%2fnice-try 125ms (from cache)
51 silly pacote tag manifest for @types/num2fraction@ts3.6 fetched in 71ms
52 http fetch GET 304 https://registry.npmjs.org/@types%2fnode-forge 122ms (from cache)
53 silly pacote tag manifest for @types/nice-try@ts3.6 fetched in 129ms
54 silly pacote tag manifest for @types/node-forge@ts3.6 fetched in 127ms
55 http fetch GET 304 https://registry.npmjs.org/@types%2fnext-tick 177ms (from cache)
56 silly pacote tag manifest for @types/next-tick@ts3.6 fetched in 178ms
57 http fetch GET 304 https://registry.npmjs.org/@types%2fnwsapi 65ms (from cache)
58 silly pacote tag manifest for @types/nwsapi@ts3.6 fetched in 66ms
59 http fetch GET 304 https://registry.npmjs.org/@types%2fobject-assign 78ms (from cache)
60 silly pacote tag manifest for @types/object-assign@ts3.6 fetched in 80ms
61 http fetch GET 304 https://registry.npmjs.org/@types%2fnode-int64 159ms (from cache)
62 silly pacote tag manifest for @types/node-int64@ts3.6 fetched in 164ms
63 http fetch GET 304 https://registry.npmjs.org/@types%2fnormalize-package-data 187ms (from cache)
64 http fetch GET 304 https://registry.npmjs.org/@types%2fobject.fromentries 88ms (from cache)
65 http fetch GET 304 https://registry.npmjs.org/@types%2fobject-inspect 94ms (from cache)
66 silly pacote tag manifest for @types/normalize-package-data@ts3.6 fetched in 192ms
67 silly pacote tag manifest for @types/object.fromentries@ts3.6 fetched in 94ms
68 silly pacote tag manifest for @types/object-inspect@ts3.6 fetched in 100ms
69 http fetch GET 304 https://registry.npmjs.org/@types%2fobject.getownpropertydescriptors 79ms (from cache)
70 silly pacote tag manifest for @types/object.getownpropertydescriptors@ts3.6 fetched in 81ms
71 http fetch GET 304 https://registry.npmjs.org/@types%2fobject.pick 87ms (from cache)
72 silly pacote tag manifest for @types/object.pick@ts3.6 fetched in 92ms
73 http fetch GET 304 https://registry.npmjs.org/@types%2fobject-keys 134ms (from cache)
74 http fetch GET 304 https://registry.npmjs.org/@types%2fon-finished 79ms (from cache)
75 silly pacote tag manifest for @types/object-keys@ts3.6 fetched in 136ms
76 silly pacote tag manifest for @types/on-finished@ts3.6 fetched in 83ms
77 http fetch GET 304 https://registry.npmjs.org/@types%2fonce 89ms (from cache)
78 silly pacote tag manifest for @types/once@ts3.6 fetched in 91ms
79 http fetch GET 304 https://registry.npmjs.org/@types%2fpako 75ms (from cache)
80 silly pacote tag manifest for @types/pako@ts3.6 fetched in 79ms
81 http fetch GET 304 https://registry.npmjs.org/@types%2foptimize-css-assets-webpack-plugin 96ms (from cache)
82 silly pacote tag manifest for @types/optimize-css-assets-webpack-plugin@ts3.6 fetched in 100ms
83 http fetch GET 304 https://registry.npmjs.org/@types%2fparse-json 67ms (from cache)
84 silly pacote tag manifest for @types/parse-json@ts3.6 fetched in 68ms
85 http fetch GET 304 https://registry.npmjs.org/@types%2fparallel-transform 114ms (from cache)
86 http fetch GET 304 https://registry.npmjs.org/@types%2foriginal 145ms (from cache)
87 silly pacote tag manifest for @types/parallel-transform@ts3.6 fetched in 116ms
88 silly pacote tag manifest for @types/original@ts3.6 fetched in 148ms
89 http fetch GET 304 https://registry.npmjs.org/@types%2fparseurl 119ms (from cache)
90 silly pacote tag manifest for @types/parseurl@ts3.6 fetched in 121ms
91 http fetch GET 304 https://registry.npmjs.org/@types%2fpath-is-absolute 71ms (from cache)
92 silly pacote tag manifest for @types/path-is-absolute@ts3.6 fetched in 73ms
93 http fetch GET 304 https://registry.npmjs.org/@types%2fpascalcase 94ms (from cache)
94 silly pacote tag manifest for @types/pascalcase@ts3.6 fetched in 96ms
95 http fetch GET 200 https://registry.npmjs.org/@types%2fpath-browserify 117ms
96 silly fetchPackageMetaData error for @types/path-browserify@ts3.6 No matching version found for @types/path-browserify@ts3.6.
97 http fetch GET 304 https://registry.npmjs.org/@types%2fpath-is-inside 108ms (from cache)
98 http fetch GET 304 https://registry.npmjs.org/@types%2fpbkdf2 70ms (from cache)
99 silly pacote tag manifest for @types/path-is-inside@ts3.6 fetched in 111ms
100 silly pacote tag manifest for @types/pbkdf2@ts3.6 fetched in 73ms
101 http fetch GET 304 https://registry.npmjs.org/@types%2fpicomatch 73ms (from cache)
102 silly pacote tag manifest for @types/picomatch@ts3.6 fetched in 75ms
103 http fetch GET 304 https://registry.npmjs.org/@types%2fpath-parse 111ms (from cache)
104 silly pacote tag manifest for @types/path-parse@ts3.6 fetched in 114ms
105 http fetch GET 304 https://registry.npmjs.org/@types%2fpostcss-flexbugs-fixes 84ms (from cache)
106 silly pacote tag manifest for @types/postcss-flexbugs-fixes@ts3.6 fetched in 86ms
107 http fetch GET 304 https://registry.npmjs.org/@types%2fpify 118ms (from cache)
108 silly pacote tag manifest for @types/pify@ts3.6 fetched in 123ms
109 http fetch GET 304 https://registry.npmjs.org/@types%2fpostcss-modules-local-by-default 86ms (from cache)
110 silly pacote tag manifest for @types/postcss-modules-local-by-default@ts3.6 fetched in 88ms
111 http fetch GET 304 https://registry.npmjs.org/@types%2fpostcss-modules-extract-imports 90ms (from cache)
112 http fetch GET 304 https://registry.npmjs.org/@types%2fpostcss-modules-scope 76ms (from cache)
113 silly pacote tag manifest for @types/postcss-modules-extract-imports@ts3.6 fetched in 94ms
114 silly pacote tag manifest for @types/postcss-modules-scope@ts3.6 fetched in 80ms
115 http fetch GET 304 https://registry.npmjs.org/@types%2fpostcss-gap-properties 126ms (from cache)
116 http fetch GET 304 https://registry.npmjs.org/@types%2fpostcss-modules-values 79ms (from cache)
117 silly pacote tag manifest for @types/postcss-gap-properties@ts3.6 fetched in 128ms
118 silly pacote tag manifest for @types/postcss-modules-values@ts3.6 fetched in 81ms
119 http fetch GET 200 https://registry.npmjs.org/@types%2fpostcss-preset-env 63ms
120 silly fetchPackageMetaData error for @types/postcss-preset-env@ts3.6 No matching version found for @types/postcss-preset-env@ts3.6.
121 http fetch GET 304 https://registry.npmjs.org/@types%2fpostcss-safe-parser 65ms (from cache)
122 silly pacote tag manifest for @types/postcss-safe-parser@ts3.6 fetched in 68ms
123 http fetch GET 304 https://registry.npmjs.org/@types%2fprettier-linter-helpers 66ms (from cache)
124 silly pacote tag manifest for @types/prettier-linter-helpers@ts3.6 fetched in 67ms
125 http fetch GET 304 https://registry.npmjs.org/@types%2fpromise-inflight 97ms (from cache)
126 silly pacote tag manifest for @types/promise-inflight@ts3.6 fetched in 99ms
127 http fetch GET 304 https://registry.npmjs.org/@types%2fpostcss-normalize 173ms (from cache)
128 http fetch GET 304 https://registry.npmjs.org/@types%2fprelude-ls 128ms (from cache)
129 http fetch GET 304 https://registry.npmjs.org/@types%2fprop-types 67ms (from cache)
130 silly pacote tag manifest for @types/postcss-normalize@ts3.6 fetched in 177ms
131 silly pacote tag manifest for @types/prelude-ls@ts3.6 fetched in 136ms
132 silly pacote tag manifest for @types/prop-types@ts3.6 fetched in 75ms
133 http fetch GET 304 https://registry.npmjs.org/@types%2fprompts 108ms (from cache)
134 http fetch GET 304 https://registry.npmjs.org/@types%2fproxy-addr 86ms (from cache)
135 silly pacote tag manifest for @types/prompts@ts3.6 fetched in 111ms
136 silly pacote tag manifest for @types/proxy-addr@ts3.6 fetched in 89ms
137 http fetch GET 304 https://registry.npmjs.org/@types%2fpsl 62ms (from cache)
138 silly pacote tag manifest for @types/psl@ts3.6 fetched in 64ms
139 http fetch GET 304 https://registry.npmjs.org/@types%2fqs 64ms (from cache)
140 http fetch GET 304 https://registry.npmjs.org/@types%2fq 66ms (from cache)
141 silly pacote tag manifest for @types/qs@ts3.6 fetched in 66ms
142 silly pacote tag manifest for @types/q@ts3.6 fetched in 68ms
143 http fetch GET 304 https://registry.npmjs.org/@types%2fpunycode 102ms (from cache)
144 http fetch GET 304 https://registry.npmjs.org/@types%2fprogress 218ms (from cache)
145 silly pacote tag manifest for @types/punycode@ts3.6 fetched in 106ms
146 silly pacote tag manifest for @types/progress@ts3.6 fetched in 221ms
147 http fetch GET 304 https://registry.npmjs.org/@types%2fpumpify 134ms (from cache)
148 silly pacote tag manifest for @types/pumpify@ts3.6 fetched in 135ms
149 http fetch GET 304 https://registry.npmjs.org/@types%2fquerystringify 94ms (from cache)
150 silly pacote tag manifest for @types/querystringify@ts3.6 fetched in 96ms
151 http fetch GET 304 https://registry.npmjs.org/@types%2fpump 163ms (from cache)
152 silly pacote tag manifest for @types/pump@ts3.6 fetched in 164ms
153 http fetch GET 304 https://registry.npmjs.org/@types%2freact-dev-utils 63ms (from cache)
154 silly pacote tag manifest for @types/react-dev-utils@ts3.6 fetched in 67ms
155 http fetch GET 304 https://registry.npmjs.org/@types%2frange-parser 73ms (from cache)
156 silly pacote tag manifest for @types/range-parser@ts3.6 fetched in 76ms
157 http fetch GET 304 https://registry.npmjs.org/@types%2fraf 98ms (from cache)
158 silly pacote tag manifest for @types/raf@ts3.6 fetched in 100ms
159 http fetch GET 304 https://registry.npmjs.org/@types%2frandombytes 109ms (from cache)
160 silly pacote tag manifest for @types/randombytes@ts3.6 fetched in 110ms
161 http fetch GET 304 https://registry.npmjs.org/@types%2freadable-stream 71ms (from cache)
162 silly pacote tag manifest for @types/readable-stream@ts3.6 fetched in 74ms
163 http fetch GET 304 https://registry.npmjs.org/@types%2fregenerator-runtime 57ms (from cache)
164 silly pacote tag manifest for @types/regenerator-runtime@ts3.6 fetched in 59ms
165 http fetch GET 304 https://registry.npmjs.org/@types%2freact-is 122ms (from cache)
166 silly pacote tag manifest for @types/react-is@ts3.6 fetched in 124ms
167 http fetch GET 200 https://registry.npmjs.org/@types%2freact-refresh 149ms
168 silly fetchPackageMetaData error for @types/react-refresh@ts3.6 No matching version found for @types/react-refresh@ts3.6.
169 http fetch GET 200 https://registry.npmjs.org/@types%2fregenerate 125ms
170 silly fetchPackageMetaData error for @types/regenerate@ts3.6 No matching version found for @types/regenerate@ts3.6.
171 http fetch GET 304 https://registry.npmjs.org/@types%2frecursive-readdir 137ms (from cache)
172 silly pacote tag manifest for @types/recursive-readdir@ts3.6 fetched in 140ms
173 http fetch GET 304 https://registry.npmjs.org/@types%2frepeat-element 81ms (from cache)
174 silly pacote tag manifest for @types/repeat-element@ts3.6 fetched in 83ms
175 http fetch GET 304 https://registry.npmjs.org/@types%2frelateurl 103ms (from cache)
176 http fetch GET 304 https://registry.npmjs.org/@types%2frepeat-string 79ms (from cache)
177 silly pacote tag manifest for @types/relateurl@ts3.6 fetched in 106ms
178 silly pacote tag manifest for @types/repeat-string@ts3.6 fetched in 83ms
179 http fetch GET 304 https://registry.npmjs.org/@types%2frequires-port 60ms (from cache)
180 silly pacote tag manifest for @types/requires-port@ts3.6 fetched in 62ms
181 http fetch GET 304 https://registry.npmjs.org/@types%2fresolve 53ms (from cache)
182 silly pacote tag manifest for @types/resolve@ts3.6 fetched in 55ms
183 http fetch GET 304 https://registry.npmjs.org/@types%2frequire-from-string 102ms (from cache)
184 silly pacote tag manifest for @types/require-from-string@ts3.6 fetched in 105ms
185 http fetch GET 304 https://registry.npmjs.org/@types%2frimraf 73ms (from cache)
186 silly pacote tag manifest for @types/rimraf@ts3.6 fetched in 77ms
187 http fetch GET 304 https://registry.npmjs.org/@types%2fretry 79ms (from cache)
188 silly pacote tag manifest for @types/retry@ts3.6 fetched in 81ms
189 http fetch GET 304 https://registry.npmjs.org/@types%2frequire-directory 131ms (from cache)
190 silly pacote tag manifest for @types/require-directory@ts3.6 fetched in 133ms
191 http fetch GET 304 https://registry.npmjs.org/@types%2fripemd160 103ms (from cache)
192 silly pacote tag manifest for @types/ripemd160@ts3.6 fetched in 105ms
193 http fetch GET 304 https://registry.npmjs.org/@types%2fsafe-regex 70ms (from cache)
194 silly pacote tag manifest for @types/safe-regex@ts3.6 fetched in 72ms
195 http fetch GET 304 https://registry.npmjs.org/@types%2frsvp 110ms (from cache)
196 silly pacote tag manifest for @types/rsvp@ts3.6 fetched in 112ms
197 http fetch GET 304 https://registry.npmjs.org/@types%2frun-parallel 99ms (from cache)
198 silly pacote tag manifest for @types/run-parallel@ts3.6 fetched in 100ms
199 http fetch GET 304 https://registry.npmjs.org/@types%2fsafer-buffer 114ms (from cache)
200 http fetch GET 304 https://registry.npmjs.org/@types%2fsass-loader 54ms (from cache)
201 silly pacote tag manifest for @types/safer-buffer@ts3.6 fetched in 116ms
202 silly pacote tag manifest for @types/sass-loader@ts3.6 fetched in 56ms
203 http fetch GET 304 https://registry.npmjs.org/@types%2fscheduler 56ms (from cache)
204 silly pacote tag manifest for @types/scheduler@ts3.6 fetched in 57ms
205 http fetch GET 200 https://registry.npmjs.org/@types%2fselfsigned 56ms
206 silly fetchPackageMetaData error for @types/selfsigned@ts3.6 No matching version found for @types/selfsigned@ts3.6.
207 http fetch GET 304 https://registry.npmjs.org/@types%2fsane 147ms (from cache)
208 silly pacote tag manifest for @types/sane@ts3.6 fetched in 149ms
209 http fetch GET 304 https://registry.npmjs.org/@types%2fsemver 75ms (from cache)
210 http fetch GET 304 https://registry.npmjs.org/@types%2fsax 124ms (from cache)
211 silly pacote tag manifest for @types/semver@ts3.6 fetched in 78ms
212 silly pacote tag manifest for @types/sax@ts3.6 fetched in 128ms
213 http fetch GET 304 https://registry.npmjs.org/@types%2fminimalistic-assert 1495ms (from cache)
214 http fetch GET 304 https://registry.npmjs.org/@types%2fsend 75ms (from cache)
215 silly pacote tag manifest for @types/minimalistic-assert@ts3.6 fetched in 1497ms
216 silly pacote tag manifest for @types/send@ts3.6 fetched in 79ms
217 http fetch GET 304 https://registry.npmjs.org/@types%2fserve-index 63ms (from cache)
218 silly pacote tag manifest for @types/serve-index@ts3.6 fetched in 64ms
219 http fetch GET 304 https://registry.npmjs.org/@types%2fserve-static 62ms (from cache)
220 silly pacote tag manifest for @types/serve-static@ts3.6 fetched in 65ms
221 http fetch GET 304 https://registry.npmjs.org/@types%2fsemver-compare 148ms (from cache)
222 silly pacote tag manifest for @types/semver-compare@ts3.6 fetched in 151ms
223 http fetch GET 304 https://registry.npmjs.org/@types%2fsetimmediate 56ms (from cache)
224 silly pacote tag manifest for @types/setimmediate@ts3.6 fetched in 58ms
225 http fetch GET 304 https://registry.npmjs.org/@types%2fserialize-javascript 130ms (from cache)
226 silly pacote tag manifest for @types/serialize-javascript@ts3.6 fetched in 133ms
227 http fetch GET 200 https://registry.npmjs.org/@types%2fset-blocking 92ms
228 silly fetchPackageMetaData error for @types/set-blocking@ts3.6 No matching version found for @types/set-blocking@ts3.6.
229 http fetch GET 304 https://registry.npmjs.org/@types%2fshebang-command 64ms (from cache)
230 http fetch GET 304 https://registry.npmjs.org/@types%2fset-value 109ms (from cache)
231 silly pacote tag manifest for @types/shebang-command@ts3.6 fetched in 66ms
232 silly pacote tag manifest for @types/set-value@ts3.6 fetched in 112ms
233 http fetch GET 200 https://registry.npmjs.org/@types%2fsimple-swizzle 61ms
234 silly fetchPackageMetaData error for @types/simple-swizzle@ts3.6 No matching version found for @types/simple-swizzle@ts3.6.
235 http fetch GET 304 https://registry.npmjs.org/@types%2fsha.js 125ms (from cache)
236 silly pacote tag manifest for @types/sha.js@ts3.6 fetched in 128ms
237 http fetch GET 304 https://registry.npmjs.org/@types%2fslice-ansi 74ms (from cache)
238 silly pacote tag manifest for @types/slice-ansi@ts3.6 fetched in 76ms
239 http fetch GET 304 https://registry.npmjs.org/@types%2fsignal-exit 117ms (from cache)
240 silly pacote tag manifest for @types/signal-exit@ts3.6 fetched in 121ms
241 http fetch GET 304 https://registry.npmjs.org/@types%2fshell-quote 131ms (from cache)
242 silly pacote tag manifest for @types/shell-quote@ts3.6 fetched in 136ms
243 http fetch GET 304 https://registry.npmjs.org/@types%2fsockjs 87ms (from cache)
244 http fetch GET 304 https://registry.npmjs.org/@types%2fsource-list-map 68ms (from cache)
245 silly pacote tag manifest for @types/sockjs@ts3.6 fetched in 90ms
246 silly pacote tag manifest for @types/source-list-map@ts3.6 fetched in 71ms
247 http fetch GET 304 https://registry.npmjs.org/@types%2fsource-map-support 65ms (from cache)
248 silly pacote tag manifest for @types/source-map-support@ts3.6 fetched in 72ms
249 http fetch GET 304 https://registry.npmjs.org/@types%2fspdx-correct 66ms (from cache)
250 silly pacote tag manifest for @types/spdx-correct@ts3.6 fetched in 70ms
251 http fetch GET 304 https://registry.npmjs.org/@types%2fsockjs-client 127ms (from cache)
252 silly pacote tag manifest for @types/sockjs-client@ts3.6 fetched in 129ms
253 http fetch GET 304 https://registry.npmjs.org/@types%2fspdy 61ms (from cache)
254 silly pacote tag manifest for @types/spdy@ts3.6 fetched in 62ms
255 http fetch GET 304 https://registry.npmjs.org/@types%2fsprintf-js 63ms (from cache)
256 http fetch GET 304 https://registry.npmjs.org/@types%2fssri 56ms (from cache)
257 silly pacote tag manifest for @types/sprintf-js@ts3.6 fetched in 66ms
258 silly pacote tag manifest for @types/ssri@ts3.6 fetched in 59ms
259 http fetch GET 304 https://registry.npmjs.org/@types%2fstack-utils 63ms (from cache)
260 silly pacote tag manifest for @types/stack-utils@ts3.6 fetched in 65ms
261 http fetch GET 304 https://registry.npmjs.org/@types%2fsprintf 85ms (from cache)
262 silly pacote tag manifest for @types/sprintf@ts3.6 fetched in 88ms
263 http fetch GET 304 https://registry.npmjs.org/@types%2fstatuses 72ms (from cache)
264 silly pacote tag manifest for @types/statuses@ts3.6 fetched in 74ms
265 http fetch GET 304 https://registry.npmjs.org/@types%2fstream-shift 67ms (from cache)
266 silly pacote tag manifest for @types/stream-shift@ts3.6 fetched in 68ms
267 http fetch GET 304 https://registry.npmjs.org/@types%2fstream-each 102ms (from cache)
268 silly pacote tag manifest for @types/stream-each@ts3.6 fetched in 104ms
269 http fetch GET 304 https://registry.npmjs.org/@types%2fspdx-expression-parse 185ms (from cache)
270 silly pacote tag manifest for @types/spdx-expression-parse@ts3.6 fetched in 186ms
271 http fetch GET 304 https://registry.npmjs.org/@types%2fstring-natural-compare 134ms (from cache)
272 http fetch GET 304 https://registry.npmjs.org/@types%2fstringify-object 103ms (from cache)
273 silly pacote tag manifest for @types/string-natural-compare@ts3.6 fetched in 136ms
274 silly pacote tag manifest for @types/stringify-object@ts3.6 fetched in 107ms
275 http fetch GET 304 https://registry.npmjs.org/@types%2fstring.prototype.matchall 145ms (from cache)
276 silly pacote tag manifest for @types/string.prototype.matchall@ts3.6 fetched in 148ms
277 http fetch GET 304 https://registry.npmjs.org/@types%2fstrip-comments 113ms (from cache)
278 silly pacote tag manifest for @types/strip-comments@ts3.6 fetched in 114ms
279 http fetch GET 304 https://registry.npmjs.org/@types%2fsupports-color 116ms (from cache)
280 silly pacote tag manifest for @types/supports-color@ts3.6 fetched in 117ms
281 http fetch GET 304 https://registry.npmjs.org/@types%2fsvgo 78ms (from cache)
282 http fetch GET 304 https://registry.npmjs.org/@types%2fstrip-final-newline 146ms (from cache)
283 silly pacote tag manifest for @types/svgo@ts3.6 fetched in 82ms
284 silly pacote tag manifest for @types/strip-final-newline@ts3.6 fetched in 150ms
285 http fetch GET 304 https://registry.npmjs.org/@types%2ftapable 62ms (from cache)
286 http fetch GET 304 https://registry.npmjs.org/@types%2fsvg-parser 97ms (from cache)
287 silly pacote tag manifest for @types/tapable@ts3.6 fetched in 65ms
288 silly pacote tag manifest for @types/svg-parser@ts3.6 fetched in 99ms
289 http fetch GET 304 https://registry.npmjs.org/@types%2ftar 103ms (from cache)
290 silly pacote tag manifest for @types/tar@ts3.6 fetched in 105ms
291 http fetch GET 304 https://registry.npmjs.org/@types%2ftext-table 88ms (from cache)
292 silly pacote tag manifest for @types/text-table@ts3.6 fetched in 90ms
293 http fetch GET 304 https://registry.npmjs.org/@types%2fthrough 99ms (from cache)
294 silly pacote tag manifest for @types/through@ts3.6 fetched in 101ms
295 http fetch GET 304 https://registry.npmjs.org/@types%2fmemorystream 2404ms (from cache)
296 silly pacote tag manifest for @types/memorystream@ts3.6 fetched in 2405ms
297 http fetch GET 304 https://registry.npmjs.org/@types%2fthunky 124ms (from cache)
298 silly pacote tag manifest for @types/thunky@ts3.6 fetched in 125ms
299 http fetch GET 304 https://registry.npmjs.org/@types%2fthrough2 129ms (from cache)
300 silly pacote tag manifest for @types/through2@ts3.6 fetched in 132ms
301 http fetch GET 304 https://registry.npmjs.org/@types%2ftimsort 71ms (from cache)
302 silly pacote tag manifest for @types/timsort@ts3.6 fetched in 73ms
303 http fetch GET 200 https://registry.npmjs.org/@types%2ftmpl 73ms
304 silly fetchPackageMetaData error for @types/tmpl@ts3.6 No matching version found for @types/tmpl@ts3.6.
305 http fetch GET 200 https://registry.npmjs.org/@types%2fto-regex-range 59ms
306 silly fetchPackageMetaData error for @types/to-regex-range@ts3.6 No matching version found for @types/to-regex-range@ts3.6.
307 http fetch GET 200 https://registry.npmjs.org/@types%2fto-regex 110ms
308 silly fetchPackageMetaData error for @types/to-regex@ts3.6 No matching version found for @types/to-regex@ts3.6.
309 http fetch GET 304 https://registry.npmjs.org/@types%2ftryer 98ms (from cache)
310 silly pacote tag manifest for @types/tryer@ts3.6 fetched in 101ms
311 http fetch GET 200 https://registry.npmjs.org/@types%2ftr46 124ms
312 silly fetchPackageMetaData error for @types/tr46@ts3.6 No matching version found for @types/tr46@ts3.6.
313 http fetch GET 304 https://registry.npmjs.org/@types%2fsymbol-tree 343ms (from cache)
314 silly pacote tag manifest for @types/symbol-tree@ts3.6 fetched in 344ms
315 http fetch GET 304 https://registry.npmjs.org/@types%2ftype-check 122ms (from cache)
316 silly pacote tag manifest for @types/type-check@ts3.6 fetched in 124ms
317 http fetch GET 304 https://registry.npmjs.org/@types%2ftough-cookie 153ms (from cache)
318 silly pacote tag manifest for @types/tough-cookie@ts3.6 fetched in 155ms
319 http fetch GET 304 https://registry.npmjs.org/@types%2ftype-is 117ms (from cache)
320 silly pacote tag manifest for @types/type-is@ts3.6 fetched in 119ms
321 http fetch GET 304 https://registry.npmjs.org/@types%2funiq 64ms (from cache)
322 silly pacote tag manifest for @types/uniq@ts3.6 fetched in 68ms
323 http fetch GET 304 https://registry.npmjs.org/@types%2furl-parse 57ms (from cache)
324 silly pacote tag manifest for @types/url-parse@ts3.6 fetched in 59ms
325 http fetch GET 304 https://registry.npmjs.org/@types%2furix 75ms (from cache)
326 silly pacote tag manifest for @types/urix@ts3.6 fetched in 76ms
327 http fetch GET 200 https://registry.npmjs.org/@types%2ftypedarray-to-buffer 125ms
328 silly fetchPackageMetaData error for @types/typedarray-to-buffer@ts3.6 No matching version found for @types/typedarray-to-buffer@ts3.6.
329 http fetch GET 304 https://registry.npmjs.org/@types%2futil.promisify 65ms (from cache)
330 silly pacote tag manifest for @types/util.promisify@ts3.6 fetched in 66ms
331 http fetch GET 304 https://registry.npmjs.org/@types%2futil-deprecate 77ms (from cache)
332 silly pacote tag manifest for @types/util-deprecate@ts3.6 fetched in 80ms
333 http fetch GET 304 https://registry.npmjs.org/@types%2futils-merge 65ms (from cache)
334 silly pacote tag manifest for @types/utils-merge@ts3.6 fetched in 66ms
335 http fetch GET 304 https://registry.npmjs.org/@types%2funiversalify 154ms (from cache)
336 silly pacote tag manifest for @types/universalify@ts3.6 fetched in 155ms
337 http fetch GET 304 https://registry.npmjs.org/@types%2fuuid 83ms (from cache)
338 silly pacote tag manifest for @types/uuid@ts3.6 fetched in 84ms
339 http fetch GET 304 https://registry.npmjs.org/@types%2fvary 65ms (from cache)
340 silly pacote tag manifest for @types/vary@ts3.6 fetched in 66ms
341 http fetch GET 304 https://registry.npmjs.org/@types%2fw3c-hr-time 77ms (from cache)
342 silly pacote tag manifest for @types/w3c-hr-time@ts3.6 fetched in 78ms
343 http fetch GET 304 https://registry.npmjs.org/@types%2fw3c-xmlserializer 83ms (from cache)
344 silly pacote tag manifest for @types/w3c-xmlserializer@ts3.6 fetched in 84ms
345 http fetch GET 304 https://registry.npmjs.org/@types%2fwatchpack 100ms (from cache)
346 silly pacote tag manifest for @types/watchpack@ts3.6 fetched in 101ms
347 http fetch GET 304 https://registry.npmjs.org/@types%2fwebpack-manifest-plugin 50ms (from cache)
348 silly pacote tag manifest for @types/webpack-manifest-plugin@ts3.6 fetched in 52ms
349 http fetch GET 304 https://registry.npmjs.org/@types%2fwebidl-conversions 104ms (from cache)
350 silly pacote tag manifest for @types/webidl-conversions@ts3.6 fetched in 106ms
351 http fetch GET 304 https://registry.npmjs.org/@types%2fvalidate-npm-package-license 210ms (from cache)
352 silly pacote tag manifest for @types/validate-npm-package-license@ts3.6 fetched in 211ms
353 http fetch GET 304 https://registry.npmjs.org/@types%2fwebpack-sources 103ms (from cache)
354 silly pacote tag manifest for @types/webpack-sources@ts3.6 fetched in 106ms
355 http fetch GET 304 https://registry.npmjs.org/@types%2fwhatwg-mimetype 118ms (from cache)
356 silly pacote tag manifest for @types/whatwg-mimetype@ts3.6 fetched in 119ms
357 http fetch GET 304 https://registry.npmjs.org/@types%2fon-headers 2319ms (from cache)
358 silly pacote tag manifest for @types/on-headers@ts3.6 fetched in 2320ms
359 http fetch GET 304 https://registry.npmjs.org/@types%2fwhatwg-url 137ms (from cache)
360 silly pacote tag manifest for @types/whatwg-url@ts3.6 fetched in 139ms
361 http fetch GET 304 https://registry.npmjs.org/@types%2fworkbox-webpack-plugin 54ms (from cache)
362 silly pacote tag manifest for @types/workbox-webpack-plugin@ts3.6 fetched in 56ms
363 http fetch GET 304 https://registry.npmjs.org/@types%2fwhich 187ms (from cache)
364 silly pacote tag manifest for @types/which@ts3.6 fetched in 188ms
365 http fetch GET 304 https://registry.npmjs.org/@types%2fwrap-ansi 118ms (from cache)
366 silly pacote tag manifest for @types/wrap-ansi@ts3.6 fetched in 119ms
367 http fetch GET 304 https://registry.npmjs.org/@types%2fwhatwg-encoding 347ms (from cache)
368 silly pacote tag manifest for @types/whatwg-encoding@ts3.6 fetched in 348ms
369 http fetch GET 304 https://registry.npmjs.org/@types%2fwrite-file-atomic 122ms (from cache)
370 silly pacote tag manifest for @types/write-file-atomic@ts3.6 fetched in 123ms
371 http fetch GET 304 https://registry.npmjs.org/@types%2fws 55ms (from cache)
372 silly pacote tag manifest for @types/ws@ts3.6 fetched in 57ms
373 http fetch GET 304 https://registry.npmjs.org/@types%2fyallist 85ms (from cache)
374 silly pacote tag manifest for @types/yallist@ts3.6 fetched in 86ms
375 http fetch GET 304 https://registry.npmjs.org/@types%2fyargs 96ms (from cache)
376 silly pacote tag manifest for @types/yargs@ts3.6 fetched in 99ms
377 http fetch GET 200 https://registry.npmjs.org/@types%2fxml-name-validator 260ms
378 silly fetchPackageMetaData error for @types/xml-name-validator@ts3.6 No matching version found for @types/xml-name-validator@ts3.6.
379 http fetch GET 304 https://registry.npmjs.org/@types%2fyargs-parser 61ms (from cache)
380 silly pacote tag manifest for @types/yargs-parser@ts3.6 fetched in 62ms
381 http fetch GET 200 https://registry.npmjs.org/@types%2fregex-not 2222ms
382 silly fetchPackageMetaData error for @types/regex-not@ts3.6 No matching version found for @types/regex-not@ts3.6.
383 http fetch GET 304 https://registry.npmjs.org/@types%2fwhich-pm-runs 1170ms (from cache)
384 silly pacote tag manifest for @types/which-pm-runs@ts3.6 fetched in 1172ms
385 http fetch GET 304 https://registry.npmjs.org/@types%2fworkbox-build 1166ms (from cache)
386 silly pacote tag manifest for @types/workbox-build@ts3.6 fetched in 1168ms
387 http fetch GET 304 https://registry.npmjs.org/@types%2fworkbox-sw 1187ms (from cache)
388 silly pacote tag manifest for @types/workbox-sw@ts3.6 fetched in 1189ms
389 http fetch GET 304 https://registry.npmjs.org/@types%2fxtend 1155ms (from cache)
390 silly pacote tag manifest for @types/xtend@ts3.6 fetched in 1156ms
391 http fetch GET 304 https://registry.npmjs.org/@types%2fstrict-uri-encode 2397ms (from cache)
392 silly pacote tag manifest for @types/strict-uri-encode@ts3.6 fetched in 2398ms
393 http fetch GET 304 https://registry.npmjs.org/@types%2ftype-detect 2291ms (from cache)
394 silly pacote tag manifest for @types/type-detect@ts3.6 fetched in 2293ms
395 http fetch GET 304 https://registry.npmjs.org/@types%2fwebpack 2310ms (from cache)
396 silly pacote tag manifest for @types/webpack@ts3.6 fetched in 2313ms
397 timing stage:rollbackFailedOptional Completed in 0ms
398 timing stage:runTopLevelLifecycles Completed in 5295ms
399 verbose type tag
400 verbose stack @types/path-browserify: No matching version found for @types/path-browserify@ts3.6.
400 verbose stack     at pickManifest (/usr/local/lib/node_modules/npm/node_modules/npm-pick-manifest/index.js:122:13)
400 verbose stack     at /usr/local/lib/node_modules/npm/node_modules/pacote/lib/fetchers/registry/manifest.js:24:14
400 verbose stack     at tryCatcher (/usr/local/lib/node_modules/npm/node_modules/bluebird/js/release/util.js:16:23)
400 verbose stack     at Promise._settlePromiseFromHandler (/usr/local/lib/node_modules/npm/node_modules/bluebird/js/release/promise.js:517:31)
400 verbose stack     at Promise._settlePromise (/usr/local/lib/node_modules/npm/node_modules/bluebird/js/release/promise.js:574:18)
400 verbose stack     at Promise._settlePromise0 (/usr/local/lib/node_modules/npm/node_modules/bluebird/js/release/promise.js:619:10)
400 verbose stack     at Promise._settlePromises (/usr/local/lib/node_modules/npm/node_modules/bluebird/js/release/promise.js:699:18)
400 verbose stack     at _drainQueueStep (/usr/local/lib/node_modules/npm/node_modules/bluebird/js/release/async.js:138:12)
400 verbose stack     at _drainQueue (/usr/local/lib/node_modules/npm/node_modules/bluebird/js/release/async.js:131:9)
400 verbose stack     at Async._drainQueues (/usr/local/lib/node_modules/npm/node_modules/bluebird/js/release/async.js:147:5)
400 verbose stack     at Immediate.Async.drainQueues [as _onImmediate] (/usr/local/lib/node_modules/npm/node_modules/bluebird/js/release/async.js:17:14)
400 verbose stack     at processImmediate (internal/timers.js:456:21)
401 verbose cwd /home/theia/.cache/typescript/3.6
402 verbose Linux 5.10.16.3-microsoft-standard-WSL2
403 verbose argv "/usr/local/bin/node" "/usr/local/bin/npm" "install" "--ignore-scripts" "@types/memory-fs@ts3.6" "@types/memorystream@ts3.6" "@types/merge-descriptors@ts3.6" "@types/merge-stream@ts3.6" "@types/merge2@ts3.6" "@types/methods@ts3.6" "@types/micromatch@ts3.6" "@types/mime@ts3.6" "@types/mime-db@ts3.6" "@types/mime-types@ts3.6" "@types/min-indent@ts3.6" "@types/minimalistic-assert@ts3.6" "@types/minimatch@ts3.6" "@types/minimist@ts3.6" "@types/minizlib@ts3.6" "@types/mkdirp@ts3.6" "@types/move-concurrently@ts3.6" "@types/ms@ts3.6" "@types/multicast-dns@ts3.6" "@types/natural-compare@ts3.6" "@types/negotiator@ts3.6" "@types/next-tick@ts3.6" "@types/nice-try@ts3.6" "@types/node-forge@ts3.6" "@types/node-int64@ts3.6" "@types/node-notifier@ts3.6" "@types/normalize-package-data@ts3.6" "@types/normalize-path@ts3.6" "@types/num2fraction@ts3.6" "@types/nwsapi@ts3.6" "@types/object-assign@ts3.6" "@types/object-inspect@ts3.6" "@types/object-keys@ts3.6" "@types/object.fromentries@ts3.6" "@types/object.getownpropertydescriptors@ts3.6" "@types/object.pick@ts3.6" "@types/on-finished@ts3.6" "@types/on-headers@ts3.6" "@types/once@ts3.6" "@types/optimize-css-assets-webpack-plugin@ts3.6" "@types/original@ts3.6" "@types/pako@ts3.6" "@types/parallel-transform@ts3.6" "@types/parse-json@ts3.6" "@types/parseurl@ts3.6" "@types/pascalcase@ts3.6" "@types/path-browserify@ts3.6" "@types/path-is-absolute@ts3.6" "@types/path-is-inside@ts3.6" "@types/path-parse@ts3.6" "@types/pbkdf2@ts3.6" "@types/picomatch@ts3.6" "@types/pify@ts3.6" "@types/postcss-flexbugs-fixes@ts3.6" "@types/postcss-gap-properties@ts3.6" "@types/postcss-modules-extract-imports@ts3.6" "@types/postcss-modules-local-by-default@ts3.6" "@types/postcss-modules-scope@ts3.6" "@types/postcss-modules-values@ts3.6" "@types/postcss-normalize@ts3.6" "@types/postcss-preset-env@ts3.6" "@types/postcss-safe-parser@ts3.6" "@types/prelude-ls@ts3.6" "@types/prettier-linter-helpers@ts3.6" "@types/progress@ts3.6" "@types/promise-inflight@ts3.6" "@types/prompts@ts3.6" "@types/prop-types@ts3.6" "@types/proxy-addr@ts3.6" "@types/psl@ts3.6" "@types/pump@ts3.6" "@types/pumpify@ts3.6" "@types/punycode@ts3.6" "@types/q@ts3.6" "@types/qs@ts3.6" "@types/querystringify@ts3.6" "@types/raf@ts3.6" "@types/randombytes@ts3.6" "@types/range-parser@ts3.6" "@types/react-dev-utils@ts3.6" "@types/react-is@ts3.6" "@types/react-refresh@ts3.6" "@types/readable-stream@ts3.6" "@types/recursive-readdir@ts3.6" "@types/regenerate@ts3.6" "@types/regenerator-runtime@ts3.6" "@types/regex-not@ts3.6" "@types/relateurl@ts3.6" "@types/repeat-element@ts3.6" "@types/repeat-string@ts3.6" "@types/require-directory@ts3.6" "@types/require-from-string@ts3.6" "@types/requires-port@ts3.6" "@types/resolve@ts3.6" "@types/retry@ts3.6" "@types/rimraf@ts3.6" "@types/ripemd160@ts3.6" "@types/rsvp@ts3.6" "@types/run-parallel@ts3.6" "@types/safe-regex@ts3.6" "@types/safer-buffer@ts3.6" "@types/sane@ts3.6" "@types/sass-loader@ts3.6" "@types/sax@ts3.6" "@types/scheduler@ts3.6" "@types/selfsigned@ts3.6" "@types/semver@ts3.6" "@types/semver-compare@ts3.6" "@types/send@ts3.6" "@types/serialize-javascript@ts3.6" "@types/serve-index@ts3.6" "@types/serve-static@ts3.6" "@types/set-blocking@ts3.6" "@types/set-value@ts3.6" "@types/setimmediate@ts3.6" "@types/sha.js@ts3.6" "@types/shebang-command@ts3.6" "@types/shell-quote@ts3.6" "@types/signal-exit@ts3.6" "@types/simple-swizzle@ts3.6" "@types/slice-ansi@ts3.6" "@types/sockjs@ts3.6" "@types/sockjs-client@ts3.6" "@types/source-list-map@ts3.6" "@types/source-map-support@ts3.6" "@types/spdx-correct@ts3.6" "@types/spdx-expression-parse@ts3.6" "@types/spdy@ts3.6" "@types/sprintf@ts3.6" "@types/sprintf-js@ts3.6" "@types/ssri@ts3.6" "@types/stack-utils@ts3.6" "@types/statuses@ts3.6" "@types/stream-each@ts3.6" "@types/stream-shift@ts3.6" "@types/strict-uri-encode@ts3.6" "@types/string-natural-compare@ts3.6" "@types/string.prototype.matchall@ts3.6" "@types/stringify-object@ts3.6" "@types/strip-comments@ts3.6" "@types/strip-final-newline@ts3.6" "@types/supports-color@ts3.6" "@types/svg-parser@ts3.6" "@types/svgo@ts3.6" "@types/symbol-tree@ts3.6" "@types/tapable@ts3.6" "@types/tar@ts3.6" "@types/text-table@ts3.6" "@types/through@ts3.6" "@types/through2@ts3.6" "@types/thunky@ts3.6" "@types/timsort@ts3.6" "@types/tmpl@ts3.6" "@types/to-regex@ts3.6" "@types/to-regex-range@ts3.6" "@types/tough-cookie@ts3.6" "@types/tr46@ts3.6" "@types/tryer@ts3.6" "@types/type-check@ts3.6" "@types/type-detect@ts3.6" "@types/type-is@ts3.6" "@types/typedarray-to-buffer@ts3.6" "@types/uniq@ts3.6" "@types/universalify@ts3.6" "@types/urix@ts3.6" "@types/url-parse@ts3.6" "@types/util-deprecate@ts3.6" "@types/util.promisify@ts3.6" "@types/utils-merge@ts3.6" "@types/uuid@ts3.6" "@types/validate-npm-package-license@ts3.6" "@types/vary@ts3.6" "@types/w3c-hr-time@ts3.6" "@types/w3c-xmlserializer@ts3.6" "@types/watchpack@ts3.6" "@types/webidl-conversions@ts3.6" "@types/webpack@ts3.6" "@types/webpack-manifest-plugin@ts3.6" "@types/webpack-sources@ts3.6" "@types/whatwg-encoding@ts3.6" "@types/whatwg-mimetype@ts3.6" "@types/whatwg-url@ts3.6" "@types/which@ts3.6" "@types/which-pm-runs@ts3.6" "@types/workbox-build@ts3.6" "@types/workbox-sw@ts3.6" "@types/workbox-webpack-plugin@ts3.6" "@types/wrap-ansi@ts3.6" "@types/write-file-atomic@ts3.6" "@types/ws@ts3.6" "@types/xml-name-validator@ts3.6" "@types/xtend@ts3.6" "@types/yallist@ts3.6" "@types/yargs@ts3.6" "@types/yargs-parser@ts3.6" "--save-dev" "--user-agent=typesInstaller/3.6.3"
404 verbose node v12.18.3
405 verbose npm  v6.14.6
406 error code ETARGET
407 error notarget No matching version found for @types/path-browserify@ts3.6.
408 error notarget In most cases you or one of your dependencies are requesting
408 error notarget a package version that doesn't exist.
409 verbose exit [ 1, true ]
