0 info it worked if it ends with ok
1 verbose cli [
1 verbose cli   '/usr/local/bin/node',
1 verbose cli   '/usr/local/bin/npm',
1 verbose cli   'install',
1 verbose cli   '--ignore-scripts',
1 verbose cli   '@types/memory-fs@ts3.6',
1 verbose cli   '@types/memorystream@ts3.6',
1 verbose cli   '@types/merge-descriptors@ts3.6',
1 verbose cli   '@types/merge-stream@ts3.6',
1 verbose cli   '@types/merge2@ts3.6',
1 verbose cli   '@types/methods@ts3.6',
1 verbose cli   '@types/micromatch@ts3.6',
1 verbose cli   '@types/mime@ts3.6',
1 verbose cli   '@types/mime-db@ts3.6',
1 verbose cli   '@types/mime-types@ts3.6',
1 verbose cli   '@types/min-indent@ts3.6',
1 verbose cli   '@types/minimalistic-assert@ts3.6',
1 verbose cli   '@types/minimatch@ts3.6',
1 verbose cli   '@types/minimist@ts3.6',
1 verbose cli   '@types/minizlib@ts3.6',
1 verbose cli   '@types/mkdirp@ts3.6',
1 verbose cli   '@types/move-concurrently@ts3.6',
1 verbose cli   '@types/ms@ts3.6',
1 verbose cli   '@types/multicast-dns@ts3.6',
1 verbose cli   '@types/natural-compare@ts3.6',
1 verbose cli   '@types/negotiator@ts3.6',
1 verbose cli   '@types/next-tick@ts3.6',
1 verbose cli   '@types/nice-try@ts3.6',
1 verbose cli   '@types/node-forge@ts3.6',
1 verbose cli   '@types/node-int64@ts3.6',
1 verbose cli   '@types/node-notifier@ts3.6',
1 verbose cli   '@types/normalize-package-data@ts3.6',
1 verbose cli   '@types/normalize-path@ts3.6',
1 verbose cli   '@types/num2fraction@ts3.6',
1 verbose cli   '@types/nwsapi@ts3.6',
1 verbose cli   '@types/object-assign@ts3.6',
1 verbose cli   '@types/object-inspect@ts3.6',
1 verbose cli   '@types/object-keys@ts3.6',
1 verbose cli   '@types/object.fromentries@ts3.6',
1 verbose cli   '@types/object.getownpropertydescriptors@ts3.6',
1 verbose cli   '@types/object.pick@ts3.6',
1 verbose cli   '@types/on-finished@ts3.6',
1 verbose cli   '@types/on-headers@ts3.6',
1 verbose cli   '@types/once@ts3.6',
1 verbose cli   '@types/optimize-css-assets-webpack-plugin@ts3.6',
1 verbose cli   '@types/original@ts3.6',
1 verbose cli   '@types/pako@ts3.6',
1 verbose cli   '@types/parallel-transform@ts3.6',
1 verbose cli   '@types/parse-json@ts3.6',
1 verbose cli   '@types/parseurl@ts3.6',
1 verbose cli   '@types/pascalcase@ts3.6',
1 verbose cli   '@types/path-browserify@ts3.6',
1 verbose cli   '@types/path-is-absolute@ts3.6',
1 verbose cli   '@types/path-is-inside@ts3.6',
1 verbose cli   '@types/path-parse@ts3.6',
1 verbose cli   '@types/pbkdf2@ts3.6',
1 verbose cli   '@types/picomatch@ts3.6',
1 verbose cli   '@types/pify@ts3.6',
1 verbose cli   '@types/postcss-flexbugs-fixes@ts3.6',
1 verbose cli   '@types/postcss-gap-properties@ts3.6',
1 verbose cli   '@types/postcss-modules-extract-imports@ts3.6',
1 verbose cli   '@types/postcss-modules-local-by-default@ts3.6',
1 verbose cli   '@types/postcss-modules-scope@ts3.6',
1 verbose cli   '@types/postcss-modules-values@ts3.6',
1 verbose cli   '@types/postcss-normalize@ts3.6',
1 verbose cli   '@types/postcss-preset-env@ts3.6',
1 verbose cli   '@types/postcss-safe-parser@ts3.6',
1 verbose cli   '@types/prelude-ls@ts3.6',
1 verbose cli   '@types/prettier-linter-helpers@ts3.6',
1 verbose cli   '@types/progress@ts3.6',
1 verbose cli   '@types/promise-inflight@ts3.6',
1 verbose cli   '@types/prompts@ts3.6',
1 verbose cli   '@types/prop-types@ts3.6',
1 verbose cli   '@types/proxy-addr@ts3.6',
1 verbose cli   '@types/psl@ts3.6',
1 verbose cli   '@types/pump@ts3.6',
1 verbose cli   '@types/pumpify@ts3.6',
1 verbose cli   '@types/punycode@ts3.6',
1 verbose cli   '@types/q@ts3.6',
1 verbose cli   '@types/qs@ts3.6',
1 verbose cli   '@types/querystringify@ts3.6',
1 verbose cli   '@types/raf@ts3.6',
1 verbose cli   '@types/randombytes@ts3.6',
1 verbose cli   '@types/range-parser@ts3.6',
1 verbose cli   '@types/react-dev-utils@ts3.6',
1 verbose cli   '@types/react-is@ts3.6',
1 verbose cli   '@types/react-refresh@ts3.6',
1 verbose cli   '@types/readable-stream@ts3.6',
1 verbose cli   '@types/recursive-readdir@ts3.6',
1 verbose cli   '@types/regenerate@ts3.6',
1 verbose cli   '@types/regenerator-runtime@ts3.6',
1 verbose cli   '@types/regex-not@ts3.6',
1 verbose cli   '@types/relateurl@ts3.6',
1 verbose cli   '@types/repeat-element@ts3.6',
1 verbose cli   '@types/repeat-string@ts3.6',
1 verbose cli   '@types/require-directory@ts3.6',
1 verbose cli   '@types/require-from-string@ts3.6',
1 verbose cli   '@types/requires-port@ts3.6',
1 verbose cli   '@types/resolve@ts3.6',
1 verbose cli   '@types/retry@ts3.6',
1 verbose cli   '@types/rimraf@ts3.6',
1 verbose cli   ... 101 more items
1 verbose cli ]
2 info using npm@6.14.6
3 info using node@v12.18.3
4 verbose npm-session 08fbe5f0dfacb83b
5 silly install loadCurrentTree
6 silly install readLocalPackageData
7 http fetch GET 304 https://registry.npmjs.org/@types%2fmethods 206ms (from cache)
8 silly pacote tag manifest for @types/methods@ts3.6 fetched in 211ms
9 http fetch GET 304 https://registry.npmjs.org/@types%2fmerge-stream 218ms (from cache)
10 http fetch GET 304 https://registry.npmjs.org/@types%2fmime-types 217ms (from cache)
11 silly pacote tag manifest for @types/merge-stream@ts3.6 fetched in 225ms
12 silly pacote tag manifest for @types/mime-types@ts3.6 fetched in 224ms
13 http fetch GET 304 https://registry.npmjs.org/@types%2fmime-db 230ms (from cache)
14 http fetch GET 304 https://registry.npmjs.org/@types%2fmemorystream 237ms (from cache)
15 silly pacote tag manifest for @types/mime-db@ts3.6 fetched in 234ms
16 silly pacote tag manifest for @types/memorystream@ts3.6 fetched in 241ms
17 http fetch GET 304 https://registry.npmjs.org/@types%2fmicromatch 242ms (from cache)
18 http fetch GET 304 https://registry.npmjs.org/@types%2fmime 243ms (from cache)
19 silly pacote tag manifest for @types/micromatch@ts3.6 fetched in 244ms
20 silly pacote tag manifest for @types/mime@ts3.6 fetched in 244ms
21 http fetch GET 304 https://registry.npmjs.org/@types%2fminimatch 94ms (from cache)
22 http fetch GET 304 https://registry.npmjs.org/@types%2fmerge2 328ms (from cache)
23 silly pacote tag manifest for @types/minimatch@ts3.6 fetched in 102ms
24 silly pacote tag manifest for @types/merge2@ts3.6 fetched in 337ms
25 http fetch GET 304 https://registry.npmjs.org/@types%2fminimist 171ms (from cache)
26 silly pacote tag manifest for @types/minimist@ts3.6 fetched in 179ms
27 http fetch GET 304 https://registry.npmjs.org/@types%2fmkdirp 177ms (from cache)
28 http fetch GET 304 https://registry.npmjs.org/@types%2fminizlib 193ms (from cache)
29 silly pacote tag manifest for @types/mkdirp@ts3.6 fetched in 204ms
30 silly pacote tag manifest for @types/minizlib@ts3.6 fetched in 220ms
31 http fetch GET 304 https://registry.npmjs.org/@types%2fms 185ms (from cache)
32 silly pacote tag manifest for @types/ms@ts3.6 fetched in 188ms
33 http fetch GET 304 https://registry.npmjs.org/@types%2fnatural-compare 107ms (from cache)
34 silly pacote tag manifest for @types/natural-compare@ts3.6 fetched in 108ms
35 http fetch GET 304 https://registry.npmjs.org/@types%2fnode-forge 91ms (from cache)
36 silly pacote tag manifest for @types/node-forge@ts3.6 fetched in 93ms
37 http fetch GET 304 https://registry.npmjs.org/@types%2fnegotiator 171ms (from cache)
38 silly pacote tag manifest for @types/negotiator@ts3.6 fetched in 172ms
39 http fetch GET 304 https://registry.npmjs.org/@types%2fnice-try 119ms (from cache)
40 silly pacote tag manifest for @types/nice-try@ts3.6 fetched in 120ms
41 http fetch GET 304 https://registry.npmjs.org/@types%2fnormalize-package-data 60ms (from cache)
42 silly pacote tag manifest for @types/normalize-package-data@ts3.6 fetched in 61ms
43 http fetch GET 304 https://registry.npmjs.org/@types%2fnormalize-path 94ms (from cache)
44 silly pacote tag manifest for @types/normalize-path@ts3.6 fetched in 97ms
45 http fetch GET 304 https://registry.npmjs.org/@types%2fmemory-fs 1623ms (from cache)
46 silly pacote tag manifest for @types/memory-fs@ts3.6 fetched in 1633ms
47 http fetch GET 304 https://registry.npmjs.org/@types%2fmove-concurrently 1465ms (from cache)
48 silly pacote tag manifest for @types/move-concurrently@ts3.6 fetched in 1470ms
49 http fetch GET 304 https://registry.npmjs.org/@types%2fmin-indent 1506ms (from cache)
50 silly pacote tag manifest for @types/min-indent@ts3.6 fetched in 1512ms
51 http fetch GET 304 https://registry.npmjs.org/@types%2fnwsapi 123ms (from cache)
52 silly pacote tag manifest for @types/nwsapi@ts3.6 fetched in 124ms
53 http fetch GET 304 https://registry.npmjs.org/@types%2fobject-keys 87ms (from cache)
54 silly pacote tag manifest for @types/object-keys@ts3.6 fetched in 89ms
55 http fetch GET 304 https://registry.npmjs.org/@types%2fmulticast-dns 1509ms (from cache)
56 silly pacote tag manifest for @types/multicast-dns@ts3.6 fetched in 1511ms
57 http fetch GET 304 https://registry.npmjs.org/@types%2fobject-inspect 125ms (from cache)
58 silly pacote tag manifest for @types/object-inspect@ts3.6 fetched in 127ms
59 http fetch GET 304 https://registry.npmjs.org/@types%2fobject-assign 136ms (from cache)
60 silly pacote tag manifest for @types/object-assign@ts3.6 fetched in 137ms
61 http fetch GET 304 https://registry.npmjs.org/@types%2fobject.pick 103ms (from cache)
62 silly pacote tag manifest for @types/object.pick@ts3.6 fetched in 106ms
63 http fetch GET 304 https://registry.npmjs.org/@types%2fnext-tick 1599ms (from cache)
64 silly pacote tag manifest for @types/next-tick@ts3.6 fetched in 1609ms
65 http fetch GET 304 https://registry.npmjs.org/@types%2fon-finished 254ms (from cache)
66 http fetch GET 304 https://registry.npmjs.org/@types%2fon-headers 156ms (from cache)
67 silly pacote tag manifest for @types/on-finished@ts3.6 fetched in 262ms
68 silly pacote tag manifest for @types/on-headers@ts3.6 fetched in 165ms
69 http fetch GET 304 https://registry.npmjs.org/@types%2fonce 131ms (from cache)
70 silly pacote tag manifest for @types/once@ts3.6 fetched in 136ms
71 http fetch GET 304 https://registry.npmjs.org/@types%2foptimize-css-assets-webpack-plugin 120ms (from cache)
72 silly pacote tag manifest for @types/optimize-css-assets-webpack-plugin@ts3.6 fetched in 122ms
73 http fetch GET 304 https://registry.npmjs.org/@types%2fnum2fraction 1466ms (from cache)
74 silly pacote tag manifest for @types/num2fraction@ts3.6 fetched in 1468ms
75 http fetch GET 304 https://registry.npmjs.org/@types%2fpako 97ms (from cache)
76 silly pacote tag manifest for @types/pako@ts3.6 fetched in 99ms
77 http fetch GET 304 https://registry.npmjs.org/@types%2fparse-json 125ms (from cache)
78 silly pacote tag manifest for @types/parse-json@ts3.6 fetched in 126ms
79 http fetch GET 304 https://registry.npmjs.org/@types%2fmerge-descriptors 2398ms (from cache)
80 silly pacote tag manifest for @types/merge-descriptors@ts3.6 fetched in 2399ms
81 http fetch GET 304 https://registry.npmjs.org/@types%2fparseurl 116ms (from cache)
82 silly pacote tag manifest for @types/parseurl@ts3.6 fetched in 118ms
83 http fetch GET 304 https://registry.npmjs.org/@types%2fminimalistic-assert 2236ms (from cache)
84 silly pacote tag manifest for @types/minimalistic-assert@ts3.6 fetched in 2237ms
85 http fetch GET 304 https://registry.npmjs.org/@types%2fpascalcase 103ms (from cache)
86 silly pacote tag manifest for @types/pascalcase@ts3.6 fetched in 105ms
87 http fetch GET 304 https://registry.npmjs.org/@types%2fpath-browserify 130ms (from cache)
88 silly registry:manifest no matching version for @types/path-browserify@ts3.6 in the cache. Forcing revalidation.
89 http fetch GET 304 https://registry.npmjs.org/@types%2fpath-is-absolute 103ms (from cache)
90 silly pacote tag manifest for @types/path-is-absolute@ts3.6 fetched in 105ms
91 http fetch GET 304 https://registry.npmjs.org/@types%2fpath-parse 121ms (from cache)
92 silly pacote tag manifest for @types/path-parse@ts3.6 fetched in 125ms
93 http fetch GET 200 https://registry.npmjs.org/@types%2fpath-browserify 120ms
94 silly fetchPackageMetaData error for @types/path-browserify@ts3.6 No matching version found for @types/path-browserify@ts3.6.
95 http fetch GET 304 https://registry.npmjs.org/@types%2fpicomatch 115ms (from cache)
96 silly pacote tag manifest for @types/picomatch@ts3.6 fetched in 117ms
97 http fetch GET 304 https://registry.npmjs.org/@types%2fpify 97ms (from cache)
98 silly pacote tag manifest for @types/pify@ts3.6 fetched in 98ms
99 http fetch GET 304 https://registry.npmjs.org/@types%2fpostcss-gap-properties 140ms (from cache)
100 silly pacote tag manifest for @types/postcss-gap-properties@ts3.6 fetched in 146ms
101 http fetch GET 304 https://registry.npmjs.org/@types%2fnode-int64 2397ms (from cache)
102 silly pacote tag manifest for @types/node-int64@ts3.6 fetched in 2398ms
103 http fetch GET 304 https://registry.npmjs.org/@types%2fnode-notifier 2415ms (from cache)
104 silly pacote tag manifest for @types/node-notifier@ts3.6 fetched in 2416ms
105 http fetch GET 304 https://registry.npmjs.org/@types%2fpostcss-modules-local-by-default 155ms (from cache)
106 silly pacote tag manifest for @types/postcss-modules-local-by-default@ts3.6 fetched in 164ms
107 http fetch GET 304 https://registry.npmjs.org/@types%2fpostcss-modules-scope 148ms (from cache)
108 silly pacote tag manifest for @types/postcss-modules-scope@ts3.6 fetched in 157ms
109 http fetch GET 304 https://registry.npmjs.org/@types%2fobject.getownpropertydescriptors 1475ms (from cache)
110 silly pacote tag manifest for @types/object.getownpropertydescriptors@ts3.6 fetched in 1480ms
111 http fetch GET 304 https://registry.npmjs.org/@types%2fpostcss-modules-values 165ms (from cache)
112 silly pacote tag manifest for @types/postcss-modules-values@ts3.6 fetched in 172ms
113 http fetch GET 304 https://registry.npmjs.org/@types%2fpostcss-safe-parser 123ms (from cache)
114 silly pacote tag manifest for @types/postcss-safe-parser@ts3.6 fetched in 127ms
115 http fetch GET 304 https://registry.npmjs.org/@types%2fparallel-transform 1532ms (from cache)
116 silly pacote tag manifest for @types/parallel-transform@ts3.6 fetched in 1537ms
117 http fetch GET 304 https://registry.npmjs.org/@types%2fpbkdf2 1607ms (from cache)
118 silly pacote tag manifest for @types/pbkdf2@ts3.6 fetched in 1612ms
119 http fetch GET 304 https://registry.npmjs.org/@types%2fobject.fromentries 2376ms (from cache)
120 silly pacote tag manifest for @types/object.fromentries@ts3.6 fetched in 2381ms
121 http fetch GET 304 https://registry.npmjs.org/@types%2fprogress 146ms (from cache)
122 silly pacote tag manifest for @types/progress@ts3.6 fetched in 151ms
123 http fetch GET 304 https://registry.npmjs.org/@types%2fpromise-inflight 146ms (from cache)
124 silly pacote tag manifest for @types/promise-inflight@ts3.6 fetched in 151ms
125 http fetch GET 304 https://registry.npmjs.org/@types%2fprompts 163ms (from cache)
126 http fetch GET 304 https://registry.npmjs.org/@types%2fprop-types 92ms (from cache)
127 silly pacote tag manifest for @types/prompts@ts3.6 fetched in 172ms
128 silly pacote tag manifest for @types/prop-types@ts3.6 fetched in 100ms
129 http fetch GET 200 https://registry.npmjs.org/@types%2foriginal 2424ms
130 http fetch GET 304 https://registry.npmjs.org/@types%2fproxy-addr 163ms (from cache)
131 http fetch GET 304 https://registry.npmjs.org/@types%2fpsl 161ms (from cache)
132 silly pacote tag manifest for @types/proxy-addr@ts3.6 fetched in 170ms
133 silly pacote tag manifest for @types/psl@ts3.6 fetched in 171ms
134 http fetch GET 304 https://registry.npmjs.org/@types%2fpump 146ms (from cache)
135 http fetch GET 304 https://registry.npmjs.org/@types%2fpumpify 144ms (from cache)
136 silly pacote tag manifest for @types/pump@ts3.6 fetched in 152ms
137 silly pacote tag manifest for @types/pumpify@ts3.6 fetched in 153ms
138 http fetch GET 304 https://registry.npmjs.org/@types%2fpostcss-normalize 1702ms (from cache)
139 http fetch GET 304 https://registry.npmjs.org/@types%2fpath-is-inside 2450ms (from cache)
140 silly pacote tag manifest for @types/postcss-normalize@ts3.6 fetched in 1714ms
141 silly pacote tag manifest for @types/path-is-inside@ts3.6 fetched in 2461ms
142 http fetch GET 304 https://registry.npmjs.org/@types%2fq 142ms (from cache)
143 silly pacote tag manifest for @types/q@ts3.6 fetched in 152ms
144 http fetch GET 304 https://registry.npmjs.org/@types%2fraf 162ms (from cache)
145 http fetch GET 304 https://registry.npmjs.org/@types%2fpostcss-flexbugs-fixes 2384ms (from cache)
146 silly pacote tag manifest for @types/raf@ts3.6 fetched in 175ms
147 silly pacote tag manifest for @types/postcss-flexbugs-fixes@ts3.6 fetched in 2398ms
148 http fetch GET 304 https://registry.npmjs.org/@types%2fpunycode 423ms (from cache)
149 silly pacote tag manifest for @types/punycode@ts3.6 fetched in 430ms
150 http fetch GET 304 https://registry.npmjs.org/@types%2fqs 350ms (from cache)
151 silly pacote tag manifest for @types/qs@ts3.6 fetched in 354ms
152 http fetch GET 304 https://registry.npmjs.org/@types%2frandombytes 141ms (from cache)
153 http fetch GET 304 https://registry.npmjs.org/@types%2frange-parser 137ms (from cache)
154 silly pacote tag manifest for @types/randombytes@ts3.6 fetched in 150ms
155 silly pacote tag manifest for @types/range-parser@ts3.6 fetched in 145ms
156 http fetch GET 304 https://registry.npmjs.org/@types%2fpostcss-modules-extract-imports 2406ms (from cache)
157 silly pacote tag manifest for @types/postcss-modules-extract-imports@ts3.6 fetched in 2408ms
158 http fetch GET 304 https://registry.npmjs.org/@types%2freact-dev-utils 147ms (from cache)
159 silly pacote tag manifest for @types/react-dev-utils@ts3.6 fetched in 149ms
160 http fetch GET 304 https://registry.npmjs.org/@types%2freadable-stream 119ms (from cache)
161 silly pacote tag manifest for @types/readable-stream@ts3.6 fetched in 122ms
162 http fetch GET 304 https://registry.npmjs.org/@types%2freact-is 138ms (from cache)
163 silly pacote tag manifest for @types/react-is@ts3.6 fetched in 139ms
164 http fetch GET 304 https://registry.npmjs.org/@types%2fregenerate 104ms (from cache)
165 silly registry:manifest no matching version for @types/regenerate@ts3.6 in the cache. Forcing revalidation.
166 http fetch GET 304 https://registry.npmjs.org/@types%2fregenerator-runtime 111ms (from cache)
167 silly pacote tag manifest for @types/regenerator-runtime@ts3.6 fetched in 113ms
168 http fetch GET 304 https://registry.npmjs.org/@types%2fregex-not 129ms (from cache)
169 silly registry:manifest no matching version for @types/regex-not@ts3.6 in the cache. Forcing revalidation.
170 http fetch GET 304 https://registry.npmjs.org/@types%2frelateurl 119ms (from cache)
171 silly pacote tag manifest for @types/relateurl@ts3.6 fetched in 121ms
172 http fetch GET 304 https://registry.npmjs.org/@types%2fpostcss-preset-env 2396ms (from cache)
173 silly registry:manifest no matching version for @types/postcss-preset-env@ts3.6 in the cache. Forcing revalidation.
174 http fetch GET 304 https://registry.npmjs.org/@types%2fprelude-ls 2245ms (from cache)
175 silly pacote tag manifest for @types/prelude-ls@ts3.6 fetched in 2250ms
176 http fetch GET 200 https://registry.npmjs.org/@types/original/-/original-1.0.0.tgz 1180ms
177 silly pacote tag manifest for @types/original@ts3.6 fetched in 3617ms
178 http fetch GET 304 https://registry.npmjs.org/@types%2frepeat-element 119ms (from cache)
179 silly pacote tag manifest for @types/repeat-element@ts3.6 fetched in 120ms
180 http fetch GET 200 https://registry.npmjs.org/@types%2fpostcss-preset-env 96ms
181 silly fetchPackageMetaData error for @types/postcss-preset-env@ts3.6 No matching version found for @types/postcss-preset-env@ts3.6.
182 http fetch GET 304 https://registry.npmjs.org/@types%2frequires-port 114ms (from cache)
183 silly pacote tag manifest for @types/requires-port@ts3.6 fetched in 115ms
184 http fetch GET 304 https://registry.npmjs.org/@types%2fresolve 85ms (from cache)
185 silly pacote tag manifest for @types/resolve@ts3.6 fetched in 86ms
186 http fetch GET 304 https://registry.npmjs.org/@types%2fprettier-linter-helpers 2249ms (from cache)
187 silly pacote tag manifest for @types/prettier-linter-helpers@ts3.6 fetched in 2250ms
188 http fetch GET 304 https://registry.npmjs.org/@types%2frimraf 78ms (from cache)
189 silly pacote tag manifest for @types/rimraf@ts3.6 fetched in 80ms
190 http fetch GET 304 https://registry.npmjs.org/@types%2fretry 92ms (from cache)
191 silly pacote tag manifest for @types/retry@ts3.6 fetched in 95ms
192 http fetch GET 200 https://registry.npmjs.org/@types%2fregex-not 1495ms
193 silly fetchPackageMetaData error for @types/regex-not@ts3.6 No matching version found for @types/regex-not@ts3.6.
194 http fetch GET 304 https://registry.npmjs.org/@types%2frun-parallel 177ms (from cache)
195 http fetch GET 304 https://registry.npmjs.org/@types%2fquerystringify 2299ms (from cache)
196 silly pacote tag manifest for @types/run-parallel@ts3.6 fetched in 183ms
197 silly pacote tag manifest for @types/querystringify@ts3.6 fetched in 2306ms
198 http fetch GET 304 https://registry.npmjs.org/@types%2frepeat-string 1504ms (from cache)
199 silly pacote tag manifest for @types/repeat-string@ts3.6 fetched in 1513ms
200 http fetch GET 304 https://registry.npmjs.org/@types%2frequire-directory 1525ms (from cache)
201 silly pacote tag manifest for @types/require-directory@ts3.6 fetched in 1527ms
202 http fetch GET 304 https://registry.npmjs.org/@types%2fsane 107ms (from cache)
203 silly pacote tag manifest for @types/sane@ts3.6 fetched in 108ms
204 http fetch GET 304 https://registry.npmjs.org/@types%2fsafer-buffer 138ms (from cache)
205 silly pacote tag manifest for @types/safer-buffer@ts3.6 fetched in 140ms
206 http fetch GET 304 https://registry.npmjs.org/@types%2fsass-loader 116ms (from cache)
207 silly pacote tag manifest for @types/sass-loader@ts3.6 fetched in 117ms
208 http fetch GET 304 https://registry.npmjs.org/@types%2fsafe-regex 163ms (from cache)
209 silly pacote tag manifest for @types/safe-regex@ts3.6 fetched in 166ms
210 http fetch GET 304 https://registry.npmjs.org/@types%2fscheduler 63ms (from cache)
211 http fetch GET 304 https://registry.npmjs.org/@types%2frequire-from-string 1674ms (from cache)
212 silly pacote tag manifest for @types/scheduler@ts3.6 fetched in 65ms
213 silly pacote tag manifest for @types/require-from-string@ts3.6 fetched in 1676ms
214 http fetch GET 304 https://registry.npmjs.org/@types%2fsax 85ms (from cache)
215 silly pacote tag manifest for @types/sax@ts3.6 fetched in 88ms
216 http fetch GET 304 https://registry.npmjs.org/@types%2fsemver 93ms (from cache)
217 silly pacote tag manifest for @types/semver@ts3.6 fetched in 98ms
218 http fetch GET 304 https://registry.npmjs.org/@types%2fselfsigned 112ms (from cache)
219 silly registry:manifest no matching version for @types/selfsigned@ts3.6 in the cache. Forcing revalidation.
220 http fetch GET 304 https://registry.npmjs.org/@types%2fsemver-compare 99ms (from cache)
221 http fetch GET 304 https://registry.npmjs.org/@types%2fserialize-javascript 88ms (from cache)
222 silly pacote tag manifest for @types/semver-compare@ts3.6 fetched in 100ms
223 silly pacote tag manifest for @types/serialize-javascript@ts3.6 fetched in 91ms
224 http fetch GET 304 https://registry.npmjs.org/@types%2fserve-index 55ms (from cache)
225 silly pacote tag manifest for @types/serve-index@ts3.6 fetched in 56ms
226 http fetch GET 304 https://registry.npmjs.org/@types%2fsend 138ms (from cache)
227 http fetch GET 304 https://registry.npmjs.org/@types%2freact-refresh 2294ms (from cache)
228 silly registry:manifest no matching version for @types/react-refresh@ts3.6 in the cache. Forcing revalidation.
229 silly pacote tag manifest for @types/send@ts3.6 fetched in 139ms
230 http fetch GET 304 https://registry.npmjs.org/@types%2fserve-static 50ms (from cache)
231 silly pacote tag manifest for @types/serve-static@ts3.6 fetched in 53ms
232 http fetch GET 200 https://registry.npmjs.org/@types%2fselfsigned 95ms
233 silly fetchPackageMetaData error for @types/selfsigned@ts3.6 No matching version found for @types/selfsigned@ts3.6.
234 http fetch GET 304 https://registry.npmjs.org/@types%2frecursive-readdir 2296ms (from cache)
235 silly pacote tag manifest for @types/recursive-readdir@ts3.6 fetched in 2297ms
236 http fetch GET 304 https://registry.npmjs.org/@types%2fset-blocking 104ms (from cache)
237 silly registry:manifest no matching version for @types/set-blocking@ts3.6 in the cache. Forcing revalidation.
238 http fetch GET 304 https://registry.npmjs.org/@types%2fsha.js 111ms (from cache)
239 silly pacote tag manifest for @types/sha.js@ts3.6 fetched in 112ms
240 http fetch GET 304 https://registry.npmjs.org/@types%2fshebang-command 109ms (from cache)
241 silly pacote tag manifest for @types/shebang-command@ts3.6 fetched in 110ms
242 http fetch GET 200 https://registry.npmjs.org/@types%2fregenerate 2288ms
243 silly fetchPackageMetaData error for @types/regenerate@ts3.6 No matching version found for @types/regenerate@ts3.6.
244 http fetch GET 304 https://registry.npmjs.org/@types%2fsignal-exit 93ms (from cache)
245 silly pacote tag manifest for @types/signal-exit@ts3.6 fetched in 94ms
246 http fetch GET 304 https://registry.npmjs.org/@types%2fsimple-swizzle 91ms (from cache)
247 silly registry:manifest no matching version for @types/simple-swizzle@ts3.6 in the cache. Forcing revalidation.
248 http fetch GET 304 https://registry.npmjs.org/@types%2fsockjs 70ms (from cache)
249 silly pacote tag manifest for @types/sockjs@ts3.6 fetched in 71ms
250 http fetch GET 304 https://registry.npmjs.org/@types%2fslice-ansi 156ms (from cache)
251 silly pacote tag manifest for @types/slice-ansi@ts3.6 fetched in 158ms
252 http fetch GET 304 https://registry.npmjs.org/@types%2fsource-list-map 77ms (from cache)
253 silly pacote tag manifest for @types/source-list-map@ts3.6 fetched in 82ms
254 http fetch GET 304 https://registry.npmjs.org/@types%2fsource-map-support 142ms (from cache)
255 silly pacote tag manifest for @types/source-map-support@ts3.6 fetched in 146ms
256 http fetch GET 304 https://registry.npmjs.org/@types%2fspdx-correct 157ms (from cache)
257 silly pacote tag manifest for @types/spdx-correct@ts3.6 fetched in 162ms
258 http fetch GET 304 https://registry.npmjs.org/@types%2fripemd160 2266ms (from cache)
259 silly pacote tag manifest for @types/ripemd160@ts3.6 fetched in 2270ms
260 http fetch GET 304 https://registry.npmjs.org/@types%2frsvp 2317ms (from cache)
261 silly pacote tag manifest for @types/rsvp@ts3.6 fetched in 2321ms
262 http fetch GET 304 https://registry.npmjs.org/@types%2fspdy 123ms (from cache)
263 silly pacote tag manifest for @types/spdy@ts3.6 fetched in 127ms
264 http fetch GET 304 https://registry.npmjs.org/@types%2fsprintf 113ms (from cache)
265 silly pacote tag manifest for @types/sprintf@ts3.6 fetched in 118ms
266 http fetch GET 304 https://registry.npmjs.org/@types%2fsprintf-js 121ms (from cache)
267 silly pacote tag manifest for @types/sprintf-js@ts3.6 fetched in 122ms
268 http fetch GET 304 https://registry.npmjs.org/@types%2fstack-utils 91ms (from cache)
269 silly pacote tag manifest for @types/stack-utils@ts3.6 fetched in 93ms
270 http fetch GET 304 https://registry.npmjs.org/@types%2fstatuses 93ms (from cache)
271 silly pacote tag manifest for @types/statuses@ts3.6 fetched in 94ms
272 http fetch GET 304 https://registry.npmjs.org/@types%2fset-value 1424ms (from cache)
273 silly pacote tag manifest for @types/set-value@ts3.6 fetched in 1426ms
274 http fetch GET 200 https://registry.npmjs.org/@types%2freact-refresh 1460ms
275 silly fetchPackageMetaData error for @types/react-refresh@ts3.6 No matching version found for @types/react-refresh@ts3.6.
276 http fetch GET 304 https://registry.npmjs.org/@types%2fstream-shift 96ms (from cache)
277 http fetch GET 304 https://registry.npmjs.org/@types%2fshell-quote 1469ms (from cache)
278 silly pacote tag manifest for @types/stream-shift@ts3.6 fetched in 98ms
279 silly pacote tag manifest for @types/shell-quote@ts3.6 fetched in 1471ms
280 http fetch GET 200 https://registry.npmjs.org/@types%2fset-blocking 1475ms
281 silly fetchPackageMetaData error for @types/set-blocking@ts3.6 No matching version found for @types/set-blocking@ts3.6.
282 http fetch GET 304 https://registry.npmjs.org/@types%2fstring.prototype.matchall 150ms (from cache)
283 silly pacote tag manifest for @types/string.prototype.matchall@ts3.6 fetched in 155ms
284 http fetch GET 200 https://registry.npmjs.org/@types%2fsimple-swizzle 1490ms
285 silly fetchPackageMetaData error for @types/simple-swizzle@ts3.6 No matching version found for @types/simple-swizzle@ts3.6.
286 http fetch GET 304 https://registry.npmjs.org/@types%2fstrict-uri-encode 276ms (from cache)
287 http fetch GET 304 https://registry.npmjs.org/@types%2fstringify-object 200ms (from cache)
288 silly pacote tag manifest for @types/strict-uri-encode@ts3.6 fetched in 285ms
289 silly pacote tag manifest for @types/stringify-object@ts3.6 fetched in 209ms
290 http fetch GET 304 https://registry.npmjs.org/@types%2fsupports-color 169ms (from cache)
291 silly pacote tag manifest for @types/supports-color@ts3.6 fetched in 173ms
292 http fetch GET 304 https://registry.npmjs.org/@types%2fsvgo 120ms (from cache)
293 silly pacote tag manifest for @types/svgo@ts3.6 fetched in 126ms
294 http fetch GET 304 https://registry.npmjs.org/@types%2fsetimmediate 2251ms (from cache)
295 silly pacote tag manifest for @types/setimmediate@ts3.6 fetched in 2256ms
296 http fetch GET 304 https://registry.npmjs.org/@types%2ftapable 124ms (from cache)
297 silly pacote tag manifest for @types/tapable@ts3.6 fetched in 135ms
298 http fetch GET 304 https://registry.npmjs.org/@types%2ftar 117ms (from cache)
299 silly pacote tag manifest for @types/tar@ts3.6 fetched in 123ms
300 http fetch GET 304 https://registry.npmjs.org/@types%2fsockjs-client 2288ms (from cache)
301 silly pacote tag manifest for @types/sockjs-client@ts3.6 fetched in 2292ms
302 http fetch GET 304 https://registry.npmjs.org/@types%2ftext-table 167ms (from cache)
303 silly pacote tag manifest for @types/text-table@ts3.6 fetched in 171ms
304 http fetch GET 304 https://registry.npmjs.org/@types%2fthrough 154ms (from cache)
305 silly pacote tag manifest for @types/through@ts3.6 fetched in 158ms
306 http fetch GET 304 https://registry.npmjs.org/@types%2fthrough2 118ms (from cache)
307 silly pacote tag manifest for @types/through2@ts3.6 fetched in 119ms
308 http fetch GET 304 https://registry.npmjs.org/@types%2ftimsort 94ms (from cache)
309 silly pacote tag manifest for @types/timsort@ts3.6 fetched in 95ms
310 http fetch GET 304 https://registry.npmjs.org/@types%2fspdx-expression-parse 2325ms (from cache)
311 silly pacote tag manifest for @types/spdx-expression-parse@ts3.6 fetched in 2327ms
312 http fetch GET 304 https://registry.npmjs.org/@types%2fssri 2340ms (from cache)
313 silly pacote tag manifest for @types/ssri@ts3.6 fetched in 2344ms
314 http fetch GET 304 https://registry.npmjs.org/@types%2fto-regex-range 104ms (from cache)
315 silly registry:manifest no matching version for @types/to-regex-range@ts3.6 in the cache. Forcing revalidation.
316 http fetch GET 304 https://registry.npmjs.org/@types%2fsymbol-tree 1450ms (from cache)
317 silly pacote tag manifest for @types/symbol-tree@ts3.6 fetched in 1452ms
318 http fetch GET 200 https://registry.npmjs.org/@types%2fto-regex-range 147ms
319 silly fetchPackageMetaData error for @types/to-regex-range@ts3.6 No matching version found for @types/to-regex-range@ts3.6.
320 http fetch GET 304 https://registry.npmjs.org/@types%2fstream-each 2383ms (from cache)
321 silly pacote tag manifest for @types/stream-each@ts3.6 fetched in 2432ms
322 http fetch GET 304 https://registry.npmjs.org/@types%2ftough-cookie 190ms (from cache)
323 silly pacote tag manifest for @types/tough-cookie@ts3.6 fetched in 193ms
324 http fetch GET 304 https://registry.npmjs.org/@types%2ftr46 141ms (from cache)
325 silly registry:manifest no matching version for @types/tr46@ts3.6 in the cache. Forcing revalidation.
326 http fetch GET 304 https://registry.npmjs.org/@types%2fstring-natural-compare 2290ms (from cache)
327 silly pacote tag manifest for @types/string-natural-compare@ts3.6 fetched in 2290ms
328 http fetch GET 304 https://registry.npmjs.org/@types%2ftype-check 103ms (from cache)
329 silly pacote tag manifest for @types/type-check@ts3.6 fetched in 104ms
330 http fetch GET 304 https://registry.npmjs.org/@types%2ftype-is 114ms (from cache)
331 silly pacote tag manifest for @types/type-is@ts3.6 fetched in 115ms
332 http fetch GET 304 https://registry.npmjs.org/@types%2fstrip-final-newline 2257ms (from cache)
333 silly pacote tag manifest for @types/strip-final-newline@ts3.6 fetched in 2259ms
334 http fetch GET 304 https://registry.npmjs.org/@types%2fstrip-comments 2382ms (from cache)
335 http fetch GET 304 https://registry.npmjs.org/@types%2fsvg-parser 2280ms (from cache)
336 silly pacote tag manifest for @types/strip-comments@ts3.6 fetched in 2383ms
337 silly pacote tag manifest for @types/svg-parser@ts3.6 fetched in 2283ms
338 http fetch GET 304 https://registry.npmjs.org/@types%2ftypedarray-to-buffer 133ms (from cache)
339 silly registry:manifest no matching version for @types/typedarray-to-buffer@ts3.6 in the cache. Forcing revalidation.
340 http fetch GET 304 https://registry.npmjs.org/@types%2funiversalify 129ms (from cache)
341 silly pacote tag manifest for @types/universalify@ts3.6 fetched in 131ms
342 http fetch GET 304 https://registry.npmjs.org/@types%2furix 135ms (from cache)
343 silly pacote tag manifest for @types/urix@ts3.6 fetched in 136ms
344 http fetch GET 304 https://registry.npmjs.org/@types%2furl-parse 112ms (from cache)
345 silly pacote tag manifest for @types/url-parse@ts3.6 fetched in 113ms
346 http fetch GET 304 https://registry.npmjs.org/@types%2futil-deprecate 133ms (from cache)
347 silly pacote tag manifest for @types/util-deprecate@ts3.6 fetched in 134ms
348 http fetch GET 304 https://registry.npmjs.org/@types%2futils-merge 84ms (from cache)
349 silly pacote tag manifest for @types/utils-merge@ts3.6 fetched in 87ms
350 http fetch GET 304 https://registry.npmjs.org/@types%2futil.promisify 116ms (from cache)
351 silly pacote tag manifest for @types/util.promisify@ts3.6 fetched in 120ms
352 http fetch GET 304 https://registry.npmjs.org/@types%2fvalidate-npm-package-license 123ms (from cache)
353 silly pacote tag manifest for @types/validate-npm-package-license@ts3.6 fetched in 128ms
354 http fetch GET 304 https://registry.npmjs.org/@types%2fuuid 164ms (from cache)
355 silly pacote tag manifest for @types/uuid@ts3.6 fetched in 169ms
356 http fetch GET 304 https://registry.npmjs.org/@types%2fthunky 2394ms (from cache)
357 silly pacote tag manifest for @types/thunky@ts3.6 fetched in 2399ms
358 http fetch GET 304 https://registry.npmjs.org/@types%2ftmpl 2357ms (from cache)
359 silly registry:manifest no matching version for @types/tmpl@ts3.6 in the cache. Forcing revalidation.
360 http fetch GET 200 https://registry.npmjs.org/@types%2ftmpl 140ms
361 silly fetchPackageMetaData error for @types/tmpl@ts3.6 No matching version found for @types/tmpl@ts3.6.
362 http fetch GET 304 https://registry.npmjs.org/@types%2funiq 1500ms (from cache)
363 silly pacote tag manifest for @types/uniq@ts3.6 fetched in 1506ms
364 http fetch GET 304 https://registry.npmjs.org/@types%2fto-regex 2426ms (from cache)
365 silly registry:manifest no matching version for @types/to-regex@ts3.6 in the cache. Forcing revalidation.
366 http fetch GET 304 https://registry.npmjs.org/@types%2fwebidl-conversions 140ms (from cache)
367 silly pacote tag manifest for @types/webidl-conversions@ts3.6 fetched in 146ms
368 http fetch GET 304 https://registry.npmjs.org/@types%2fwebpack 145ms (from cache)
369 silly pacote tag manifest for @types/webpack@ts3.6 fetched in 156ms
370 http fetch GET 304 https://registry.npmjs.org/@types%2fwebpack-manifest-plugin 134ms (from cache)
371 silly pacote tag manifest for @types/webpack-manifest-plugin@ts3.6 fetched in 140ms
372 http fetch GET 200 https://registry.npmjs.org/@types%2ftr46 2271ms
373 silly fetchPackageMetaData error for @types/tr46@ts3.6 No matching version found for @types/tr46@ts3.6.
374 http fetch GET 304 https://registry.npmjs.org/@types%2ftryer 2379ms (from cache)
375 http fetch GET 304 https://registry.npmjs.org/@types%2fwebpack-sources 134ms (from cache)
376 silly pacote tag manifest for @types/tryer@ts3.6 fetched in 2391ms
377 silly pacote tag manifest for @types/webpack-sources@ts3.6 fetched in 152ms
378 http fetch GET 304 https://registry.npmjs.org/@types%2ftype-detect 2336ms (from cache)
379 silly pacote tag manifest for @types/type-detect@ts3.6 fetched in 2348ms
380 http fetch GET 304 https://registry.npmjs.org/@types%2fwhatwg-encoding 139ms (from cache)
381 silly pacote tag manifest for @types/whatwg-encoding@ts3.6 fetched in 142ms
382 http fetch GET 304 https://registry.npmjs.org/@types%2fwhatwg-url 138ms (from cache)
383 silly pacote tag manifest for @types/whatwg-url@ts3.6 fetched in 141ms
384 http fetch GET 304 https://registry.npmjs.org/@types%2fwhich 101ms (from cache)
385 silly pacote tag manifest for @types/which@ts3.6 fetched in 103ms
386 http fetch GET 200 https://registry.npmjs.org/@types%2ftypedarray-to-buffer 2214ms
387 silly fetchPackageMetaData error for @types/typedarray-to-buffer@ts3.6 No matching version found for @types/typedarray-to-buffer@ts3.6.
388 http fetch GET 304 https://registry.npmjs.org/@types%2fworkbox-build 116ms (from cache)
389 silly pacote tag manifest for @types/workbox-build@ts3.6 fetched in 117ms
390 http fetch GET 304 https://registry.npmjs.org/@types%2fvary 2318ms (from cache)
391 silly pacote tag manifest for @types/vary@ts3.6 fetched in 2323ms
392 http fetch GET 304 https://registry.npmjs.org/@types%2fw3c-hr-time 2293ms (from cache)
393 silly pacote tag manifest for @types/w3c-hr-time@ts3.6 fetched in 2303ms
394 http fetch GET 304 https://registry.npmjs.org/@types%2fws 107ms (from cache)
395 silly pacote tag manifest for @types/ws@ts3.6 fetched in 114ms
396 http fetch GET 304 https://registry.npmjs.org/@types%2fwrite-file-atomic 176ms (from cache)
397 silly pacote tag manifest for @types/write-file-atomic@ts3.6 fetched in 180ms
398 http fetch GET 304 https://registry.npmjs.org/@types%2fxtend 121ms (from cache)
399 silly pacote tag manifest for @types/xtend@ts3.6 fetched in 126ms
400 http fetch GET 304 https://registry.npmjs.org/@types%2fyallist 141ms (from cache)
401 silly pacote tag manifest for @types/yallist@ts3.6 fetched in 148ms
402 http fetch GET 304 https://registry.npmjs.org/@types%2fw3c-xmlserializer 2282ms (from cache)
403 silly pacote tag manifest for @types/w3c-xmlserializer@ts3.6 fetched in 2284ms
404 http fetch GET 304 https://registry.npmjs.org/@types%2fyargs-parser 55ms (from cache)
405 silly pacote tag manifest for @types/yargs-parser@ts3.6 fetched in 58ms
406 http fetch GET 304 https://registry.npmjs.org/@types%2fwatchpack 2313ms (from cache)
407 silly pacote tag manifest for @types/watchpack@ts3.6 fetched in 2314ms
408 http fetch GET 200 https://registry.npmjs.org/@types%2fto-regex 2285ms
409 silly fetchPackageMetaData error for @types/to-regex@ts3.6 No matching version found for @types/to-regex@ts3.6.
410 http fetch GET 304 https://registry.npmjs.org/@types%2fwrap-ansi 1484ms (from cache)
411 silly pacote tag manifest for @types/wrap-ansi@ts3.6 fetched in 1485ms
412 http fetch GET 304 https://registry.npmjs.org/@types%2fwhatwg-mimetype 2286ms (from cache)
413 silly pacote tag manifest for @types/whatwg-mimetype@ts3.6 fetched in 2288ms
414 http fetch GET 304 https://registry.npmjs.org/@types%2fxml-name-validator 1549ms (from cache)
415 silly registry:manifest no matching version for @types/xml-name-validator@ts3.6 in the cache. Forcing revalidation.
416 http fetch GET 304 https://registry.npmjs.org/@types%2fyargs 1224ms (from cache)
417 silly pacote tag manifest for @types/yargs@ts3.6 fetched in 1229ms
418 http fetch GET 304 https://registry.npmjs.org/@types%2fworkbox-webpack-plugin 2278ms (from cache)
419 silly pacote tag manifest for @types/workbox-webpack-plugin@ts3.6 fetched in 2280ms
420 http fetch GET 304 https://registry.npmjs.org/@types%2fworkbox-sw 2342ms (from cache)
421 http fetch GET 304 https://registry.npmjs.org/@types%2fwhich-pm-runs 2432ms (from cache)
422 silly pacote tag manifest for @types/workbox-sw@ts3.6 fetched in 2343ms
423 silly pacote tag manifest for @types/which-pm-runs@ts3.6 fetched in 2433ms
424 http fetch GET 200 https://registry.npmjs.org/@types%2fxml-name-validator 126ms
425 silly fetchPackageMetaData error for @types/xml-name-validator@ts3.6 No matching version found for @types/xml-name-validator@ts3.6.
426 timing stage:rollbackFailedOptional Completed in 0ms
427 timing stage:runTopLevelLifecycles Completed in 16399ms
428 verbose type tag
429 verbose stack @types/path-browserify: No matching version found for @types/path-browserify@ts3.6.
429 verbose stack     at pickManifest (/usr/local/lib/node_modules/npm/node_modules/npm-pick-manifest/index.js:122:13)
429 verbose stack     at /usr/local/lib/node_modules/npm/node_modules/pacote/lib/fetchers/registry/manifest.js:43:18
429 verbose stack     at tryCatcher (/usr/local/lib/node_modules/npm/node_modules/bluebird/js/release/util.js:16:23)
429 verbose stack     at Promise._settlePromiseFromHandler (/usr/local/lib/node_modules/npm/node_modules/bluebird/js/release/promise.js:517:31)
429 verbose stack     at Promise._settlePromise (/usr/local/lib/node_modules/npm/node_modules/bluebird/js/release/promise.js:574:18)
429 verbose stack     at Promise._settlePromise0 (/usr/local/lib/node_modules/npm/node_modules/bluebird/js/release/promise.js:619:10)
429 verbose stack     at Promise._settlePromises (/usr/local/lib/node_modules/npm/node_modules/bluebird/js/release/promise.js:699:18)
429 verbose stack     at _drainQueueStep (/usr/local/lib/node_modules/npm/node_modules/bluebird/js/release/async.js:138:12)
429 verbose stack     at _drainQueue (/usr/local/lib/node_modules/npm/node_modules/bluebird/js/release/async.js:131:9)
429 verbose stack     at Async._drainQueues (/usr/local/lib/node_modules/npm/node_modules/bluebird/js/release/async.js:147:5)
429 verbose stack     at Immediate.Async.drainQueues [as _onImmediate] (/usr/local/lib/node_modules/npm/node_modules/bluebird/js/release/async.js:17:14)
429 verbose stack     at processImmediate (internal/timers.js:456:21)
430 verbose cwd /home/theia/.cache/typescript/3.6
431 verbose Linux 5.10.16.3-microsoft-standard-WSL2
432 verbose argv "/usr/local/bin/node" "/usr/local/bin/npm" "install" "--ignore-scripts" "@types/memory-fs@ts3.6" "@types/memorystream@ts3.6" "@types/merge-descriptors@ts3.6" "@types/merge-stream@ts3.6" "@types/merge2@ts3.6" "@types/methods@ts3.6" "@types/micromatch@ts3.6" "@types/mime@ts3.6" "@types/mime-db@ts3.6" "@types/mime-types@ts3.6" "@types/min-indent@ts3.6" "@types/minimalistic-assert@ts3.6" "@types/minimatch@ts3.6" "@types/minimist@ts3.6" "@types/minizlib@ts3.6" "@types/mkdirp@ts3.6" "@types/move-concurrently@ts3.6" "@types/ms@ts3.6" "@types/multicast-dns@ts3.6" "@types/natural-compare@ts3.6" "@types/negotiator@ts3.6" "@types/next-tick@ts3.6" "@types/nice-try@ts3.6" "@types/node-forge@ts3.6" "@types/node-int64@ts3.6" "@types/node-notifier@ts3.6" "@types/normalize-package-data@ts3.6" "@types/normalize-path@ts3.6" "@types/num2fraction@ts3.6" "@types/nwsapi@ts3.6" "@types/object-assign@ts3.6" "@types/object-inspect@ts3.6" "@types/object-keys@ts3.6" "@types/object.fromentries@ts3.6" "@types/object.getownpropertydescriptors@ts3.6" "@types/object.pick@ts3.6" "@types/on-finished@ts3.6" "@types/on-headers@ts3.6" "@types/once@ts3.6" "@types/optimize-css-assets-webpack-plugin@ts3.6" "@types/original@ts3.6" "@types/pako@ts3.6" "@types/parallel-transform@ts3.6" "@types/parse-json@ts3.6" "@types/parseurl@ts3.6" "@types/pascalcase@ts3.6" "@types/path-browserify@ts3.6" "@types/path-is-absolute@ts3.6" "@types/path-is-inside@ts3.6" "@types/path-parse@ts3.6" "@types/pbkdf2@ts3.6" "@types/picomatch@ts3.6" "@types/pify@ts3.6" "@types/postcss-flexbugs-fixes@ts3.6" "@types/postcss-gap-properties@ts3.6" "@types/postcss-modules-extract-imports@ts3.6" "@types/postcss-modules-local-by-default@ts3.6" "@types/postcss-modules-scope@ts3.6" "@types/postcss-modules-values@ts3.6" "@types/postcss-normalize@ts3.6" "@types/postcss-preset-env@ts3.6" "@types/postcss-safe-parser@ts3.6" "@types/prelude-ls@ts3.6" "@types/prettier-linter-helpers@ts3.6" "@types/progress@ts3.6" "@types/promise-inflight@ts3.6" "@types/prompts@ts3.6" "@types/prop-types@ts3.6" "@types/proxy-addr@ts3.6" "@types/psl@ts3.6" "@types/pump@ts3.6" "@types/pumpify@ts3.6" "@types/punycode@ts3.6" "@types/q@ts3.6" "@types/qs@ts3.6" "@types/querystringify@ts3.6" "@types/raf@ts3.6" "@types/randombytes@ts3.6" "@types/range-parser@ts3.6" "@types/react-dev-utils@ts3.6" "@types/react-is@ts3.6" "@types/react-refresh@ts3.6" "@types/readable-stream@ts3.6" "@types/recursive-readdir@ts3.6" "@types/regenerate@ts3.6" "@types/regenerator-runtime@ts3.6" "@types/regex-not@ts3.6" "@types/relateurl@ts3.6" "@types/repeat-element@ts3.6" "@types/repeat-string@ts3.6" "@types/require-directory@ts3.6" "@types/require-from-string@ts3.6" "@types/requires-port@ts3.6" "@types/resolve@ts3.6" "@types/retry@ts3.6" "@types/rimraf@ts3.6" "@types/ripemd160@ts3.6" "@types/rsvp@ts3.6" "@types/run-parallel@ts3.6" "@types/safe-regex@ts3.6" "@types/safer-buffer@ts3.6" "@types/sane@ts3.6" "@types/sass-loader@ts3.6" "@types/sax@ts3.6" "@types/scheduler@ts3.6" "@types/selfsigned@ts3.6" "@types/semver@ts3.6" "@types/semver-compare@ts3.6" "@types/send@ts3.6" "@types/serialize-javascript@ts3.6" "@types/serve-index@ts3.6" "@types/serve-static@ts3.6" "@types/set-blocking@ts3.6" "@types/set-value@ts3.6" "@types/setimmediate@ts3.6" "@types/sha.js@ts3.6" "@types/shebang-command@ts3.6" "@types/shell-quote@ts3.6" "@types/signal-exit@ts3.6" "@types/simple-swizzle@ts3.6" "@types/slice-ansi@ts3.6" "@types/sockjs@ts3.6" "@types/sockjs-client@ts3.6" "@types/source-list-map@ts3.6" "@types/source-map-support@ts3.6" "@types/spdx-correct@ts3.6" "@types/spdx-expression-parse@ts3.6" "@types/spdy@ts3.6" "@types/sprintf@ts3.6" "@types/sprintf-js@ts3.6" "@types/ssri@ts3.6" "@types/stack-utils@ts3.6" "@types/statuses@ts3.6" "@types/stream-each@ts3.6" "@types/stream-shift@ts3.6" "@types/strict-uri-encode@ts3.6" "@types/string-natural-compare@ts3.6" "@types/string.prototype.matchall@ts3.6" "@types/stringify-object@ts3.6" "@types/strip-comments@ts3.6" "@types/strip-final-newline@ts3.6" "@types/supports-color@ts3.6" "@types/svg-parser@ts3.6" "@types/svgo@ts3.6" "@types/symbol-tree@ts3.6" "@types/tapable@ts3.6" "@types/tar@ts3.6" "@types/text-table@ts3.6" "@types/through@ts3.6" "@types/through2@ts3.6" "@types/thunky@ts3.6" "@types/timsort@ts3.6" "@types/tmpl@ts3.6" "@types/to-regex@ts3.6" "@types/to-regex-range@ts3.6" "@types/tough-cookie@ts3.6" "@types/tr46@ts3.6" "@types/tryer@ts3.6" "@types/type-check@ts3.6" "@types/type-detect@ts3.6" "@types/type-is@ts3.6" "@types/typedarray-to-buffer@ts3.6" "@types/uniq@ts3.6" "@types/universalify@ts3.6" "@types/urix@ts3.6" "@types/url-parse@ts3.6" "@types/util-deprecate@ts3.6" "@types/util.promisify@ts3.6" "@types/utils-merge@ts3.6" "@types/uuid@ts3.6" "@types/validate-npm-package-license@ts3.6" "@types/vary@ts3.6" "@types/w3c-hr-time@ts3.6" "@types/w3c-xmlserializer@ts3.6" "@types/watchpack@ts3.6" "@types/webidl-conversions@ts3.6" "@types/webpack@ts3.6" "@types/webpack-manifest-plugin@ts3.6" "@types/webpack-sources@ts3.6" "@types/whatwg-encoding@ts3.6" "@types/whatwg-mimetype@ts3.6" "@types/whatwg-url@ts3.6" "@types/which@ts3.6" "@types/which-pm-runs@ts3.6" "@types/workbox-build@ts3.6" "@types/workbox-sw@ts3.6" "@types/workbox-webpack-plugin@ts3.6" "@types/wrap-ansi@ts3.6" "@types/write-file-atomic@ts3.6" "@types/ws@ts3.6" "@types/xml-name-validator@ts3.6" "@types/xtend@ts3.6" "@types/yallist@ts3.6" "@types/yargs@ts3.6" "@types/yargs-parser@ts3.6" "--save-dev" "--user-agent=typesInstaller/3.6.3"
433 verbose node v12.18.3
434 verbose npm  v6.14.6
435 error code ETARGET
436 error notarget No matching version found for @types/path-browserify@ts3.6.
437 error notarget In most cases you or one of your dependencies are requesting
437 error notarget a package version that doesn't exist.
438 verbose exit [ 1, true ]
