0 info it worked if it ends with ok
1 verbose cli [
1 verbose cli   '/usr/local/bin/node',
1 verbose cli   '/usr/local/bin/npm',
1 verbose cli   'install',
1 verbose cli   '--ignore-scripts',
1 verbose cli   '@types/memory-fs@ts3.6',
1 verbose cli   '@types/memorystream@ts3.6',
1 verbose cli   '@types/merge-descriptors@ts3.6',
1 verbose cli   '@types/merge-stream@ts3.6',
1 verbose cli   '@types/merge2@ts3.6',
1 verbose cli   '@types/methods@ts3.6',
1 verbose cli   '@types/micromatch@ts3.6',
1 verbose cli   '@types/mime@ts3.6',
1 verbose cli   '@types/mime-db@ts3.6',
1 verbose cli   '@types/mime-types@ts3.6',
1 verbose cli   '@types/min-indent@ts3.6',
1 verbose cli   '@types/minimalistic-assert@ts3.6',
1 verbose cli   '@types/minimatch@ts3.6',
1 verbose cli   '@types/minimist@ts3.6',
1 verbose cli   '@types/minizlib@ts3.6',
1 verbose cli   '@types/mkdirp@ts3.6',
1 verbose cli   '@types/move-concurrently@ts3.6',
1 verbose cli   '@types/ms@ts3.6',
1 verbose cli   '@types/multicast-dns@ts3.6',
1 verbose cli   '@types/mute-stream@ts3.6',
1 verbose cli   '@types/natural-compare@ts3.6',
1 verbose cli   '@types/negotiator@ts3.6',
1 verbose cli   '@types/next-tick@ts3.6',
1 verbose cli   '@types/nice-try@ts3.6',
1 verbose cli   '@types/node-fetch@ts3.6',
1 verbose cli   '@types/node-forge@ts3.6',
1 verbose cli   '@types/node-int64@ts3.6',
1 verbose cli   '@types/node-notifier@ts3.6',
1 verbose cli   '@types/normalize-package-data@ts3.6',
1 verbose cli   '@types/normalize-path@ts3.6',
1 verbose cli   '@types/num2fraction@ts3.6',
1 verbose cli   '@types/nwsapi@ts3.6',
1 verbose cli   '@types/object-assign@ts3.6',
1 verbose cli   '@types/object-inspect@ts3.6',
1 verbose cli   '@types/object-keys@ts3.6',
1 verbose cli   '@types/object.fromentries@ts3.6',
1 verbose cli   '@types/object.getownpropertydescriptors@ts3.6',
1 verbose cli   '@types/object.pick@ts3.6',
1 verbose cli   '@types/on-finished@ts3.6',
1 verbose cli   '@types/on-headers@ts3.6',
1 verbose cli   '@types/once@ts3.6',
1 verbose cli   '@types/optimize-css-assets-webpack-plugin@ts3.6',
1 verbose cli   '@types/os-tmpdir@ts3.6',
1 verbose cli   '@types/pako@ts3.6',
1 verbose cli   '@types/parallel-transform@ts3.6',
1 verbose cli   '@types/parse-json@ts3.6',
1 verbose cli   '@types/parseurl@ts3.6',
1 verbose cli   '@types/pascalcase@ts3.6',
1 verbose cli   '@types/path-browserify@ts3.6',
1 verbose cli   '@types/path-is-absolute@ts3.6',
1 verbose cli   '@types/path-is-inside@ts3.6',
1 verbose cli   '@types/path-parse@ts3.6',
1 verbose cli   '@types/pbkdf2@ts3.6',
1 verbose cli   '@types/picomatch@ts3.6',
1 verbose cli   '@types/pify@ts3.6',
1 verbose cli   '@types/postcss-flexbugs-fixes@ts3.6',
1 verbose cli   '@types/postcss-gap-properties@ts3.6',
1 verbose cli   '@types/postcss-modules-extract-imports@ts3.6',
1 verbose cli   '@types/postcss-modules-local-by-default@ts3.6',
1 verbose cli   '@types/postcss-modules-scope@ts3.6',
1 verbose cli   '@types/postcss-modules-values@ts3.6',
1 verbose cli   '@types/postcss-normalize@ts3.6',
1 verbose cli   '@types/postcss-preset-env@ts3.6',
1 verbose cli   '@types/postcss-safe-parser@ts3.6',
1 verbose cli   '@types/prelude-ls@ts3.6',
1 verbose cli   '@types/prettier-linter-helpers@ts3.6',
1 verbose cli   '@types/progress@ts3.6',
1 verbose cli   '@types/promise-inflight@ts3.6',
1 verbose cli   '@types/prompts@ts3.6',
1 verbose cli   '@types/prop-types@ts3.6',
1 verbose cli   '@types/proxy-addr@ts3.6',
1 verbose cli   '@types/psl@ts3.6',
1 verbose cli   '@types/pump@ts3.6',
1 verbose cli   '@types/pumpify@ts3.6',
1 verbose cli   '@types/punycode@ts3.6',
1 verbose cli   '@types/q@ts3.6',
1 verbose cli   '@types/qs@ts3.6',
1 verbose cli   '@types/querystringify@ts3.6',
1 verbose cli   '@types/raf@ts3.6',
1 verbose cli   '@types/randombytes@ts3.6',
1 verbose cli   '@types/range-parser@ts3.6',
1 verbose cli   '@types/react-dev-utils@ts3.6',
1 verbose cli   '@types/react-is@ts3.6',
1 verbose cli   '@types/react-refresh@ts3.6',
1 verbose cli   '@types/react-router@ts3.6',
1 verbose cli   '@types/readable-stream@ts3.6',
1 verbose cli   '@types/recursive-readdir@ts3.6',
1 verbose cli   '@types/regenerate@ts3.6',
1 verbose cli   '@types/regenerator-runtime@ts3.6',
1 verbose cli   '@types/regex-not@ts3.6',
1 verbose cli   '@types/relateurl@ts3.6',
1 verbose cli   '@types/repeat-element@ts3.6',
1 verbose cli   '@types/repeat-string@ts3.6',
1 verbose cli   '@types/require-directory@ts3.6',
1 verbose cli   '@types/require-from-string@ts3.6',
1 verbose cli   '@types/requires-port@ts3.6',
1 verbose cli   ... 107 more items
1 verbose cli ]
2 info using npm@6.14.6
3 info using node@v12.18.3
4 verbose npm-session 1b4174f6d9a75326
5 silly install loadCurrentTree
6 silly install readLocalPackageData
7 http fetch GET 304 https://registry.npmjs.org/@types%2fmemory-fs 308ms (from cache)
8 http fetch GET 304 https://registry.npmjs.org/@types%2fmerge-stream 311ms (from cache)
9 silly pacote tag manifest for @types/memory-fs@ts3.6 fetched in 331ms
10 http fetch GET 304 https://registry.npmjs.org/@types%2fmemorystream 323ms (from cache)
11 silly pacote tag manifest for @types/merge-stream@ts3.6 fetched in 328ms
12 http fetch GET 304 https://registry.npmjs.org/@types%2fmicromatch 323ms (from cache)
13 silly pacote tag manifest for @types/memorystream@ts3.6 fetched in 337ms
14 http fetch GET 304 https://registry.npmjs.org/@types%2fmerge2 335ms (from cache)
15 silly pacote tag manifest for @types/micromatch@ts3.6 fetched in 337ms
16 http fetch GET 304 https://registry.npmjs.org/@types%2fmerge-descriptors 345ms (from cache)
17 silly pacote tag manifest for @types/merge2@ts3.6 fetched in 350ms
18 silly pacote tag manifest for @types/merge-descriptors@ts3.6 fetched in 358ms
19 http fetch GET 304 https://registry.npmjs.org/@types%2fmime-types 354ms (from cache)
20 http fetch GET 304 https://registry.npmjs.org/@types%2fmime-db 356ms (from cache)
21 http fetch GET 304 https://registry.npmjs.org/@types%2fmime 364ms (from cache)
22 silly pacote tag manifest for @types/mime-db@ts3.6 fetched in 367ms
23 silly pacote tag manifest for @types/mime-types@ts3.6 fetched in 367ms
24 http fetch GET 304 https://registry.npmjs.org/@types%2fmethods 375ms (from cache)
25 silly pacote tag manifest for @types/mime@ts3.6 fetched in 375ms
26 silly pacote tag manifest for @types/methods@ts3.6 fetched in 382ms
27 http fetch GET 304 https://registry.npmjs.org/@types%2fminimalistic-assert 100ms (from cache)
28 silly pacote tag manifest for @types/minimalistic-assert@ts3.6 fetched in 105ms
29 http fetch GET 304 https://registry.npmjs.org/@types%2fmin-indent 152ms (from cache)
30 http fetch GET 304 https://registry.npmjs.org/@types%2fminimatch 142ms (from cache)
31 silly pacote tag manifest for @types/min-indent@ts3.6 fetched in 161ms
32 http fetch GET 304 https://registry.npmjs.org/@types%2fmulticast-dns 107ms (from cache)
33 silly pacote tag manifest for @types/minimatch@ts3.6 fetched in 152ms
34 silly pacote tag manifest for @types/multicast-dns@ts3.6 fetched in 113ms
35 http fetch GET 304 https://registry.npmjs.org/@types%2fmkdirp 140ms (from cache)
36 http fetch GET 304 https://registry.npmjs.org/@types%2fmove-concurrently 130ms (from cache)
37 silly pacote tag manifest for @types/mkdirp@ts3.6 fetched in 152ms
38 silly pacote tag manifest for @types/move-concurrently@ts3.6 fetched in 139ms
39 http fetch GET 304 https://registry.npmjs.org/@types%2fms 142ms (from cache)
40 silly pacote tag manifest for @types/ms@ts3.6 fetched in 155ms
41 http fetch GET 304 https://registry.npmjs.org/@types%2fmute-stream 170ms (from cache)
42 http fetch GET 304 https://registry.npmjs.org/@types%2fnatural-compare 129ms (from cache)
43 silly pacote tag manifest for @types/mute-stream@ts3.6 fetched in 185ms
44 silly pacote tag manifest for @types/natural-compare@ts3.6 fetched in 140ms
45 http fetch GET 304 https://registry.npmjs.org/@types%2fminizlib 248ms (from cache)
46 http fetch GET 304 https://registry.npmjs.org/@types%2fnext-tick 119ms (from cache)
47 silly pacote tag manifest for @types/minizlib@ts3.6 fetched in 258ms
48 http fetch GET 304 https://registry.npmjs.org/@types%2fminimist 282ms (from cache)
49 silly pacote tag manifest for @types/next-tick@ts3.6 fetched in 138ms
50 silly pacote tag manifest for @types/minimist@ts3.6 fetched in 299ms
51 http fetch GET 304 https://registry.npmjs.org/@types%2fnice-try 151ms (from cache)
52 silly pacote tag manifest for @types/nice-try@ts3.6 fetched in 164ms
53 http fetch GET 304 https://registry.npmjs.org/@types%2fnode-forge 155ms (from cache)
54 silly pacote tag manifest for @types/node-forge@ts3.6 fetched in 167ms
55 http fetch GET 304 https://registry.npmjs.org/@types%2fnode-int64 163ms (from cache)
56 http fetch GET 304 https://registry.npmjs.org/@types%2fnegotiator 222ms (from cache)
57 silly pacote tag manifest for @types/node-int64@ts3.6 fetched in 186ms
58 silly pacote tag manifest for @types/negotiator@ts3.6 fetched in 239ms
59 http fetch GET 304 https://registry.npmjs.org/@types%2fnode-fetch 216ms (from cache)
60 http fetch GET 304 https://registry.npmjs.org/@types%2fnormalize-package-data 165ms (from cache)
61 silly pacote tag manifest for @types/node-fetch@ts3.6 fetched in 235ms
62 silly pacote tag manifest for @types/normalize-package-data@ts3.6 fetched in 177ms
63 http fetch GET 304 https://registry.npmjs.org/@types%2fnode-notifier 197ms (from cache)
64 silly pacote tag manifest for @types/node-notifier@ts3.6 fetched in 203ms
65 http fetch GET 304 https://registry.npmjs.org/@types%2fnormalize-path 168ms (from cache)
66 http fetch GET 304 https://registry.npmjs.org/@types%2fnum2fraction 153ms (from cache)
67 silly pacote tag manifest for @types/normalize-path@ts3.6 fetched in 176ms
68 silly pacote tag manifest for @types/num2fraction@ts3.6 fetched in 164ms
69 http fetch GET 304 https://registry.npmjs.org/@types%2fobject-inspect 131ms (from cache)
70 http fetch GET 304 https://registry.npmjs.org/@types%2fobject-keys 106ms (from cache)
71 silly pacote tag manifest for @types/object-inspect@ts3.6 fetched in 146ms
72 silly pacote tag manifest for @types/object-keys@ts3.6 fetched in 119ms
73 http fetch GET 304 https://registry.npmjs.org/@types%2fobject-assign 195ms (from cache)
74 silly pacote tag manifest for @types/object-assign@ts3.6 fetched in 215ms
75 http fetch GET 304 https://registry.npmjs.org/@types%2fobject.pick 138ms (from cache)
76 http fetch GET 304 https://registry.npmjs.org/@types%2fobject.fromentries 170ms (from cache)
77 silly pacote tag manifest for @types/object.pick@ts3.6 fetched in 145ms
78 silly pacote tag manifest for @types/object.fromentries@ts3.6 fetched in 180ms
79 http fetch GET 304 https://registry.npmjs.org/@types%2fobject.getownpropertydescriptors 164ms (from cache)
80 http fetch GET 304 https://registry.npmjs.org/@types%2fon-headers 125ms (from cache)
81 silly pacote tag manifest for @types/object.getownpropertydescriptors@ts3.6 fetched in 170ms
82 silly pacote tag manifest for @types/on-headers@ts3.6 fetched in 139ms
83 http fetch GET 304 https://registry.npmjs.org/@types%2fon-finished 196ms (from cache)
84 http fetch GET 304 https://registry.npmjs.org/@types%2foptimize-css-assets-webpack-plugin 149ms (from cache)
85 http fetch GET 304 https://registry.npmjs.org/@types%2fonce 187ms (from cache)
86 http fetch GET 304 https://registry.npmjs.org/@types%2fpako 105ms (from cache)
87 silly pacote tag manifest for @types/on-finished@ts3.6 fetched in 207ms
88 silly pacote tag manifest for @types/optimize-css-assets-webpack-plugin@ts3.6 fetched in 158ms
89 silly pacote tag manifest for @types/once@ts3.6 fetched in 198ms
90 silly pacote tag manifest for @types/pako@ts3.6 fetched in 117ms
91 http fetch GET 304 https://registry.npmjs.org/@types%2fnwsapi 355ms (from cache)
92 silly pacote tag manifest for @types/nwsapi@ts3.6 fetched in 365ms
93 http fetch GET 304 https://registry.npmjs.org/@types%2fparallel-transform 116ms (from cache)
94 silly pacote tag manifest for @types/parallel-transform@ts3.6 fetched in 121ms
95 http fetch GET 304 https://registry.npmjs.org/@types%2fos-tmpdir 189ms (from cache)
96 silly pacote tag manifest for @types/os-tmpdir@ts3.6 fetched in 194ms
97 http fetch GET 304 https://registry.npmjs.org/@types%2fpascalcase 109ms (from cache)
98 silly pacote tag manifest for @types/pascalcase@ts3.6 fetched in 113ms
99 http fetch GET 304 https://registry.npmjs.org/@types%2fparseurl 132ms (from cache)
100 silly pacote tag manifest for @types/parseurl@ts3.6 fetched in 140ms
101 http fetch GET 304 https://registry.npmjs.org/@types%2fparse-json 170ms (from cache)
102 silly pacote tag manifest for @types/parse-json@ts3.6 fetched in 178ms
103 http fetch GET 304 https://registry.npmjs.org/@types%2fpath-parse 106ms (from cache)
104 silly pacote tag manifest for @types/path-parse@ts3.6 fetched in 119ms
105 http fetch GET 304 https://registry.npmjs.org/@types%2fpath-is-inside 131ms (from cache)
106 silly pacote tag manifest for @types/path-is-inside@ts3.6 fetched in 142ms
107 http fetch GET 304 https://registry.npmjs.org/@types%2fpath-browserify 161ms (from cache)
108 silly registry:manifest no matching version for @types/path-browserify@ts3.6 in the cache. Forcing revalidation.
109 http fetch GET 304 https://registry.npmjs.org/@types%2fpify 120ms (from cache)
110 silly pacote tag manifest for @types/pify@ts3.6 fetched in 128ms
111 http fetch GET 304 https://registry.npmjs.org/@types%2fpostcss-flexbugs-fixes 122ms (from cache)
112 http fetch GET 304 https://registry.npmjs.org/@types%2fpath-is-absolute 178ms (from cache)
113 http fetch GET 304 https://registry.npmjs.org/@types%2fpostcss-gap-properties 120ms (from cache)
114 silly pacote tag manifest for @types/postcss-flexbugs-fixes@ts3.6 fetched in 138ms
115 silly pacote tag manifest for @types/path-is-absolute@ts3.6 fetched in 200ms
116 http fetch GET 304 https://registry.npmjs.org/@types%2fpicomatch 173ms (from cache)
117 silly pacote tag manifest for @types/postcss-gap-properties@ts3.6 fetched in 136ms
118 silly pacote tag manifest for @types/picomatch@ts3.6 fetched in 190ms
119 http fetch GET 304 https://registry.npmjs.org/@types%2fpostcss-modules-local-by-default 146ms (from cache)
120 http fetch GET 304 https://registry.npmjs.org/@types%2fpostcss-modules-extract-imports 174ms (from cache)
121 http fetch GET 200 https://registry.npmjs.org/@types%2fpath-browserify 113ms
122 silly fetchPackageMetaData error for @types/path-browserify@ts3.6 No matching version found for @types/path-browserify@ts3.6.
123 silly pacote tag manifest for @types/postcss-modules-local-by-default@ts3.6 fetched in 167ms
124 silly pacote tag manifest for @types/postcss-modules-extract-imports@ts3.6 fetched in 196ms
125 http fetch GET 304 https://registry.npmjs.org/@types%2fpostcss-modules-scope 191ms (from cache)
126 http fetch GET 304 https://registry.npmjs.org/@types%2fpostcss-modules-values 170ms (from cache)
127 silly pacote tag manifest for @types/postcss-modules-scope@ts3.6 fetched in 206ms
128 silly pacote tag manifest for @types/postcss-modules-values@ts3.6 fetched in 185ms
129 http fetch GET 304 https://registry.npmjs.org/@types%2fpostcss-preset-env 184ms (from cache)
130 silly registry:manifest no matching version for @types/postcss-preset-env@ts3.6 in the cache. Forcing revalidation.
131 http fetch GET 304 https://registry.npmjs.org/@types%2fpostcss-normalize 197ms (from cache)
132 http fetch GET 304 https://registry.npmjs.org/@types%2fpostcss-safe-parser 183ms (from cache)
133 http fetch GET 304 https://registry.npmjs.org/@types%2fprelude-ls 168ms (from cache)
134 silly pacote tag manifest for @types/postcss-normalize@ts3.6 fetched in 209ms
135 silly pacote tag manifest for @types/postcss-safe-parser@ts3.6 fetched in 197ms
136 silly pacote tag manifest for @types/prelude-ls@ts3.6 fetched in 180ms
137 http fetch GET 304 https://registry.npmjs.org/@types%2fpromise-inflight 177ms (from cache)
138 http fetch GET 304 https://registry.npmjs.org/@types%2fprettier-linter-helpers 186ms (from cache)
139 silly pacote tag manifest for @types/promise-inflight@ts3.6 fetched in 183ms
140 silly pacote tag manifest for @types/prettier-linter-helpers@ts3.6 fetched in 197ms
141 http fetch GET 200 https://registry.npmjs.org/@types%2fpostcss-preset-env 102ms
142 silly fetchPackageMetaData error for @types/postcss-preset-env@ts3.6 No matching version found for @types/postcss-preset-env@ts3.6.
143 http fetch GET 304 https://registry.npmjs.org/@types%2fprop-types 147ms (from cache)
144 http fetch GET 304 https://registry.npmjs.org/@types%2fpbkdf2 500ms (from cache)
145 silly pacote tag manifest for @types/prop-types@ts3.6 fetched in 165ms
146 silly pacote tag manifest for @types/pbkdf2@ts3.6 fetched in 515ms
147 http fetch GET 304 https://registry.npmjs.org/@types%2fpsl 185ms (from cache)
148 silly pacote tag manifest for @types/psl@ts3.6 fetched in 198ms
149 http fetch GET 304 https://registry.npmjs.org/@types%2fprogress 313ms (from cache)
150 http fetch GET 304 https://registry.npmjs.org/@types%2fprompts 255ms (from cache)
151 http fetch GET 304 https://registry.npmjs.org/@types%2fpump 199ms (from cache)
152 http fetch GET 304 https://registry.npmjs.org/@types%2fproxy-addr 219ms (from cache)
153 silly pacote tag manifest for @types/progress@ts3.6 fetched in 335ms
154 silly pacote tag manifest for @types/prompts@ts3.6 fetched in 283ms
155 silly pacote tag manifest for @types/pump@ts3.6 fetched in 228ms
156 silly pacote tag manifest for @types/proxy-addr@ts3.6 fetched in 252ms
157 http fetch GET 304 https://registry.npmjs.org/@types%2fq 163ms (from cache)
158 silly pacote tag manifest for @types/q@ts3.6 fetched in 192ms
159 http fetch GET 304 https://registry.npmjs.org/@types%2fpumpify 225ms (from cache)
160 silly pacote tag manifest for @types/pumpify@ts3.6 fetched in 241ms
161 http fetch GET 304 https://registry.npmjs.org/@types%2fpunycode 247ms (from cache)
162 http fetch GET 304 https://registry.npmjs.org/@types%2fquerystringify 201ms (from cache)
163 silly pacote tag manifest for @types/punycode@ts3.6 fetched in 268ms
164 http fetch GET 304 https://registry.npmjs.org/@types%2fqs 233ms (from cache)
165 silly pacote tag manifest for @types/querystringify@ts3.6 fetched in 221ms
166 silly pacote tag manifest for @types/qs@ts3.6 fetched in 254ms
167 http fetch GET 304 https://registry.npmjs.org/@types%2fraf 186ms (from cache)
168 silly pacote tag manifest for @types/raf@ts3.6 fetched in 201ms
169 http fetch GET 304 https://registry.npmjs.org/@types%2freact-is 168ms (from cache)
170 http fetch GET 304 https://registry.npmjs.org/@types%2frandombytes 202ms (from cache)
171 http fetch GET 304 https://registry.npmjs.org/@types%2freact-dev-utils 198ms (from cache)
172 silly pacote tag manifest for @types/react-is@ts3.6 fetched in 185ms
173 silly pacote tag manifest for @types/randombytes@ts3.6 fetched in 211ms
174 silly pacote tag manifest for @types/react-dev-utils@ts3.6 fetched in 212ms
175 http fetch GET 304 https://registry.npmjs.org/@types%2frange-parser 216ms (from cache)
176 http fetch GET 304 https://registry.npmjs.org/@types%2freact-refresh 169ms (from cache)
177 silly registry:manifest no matching version for @types/react-refresh@ts3.6 in the cache. Forcing revalidation.
178 silly pacote tag manifest for @types/range-parser@ts3.6 fetched in 235ms
179 http fetch GET 304 https://registry.npmjs.org/@types%2freact-router 181ms (from cache)
180 silly pacote tag manifest for @types/react-router@ts3.6 fetched in 198ms
181 http fetch GET 304 https://registry.npmjs.org/@types%2fregenerate 166ms (from cache)
182 silly registry:manifest no matching version for @types/regenerate@ts3.6 in the cache. Forcing revalidation.
183 http fetch GET 304 https://registry.npmjs.org/@types%2fregenerator-runtime 184ms (from cache)
184 http fetch GET 304 https://registry.npmjs.org/@types%2freadable-stream 236ms (from cache)
185 http fetch GET 200 https://registry.npmjs.org/@types%2freact-refresh 142ms
186 silly pacote tag manifest for @types/readable-stream@ts3.6 fetched in 249ms
187 silly pacote tag manifest for @types/regenerator-runtime@ts3.6 fetched in 198ms
188 silly fetchPackageMetaData error for @types/react-refresh@ts3.6 No matching version found for @types/react-refresh@ts3.6.
189 http fetch GET 304 https://registry.npmjs.org/@types%2fregex-not 169ms (from cache)
190 silly registry:manifest no matching version for @types/regex-not@ts3.6 in the cache. Forcing revalidation.
191 http fetch GET 304 https://registry.npmjs.org/@types%2frelateurl 172ms (from cache)
192 http fetch GET 304 https://registry.npmjs.org/@types%2frepeat-element 180ms (from cache)
193 silly pacote tag manifest for @types/relateurl@ts3.6 fetched in 190ms
194 http fetch GET 304 https://registry.npmjs.org/@types%2frepeat-string 165ms (from cache)
195 silly pacote tag manifest for @types/repeat-element@ts3.6 fetched in 186ms
196 silly pacote tag manifest for @types/repeat-string@ts3.6 fetched in 178ms
197 http fetch GET 304 https://registry.npmjs.org/@types%2frequire-directory 147ms (from cache)
198 silly pacote tag manifest for @types/require-directory@ts3.6 fetched in 157ms
199 http fetch GET 304 https://registry.npmjs.org/@types%2frecursive-readdir 339ms (from cache)
200 http fetch GET 200 https://registry.npmjs.org/@types%2fregex-not 89ms
201 silly fetchPackageMetaData error for @types/regex-not@ts3.6 No matching version found for @types/regex-not@ts3.6.
202 http fetch GET 200 https://registry.npmjs.org/@types%2fregenerate 148ms
203 silly fetchPackageMetaData error for @types/regenerate@ts3.6 No matching version found for @types/regenerate@ts3.6.
204 http fetch GET 304 https://registry.npmjs.org/@types%2frequire-from-string 105ms (from cache)
205 silly pacote tag manifest for @types/recursive-readdir@ts3.6 fetched in 351ms
206 silly pacote tag manifest for @types/require-from-string@ts3.6 fetched in 115ms
207 http fetch GET 304 https://registry.npmjs.org/@types%2frequires-port 128ms (from cache)
208 silly pacote tag manifest for @types/requires-port@ts3.6 fetched in 135ms
209 http fetch GET 304 https://registry.npmjs.org/@types%2frsvp 90ms (from cache)
210 http fetch GET 304 https://registry.npmjs.org/@types%2fretry 133ms (from cache)
211 http fetch GET 304 https://registry.npmjs.org/@types%2fripemd160 117ms (from cache)
212 http fetch GET 304 https://registry.npmjs.org/@types%2frimraf 135ms (from cache)
213 silly pacote tag manifest for @types/rsvp@ts3.6 fetched in 97ms
214 silly pacote tag manifest for @types/retry@ts3.6 fetched in 144ms
215 silly pacote tag manifest for @types/ripemd160@ts3.6 fetched in 128ms
216 silly pacote tag manifest for @types/rimraf@ts3.6 fetched in 148ms
217 http fetch GET 304 https://registry.npmjs.org/@types%2frun-parallel 110ms (from cache)
218 http fetch GET 304 https://registry.npmjs.org/@types%2fsafe-regex 108ms (from cache)
219 http fetch GET 304 https://registry.npmjs.org/@types%2fsane 97ms (from cache)
220 silly pacote tag manifest for @types/run-parallel@ts3.6 fetched in 114ms
221 silly pacote tag manifest for @types/safe-regex@ts3.6 fetched in 112ms
222 silly pacote tag manifest for @types/sane@ts3.6 fetched in 101ms
223 http fetch GET 304 https://registry.npmjs.org/@types%2fsass-loader 84ms (from cache)
224 silly pacote tag manifest for @types/sass-loader@ts3.6 fetched in 95ms
225 http fetch GET 304 https://registry.npmjs.org/@types%2fscheduler 81ms (from cache)
226 http fetch GET 304 https://registry.npmjs.org/@types%2fsafer-buffer 148ms (from cache)
227 silly pacote tag manifest for @types/scheduler@ts3.6 fetched in 84ms
228 silly pacote tag manifest for @types/safer-buffer@ts3.6 fetched in 153ms
229 http fetch GET 304 https://registry.npmjs.org/@types%2fselfsigned 84ms (from cache)
230 silly registry:manifest no matching version for @types/selfsigned@ts3.6 in the cache. Forcing revalidation.
231 http fetch GET 304 https://registry.npmjs.org/@types%2fserialize-javascript 77ms (from cache)
232 http fetch GET 304 https://registry.npmjs.org/@types%2fsemver-compare 83ms (from cache)
233 silly pacote tag manifest for @types/serialize-javascript@ts3.6 fetched in 82ms
234 http fetch GET 304 https://registry.npmjs.org/@types%2fsax 131ms (from cache)
235 silly pacote tag manifest for @types/semver-compare@ts3.6 fetched in 88ms
236 silly pacote tag manifest for @types/sax@ts3.6 fetched in 137ms
237 http fetch GET 304 https://registry.npmjs.org/@types%2fsemver 146ms (from cache)
238 http fetch GET 304 https://registry.npmjs.org/@types%2fsend 116ms (from cache)
239 silly pacote tag manifest for @types/semver@ts3.6 fetched in 152ms
240 silly pacote tag manifest for @types/send@ts3.6 fetched in 124ms
241 http fetch GET 200 https://registry.npmjs.org/@types%2fselfsigned 91ms
242 silly fetchPackageMetaData error for @types/selfsigned@ts3.6 No matching version found for @types/selfsigned@ts3.6.
243 http fetch GET 304 https://registry.npmjs.org/@types%2fserve-index 135ms (from cache)
244 silly pacote tag manifest for @types/serve-index@ts3.6 fetched in 142ms
245 http fetch GET 304 https://registry.npmjs.org/@types%2fsetimmediate 72ms (from cache)
246 silly pacote tag manifest for @types/setimmediate@ts3.6 fetched in 78ms
247 http fetch GET 304 https://registry.npmjs.org/@types%2fset-value 100ms (from cache)
248 http fetch GET 304 https://registry.npmjs.org/@types%2fset-cookie-parser 107ms (from cache)
249 silly pacote tag manifest for @types/set-value@ts3.6 fetched in 108ms
250 silly pacote tag manifest for @types/set-cookie-parser@ts3.6 fetched in 116ms
251 http fetch GET 304 https://registry.npmjs.org/@types%2fset-blocking 161ms (from cache)
252 silly registry:manifest no matching version for @types/set-blocking@ts3.6 in the cache. Forcing revalidation.
253 http fetch GET 304 https://registry.npmjs.org/@types%2fshebang-command 101ms (from cache)
254 http fetch GET 304 https://registry.npmjs.org/@types%2fserve-static 184ms (from cache)
255 silly pacote tag manifest for @types/shebang-command@ts3.6 fetched in 104ms
256 silly pacote tag manifest for @types/serve-static@ts3.6 fetched in 188ms
257 http fetch GET 304 https://registry.npmjs.org/@types%2fsha.js 113ms (from cache)
258 http fetch GET 304 https://registry.npmjs.org/@types%2fshell-quote 96ms (from cache)
259 silly pacote tag manifest for @types/sha.js@ts3.6 fetched in 123ms
260 silly pacote tag manifest for @types/shell-quote@ts3.6 fetched in 104ms
261 http fetch GET 304 https://registry.npmjs.org/@types%2fsimple-swizzle 86ms (from cache)
262 silly registry:manifest no matching version for @types/simple-swizzle@ts3.6 in the cache. Forcing revalidation.
263 http fetch GET 200 https://registry.npmjs.org/@types%2fset-blocking 150ms
264 silly fetchPackageMetaData error for @types/set-blocking@ts3.6 No matching version found for @types/set-blocking@ts3.6.
265 http fetch GET 304 https://registry.npmjs.org/@types%2fsockjs-client 136ms (from cache)
266 http fetch GET 200 https://registry.npmjs.org/@types%2fsimple-swizzle 117ms
267 silly fetchPackageMetaData error for @types/simple-swizzle@ts3.6 No matching version found for @types/simple-swizzle@ts3.6.
268 http fetch GET 304 https://registry.npmjs.org/@types%2fslice-ansi 184ms (from cache)
269 silly pacote tag manifest for @types/sockjs-client@ts3.6 fetched in 152ms
270 http fetch GET 304 https://registry.npmjs.org/@types%2fsource-list-map 152ms (from cache)
271 http fetch GET 304 https://registry.npmjs.org/@types%2fspdx-correct 139ms (from cache)
272 silly pacote tag manifest for @types/slice-ansi@ts3.6 fetched in 190ms
273 http fetch GET 304 https://registry.npmjs.org/@types%2fsockjs 189ms (from cache)
274 silly pacote tag manifest for @types/source-list-map@ts3.6 fetched in 162ms
275 silly pacote tag manifest for @types/spdx-correct@ts3.6 fetched in 149ms
276 silly pacote tag manifest for @types/sockjs@ts3.6 fetched in 196ms
277 http fetch GET 304 https://registry.npmjs.org/@types%2fspdx-expression-parse 71ms (from cache)
278 silly pacote tag manifest for @types/spdx-expression-parse@ts3.6 fetched in 74ms
279 http fetch GET 304 https://registry.npmjs.org/@types%2fsource-map-support 202ms (from cache)
280 silly pacote tag manifest for @types/source-map-support@ts3.6 fetched in 205ms
281 http fetch GET 304 https://registry.npmjs.org/@types%2fsprintf 78ms (from cache)
282 silly pacote tag manifest for @types/sprintf@ts3.6 fetched in 84ms
283 http fetch GET 304 https://registry.npmjs.org/@types%2fspdy 99ms (from cache)
284 http fetch GET 304 https://registry.npmjs.org/@types%2fsprintf-js 92ms (from cache)
285 silly pacote tag manifest for @types/spdy@ts3.6 fetched in 102ms
286 silly pacote tag manifest for @types/sprintf-js@ts3.6 fetched in 95ms
287 http fetch GET 304 https://registry.npmjs.org/@types%2fstream-each 61ms (from cache)
288 silly pacote tag manifest for @types/stream-each@ts3.6 fetched in 64ms
289 http fetch GET 304 https://registry.npmjs.org/@types%2fstack-utils 112ms (from cache)
290 silly pacote tag manifest for @types/stack-utils@ts3.6 fetched in 117ms
291 http fetch GET 304 https://registry.npmjs.org/@types%2fssri 132ms (from cache)
292 silly pacote tag manifest for @types/ssri@ts3.6 fetched in 136ms
293 http fetch GET 304 https://registry.npmjs.org/@types%2fstatuses 133ms (from cache)
294 silly pacote tag manifest for @types/statuses@ts3.6 fetched in 137ms
295 http fetch GET 304 https://registry.npmjs.org/@types%2fstring-natural-compare 68ms (from cache)
296 http fetch GET 304 https://registry.npmjs.org/@types%2fstring.prototype.matchall 68ms (from cache)
297 silly pacote tag manifest for @types/string-natural-compare@ts3.6 fetched in 71ms
298 silly pacote tag manifest for @types/string.prototype.matchall@ts3.6 fetched in 72ms
299 http fetch GET 304 https://registry.npmjs.org/@types%2fstrict-uri-encode 103ms (from cache)
300 silly pacote tag manifest for @types/strict-uri-encode@ts3.6 fetched in 108ms
301 http fetch GET 304 https://registry.npmjs.org/@types%2fstringify-object 86ms (from cache)
302 silly pacote tag manifest for @types/stringify-object@ts3.6 fetched in 89ms
303 http fetch GET 304 https://registry.npmjs.org/@types%2fstrip-comments 80ms (from cache)
304 http fetch GET 304 https://registry.npmjs.org/@types%2fstrip-final-newline 67ms (from cache)
305 silly pacote tag manifest for @types/strip-comments@ts3.6 fetched in 85ms
306 silly pacote tag manifest for @types/strip-final-newline@ts3.6 fetched in 71ms
307 http fetch GET 304 https://registry.npmjs.org/@types%2fsvgo 61ms (from cache)
308 silly pacote tag manifest for @types/svgo@ts3.6 fetched in 63ms
309 http fetch GET 304 https://registry.npmjs.org/@types%2fsvg-parser 68ms (from cache)
310 silly pacote tag manifest for @types/svg-parser@ts3.6 fetched in 73ms
311 http fetch GET 304 https://registry.npmjs.org/@types%2fsupports-color 116ms (from cache)
312 http fetch GET 304 https://registry.npmjs.org/@types%2ftapable 63ms (from cache)
313 http fetch GET 304 https://registry.npmjs.org/@types%2fsymbol-tree 82ms (from cache)
314 silly pacote tag manifest for @types/supports-color@ts3.6 fetched in 122ms
315 silly pacote tag manifest for @types/tapable@ts3.6 fetched in 69ms
316 silly pacote tag manifest for @types/symbol-tree@ts3.6 fetched in 91ms
317 http fetch GET 304 https://registry.npmjs.org/@types%2fstream-shift 243ms (from cache)
318 silly pacote tag manifest for @types/stream-shift@ts3.6 fetched in 247ms
319 http fetch GET 304 https://registry.npmjs.org/@types%2ftext-table 97ms (from cache)
320 http fetch GET 304 https://registry.npmjs.org/@types%2fthrough 80ms (from cache)
321 http fetch GET 304 https://registry.npmjs.org/@types%2ftar 102ms (from cache)
322 silly pacote tag manifest for @types/text-table@ts3.6 fetched in 102ms
323 silly pacote tag manifest for @types/through@ts3.6 fetched in 87ms
324 silly pacote tag manifest for @types/tar@ts3.6 fetched in 110ms
325 http fetch GET 304 https://registry.npmjs.org/@types%2ftimsort 85ms (from cache)
326 silly pacote tag manifest for @types/timsort@ts3.6 fetched in 87ms
327 http fetch GET 304 https://registry.npmjs.org/@types%2fthunky 89ms (from cache)
328 silly pacote tag manifest for @types/thunky@ts3.6 fetched in 92ms
329 http fetch GET 304 https://registry.npmjs.org/@types%2fto-regex 68ms (from cache)
330 silly registry:manifest no matching version for @types/to-regex@ts3.6 in the cache. Forcing revalidation.
331 http fetch GET 304 https://registry.npmjs.org/@types%2fthrough2 148ms (from cache)
332 silly pacote tag manifest for @types/through2@ts3.6 fetched in 153ms
333 http fetch GET 304 https://registry.npmjs.org/@types%2ftough-cookie 82ms (from cache)
334 http fetch GET 304 https://registry.npmjs.org/@types%2ftmp 129ms (from cache)
335 silly pacote tag manifest for @types/tough-cookie@ts3.6 fetched in 86ms
336 silly pacote tag manifest for @types/tmp@ts3.6 fetched in 133ms
337 http fetch GET 304 https://registry.npmjs.org/@types%2ftr46 68ms (from cache)
338 silly registry:manifest no matching version for @types/tr46@ts3.6 in the cache. Forcing revalidation.
339 http fetch GET 304 https://registry.npmjs.org/@types%2ftmpl 128ms (from cache)
340 silly registry:manifest no matching version for @types/tmpl@ts3.6 in the cache. Forcing revalidation.
341 http fetch GET 304 https://registry.npmjs.org/@types%2ftryer 78ms (from cache)
342 silly pacote tag manifest for @types/tryer@ts3.6 fetched in 80ms
343 http fetch GET 304 https://registry.npmjs.org/@types%2ftype-check 68ms (from cache)
344 silly pacote tag manifest for @types/type-check@ts3.6 fetched in 71ms
345 http fetch GET 200 https://registry.npmjs.org/@types%2fto-regex 87ms
346 silly fetchPackageMetaData error for @types/to-regex@ts3.6 No matching version found for @types/to-regex@ts3.6.
347 http fetch GET 304 https://registry.npmjs.org/@types%2fto-regex-range 174ms (from cache)
348 silly registry:manifest no matching version for @types/to-regex-range@ts3.6 in the cache. Forcing revalidation.
349 http fetch GET 200 https://registry.npmjs.org/@types%2ftmpl 59ms
350 silly fetchPackageMetaData error for @types/tmpl@ts3.6 No matching version found for @types/tmpl@ts3.6.
351 http fetch GET 200 https://registry.npmjs.org/@types%2ftr46 84ms
352 silly fetchPackageMetaData error for @types/tr46@ts3.6 No matching version found for @types/tr46@ts3.6.
353 http fetch GET 304 https://registry.npmjs.org/@types%2ftype-is 112ms (from cache)
354 silly pacote tag manifest for @types/type-is@ts3.6 fetched in 116ms
355 http fetch GET 304 https://registry.npmjs.org/@types%2ftype-detect 132ms (from cache)
356 silly pacote tag manifest for @types/type-detect@ts3.6 fetched in 135ms
357 http fetch GET 304 https://registry.npmjs.org/@types%2funiversalify 74ms (from cache)
358 http fetch GET 304 https://registry.npmjs.org/@types%2funiq 96ms (from cache)
359 silly pacote tag manifest for @types/universalify@ts3.6 fetched in 95ms
360 silly pacote tag manifest for @types/uniq@ts3.6 fetched in 107ms
361 http fetch GET 304 https://registry.npmjs.org/@types%2ftypedarray-to-buffer 153ms (from cache)
362 silly registry:manifest no matching version for @types/typedarray-to-buffer@ts3.6 in the cache. Forcing revalidation.
363 http fetch GET 200 https://registry.npmjs.org/@types%2fto-regex-range 108ms
364 silly fetchPackageMetaData error for @types/to-regex-range@ts3.6 No matching version found for @types/to-regex-range@ts3.6.
365 http fetch GET 304 https://registry.npmjs.org/@types%2furix 105ms (from cache)
366 silly pacote tag manifest for @types/urix@ts3.6 fetched in 112ms
367 http fetch GET 304 https://registry.npmjs.org/@types%2furl-parse 105ms (from cache)
368 silly pacote tag manifest for @types/url-parse@ts3.6 fetched in 113ms
369 http fetch GET 304 https://registry.npmjs.org/@types%2futil-deprecate 116ms (from cache)
370 silly pacote tag manifest for @types/util-deprecate@ts3.6 fetched in 124ms
371 http fetch GET 304 https://registry.npmjs.org/@types%2futil.promisify 170ms (from cache)
372 silly pacote tag manifest for @types/util.promisify@ts3.6 fetched in 183ms
373 http fetch GET 200 https://registry.npmjs.org/@types%2ftypedarray-to-buffer 143ms
374 http fetch GET 304 https://registry.npmjs.org/@types%2futils-merge 175ms (from cache)
375 silly fetchPackageMetaData error for @types/typedarray-to-buffer@ts3.6 No matching version found for @types/typedarray-to-buffer@ts3.6.
376 silly pacote tag manifest for @types/utils-merge@ts3.6 fetched in 189ms
377 http fetch GET 304 https://registry.npmjs.org/@types%2fvalidate-npm-package-license 158ms (from cache)
378 silly pacote tag manifest for @types/validate-npm-package-license@ts3.6 fetched in 173ms
379 http fetch GET 304 https://registry.npmjs.org/@types%2fw3c-hr-time 152ms (from cache)
380 http fetch GET 304 https://registry.npmjs.org/@types%2fuuid 210ms (from cache)
381 silly pacote tag manifest for @types/w3c-hr-time@ts3.6 fetched in 159ms
382 http fetch GET 304 https://registry.npmjs.org/@types%2fvary 176ms (from cache)
383 silly pacote tag manifest for @types/uuid@ts3.6 fetched in 224ms
384 silly pacote tag manifest for @types/vary@ts3.6 fetched in 187ms
385 http fetch GET 304 https://registry.npmjs.org/@types%2fw3c-xmlserializer 166ms (from cache)
386 silly pacote tag manifest for @types/w3c-xmlserializer@ts3.6 fetched in 171ms
387 http fetch GET 304 https://registry.npmjs.org/@types%2fwatchpack 95ms (from cache)
388 silly pacote tag manifest for @types/watchpack@ts3.6 fetched in 100ms
389 http fetch GET 304 https://registry.npmjs.org/@types%2fwebidl-conversions 104ms (from cache)
390 http fetch GET 304 https://registry.npmjs.org/@types%2fwebpack-sources 68ms (from cache)
391 http fetch GET 304 https://registry.npmjs.org/@types%2fwebpack 90ms (from cache)
392 silly pacote tag manifest for @types/webidl-conversions@ts3.6 fetched in 113ms
393 silly pacote tag manifest for @types/webpack-sources@ts3.6 fetched in 77ms
394 silly pacote tag manifest for @types/webpack@ts3.6 fetched in 98ms
395 http fetch GET 304 https://registry.npmjs.org/@types%2fwhatwg-encoding 90ms (from cache)
396 silly pacote tag manifest for @types/whatwg-encoding@ts3.6 fetched in 94ms
397 http fetch GET 304 https://registry.npmjs.org/@types%2fwcwidth 154ms (from cache)
398 silly pacote tag manifest for @types/wcwidth@ts3.6 fetched in 160ms
399 http fetch GET 304 https://registry.npmjs.org/@types%2fwebpack-manifest-plugin 127ms (from cache)
400 silly pacote tag manifest for @types/webpack-manifest-plugin@ts3.6 fetched in 139ms
401 http fetch GET 304 https://registry.npmjs.org/@types%2fwhatwg-url 125ms (from cache)
402 silly pacote tag manifest for @types/whatwg-url@ts3.6 fetched in 132ms
403 http fetch GET 304 https://registry.npmjs.org/@types%2fwhatwg-mimetype 141ms (from cache)
404 http fetch GET 304 https://registry.npmjs.org/@types%2fwhich-pm-runs 96ms (from cache)
405 silly pacote tag manifest for @types/whatwg-mimetype@ts3.6 fetched in 153ms
406 silly pacote tag manifest for @types/which-pm-runs@ts3.6 fetched in 108ms
407 http fetch GET 304 https://registry.npmjs.org/@types%2fworkbox-sw 112ms (from cache)
408 http fetch GET 304 https://registry.npmjs.org/@types%2fworkbox-build 132ms (from cache)
409 http fetch GET 304 https://registry.npmjs.org/@types%2fwhich 137ms (from cache)
410 silly pacote tag manifest for @types/workbox-sw@ts3.6 fetched in 116ms
411 silly pacote tag manifest for @types/workbox-build@ts3.6 fetched in 137ms
412 silly pacote tag manifest for @types/which@ts3.6 fetched in 142ms
413 http fetch GET 304 https://registry.npmjs.org/@types%2fworkbox-webpack-plugin 123ms (from cache)
414 silly pacote tag manifest for @types/workbox-webpack-plugin@ts3.6 fetched in 129ms
415 http fetch GET 304 https://registry.npmjs.org/@types%2fxml-name-validator 63ms (from cache)
416 silly registry:manifest no matching version for @types/xml-name-validator@ts3.6 in the cache. Forcing revalidation.
417 http fetch GET 304 https://registry.npmjs.org/@types%2fwrap-ansi 132ms (from cache)
418 silly pacote tag manifest for @types/wrap-ansi@ts3.6 fetched in 135ms
419 http fetch GET 304 https://registry.npmjs.org/@types%2fxtend 67ms (from cache)
420 silly pacote tag manifest for @types/xtend@ts3.6 fetched in 71ms
421 http fetch GET 304 https://registry.npmjs.org/@types%2fwrite-file-atomic 151ms (from cache)
422 silly pacote tag manifest for @types/write-file-atomic@ts3.6 fetched in 154ms
423 http fetch GET 304 https://registry.npmjs.org/@types%2fws 138ms (from cache)
424 silly pacote tag manifest for @types/ws@ts3.6 fetched in 143ms
425 http fetch GET 304 https://registry.npmjs.org/@types%2fyargs 127ms (from cache)
426 silly pacote tag manifest for @types/yargs@ts3.6 fetched in 131ms
427 http fetch GET 304 https://registry.npmjs.org/@types%2fyallist 134ms (from cache)
428 silly pacote tag manifest for @types/yallist@ts3.6 fetched in 138ms
429 http fetch GET 304 https://registry.npmjs.org/@types%2fyargs-parser 120ms (from cache)
430 silly pacote tag manifest for @types/yargs-parser@ts3.6 fetched in 129ms
431 http fetch GET 200 https://registry.npmjs.org/@types%2fxml-name-validator 125ms
432 silly fetchPackageMetaData error for @types/xml-name-validator@ts3.6 No matching version found for @types/xml-name-validator@ts3.6.
433 http fetch GET 304 https://registry.npmjs.org/@types%2fresolve 2299ms (from cache)
434 silly pacote tag manifest for @types/resolve@ts3.6 fetched in 2306ms
435 http fetch GET 304 https://registry.npmjs.org/@types%2fsignal-exit 2260ms (from cache)
436 silly pacote tag manifest for @types/signal-exit@ts3.6 fetched in 2270ms
437 timing stage:rollbackFailedOptional Completed in 2ms
438 timing stage:runTopLevelLifecycles Completed in 5196ms
439 verbose type tag
440 verbose stack @types/path-browserify: No matching version found for @types/path-browserify@ts3.6.
440 verbose stack     at pickManifest (/usr/local/lib/node_modules/npm/node_modules/npm-pick-manifest/index.js:122:13)
440 verbose stack     at /usr/local/lib/node_modules/npm/node_modules/pacote/lib/fetchers/registry/manifest.js:43:18
440 verbose stack     at tryCatcher (/usr/local/lib/node_modules/npm/node_modules/bluebird/js/release/util.js:16:23)
440 verbose stack     at Promise._settlePromiseFromHandler (/usr/local/lib/node_modules/npm/node_modules/bluebird/js/release/promise.js:517:31)
440 verbose stack     at Promise._settlePromise (/usr/local/lib/node_modules/npm/node_modules/bluebird/js/release/promise.js:574:18)
440 verbose stack     at Promise._settlePromise0 (/usr/local/lib/node_modules/npm/node_modules/bluebird/js/release/promise.js:619:10)
440 verbose stack     at Promise._settlePromises (/usr/local/lib/node_modules/npm/node_modules/bluebird/js/release/promise.js:699:18)
440 verbose stack     at _drainQueueStep (/usr/local/lib/node_modules/npm/node_modules/bluebird/js/release/async.js:138:12)
440 verbose stack     at _drainQueue (/usr/local/lib/node_modules/npm/node_modules/bluebird/js/release/async.js:131:9)
440 verbose stack     at Async._drainQueues (/usr/local/lib/node_modules/npm/node_modules/bluebird/js/release/async.js:147:5)
440 verbose stack     at Immediate.Async.drainQueues [as _onImmediate] (/usr/local/lib/node_modules/npm/node_modules/bluebird/js/release/async.js:17:14)
440 verbose stack     at processImmediate (internal/timers.js:456:21)
441 verbose cwd /home/theia/.cache/typescript/3.6
442 verbose Linux 5.10.16.3-microsoft-standard-WSL2
443 verbose argv "/usr/local/bin/node" "/usr/local/bin/npm" "install" "--ignore-scripts" "@types/memory-fs@ts3.6" "@types/memorystream@ts3.6" "@types/merge-descriptors@ts3.6" "@types/merge-stream@ts3.6" "@types/merge2@ts3.6" "@types/methods@ts3.6" "@types/micromatch@ts3.6" "@types/mime@ts3.6" "@types/mime-db@ts3.6" "@types/mime-types@ts3.6" "@types/min-indent@ts3.6" "@types/minimalistic-assert@ts3.6" "@types/minimatch@ts3.6" "@types/minimist@ts3.6" "@types/minizlib@ts3.6" "@types/mkdirp@ts3.6" "@types/move-concurrently@ts3.6" "@types/ms@ts3.6" "@types/multicast-dns@ts3.6" "@types/mute-stream@ts3.6" "@types/natural-compare@ts3.6" "@types/negotiator@ts3.6" "@types/next-tick@ts3.6" "@types/nice-try@ts3.6" "@types/node-fetch@ts3.6" "@types/node-forge@ts3.6" "@types/node-int64@ts3.6" "@types/node-notifier@ts3.6" "@types/normalize-package-data@ts3.6" "@types/normalize-path@ts3.6" "@types/num2fraction@ts3.6" "@types/nwsapi@ts3.6" "@types/object-assign@ts3.6" "@types/object-inspect@ts3.6" "@types/object-keys@ts3.6" "@types/object.fromentries@ts3.6" "@types/object.getownpropertydescriptors@ts3.6" "@types/object.pick@ts3.6" "@types/on-finished@ts3.6" "@types/on-headers@ts3.6" "@types/once@ts3.6" "@types/optimize-css-assets-webpack-plugin@ts3.6" "@types/os-tmpdir@ts3.6" "@types/pako@ts3.6" "@types/parallel-transform@ts3.6" "@types/parse-json@ts3.6" "@types/parseurl@ts3.6" "@types/pascalcase@ts3.6" "@types/path-browserify@ts3.6" "@types/path-is-absolute@ts3.6" "@types/path-is-inside@ts3.6" "@types/path-parse@ts3.6" "@types/pbkdf2@ts3.6" "@types/picomatch@ts3.6" "@types/pify@ts3.6" "@types/postcss-flexbugs-fixes@ts3.6" "@types/postcss-gap-properties@ts3.6" "@types/postcss-modules-extract-imports@ts3.6" "@types/postcss-modules-local-by-default@ts3.6" "@types/postcss-modules-scope@ts3.6" "@types/postcss-modules-values@ts3.6" "@types/postcss-normalize@ts3.6" "@types/postcss-preset-env@ts3.6" "@types/postcss-safe-parser@ts3.6" "@types/prelude-ls@ts3.6" "@types/prettier-linter-helpers@ts3.6" "@types/progress@ts3.6" "@types/promise-inflight@ts3.6" "@types/prompts@ts3.6" "@types/prop-types@ts3.6" "@types/proxy-addr@ts3.6" "@types/psl@ts3.6" "@types/pump@ts3.6" "@types/pumpify@ts3.6" "@types/punycode@ts3.6" "@types/q@ts3.6" "@types/qs@ts3.6" "@types/querystringify@ts3.6" "@types/raf@ts3.6" "@types/randombytes@ts3.6" "@types/range-parser@ts3.6" "@types/react-dev-utils@ts3.6" "@types/react-is@ts3.6" "@types/react-refresh@ts3.6" "@types/react-router@ts3.6" "@types/readable-stream@ts3.6" "@types/recursive-readdir@ts3.6" "@types/regenerate@ts3.6" "@types/regenerator-runtime@ts3.6" "@types/regex-not@ts3.6" "@types/relateurl@ts3.6" "@types/repeat-element@ts3.6" "@types/repeat-string@ts3.6" "@types/require-directory@ts3.6" "@types/require-from-string@ts3.6" "@types/requires-port@ts3.6" "@types/resolve@ts3.6" "@types/retry@ts3.6" "@types/rimraf@ts3.6" "@types/ripemd160@ts3.6" "@types/rsvp@ts3.6" "@types/run-parallel@ts3.6" "@types/safe-regex@ts3.6" "@types/safer-buffer@ts3.6" "@types/sane@ts3.6" "@types/sass-loader@ts3.6" "@types/sax@ts3.6" "@types/scheduler@ts3.6" "@types/selfsigned@ts3.6" "@types/semver@ts3.6" "@types/semver-compare@ts3.6" "@types/send@ts3.6" "@types/serialize-javascript@ts3.6" "@types/serve-index@ts3.6" "@types/serve-static@ts3.6" "@types/set-blocking@ts3.6" "@types/set-cookie-parser@ts3.6" "@types/set-value@ts3.6" "@types/setimmediate@ts3.6" "@types/sha.js@ts3.6" "@types/shebang-command@ts3.6" "@types/shell-quote@ts3.6" "@types/signal-exit@ts3.6" "@types/simple-swizzle@ts3.6" "@types/slice-ansi@ts3.6" "@types/sockjs@ts3.6" "@types/sockjs-client@ts3.6" "@types/source-list-map@ts3.6" "@types/source-map-support@ts3.6" "@types/spdx-correct@ts3.6" "@types/spdx-expression-parse@ts3.6" "@types/spdy@ts3.6" "@types/sprintf@ts3.6" "@types/sprintf-js@ts3.6" "@types/ssri@ts3.6" "@types/stack-utils@ts3.6" "@types/statuses@ts3.6" "@types/stream-each@ts3.6" "@types/stream-shift@ts3.6" "@types/strict-uri-encode@ts3.6" "@types/string-natural-compare@ts3.6" "@types/string.prototype.matchall@ts3.6" "@types/stringify-object@ts3.6" "@types/strip-comments@ts3.6" "@types/strip-final-newline@ts3.6" "@types/supports-color@ts3.6" "@types/svg-parser@ts3.6" "@types/svgo@ts3.6" "@types/symbol-tree@ts3.6" "@types/tapable@ts3.6" "@types/tar@ts3.6" "@types/text-table@ts3.6" "@types/through@ts3.6" "@types/through2@ts3.6" "@types/thunky@ts3.6" "@types/timsort@ts3.6" "@types/tmp@ts3.6" "@types/tmpl@ts3.6" "@types/to-regex@ts3.6" "@types/to-regex-range@ts3.6" "@types/tough-cookie@ts3.6" "@types/tr46@ts3.6" "@types/tryer@ts3.6" "@types/type-check@ts3.6" "@types/type-detect@ts3.6" "@types/type-is@ts3.6" "@types/typedarray-to-buffer@ts3.6" "@types/uniq@ts3.6" "@types/universalify@ts3.6" "@types/urix@ts3.6" "@types/url-parse@ts3.6" "@types/util-deprecate@ts3.6" "@types/util.promisify@ts3.6" "@types/utils-merge@ts3.6" "@types/uuid@ts3.6" "@types/validate-npm-package-license@ts3.6" "@types/vary@ts3.6" "@types/w3c-hr-time@ts3.6" "@types/w3c-xmlserializer@ts3.6" "@types/watchpack@ts3.6" "@types/wcwidth@ts3.6" "@types/webidl-conversions@ts3.6" "@types/webpack@ts3.6" "@types/webpack-manifest-plugin@ts3.6" "@types/webpack-sources@ts3.6" "@types/whatwg-encoding@ts3.6" "@types/whatwg-mimetype@ts3.6" "@types/whatwg-url@ts3.6" "@types/which@ts3.6" "@types/which-pm-runs@ts3.6" "@types/workbox-build@ts3.6" "@types/workbox-sw@ts3.6" "@types/workbox-webpack-plugin@ts3.6" "@types/wrap-ansi@ts3.6" "@types/write-file-atomic@ts3.6" "@types/ws@ts3.6" "@types/xml-name-validator@ts3.6" "@types/xtend@ts3.6" "@types/yallist@ts3.6" "@types/yargs@ts3.6" "@types/yargs-parser@ts3.6" "--save-dev" "--user-agent=typesInstaller/3.6.3"
444 verbose node v12.18.3
445 verbose npm  v6.14.6
446 error code ETARGET
447 error notarget No matching version found for @types/path-browserify@ts3.6.
448 error notarget In most cases you or one of your dependencies are requesting
448 error notarget a package version that doesn't exist.
449 verbose exit [ 1, true ]
